<?xml version="1.0" encoding="UTF-8"?>
<testng-results ignored="0" total="18" passed="10" failed="8" skipped="0">
  <reporter-output>
  </reporter-output>
  <suite started-at="2023-12-07T12:34:13 ICT" name="SuiteDoiMatKhau" finished-at="2023-12-07T12:34:14 ICT" duration-ms="97">
    <groups>
    </groups>
    <test started-at="2023-12-07T12:34:13 ICT" name="TestDoiMatKhau" finished-at="2023-12-07T12:34:14 ICT" duration-ms="97">
      <class name="com.ttt.TEST.TestDoiMatKhau">
        <test-method signature="checkNullTest(java.lang.String,java.lang.String,java.lang.String,java.lang.String,java.lang.String)[pri:0, instance:com.ttt.TEST.TestDoiMatKhau@3fc2959f]" started-at="2023-12-07T12:34:13 ICT" name="checkNullTest" data-provider="dataCheck" finished-at="2023-12-07T12:34:14 ICT" duration-ms="13" status="FAIL">
          <params>
            <param index="0">
              <value>
                <![CDATA[]]>
              </value>
            </param>
            <param index="1">
              <value>
                <![CDATA[]]>
              </value>
            </param>
            <param index="2">
              <value>
                <![CDATA[]]>
              </value>
            </param>
            <param index="3">
              <value>
                <![CDATA[]]>
              </value>
            </param>
            <param index="4">
              <value>
                <![CDATA[Vui lòng nhập đầy đủ thông tin]]>
              </value>
            </param>
          </params>
          <exception class="java.lang.AssertionError">
            <message>
              <![CDATA[expected [Vui lòng nhập đầy đủ thông tin] but found [Thông tin đăng nhập không đúng]]]>
            </message>
            <full-stacktrace>
              <![CDATA[java.lang.AssertionError: expected [Vui lòng nhập đầy đủ thông tin] but found [Thông tin đăng nhập không đúng]
at org.testng.Assert.fail(Assert.java:99)
at org.testng.Assert.failNotEquals(Assert.java:1037)
at org.testng.Assert.assertEqualsImpl(Assert.java:140)
at org.testng.Assert.assertEquals(Assert.java:122)
at org.testng.Assert.assertEquals(Assert.java:629)
at org.testng.Assert.assertEquals(Assert.java:639)
at com.ttt.TEST.TestDoiMatKhau.checkNullTest(TestDoiMatKhau.java:97)
at java.base/jdk.internal.reflect.DirectMethodHandleAccessor.invoke(DirectMethodHandleAccessor.java:104)
at java.base/java.lang.reflect.Method.invoke(Method.java:577)
at org.testng.internal.MethodInvocationHelper.invokeMethod(MethodInvocationHelper.java:133)
at org.testng.internal.TestInvoker.invokeMethod(TestInvoker.java:598)
at org.testng.internal.TestInvoker.invokeTestMethod(TestInvoker.java:173)
at org.testng.internal.MethodRunner.runInSequence(MethodRunner.java:46)
at org.testng.internal.TestInvoker$MethodInvocationAgent.invoke(TestInvoker.java:824)
at org.testng.internal.TestInvoker.invokeTestMethods(TestInvoker.java:146)
at org.testng.internal.TestMethodWorker.invokeTestMethods(TestMethodWorker.java:146)
at org.testng.internal.TestMethodWorker.run(TestMethodWorker.java:128)
at java.base/java.util.ArrayList.forEach(ArrayList.java:1511)
at org.testng.TestRunner.privateRun(TestRunner.java:794)
at org.testng.TestRunner.run(TestRunner.java:596)
at org.testng.SuiteRunner.runTest(SuiteRunner.java:377)
at org.testng.SuiteRunner.runSequentially(SuiteRunner.java:371)
at org.testng.SuiteRunner.privateRun(SuiteRunner.java:332)
at org.testng.SuiteRunner.run(SuiteRunner.java:276)
at org.testng.SuiteRunnerWorker.runSuite(SuiteRunnerWorker.java:53)
at org.testng.SuiteRunnerWorker.run(SuiteRunnerWorker.java:96)
at org.testng.TestNG.runSuitesSequentially(TestNG.java:1212)
at org.testng.TestNG.runSuitesLocally(TestNG.java:1134)
at org.testng.TestNG.runSuites(TestNG.java:1063)
at org.testng.TestNG.run(TestNG.java:1031)
at org.testng.remote.AbstractRemoteTestNG.run(AbstractRemoteTestNG.java:115)
at org.testng.remote.RemoteTestNG.initAndRun(RemoteTestNG.java:251)
at org.testng.remote.RemoteTestNG.main(RemoteTestNG.java:77)
]]>
            </full-stacktrace>
          </exception> <!-- java.lang.AssertionError -->
          <reporter-output>
          </reporter-output>
        </test-method> <!-- checkNullTest -->
        <test-method signature="checkNullTest(java.lang.String,java.lang.String,java.lang.String,java.lang.String,java.lang.String)[pri:0, instance:com.ttt.TEST.TestDoiMatKhau@3fc2959f]" started-at="2023-12-07T12:34:14 ICT" name="checkNullTest" data-provider="dataCheck" finished-at="2023-12-07T12:34:14 ICT" duration-ms="1" status="PASS">
          <params>
            <param index="0">
              <value>
                <![CDATA[]]>
              </value>
            </param>
            <param index="1">
              <value>
                <![CDATA[matkhau]]>
              </value>
            </param>
            <param index="2">
              <value>
                <![CDATA[matkhaumoi]]>
              </value>
            </param>
            <param index="3">
              <value>
                <![CDATA[]]>
              </value>
            </param>
            <param index="4">
              <value>
                <![CDATA[Vui lòng nhập đầy đủ thông tin]]>
              </value>
            </param>
          </params>
          <reporter-output>
          </reporter-output>
        </test-method> <!-- checkNullTest -->
        <test-method signature="checkNullTest(java.lang.String,java.lang.String,java.lang.String,java.lang.String,java.lang.String)[pri:0, instance:com.ttt.TEST.TestDoiMatKhau@3fc2959f]" started-at="2023-12-07T12:34:14 ICT" name="checkNullTest" data-provider="dataCheck" finished-at="2023-12-07T12:34:14 ICT" duration-ms="1" status="FAIL">
          <params>
            <param index="0">
              <value>
                <![CDATA[]]>
              </value>
            </param>
            <param index="1">
              <value>
                <![CDATA[]]>
              </value>
            </param>
            <param index="2">
              <value>
                <![CDATA[mk134567]]>
              </value>
            </param>
            <param index="3">
              <value>
                <![CDATA[mk43128]]>
              </value>
            </param>
            <param index="4">
              <value>
                <![CDATA[Vui lòng nhập đầy đủ thông tin]]>
              </value>
            </param>
          </params>
          <exception class="java.lang.AssertionError">
            <message>
              <![CDATA[expected [Vui lòng nhập đầy đủ thông tin] but found [Thông tin nhập chưa đúng]]]>
            </message>
            <full-stacktrace>
              <![CDATA[java.lang.AssertionError: expected [Vui lòng nhập đầy đủ thông tin] but found [Thông tin nhập chưa đúng]
at org.testng.Assert.fail(Assert.java:99)
at org.testng.Assert.failNotEquals(Assert.java:1037)
at org.testng.Assert.assertEqualsImpl(Assert.java:140)
at org.testng.Assert.assertEquals(Assert.java:122)
at org.testng.Assert.assertEquals(Assert.java:629)
at org.testng.Assert.assertEquals(Assert.java:639)
at com.ttt.TEST.TestDoiMatKhau.checkNullTest(TestDoiMatKhau.java:97)
at java.base/jdk.internal.reflect.DirectMethodHandleAccessor.invoke(DirectMethodHandleAccessor.java:104)
at java.base/java.lang.reflect.Method.invoke(Method.java:577)
at org.testng.internal.MethodInvocationHelper.invokeMethod(MethodInvocationHelper.java:133)
at org.testng.internal.TestInvoker.invokeMethod(TestInvoker.java:598)
at org.testng.internal.TestInvoker.invokeTestMethod(TestInvoker.java:173)
at org.testng.internal.MethodRunner.runInSequence(MethodRunner.java:46)
at org.testng.internal.TestInvoker$MethodInvocationAgent.invoke(TestInvoker.java:824)
at org.testng.internal.TestInvoker.invokeTestMethods(TestInvoker.java:146)
at org.testng.internal.TestMethodWorker.invokeTestMethods(TestMethodWorker.java:146)
at org.testng.internal.TestMethodWorker.run(TestMethodWorker.java:128)
at java.base/java.util.ArrayList.forEach(ArrayList.java:1511)
at org.testng.TestRunner.privateRun(TestRunner.java:794)
at org.testng.TestRunner.run(TestRunner.java:596)
at org.testng.SuiteRunner.runTest(SuiteRunner.java:377)
at org.testng.SuiteRunner.runSequentially(SuiteRunner.java:371)
at org.testng.SuiteRunner.privateRun(SuiteRunner.java:332)
at org.testng.SuiteRunner.run(SuiteRunner.java:276)
at org.testng.SuiteRunnerWorker.runSuite(SuiteRunnerWorker.java:53)
at org.testng.SuiteRunnerWorker.run(SuiteRunnerWorker.java:96)
at org.testng.TestNG.runSuitesSequentially(TestNG.java:1212)
at org.testng.TestNG.runSuitesLocally(TestNG.java:1134)
at org.testng.TestNG.runSuites(TestNG.java:1063)
at org.testng.TestNG.run(TestNG.java:1031)
at org.testng.remote.AbstractRemoteTestNG.run(AbstractRemoteTestNG.java:115)
at org.testng.remote.RemoteTestNG.initAndRun(RemoteTestNG.java:251)
at org.testng.remote.RemoteTestNG.main(RemoteTestNG.java:77)
]]>
            </full-stacktrace>
          </exception> <!-- java.lang.AssertionError -->
          <reporter-output>
          </reporter-output>
        </test-method> <!-- checkNullTest -->
        <test-method signature="checkNullTest(java.lang.String,java.lang.String,java.lang.String,java.lang.String,java.lang.String)[pri:0, instance:com.ttt.TEST.TestDoiMatKhau@3fc2959f]" started-at="2023-12-07T12:34:14 ICT" name="checkNullTest" data-provider="dataCheck" finished-at="2023-12-07T12:34:14 ICT" duration-ms="1" status="PASS">
          <params>
            <param index="0">
              <value>
                <![CDATA[NV20230713]]>
              </value>
            </param>
            <param index="1">
              <value>
                <![CDATA[]]>
              </value>
            </param>
            <param index="2">
              <value>
                <![CDATA[]]>
              </value>
            </param>
            <param index="3">
              <value>
                <![CDATA[mkxn112233]]>
              </value>
            </param>
            <param index="4">
              <value>
                <![CDATA[Chưa nhập đủ thông tin]]>
              </value>
            </param>
          </params>
          <reporter-output>
          </reporter-output>
        </test-method> <!-- checkNullTest -->
        <test-method signature="checkNullTest(java.lang.String,java.lang.String,java.lang.String,java.lang.String,java.lang.String)[pri:0, instance:com.ttt.TEST.TestDoiMatKhau@3fc2959f]" started-at="2023-12-07T12:34:14 ICT" name="checkNullTest" data-provider="dataCheck" finished-at="2023-12-07T12:34:14 ICT" duration-ms="4" status="PASS">
          <params>
            <param index="0">
              <value>
                <![CDATA[NV20230715]]>
              </value>
            </param>
            <param index="1">
              <value>
                <![CDATA[]]>
              </value>
            </param>
            <param index="2">
              <value>
                <![CDATA[mk32]]>
              </value>
            </param>
            <param index="3">
              <value>
                <![CDATA[mk332211]]>
              </value>
            </param>
            <param index="4">
              <value>
                <![CDATA[Chưa nhập đủ thông tin]]>
              </value>
            </param>
          </params>
          <reporter-output>
          </reporter-output>
        </test-method> <!-- checkNullTest -->
        <test-method signature="checkNullTest(java.lang.String,java.lang.String,java.lang.String,java.lang.String,java.lang.String)[pri:0, instance:com.ttt.TEST.TestDoiMatKhau@3fc2959f]" started-at="2023-12-07T12:34:14 ICT" name="checkNullTest" data-provider="dataCheck" finished-at="2023-12-07T12:34:14 ICT" duration-ms="2" status="PASS">
          <params>
            <param index="0">
              <value>
                <![CDATA[NV20230719]]>
              </value>
            </param>
            <param index="1">
              <value>
                <![CDATA[nv1234]]>
              </value>
            </param>
            <param index="2">
              <value>
                <![CDATA[]]>
              </value>
            </param>
            <param index="3">
              <value>
                <![CDATA[mkxn]]>
              </value>
            </param>
            <param index="4">
              <value>
                <![CDATA[Chưa nhập đủ thông tin]]>
              </value>
            </param>
          </params>
          <reporter-output>
          </reporter-output>
        </test-method> <!-- checkNullTest -->
        <test-method signature="checkNullTest(java.lang.String,java.lang.String,java.lang.String,java.lang.String,java.lang.String)[pri:0, instance:com.ttt.TEST.TestDoiMatKhau@3fc2959f]" started-at="2023-12-07T12:34:14 ICT" name="checkNullTest" data-provider="dataCheck" finished-at="2023-12-07T12:34:14 ICT" duration-ms="2" status="FAIL">
          <params>
            <param index="0">
              <value>
                <![CDATA[NV20230718]]>
              </value>
            </param>
            <param index="1">
              <value>
                <![CDATA[nv1234]]>
              </value>
            </param>
            <param index="2">
              <value>
                <![CDATA[mk56]]>
              </value>
            </param>
            <param index="3">
              <value>
                <![CDATA[mk65]]>
              </value>
            </param>
            <param index="4">
              <value>
                <![CDATA[Thông tin nhập chưa đúng]]>
              </value>
            </param>
          </params>
          <exception class="java.lang.AssertionError">
            <message>
              <![CDATA[expected [Thông tin nhập chưa đúng] but found [Chưa nhập đủ thông tin]]]>
            </message>
            <full-stacktrace>
              <![CDATA[java.lang.AssertionError: expected [Thông tin nhập chưa đúng] but found [Chưa nhập đủ thông tin]
at org.testng.Assert.fail(Assert.java:99)
at org.testng.Assert.failNotEquals(Assert.java:1037)
at org.testng.Assert.assertEqualsImpl(Assert.java:140)
at org.testng.Assert.assertEquals(Assert.java:122)
at org.testng.Assert.assertEquals(Assert.java:629)
at org.testng.Assert.assertEquals(Assert.java:639)
at com.ttt.TEST.TestDoiMatKhau.checkNullTest(TestDoiMatKhau.java:97)
at java.base/jdk.internal.reflect.DirectMethodHandleAccessor.invoke(DirectMethodHandleAccessor.java:104)
at java.base/java.lang.reflect.Method.invoke(Method.java:577)
at org.testng.internal.MethodInvocationHelper.invokeMethod(MethodInvocationHelper.java:133)
at org.testng.internal.TestInvoker.invokeMethod(TestInvoker.java:598)
at org.testng.internal.TestInvoker.invokeTestMethod(TestInvoker.java:173)
at org.testng.internal.MethodRunner.runInSequence(MethodRunner.java:46)
at org.testng.internal.TestInvoker$MethodInvocationAgent.invoke(TestInvoker.java:824)
at org.testng.internal.TestInvoker.invokeTestMethods(TestInvoker.java:146)
at org.testng.internal.TestMethodWorker.invokeTestMethods(TestMethodWorker.java:146)
at org.testng.internal.TestMethodWorker.run(TestMethodWorker.java:128)
at java.base/java.util.ArrayList.forEach(ArrayList.java:1511)
at org.testng.TestRunner.privateRun(TestRunner.java:794)
at org.testng.TestRunner.run(TestRunner.java:596)
at org.testng.SuiteRunner.runTest(SuiteRunner.java:377)
at org.testng.SuiteRunner.runSequentially(SuiteRunner.java:371)
at org.testng.SuiteRunner.privateRun(SuiteRunner.java:332)
at org.testng.SuiteRunner.run(SuiteRunner.java:276)
at org.testng.SuiteRunnerWorker.runSuite(SuiteRunnerWorker.java:53)
at org.testng.SuiteRunnerWorker.run(SuiteRunnerWorker.java:96)
at org.testng.TestNG.runSuitesSequentially(TestNG.java:1212)
at org.testng.TestNG.runSuitesLocally(TestNG.java:1134)
at org.testng.TestNG.runSuites(TestNG.java:1063)
at org.testng.TestNG.run(TestNG.java:1031)
at org.testng.remote.AbstractRemoteTestNG.run(AbstractRemoteTestNG.java:115)
at org.testng.remote.RemoteTestNG.initAndRun(RemoteTestNG.java:251)
at org.testng.remote.RemoteTestNG.main(RemoteTestNG.java:77)
]]>
            </full-stacktrace>
          </exception> <!-- java.lang.AssertionError -->
          <reporter-output>
          </reporter-output>
        </test-method> <!-- checkNullTest -->
        <test-method signature="checkNullTest(java.lang.String,java.lang.String,java.lang.String,java.lang.String,java.lang.String)[pri:0, instance:com.ttt.TEST.TestDoiMatKhau@3fc2959f]" started-at="2023-12-07T12:34:14 ICT" name="checkNullTest" data-provider="dataCheck" finished-at="2023-12-07T12:34:14 ICT" duration-ms="2" status="FAIL">
          <params>
            <param index="0">
              <value>
                <![CDATA[NV20230710]]>
              </value>
            </param>
            <param index="1">
              <value>
                <![CDATA[nv1234]]>
              </value>
            </param>
            <param index="2">
              <value>
                <![CDATA[mk7891230]]>
              </value>
            </param>
            <param index="3">
              <value>
                <![CDATA[]]>
              </value>
            </param>
            <param index="4">
              <value>
                <![CDATA[Chưa nhập đủ thông tin]]>
              </value>
            </param>
          </params>
          <exception class="java.lang.AssertionError">
            <message>
              <![CDATA[expected [Chưa nhập đủ thông tin] but found [Thông tin nhập chưa đúng]]]>
            </message>
            <full-stacktrace>
              <![CDATA[java.lang.AssertionError: expected [Chưa nhập đủ thông tin] but found [Thông tin nhập chưa đúng]
at org.testng.Assert.fail(Assert.java:99)
at org.testng.Assert.failNotEquals(Assert.java:1037)
at org.testng.Assert.assertEqualsImpl(Assert.java:140)
at org.testng.Assert.assertEquals(Assert.java:122)
at org.testng.Assert.assertEquals(Assert.java:629)
at org.testng.Assert.assertEquals(Assert.java:639)
at com.ttt.TEST.TestDoiMatKhau.checkNullTest(TestDoiMatKhau.java:97)
at java.base/jdk.internal.reflect.DirectMethodHandleAccessor.invoke(DirectMethodHandleAccessor.java:104)
at java.base/java.lang.reflect.Method.invoke(Method.java:577)
at org.testng.internal.MethodInvocationHelper.invokeMethod(MethodInvocationHelper.java:133)
at org.testng.internal.TestInvoker.invokeMethod(TestInvoker.java:598)
at org.testng.internal.TestInvoker.invokeTestMethod(TestInvoker.java:173)
at org.testng.internal.MethodRunner.runInSequence(MethodRunner.java:46)
at org.testng.internal.TestInvoker$MethodInvocationAgent.invoke(TestInvoker.java:824)
at org.testng.internal.TestInvoker.invokeTestMethods(TestInvoker.java:146)
at org.testng.internal.TestMethodWorker.invokeTestMethods(TestMethodWorker.java:146)
at org.testng.internal.TestMethodWorker.run(TestMethodWorker.java:128)
at java.base/java.util.ArrayList.forEach(ArrayList.java:1511)
at org.testng.TestRunner.privateRun(TestRunner.java:794)
at org.testng.TestRunner.run(TestRunner.java:596)
at org.testng.SuiteRunner.runTest(SuiteRunner.java:377)
at org.testng.SuiteRunner.runSequentially(SuiteRunner.java:371)
at org.testng.SuiteRunner.privateRun(SuiteRunner.java:332)
at org.testng.SuiteRunner.run(SuiteRunner.java:276)
at org.testng.SuiteRunnerWorker.runSuite(SuiteRunnerWorker.java:53)
at org.testng.SuiteRunnerWorker.run(SuiteRunnerWorker.java:96)
at org.testng.TestNG.runSuitesSequentially(TestNG.java:1212)
at org.testng.TestNG.runSuitesLocally(TestNG.java:1134)
at org.testng.TestNG.runSuites(TestNG.java:1063)
at org.testng.TestNG.run(TestNG.java:1031)
at org.testng.remote.AbstractRemoteTestNG.run(AbstractRemoteTestNG.java:115)
at org.testng.remote.RemoteTestNG.initAndRun(RemoteTestNG.java:251)
at org.testng.remote.RemoteTestNG.main(RemoteTestNG.java:77)
]]>
            </full-stacktrace>
          </exception> <!-- java.lang.AssertionError -->
          <reporter-output>
          </reporter-output>
        </test-method> <!-- checkNullTest -->
        <test-method signature="checkNullTest(java.lang.String,java.lang.String,java.lang.String,java.lang.String,java.lang.String)[pri:0, instance:com.ttt.TEST.TestDoiMatKhau@3fc2959f]" started-at="2023-12-07T12:34:14 ICT" name="checkNullTest" data-provider="dataCheck" finished-at="2023-12-07T12:34:14 ICT" duration-ms="1" status="PASS">
          <params>
            <param index="0">
              <value>
                <![CDATA[NV20230710]]>
              </value>
            </param>
            <param index="1">
              <value>
                <![CDATA[nv1234]]>
              </value>
            </param>
            <param index="2">
              <value>
                <![CDATA[mk7891230]]>
              </value>
            </param>
            <param index="3">
              <value>
                <![CDATA[mk123450]]>
              </value>
            </param>
            <param index="4">
              <value>
                <![CDATA[Thông tin nhập chưa đúng]]>
              </value>
            </param>
          </params>
          <reporter-output>
          </reporter-output>
        </test-method> <!-- checkNullTest -->
        <test-method signature="checkNullTest(java.lang.String,java.lang.String,java.lang.String,java.lang.String,java.lang.String)[pri:0, instance:com.ttt.TEST.TestDoiMatKhau@3fc2959f]" started-at="2023-12-07T12:34:14 ICT" name="checkNullTest" data-provider="dataCheck" finished-at="2023-12-07T12:34:14 ICT" duration-ms="1" status="PASS">
          <params>
            <param index="0">
              <value>
                <![CDATA[NV20230712]]>
              </value>
            </param>
            <param index="1">
              <value>
                <![CDATA[nv12]]>
              </value>
            </param>
            <param index="2">
              <value>
                <![CDATA[mk7891230]]>
              </value>
            </param>
            <param index="3">
              <value>
                <![CDATA[mk123450]]>
              </value>
            </param>
            <param index="4">
              <value>
                <![CDATA[Thông tin nhập chưa đúng]]>
              </value>
            </param>
          </params>
          <reporter-output>
          </reporter-output>
        </test-method> <!-- checkNullTest -->
        <test-method signature="checkNullTest(java.lang.String,java.lang.String,java.lang.String,java.lang.String,java.lang.String)[pri:0, instance:com.ttt.TEST.TestDoiMatKhau@3fc2959f]" started-at="2023-12-07T12:34:14 ICT" name="checkNullTest" data-provider="dataCheck" finished-at="2023-12-07T12:34:14 ICT" duration-ms="2" status="PASS">
          <params>
            <param index="0">
              <value>
                <![CDATA[NV20230717]]>
              </value>
            </param>
            <param index="1">
              <value>
                <![CDATA[nv123]]>
              </value>
            </param>
            <param index="2">
              <value>
                <![CDATA[mk7891230]]>
              </value>
            </param>
            <param index="3">
              <value>
                <![CDATA[mk7891230]]>
              </value>
            </param>
            <param index="4">
              <value>
                <![CDATA[Thông tin đăng nhập không đúng]]>
              </value>
            </param>
          </params>
          <reporter-output>
          </reporter-output>
        </test-method> <!-- checkNullTest -->
        <test-method signature="checkNullTest(java.lang.String,java.lang.String,java.lang.String,java.lang.String,java.lang.String)[pri:0, instance:com.ttt.TEST.TestDoiMatKhau@3fc2959f]" started-at="2023-12-07T12:34:14 ICT" name="checkNullTest" data-provider="dataCheck" finished-at="2023-12-07T12:34:14 ICT" duration-ms="0" status="PASS">
          <params>
            <param index="0">
              <value>
                <![CDATA[NV20230712]]>
              </value>
            </param>
            <param index="1">
              <value>
                <![CDATA[nv1234]]>
              </value>
            </param>
            <param index="2">
              <value>
                <![CDATA[mk7891230]]>
              </value>
            </param>
            <param index="3">
              <value>
                <![CDATA[mk789123000]]>
              </value>
            </param>
            <param index="4">
              <value>
                <![CDATA[Xác nhận mật khẩu không đúng]]>
              </value>
            </param>
          </params>
          <reporter-output>
          </reporter-output>
        </test-method> <!-- checkNullTest -->
        <test-method signature="checkNullTest(java.lang.String,java.lang.String,java.lang.String,java.lang.String,java.lang.String)[pri:0, instance:com.ttt.TEST.TestDoiMatKhau@3fc2959f]" started-at="2023-12-07T12:34:14 ICT" name="checkNullTest" data-provider="dataCheck" finished-at="2023-12-07T12:34:14 ICT" duration-ms="1" status="PASS">
          <params>
            <param index="0">
              <value>
                <![CDATA[NV20230712]]>
              </value>
            </param>
            <param index="1">
              <value>
                <![CDATA[nv1234]]>
              </value>
            </param>
            <param index="2">
              <value>
                <![CDATA[mk789]]>
              </value>
            </param>
            <param index="3">
              <value>
                <![CDATA[mk789]]>
              </value>
            </param>
            <param index="4">
              <value>
                <![CDATA[Mật khẩu phải có ít nhất 8 ký tự]]>
              </value>
            </param>
          </params>
          <reporter-output>
          </reporter-output>
        </test-method> <!-- checkNullTest -->
        <test-method signature="checkNullTest(java.lang.String,java.lang.String,java.lang.String,java.lang.String,java.lang.String)[pri:0, instance:com.ttt.TEST.TestDoiMatKhau@3fc2959f]" started-at="2023-12-07T12:34:14 ICT" name="checkNullTest" data-provider="dataCheck" finished-at="2023-12-07T12:34:14 ICT" duration-ms="1" status="FAIL">
          <params>
            <param index="0">
              <value>
                <![CDATA[NV20230712]]>
              </value>
            </param>
            <param index="1">
              <value>
                <![CDATA[nv1234]]>
              </value>
            </param>
            <param index="2">
              <value>
                <![CDATA[]]>
              </value>
            </param>
            <param index="3">
              <value>
                <![CDATA[mk7891230]]>
              </value>
            </param>
            <param index="4">
              <value>
                <![CDATA[Vui lòng nhập mật khẩu mới]]>
              </value>
            </param>
          </params>
          <exception class="java.lang.AssertionError">
            <message>
              <![CDATA[expected [Vui lòng nhập mật khẩu mới] but found [Xác nhận mật khẩu không đúng]]]>
            </message>
            <full-stacktrace>
              <![CDATA[java.lang.AssertionError: expected [Vui lòng nhập mật khẩu mới] but found [Xác nhận mật khẩu không đúng]
at org.testng.Assert.fail(Assert.java:99)
at org.testng.Assert.failNotEquals(Assert.java:1037)
at org.testng.Assert.assertEqualsImpl(Assert.java:140)
at org.testng.Assert.assertEquals(Assert.java:122)
at org.testng.Assert.assertEquals(Assert.java:629)
at org.testng.Assert.assertEquals(Assert.java:639)
at com.ttt.TEST.TestDoiMatKhau.checkNullTest(TestDoiMatKhau.java:97)
at java.base/jdk.internal.reflect.DirectMethodHandleAccessor.invoke(DirectMethodHandleAccessor.java:104)
at java.base/java.lang.reflect.Method.invoke(Method.java:577)
at org.testng.internal.MethodInvocationHelper.invokeMethod(MethodInvocationHelper.java:133)
at org.testng.internal.TestInvoker.invokeMethod(TestInvoker.java:598)
at org.testng.internal.TestInvoker.invokeTestMethod(TestInvoker.java:173)
at org.testng.internal.MethodRunner.runInSequence(MethodRunner.java:46)
at org.testng.internal.TestInvoker$MethodInvocationAgent.invoke(TestInvoker.java:824)
at org.testng.internal.TestInvoker.invokeTestMethods(TestInvoker.java:146)
at org.testng.internal.TestMethodWorker.invokeTestMethods(TestMethodWorker.java:146)
at org.testng.internal.TestMethodWorker.run(TestMethodWorker.java:128)
at java.base/java.util.ArrayList.forEach(ArrayList.java:1511)
at org.testng.TestRunner.privateRun(TestRunner.java:794)
at org.testng.TestRunner.run(TestRunner.java:596)
at org.testng.SuiteRunner.runTest(SuiteRunner.java:377)
at org.testng.SuiteRunner.runSequentially(SuiteRunner.java:371)
at org.testng.SuiteRunner.privateRun(SuiteRunner.java:332)
at org.testng.SuiteRunner.run(SuiteRunner.java:276)
at org.testng.SuiteRunnerWorker.runSuite(SuiteRunnerWorker.java:53)
at org.testng.SuiteRunnerWorker.run(SuiteRunnerWorker.java:96)
at org.testng.TestNG.runSuitesSequentially(TestNG.java:1212)
at org.testng.TestNG.runSuitesLocally(TestNG.java:1134)
at org.testng.TestNG.runSuites(TestNG.java:1063)
at org.testng.TestNG.run(TestNG.java:1031)
at org.testng.remote.AbstractRemoteTestNG.run(AbstractRemoteTestNG.java:115)
at org.testng.remote.RemoteTestNG.initAndRun(RemoteTestNG.java:251)
at org.testng.remote.RemoteTestNG.main(RemoteTestNG.java:77)
]]>
            </full-stacktrace>
          </exception> <!-- java.lang.AssertionError -->
          <reporter-output>
          </reporter-output>
        </test-method> <!-- checkNullTest -->
        <test-method signature="checkNullTest(java.lang.String,java.lang.String,java.lang.String,java.lang.String,java.lang.String)[pri:0, instance:com.ttt.TEST.TestDoiMatKhau@3fc2959f]" started-at="2023-12-07T12:34:14 ICT" name="checkNullTest" data-provider="dataCheck" finished-at="2023-12-07T12:34:14 ICT" duration-ms="0" status="FAIL">
          <params>
            <param index="0">
              <value>
                <![CDATA[NV20230712]]>
              </value>
            </param>
            <param index="1">
              <value>
                <![CDATA[]]>
              </value>
            </param>
            <param index="2">
              <value>
                <![CDATA[mk7891230]]>
              </value>
            </param>
            <param index="3">
              <value>
                <![CDATA[mk7891230]]>
              </value>
            </param>
            <param index="4">
              <value>
                <![CDATA[Vui lòng nhập mật khẩu hiện tại]]>
              </value>
            </param>
          </params>
          <exception class="java.lang.AssertionError">
            <message>
              <![CDATA[expected [Vui lòng nhập mật khẩu hiện tại] but found [Thông tin đăng nhập không đúng]]]>
            </message>
            <full-stacktrace>
              <![CDATA[java.lang.AssertionError: expected [Vui lòng nhập mật khẩu hiện tại] but found [Thông tin đăng nhập không đúng]
at org.testng.Assert.fail(Assert.java:99)
at org.testng.Assert.failNotEquals(Assert.java:1037)
at org.testng.Assert.assertEqualsImpl(Assert.java:140)
at org.testng.Assert.assertEquals(Assert.java:122)
at org.testng.Assert.assertEquals(Assert.java:629)
at org.testng.Assert.assertEquals(Assert.java:639)
at com.ttt.TEST.TestDoiMatKhau.checkNullTest(TestDoiMatKhau.java:97)
at java.base/jdk.internal.reflect.DirectMethodHandleAccessor.invoke(DirectMethodHandleAccessor.java:104)
at java.base/java.lang.reflect.Method.invoke(Method.java:577)
at org.testng.internal.MethodInvocationHelper.invokeMethod(MethodInvocationHelper.java:133)
at org.testng.internal.TestInvoker.invokeMethod(TestInvoker.java:598)
at org.testng.internal.TestInvoker.invokeTestMethod(TestInvoker.java:173)
at org.testng.internal.MethodRunner.runInSequence(MethodRunner.java:46)
at org.testng.internal.TestInvoker$MethodInvocationAgent.invoke(TestInvoker.java:824)
at org.testng.internal.TestInvoker.invokeTestMethods(TestInvoker.java:146)
at org.testng.internal.TestMethodWorker.invokeTestMethods(TestMethodWorker.java:146)
at org.testng.internal.TestMethodWorker.run(TestMethodWorker.java:128)
at java.base/java.util.ArrayList.forEach(ArrayList.java:1511)
at org.testng.TestRunner.privateRun(TestRunner.java:794)
at org.testng.TestRunner.run(TestRunner.java:596)
at org.testng.SuiteRunner.runTest(SuiteRunner.java:377)
at org.testng.SuiteRunner.runSequentially(SuiteRunner.java:371)
at org.testng.SuiteRunner.privateRun(SuiteRunner.java:332)
at org.testng.SuiteRunner.run(SuiteRunner.java:276)
at org.testng.SuiteRunnerWorker.runSuite(SuiteRunnerWorker.java:53)
at org.testng.SuiteRunnerWorker.run(SuiteRunnerWorker.java:96)
at org.testng.TestNG.runSuitesSequentially(TestNG.java:1212)
at org.testng.TestNG.runSuitesLocally(TestNG.java:1134)
at org.testng.TestNG.runSuites(TestNG.java:1063)
at org.testng.TestNG.run(TestNG.java:1031)
at org.testng.remote.AbstractRemoteTestNG.run(AbstractRemoteTestNG.java:115)
at org.testng.remote.RemoteTestNG.initAndRun(RemoteTestNG.java:251)
at org.testng.remote.RemoteTestNG.main(RemoteTestNG.java:77)
]]>
            </full-stacktrace>
          </exception> <!-- java.lang.AssertionError -->
          <reporter-output>
          </reporter-output>
        </test-method> <!-- checkNullTest -->
        <test-method signature="checkNullTest(java.lang.String,java.lang.String,java.lang.String,java.lang.String,java.lang.String)[pri:0, instance:com.ttt.TEST.TestDoiMatKhau@3fc2959f]" started-at="2023-12-07T12:34:14 ICT" name="checkNullTest" data-provider="dataCheck" finished-at="2023-12-07T12:34:14 ICT" duration-ms="1" status="FAIL">
          <params>
            <param index="0">
              <value>
                <![CDATA[NV20230712]]>
              </value>
            </param>
            <param index="1">
              <value>
                <![CDATA[matkhau]]>
              </value>
            </param>
            <param index="2">
              <value>
                <![CDATA[mk7891230]]>
              </value>
            </param>
            <param index="3">
              <value>
                <![CDATA[mk7891230]]>
              </value>
            </param>
            <param index="4">
              <value>
                <![CDATA[Vui lòng nhập mật khẩu hiện tại]]>
              </value>
            </param>
          </params>
          <exception class="java.lang.AssertionError">
            <message>
              <![CDATA[expected [Vui lòng nhập mật khẩu hiện tại] but found [Thông tin đăng nhập không đúng]]]>
            </message>
            <full-stacktrace>
              <![CDATA[java.lang.AssertionError: expected [Vui lòng nhập mật khẩu hiện tại] but found [Thông tin đăng nhập không đúng]
at org.testng.Assert.fail(Assert.java:99)
at org.testng.Assert.failNotEquals(Assert.java:1037)
at org.testng.Assert.assertEqualsImpl(Assert.java:140)
at org.testng.Assert.assertEquals(Assert.java:122)
at org.testng.Assert.assertEquals(Assert.java:629)
at org.testng.Assert.assertEquals(Assert.java:639)
at com.ttt.TEST.TestDoiMatKhau.checkNullTest(TestDoiMatKhau.java:97)
at java.base/jdk.internal.reflect.DirectMethodHandleAccessor.invoke(DirectMethodHandleAccessor.java:104)
at java.base/java.lang.reflect.Method.invoke(Method.java:577)
at org.testng.internal.MethodInvocationHelper.invokeMethod(MethodInvocationHelper.java:133)
at org.testng.internal.TestInvoker.invokeMethod(TestInvoker.java:598)
at org.testng.internal.TestInvoker.invokeTestMethod(TestInvoker.java:173)
at org.testng.internal.MethodRunner.runInSequence(MethodRunner.java:46)
at org.testng.internal.TestInvoker$MethodInvocationAgent.invoke(TestInvoker.java:824)
at org.testng.internal.TestInvoker.invokeTestMethods(TestInvoker.java:146)
at org.testng.internal.TestMethodWorker.invokeTestMethods(TestMethodWorker.java:146)
at org.testng.internal.TestMethodWorker.run(TestMethodWorker.java:128)
at java.base/java.util.ArrayList.forEach(ArrayList.java:1511)
at org.testng.TestRunner.privateRun(TestRunner.java:794)
at org.testng.TestRunner.run(TestRunner.java:596)
at org.testng.SuiteRunner.runTest(SuiteRunner.java:377)
at org.testng.SuiteRunner.runSequentially(SuiteRunner.java:371)
at org.testng.SuiteRunner.privateRun(SuiteRunner.java:332)
at org.testng.SuiteRunner.run(SuiteRunner.java:276)
at org.testng.SuiteRunnerWorker.runSuite(SuiteRunnerWorker.java:53)
at org.testng.SuiteRunnerWorker.run(SuiteRunnerWorker.java:96)
at org.testng.TestNG.runSuitesSequentially(TestNG.java:1212)
at org.testng.TestNG.runSuitesLocally(TestNG.java:1134)
at org.testng.TestNG.runSuites(TestNG.java:1063)
at org.testng.TestNG.run(TestNG.java:1031)
at org.testng.remote.AbstractRemoteTestNG.run(AbstractRemoteTestNG.java:115)
at org.testng.remote.RemoteTestNG.initAndRun(RemoteTestNG.java:251)
at org.testng.remote.RemoteTestNG.main(RemoteTestNG.java:77)
]]>
            </full-stacktrace>
          </exception> <!-- java.lang.AssertionError -->
          <reporter-output>
          </reporter-output>
        </test-method> <!-- checkNullTest -->
        <test-method signature="checkNullTest(java.lang.String,java.lang.String,java.lang.String,java.lang.String,java.lang.String)[pri:0, instance:com.ttt.TEST.TestDoiMatKhau@3fc2959f]" started-at="2023-12-07T12:34:14 ICT" name="checkNullTest" data-provider="dataCheck" finished-at="2023-12-07T12:34:14 ICT" duration-ms="1" status="FAIL">
          <params>
            <param index="0">
              <value>
                <![CDATA[]]>
              </value>
            </param>
            <param index="1">
              <value>
                <![CDATA[nv1234]]>
              </value>
            </param>
            <param index="2">
              <value>
                <![CDATA[mk7891230]]>
              </value>
            </param>
            <param index="3">
              <value>
                <![CDATA[mk7891230]]>
              </value>
            </param>
            <param index="4">
              <value>
                <![CDATA[Vui lòng nhập mã nhân viên]]>
              </value>
            </param>
          </params>
          <exception class="java.lang.AssertionError">
            <message>
              <![CDATA[expected [Vui lòng nhập mã nhân viên] but found [Thông tin đăng nhập không đúng]]]>
            </message>
            <full-stacktrace>
              <![CDATA[java.lang.AssertionError: expected [Vui lòng nhập mã nhân viên] but found [Thông tin đăng nhập không đúng]
at org.testng.Assert.fail(Assert.java:99)
at org.testng.Assert.failNotEquals(Assert.java:1037)
at org.testng.Assert.assertEqualsImpl(Assert.java:140)
at org.testng.Assert.assertEquals(Assert.java:122)
at org.testng.Assert.assertEquals(Assert.java:629)
at org.testng.Assert.assertEquals(Assert.java:639)
at com.ttt.TEST.TestDoiMatKhau.checkNullTest(TestDoiMatKhau.java:97)
at java.base/jdk.internal.reflect.DirectMethodHandleAccessor.invoke(DirectMethodHandleAccessor.java:104)
at java.base/java.lang.reflect.Method.invoke(Method.java:577)
at org.testng.internal.MethodInvocationHelper.invokeMethod(MethodInvocationHelper.java:133)
at org.testng.internal.TestInvoker.invokeMethod(TestInvoker.java:598)
at org.testng.internal.TestInvoker.invokeTestMethod(TestInvoker.java:173)
at org.testng.internal.MethodRunner.runInSequence(MethodRunner.java:46)
at org.testng.internal.TestInvoker$MethodInvocationAgent.invoke(TestInvoker.java:824)
at org.testng.internal.TestInvoker.invokeTestMethods(TestInvoker.java:146)
at org.testng.internal.TestMethodWorker.invokeTestMethods(TestMethodWorker.java:146)
at org.testng.internal.TestMethodWorker.run(TestMethodWorker.java:128)
at java.base/java.util.ArrayList.forEach(ArrayList.java:1511)
at org.testng.TestRunner.privateRun(TestRunner.java:794)
at org.testng.TestRunner.run(TestRunner.java:596)
at org.testng.SuiteRunner.runTest(SuiteRunner.java:377)
at org.testng.SuiteRunner.runSequentially(SuiteRunner.java:371)
at org.testng.SuiteRunner.privateRun(SuiteRunner.java:332)
at org.testng.SuiteRunner.run(SuiteRunner.java:276)
at org.testng.SuiteRunnerWorker.runSuite(SuiteRunnerWorker.java:53)
at org.testng.SuiteRunnerWorker.run(SuiteRunnerWorker.java:96)
at org.testng.TestNG.runSuitesSequentially(TestNG.java:1212)
at org.testng.TestNG.runSuitesLocally(TestNG.java:1134)
at org.testng.TestNG.runSuites(TestNG.java:1063)
at org.testng.TestNG.run(TestNG.java:1031)
at org.testng.remote.AbstractRemoteTestNG.run(AbstractRemoteTestNG.java:115)
at org.testng.remote.RemoteTestNG.initAndRun(RemoteTestNG.java:251)
at org.testng.remote.RemoteTestNG.main(RemoteTestNG.java:77)
]]>
            </full-stacktrace>
          </exception> <!-- java.lang.AssertionError -->
          <reporter-output>
          </reporter-output>
        </test-method> <!-- checkNullTest -->
        <test-method signature="checkNullTest(java.lang.String,java.lang.String,java.lang.String,java.lang.String,java.lang.String)[pri:0, instance:com.ttt.TEST.TestDoiMatKhau@3fc2959f]" started-at="2023-12-07T12:34:14 ICT" name="checkNullTest" data-provider="dataCheck" finished-at="2023-12-07T12:34:14 ICT" duration-ms="0" status="PASS">
          <params>
            <param index="0">
              <value>
                <![CDATA[NV20230712]]>
              </value>
            </param>
            <param index="1">
              <value>
                <![CDATA[nv1234]]>
              </value>
            </param>
            <param index="2">
              <value>
                <![CDATA[mk7891230]]>
              </value>
            </param>
            <param index="3">
              <value>
                <![CDATA[mk7891230]]>
              </value>
            </param>
            <param index="4">
              <value>
                <![CDATA[Đổi mật khẩu thành công]]>
              </value>
            </param>
          </params>
          <reporter-output>
          </reporter-output>
        </test-method> <!-- checkNullTest -->
      </class> <!-- com.ttt.TEST.TestDoiMatKhau -->
    </test> <!-- TestDoiMatKhau -->
  </suite> <!-- SuiteDoiMatKhau -->
</testng-results>
