<html>
<head>
<title>TestNG:  PhieuNhap</title>
<link href="../testng.css" rel="stylesheet" type="text/css" />
<link href="../my-testng.css" rel="stylesheet" type="text/css" />

<style type="text/css">
.log { display: none;} 
.stack-trace { display: none;} 
</style>
<script type="text/javascript">
<!--
function flip(e) {
  current = e.style.display;
  if (current == 'block') {
    e.style.display = 'none';
    return 0;
  }
  else {
    e.style.display = 'block';
    return 1;
  }
}

function toggleBox(szDivId, elem, msg1, msg2)
{
  var res = -1;  if (document.getElementById) {
    res = flip(document.getElementById(szDivId));
  }
  else if (document.all) {
    // this is the way old msie versions work
    res = flip(document.all[szDivId]);
  }
  if(elem) {
    if(res == 0) elem.innerHTML = msg1; else elem.innerHTML = msg2;
  }

}

function toggleAllBoxes() {
  if (document.getElementsByTagName) {
    d = document.getElementsByTagName('div');
    for (i = 0; i < d.length; i++) {
      if (d[i].className == 'log') {
        flip(d[i]);
      }
    }
  }
}

// -->
</script>

</head>
<body>
<h2 align='center'>PhieuNhap</h2><table border='1' align="center">
<tr>
<td>Tests passed/Failed/Skipped:</td><td>11/2/0</td>
</tr><tr>
<td>Started on:</td><td>Mon Dec 04 19:59:06 ICT 2023</td>
</tr>
<tr><td>Total time:</td><td>0 seconds (150 ms)</td>
</tr><tr>
<td>Included groups:</td><td></td>
</tr><tr>
<td>Excluded groups:</td><td></td>
</tr>
</table><p/>
<small><i>(Hover the method name to see the test class name)</i></small><p/>
<table width='100%' border='1' class='invocation-failed'>
<tr><td colspan='4' align='center'><b>FAILED TESTS</b></td></tr>
<tr><td><b>Test method</b></td>
<td width="30%"><b>Exception</b></td>
<td width="10%"><b>Time (seconds)</b></td>
<td><b>Instance</b></td>
</tr>
<tr>
<td title='com.ttt.Entity.test.PhieuNhapTest.getNgaySuaTest()'><b>getNgaySuaTest</b><br>Test class: com.ttt.Entity.test.PhieuNhapTest</td>
<td><div><pre>java.lang.AssertionError: expected [1701694746754] but found [1701694746758]
	at com.ttt.Entity.test.PhieuNhapTest.getNgaySuaTest(PhieuNhapTest.java:87)
	at java.base/java.util.ArrayList.forEach(ArrayList.java:1511)
... Removed 31 stack frames</pre></div><a href='#' onClick='toggleBox("stack-trace262457445", this, "Click to show all stack frames", "Click to hide stack frames")'>Click to show all stack frames</a>
<div class='stack-trace' id='stack-trace262457445'><pre>java.lang.AssertionError: expected [1701694746754] but found [1701694746758]
	at org.testng.Assert.fail(Assert.java:99)
	at org.testng.Assert.failNotEquals(Assert.java:1037)
	at org.testng.Assert.assertEqualsImpl(Assert.java:140)
	at org.testng.Assert.assertEquals(Assert.java:122)
	at org.testng.Assert.assertEquals(Assert.java:797)
	at org.testng.Assert.assertEquals(Assert.java:807)
	at com.ttt.Entity.test.PhieuNhapTest.getNgaySuaTest(PhieuNhapTest.java:87)
	at java.base/jdk.internal.reflect.DirectMethodHandleAccessor.invoke(DirectMethodHandleAccessor.java:104)
	at java.base/java.lang.reflect.Method.invoke(Method.java:577)
	at org.testng.internal.MethodInvocationHelper.invokeMethod(MethodInvocationHelper.java:133)
	at org.testng.internal.TestInvoker.invokeMethod(TestInvoker.java:598)
	at org.testng.internal.TestInvoker.invokeTestMethod(TestInvoker.java:173)
	at org.testng.internal.MethodRunner.runInSequence(MethodRunner.java:46)
	at org.testng.internal.TestInvoker$MethodInvocationAgent.invoke(TestInvoker.java:824)
	at org.testng.internal.TestInvoker.invokeTestMethods(TestInvoker.java:146)
	at org.testng.internal.TestMethodWorker.invokeTestMethods(TestMethodWorker.java:146)
	at org.testng.internal.TestMethodWorker.run(TestMethodWorker.java:128)
	at java.base/java.util.ArrayList.forEach(ArrayList.java:1511)
	at org.testng.TestRunner.privateRun(TestRunner.java:794)
	at org.testng.TestRunner.run(TestRunner.java:596)
	at org.testng.SuiteRunner.runTest(SuiteRunner.java:377)
	at org.testng.SuiteRunner.runSequentially(SuiteRunner.java:371)
	at org.testng.SuiteRunner.privateRun(SuiteRunner.java:332)
	at org.testng.SuiteRunner.run(SuiteRunner.java:276)
	at org.testng.SuiteRunnerWorker.runSuite(SuiteRunnerWorker.java:53)
	at org.testng.SuiteRunnerWorker.run(SuiteRunnerWorker.java:96)
	at org.testng.TestNG.runSuitesSequentially(TestNG.java:1212)
	at org.testng.TestNG.runSuitesLocally(TestNG.java:1134)
	at org.testng.TestNG.runSuites(TestNG.java:1063)
	at org.testng.TestNG.run(TestNG.java:1031)
	at org.testng.remote.AbstractRemoteTestNG.run(AbstractRemoteTestNG.java:115)
	at org.testng.remote.RemoteTestNG.initAndRun(RemoteTestNG.java:251)
	at org.testng.remote.RemoteTestNG.main(RemoteTestNG.java:77)
</pre></div></td>
<td>0</td>
<td>com.ttt.Entity.test.PhieuNhapTest@9353778</td></tr>
<tr>
<td title='com.ttt.Entity.test.PhieuNhapTest.getNgayNhapTest()'><b>getNgayNhapTest</b><br>Test class: com.ttt.Entity.test.PhieuNhapTest</td>
<td><div><pre>java.lang.AssertionError: expected [1701694746743] but found [1701694746744]
	at com.ttt.Entity.test.PhieuNhapTest.getNgayNhapTest(PhieuNhapTest.java:79)
	at java.base/java.util.ArrayList.forEach(ArrayList.java:1511)
... Removed 31 stack frames</pre></div><a href='#' onClick='toggleBox("stack-trace136936250", this, "Click to show all stack frames", "Click to hide stack frames")'>Click to show all stack frames</a>
<div class='stack-trace' id='stack-trace136936250'><pre>java.lang.AssertionError: expected [1701694746743] but found [1701694746744]
	at org.testng.Assert.fail(Assert.java:99)
	at org.testng.Assert.failNotEquals(Assert.java:1037)
	at org.testng.Assert.assertEqualsImpl(Assert.java:140)
	at org.testng.Assert.assertEquals(Assert.java:122)
	at org.testng.Assert.assertEquals(Assert.java:797)
	at org.testng.Assert.assertEquals(Assert.java:807)
	at com.ttt.Entity.test.PhieuNhapTest.getNgayNhapTest(PhieuNhapTest.java:79)
	at java.base/jdk.internal.reflect.DirectMethodHandleAccessor.invoke(DirectMethodHandleAccessor.java:104)
	at java.base/java.lang.reflect.Method.invoke(Method.java:577)
	at org.testng.internal.MethodInvocationHelper.invokeMethod(MethodInvocationHelper.java:133)
	at org.testng.internal.TestInvoker.invokeMethod(TestInvoker.java:598)
	at org.testng.internal.TestInvoker.invokeTestMethod(TestInvoker.java:173)
	at org.testng.internal.MethodRunner.runInSequence(MethodRunner.java:46)
	at org.testng.internal.TestInvoker$MethodInvocationAgent.invoke(TestInvoker.java:824)
	at org.testng.internal.TestInvoker.invokeTestMethods(TestInvoker.java:146)
	at org.testng.internal.TestMethodWorker.invokeTestMethods(TestMethodWorker.java:146)
	at org.testng.internal.TestMethodWorker.run(TestMethodWorker.java:128)
	at java.base/java.util.ArrayList.forEach(ArrayList.java:1511)
	at org.testng.TestRunner.privateRun(TestRunner.java:794)
	at org.testng.TestRunner.run(TestRunner.java:596)
	at org.testng.SuiteRunner.runTest(SuiteRunner.java:377)
	at org.testng.SuiteRunner.runSequentially(SuiteRunner.java:371)
	at org.testng.SuiteRunner.privateRun(SuiteRunner.java:332)
	at org.testng.SuiteRunner.run(SuiteRunner.java:276)
	at org.testng.SuiteRunnerWorker.runSuite(SuiteRunnerWorker.java:53)
	at org.testng.SuiteRunnerWorker.run(SuiteRunnerWorker.java:96)
	at org.testng.TestNG.runSuitesSequentially(TestNG.java:1212)
	at org.testng.TestNG.runSuitesLocally(TestNG.java:1134)
	at org.testng.TestNG.runSuites(TestNG.java:1063)
	at org.testng.TestNG.run(TestNG.java:1031)
	at org.testng.remote.AbstractRemoteTestNG.run(AbstractRemoteTestNG.java:115)
	at org.testng.remote.RemoteTestNG.initAndRun(RemoteTestNG.java:251)
	at org.testng.remote.RemoteTestNG.main(RemoteTestNG.java:77)
</pre></div></td>
<td>0</td>
<td>com.ttt.Entity.test.PhieuNhapTest@9353778</td></tr>
</table><p>
<table width='100%' border='1' class='invocation-passed'>
<tr><td colspan='4' align='center'><b>PASSED TESTS</b></td></tr>
<tr><td><b>Test method</b></td>
<td width="30%"><b>Exception</b></td>
<td width="10%"><b>Time (seconds)</b></td>
<td><b>Instance</b></td>
</tr>
<tr>
<td title='com.ttt.Entity.test.PhieuNhapTest.setDienGiaiTest()'><b>setDienGiaiTest</b><br>Test class: com.ttt.Entity.test.PhieuNhapTest</td>
<td></td>
<td>0</td>
<td>com.ttt.Entity.test.PhieuNhapTest@9353778</td></tr>
<tr>
<td title='com.ttt.Entity.test.PhieuNhapTest.getDienGiaiTest()'><b>getDienGiaiTest</b><br>Test class: com.ttt.Entity.test.PhieuNhapTest</td>
<td></td>
<td>0</td>
<td>com.ttt.Entity.test.PhieuNhapTest@9353778</td></tr>
<tr>
<td title='com.ttt.Entity.test.PhieuNhapTest.getMaPhieuNhapTest()'><b>getMaPhieuNhapTest</b><br>Test class: com.ttt.Entity.test.PhieuNhapTest</td>
<td></td>
<td>0</td>
<td>com.ttt.Entity.test.PhieuNhapTest@9353778</td></tr>
<tr>
<td title='com.ttt.Entity.test.PhieuNhapTest.setMaNhanVienTest()'><b>setMaNhanVienTest</b><br>Test class: com.ttt.Entity.test.PhieuNhapTest</td>
<td></td>
<td>0</td>
<td>com.ttt.Entity.test.PhieuNhapTest@9353778</td></tr>
<tr>
<td title='com.ttt.Entity.test.PhieuNhapTest.testPhieuNhapConstructor()'><b>testPhieuNhapConstructor</b><br>Test class: com.ttt.Entity.test.PhieuNhapTest</td>
<td></td>
<td>0</td>
<td>com.ttt.Entity.test.PhieuNhapTest@9353778</td></tr>
<tr>
<td title='com.ttt.Entity.test.PhieuNhapTest.getNguoiSuaTest()'><b>getNguoiSuaTest</b><br>Test class: com.ttt.Entity.test.PhieuNhapTest</td>
<td></td>
<td>0</td>
<td>com.ttt.Entity.test.PhieuNhapTest@9353778</td></tr>
<tr>
<td title='com.ttt.Entity.test.PhieuNhapTest.setMaPhieuNhapTest()'><b>setMaPhieuNhapTest</b><br>Test class: com.ttt.Entity.test.PhieuNhapTest</td>
<td></td>
<td>0</td>
<td>com.ttt.Entity.test.PhieuNhapTest@9353778</td></tr>
<tr>
<td title='com.ttt.Entity.test.PhieuNhapTest.setNgayNhapTest()'><b>setNgayNhapTest</b><br>Test class: com.ttt.Entity.test.PhieuNhapTest</td>
<td></td>
<td>0</td>
<td>com.ttt.Entity.test.PhieuNhapTest@9353778</td></tr>
<tr>
<td title='com.ttt.Entity.test.PhieuNhapTest.getMaNhanVienTest()'><b>getMaNhanVienTest</b><br>Test class: com.ttt.Entity.test.PhieuNhapTest</td>
<td></td>
<td>0</td>
<td>com.ttt.Entity.test.PhieuNhapTest@9353778</td></tr>
<tr>
<td title='com.ttt.Entity.test.PhieuNhapTest.setNguoiSuaTest()'><b>setNguoiSuaTest</b><br>Test class: com.ttt.Entity.test.PhieuNhapTest</td>
<td></td>
<td>0</td>
<td>com.ttt.Entity.test.PhieuNhapTest@9353778</td></tr>
<tr>
<td title='com.ttt.Entity.test.PhieuNhapTest.setNgaySuaTest()'><b>setNgaySuaTest</b><br>Test class: com.ttt.Entity.test.PhieuNhapTest</td>
<td></td>
<td>0</td>
<td>com.ttt.Entity.test.PhieuNhapTest@9353778</td></tr>
</table><p>
</body>
</html>