<?xml version="1.0" encoding="UTF-8"?>
<!-- Generated by org.testng.reporters.JUnitXMLReporter -->
<testsuite ignored="0" hostname="LAPTOP-CS6VK75P" failures="9" tests="35" name="TestFormPN" time="1.304" errors="0" timestamp="2023-12-06T21:31:05 ICT">
  <testcase classname="com.ttt.TEST.TestPhieuNhap" name="checkExistSoKhungTest" time="0.375">
    <failure type="java.lang.AssertionError" message="expected [Đã tồn tại số khung] but found []">
      <![CDATA[java.lang.AssertionError: expected [Đã tồn tại số khung] but found []
at com.ttt.TEST.TestPhieuNhap.checkExistSoKhungTest(TestPhieuNhap.java:38)
at java.base/java.util.ArrayList.forEach(ArrayList.java:1511)
... Removed 31 stack frames]]>
    </failure>
  </testcase> <!-- checkExistSoKhungTest -->
  <testcase classname="com.ttt.TEST.TestPhieuNhap" name="checkExistSoKhungTest" time="0.39">
    <failure type="org.testng.internal.reflect.MethodMatcherException" message="
[public void com.ttt.TEST.TestPhieuNhap.checkExistSoKhungTest(java.lang.String,java.lang.String,java.lang.String)] has no parameters defined but was found to be using a data provider (either explicitly specified or inherited from class level annotation).
Data provider mismatch
Method: checkExistSoKhungTest([Parameter{index=0, type=java.lang.String, declaredAnnotations=[]}, Parameter{index=1, type=java.lang.String, declaredAnnotations=[]}, Parameter{index=2, type=java.lang.String, declaredAnnotations=[]}])
Arguments: [(java.lang.String) SK 3377,(java.lang.String) PX2023072800004,(java.lang.Boolean) false]">
      <![CDATA[org.testng.internal.reflect.MethodMatcherException: 
[public void com.ttt.TEST.TestPhieuNhap.checkExistSoKhungTest(java.lang.String,java.lang.String,java.lang.String)] has no parameters defined but was found to be using a data provider (either explicitly specified or inherited from class level annotation).
Data provider mismatch
Method: checkExistSoKhungTest([Parameter{index=0, type=java.lang.String, declaredAnnotations=[]}, Parameter{index=1, type=java.lang.String, declaredAnnotations=[]}, Parameter{index=2, type=java.lang.String, declaredAnnotations=[]}])
Arguments: [(java.lang.String) SK 3377,(java.lang.String) PX2023072800004,(java.lang.Boolean) false]
at java.base/java.util.ArrayList.forEach(ArrayList.java:1511)
... Removed 22 stack frames]]>
    </failure>
  </testcase> <!-- checkExistSoKhungTest -->
  <testcase classname="com.ttt.TEST.TestPhieuNhap" name="checkNullTest" time="0.005"/>
  <testcase classname="com.ttt.TEST.TestPhieuNhap" name="checkNullTest" time="0.001"/>
  <testcase classname="com.ttt.TEST.TestPhieuNhap" name="checkNullTest" time="0.002"/>
  <testcase classname="com.ttt.TEST.TestPhieuNhap" name="checkNullTest" time="0.001"/>
  <testcase classname="com.ttt.TEST.TestPhieuNhap" name="checkNullTest" time="0.001"/>
  <testcase classname="com.ttt.TEST.TestPhieuNhap" name="checkNullTest" time="0.001"/>
  <testcase classname="com.ttt.TEST.TestPhieuNhap" name="checkNullTest" time="0.001"/>
  <testcase classname="com.ttt.TEST.TestPhieuNhap" name="checkNullTest" time="0.001">
    <failure type="java.lang.AssertionError" message="expected [Số khung phải có 17 ký tự] but found []">
      <![CDATA[java.lang.AssertionError: expected [Số khung phải có 17 ký tự] but found []
at com.ttt.TEST.TestPhieuNhap.checkNullTest(TestPhieuNhap.java:78)
at java.base/java.util.ArrayList.forEach(ArrayList.java:1511)
... Removed 31 stack frames]]>
    </failure>
  </testcase> <!-- checkNullTest -->
  <testcase classname="com.ttt.TEST.TestPhieuNhap" name="checkNullTest" time="0.001">
    <failure type="java.lang.AssertionError" message="expected [Số khung phải có 17 ký tự] but found []">
      <![CDATA[java.lang.AssertionError: expected [Số khung phải có 17 ký tự] but found []
at com.ttt.TEST.TestPhieuNhap.checkNullTest(TestPhieuNhap.java:78)
at java.base/java.util.ArrayList.forEach(ArrayList.java:1511)
... Removed 31 stack frames]]>
    </failure>
  </testcase> <!-- checkNullTest -->
  <testcase classname="com.ttt.TEST.TestPhieuNhap" name="getFormChiTietPhieuNhapSuaTest" time="0.046">
    <failure type="java.lang.AssertionError" message="expected [true] but found [false]">
      <![CDATA[java.lang.AssertionError: expected [true] but found [false]
at com.ttt.TEST.TestPhieuNhap.getFormChiTietPhieuNhapSuaTest(TestPhieuNhap.java:184)
at java.base/java.util.ArrayList.forEach(ArrayList.java:1511)
... Removed 31 stack frames]]>
    </failure>
  </testcase> <!-- getFormChiTietPhieuNhapSuaTest -->
  <testcase classname="com.ttt.TEST.TestPhieuNhap" name="getFormChiTietPhieuNhapThemTest" time="0.003">
    <failure type="java.lang.AssertionError" message="expected [true] but found [false]">
      <![CDATA[java.lang.AssertionError: expected [true] but found [false]
at com.ttt.TEST.TestPhieuNhap.getFormChiTietPhieuNhapThemTest(TestPhieuNhap.java:132)
at java.base/java.util.ArrayList.forEach(ArrayList.java:1511)
... Removed 31 stack frames]]>
    </failure>
  </testcase> <!-- getFormChiTietPhieuNhapThemTest -->
  <testcase classname="com.ttt.TEST.TestPhieuNhap" name="getFormPNTest" time="0.003"/>
  <testcase classname="com.ttt.TEST.TestPhieuNhap" name="getFormPNTest" time="0.001"/>
  <testcase classname="com.ttt.TEST.TestPhieuNhap" name="getFormPNTest" time="0.025"/>
  <testcase classname="com.ttt.TEST.TestPhieuNhap" name="getFormPNTest" time="0.001"/>
  <testcase classname="com.ttt.TEST.TestPhieuNhap" name="isExist_PhieuNhapTest" time="0.022"/>
  <testcase classname="com.ttt.TEST.TestPhieuNhap" name="isExist_PhieuNhapTest" time="0.02"/>
  <testcase classname="com.ttt.TEST.TestPhieuNhap" name="isExist_PhieuNhapTest" time="0.023"/>
  <testcase classname="com.ttt.TEST.TestPhieuNhap" name="isExist_PhieuNhapTest" time="0.026"/>
  <testcase classname="com.ttt.TEST.TestPhieuNhap" name="suaPhieuNhapTest" time="0.004"/>
  <testcase classname="com.ttt.TEST.TestPhieuNhap" name="suaPhieuNhapTest" time="0.051"/>
  <testcase classname="com.ttt.TEST.TestPhieuNhap" name="themPhieuNhapTest" time="0.337">
    <failure type="java.lang.AssertionError" message="expected [Thêm mới thành công] but found [Đã thêm xe vào phiếu nhập]">
      <![CDATA[java.lang.AssertionError: expected [Thêm mới thành công] but found [Đã thêm xe vào phiếu nhập]
at com.ttt.TEST.TestPhieuNhap.themPhieuNhapTest(TestPhieuNhap.java:370)
at java.base/java.util.ArrayList.forEach(ArrayList.java:1511)
... Removed 31 stack frames]]>
    </failure>
  </testcase> <!-- themPhieuNhapTest -->
  <testcase classname="com.ttt.TEST.TestPhieuNhap" name="themPhieuNhapTest" time="0.116"/>
  <testcase classname="com.ttt.TEST.TestPhieuNhap" name="themXeVaoPhieuNhapTest" time="0.02"/>
  <testcase classname="com.ttt.TEST.TestPhieuNhap" name="themXeVaoPhieuNhapTest" time="0.018">
    <failure type="java.lang.AssertionError" message="expected [Đã tồn tại số khung] but found [Đã thêm xe vào phiếu nhập]">
      <![CDATA[java.lang.AssertionError: expected [Đã tồn tại số khung] but found [Đã thêm xe vào phiếu nhập]
at com.ttt.TEST.TestPhieuNhap.themXeVaoPhieuNhapTest(TestPhieuNhap.java:270)
at java.base/java.util.ArrayList.forEach(ArrayList.java:1511)
... Removed 31 stack frames]]>
    </failure>
  </testcase> <!-- themXeVaoPhieuNhapTest -->
  <testcase classname="com.ttt.TEST.TestPhieuNhap" name="themXeVaoPhieuNhapTest" time="0.02">
    <failure type="java.lang.AssertionError" message="expected [Đã tồn tại số khung] but found [Đã thêm xe vào phiếu nhập]">
      <![CDATA[java.lang.AssertionError: expected [Đã tồn tại số khung] but found [Đã thêm xe vào phiếu nhập]
at com.ttt.TEST.TestPhieuNhap.themXeVaoPhieuNhapTest(TestPhieuNhap.java:270)
at java.base/java.util.ArrayList.forEach(ArrayList.java:1511)
... Removed 31 stack frames]]>
    </failure>
  </testcase> <!-- themXeVaoPhieuNhapTest -->
  <testcase classname="com.ttt.TEST.TestPhieuNhap" name="themXeVaoPhieuNhapTest" time="0.023"/>
  <testcase classname="com.ttt.TEST.TestPhieuNhap" name="themXeVaoPhieuNhapTest" time="0.02"/>
  <testcase classname="com.ttt.TEST.TestPhieuNhap" name="themXeVaoPhieuNhapTest" time="0.0"/>
  <testcase classname="com.ttt.TEST.TestPhieuNhap" name="xoaTest" time="0.021"/>
  <testcase classname="com.ttt.TEST.TestPhieuNhap" name="xoaTest" time="0.018"/>
  <testcase classname="com.ttt.TEST.TestPhieuNhap" name="xoaTest" time="0.0"/>
  <testcase classname="com.ttt.TEST.TestPhieuNhap" name="xoaTest" time="0.02"/>
</testsuite> <!-- TestFormPN -->
