<?xml version="1.0" encoding="UTF-8"?>
<!-- Generated by org.testng.reporters.JUnitXMLReporter -->
<testsuite ignored="0" hostname="LAPTOP-CS6VK75P" failures="13" tests="39" name="TestPN" time="1.473" errors="0" timestamp="2023-12-06T20:12:22 ICT">
  <testcase classname="com.ttt.TEST.TestPhieuNhap" name="checkExistSoKhungTest" time="0.346">
    <failure type="java.lang.AssertionError" message="expected:&amp;lt;true&amp;gt; but was:&amp;lt;false&amp;gt;">
      <![CDATA[java.lang.AssertionError: expected:<true> but was:<false>
at com.ttt.TEST.TestPhieuNhap.checkExistSoKhungTest(TestPhieuNhap.java:31)
at java.base/java.util.ArrayList.forEach(ArrayList.java:1511)
... Removed 30 stack frames]]>
    </failure>
  </testcase> <!-- checkExistSoKhungTest -->
  <testcase classname="com.ttt.TEST.TestPhieuNhap" name="checkExistSoKhungTest" time="0.056">
    <failure type="java.lang.AssertionError" message="expected:&amp;lt;true&amp;gt; but was:&amp;lt;false&amp;gt;">
      <![CDATA[java.lang.AssertionError: expected:<true> but was:<false>
at com.ttt.TEST.TestPhieuNhap.checkExistSoKhungTest(TestPhieuNhap.java:31)
at java.base/java.util.ArrayList.forEach(ArrayList.java:1511)
... Removed 30 stack frames]]>
    </failure>
  </testcase> <!-- checkExistSoKhungTest -->
  <testcase classname="com.ttt.TEST.TestPhieuNhap" name="checkExistSoKhungTest" time="0.043"/>
  <testcase classname="com.ttt.TEST.TestPhieuNhap" name="checkExistSoKhungTest" time="0.039"/>
  <testcase classname="com.ttt.TEST.TestPhieuNhap" name="checkNullTest" time="0.005"/>
  <testcase classname="com.ttt.TEST.TestPhieuNhap" name="checkNullTest" time="0.002"/>
  <testcase classname="com.ttt.TEST.TestPhieuNhap" name="checkNullTest" time="0.001"/>
  <testcase classname="com.ttt.TEST.TestPhieuNhap" name="checkNullTest" time="0.0"/>
  <testcase classname="com.ttt.TEST.TestPhieuNhap" name="checkNullTest" time="0.001"/>
  <testcase classname="com.ttt.TEST.TestPhieuNhap" name="checkNullTest" time="0.002"/>
  <testcase classname="com.ttt.TEST.TestPhieuNhap" name="checkNullTest" time="0.001"/>
  <testcase classname="com.ttt.TEST.TestPhieuNhap" name="checkNullTest" time="0.001"/>
  <testcase classname="com.ttt.TEST.TestPhieuNhap" name="checkNullTest" time="0.0">
    <failure type="java.lang.AssertionError" message="expected:&amp;lt;&amp;gt; but was:&amp;lt;Số khung phải có 17 ký tự&amp;gt;">
      <![CDATA[java.lang.AssertionError: expected:<> but was:<Số khung phải có 17 ký tự>
at com.ttt.TEST.TestPhieuNhap.checkNullTest(TestPhieuNhap.java:73)
at java.base/java.util.ArrayList.forEach(ArrayList.java:1511)
... Removed 27 stack frames]]>
    </failure>
  </testcase> <!-- checkNullTest -->
  <testcase classname="com.ttt.TEST.TestPhieuNhap" name="checkNullTest" time="0.001">
    <failure type="java.lang.AssertionError" message="expected:&amp;lt;&amp;gt; but was:&amp;lt;Số khung phải có 17 ký tự&amp;gt;">
      <![CDATA[java.lang.AssertionError: expected:<> but was:<Số khung phải có 17 ký tự>
at com.ttt.TEST.TestPhieuNhap.checkNullTest(TestPhieuNhap.java:73)
at java.base/java.util.ArrayList.forEach(ArrayList.java:1511)
... Removed 27 stack frames]]>
    </failure>
  </testcase> <!-- checkNullTest -->
  <testcase classname="com.ttt.TEST.TestPhieuNhap" name="checkNullTest" time="0.001">
    <failure type="java.lang.AssertionError" message="expected:&amp;lt;&amp;gt; but was:&amp;lt;Đã tồn tại số khung&amp;gt;">
      <![CDATA[java.lang.AssertionError: expected:<> but was:<Đã tồn tại số khung>
at com.ttt.TEST.TestPhieuNhap.checkNullTest(TestPhieuNhap.java:73)
at java.base/java.util.ArrayList.forEach(ArrayList.java:1511)
... Removed 27 stack frames]]>
    </failure>
  </testcase> <!-- checkNullTest -->
  <testcase classname="com.ttt.TEST.TestPhieuNhap" name="getFormChiTietPhieuNhapSuaTest" time="0.05">
    <failure type="java.lang.AssertionError" message="expected:&amp;lt;false&amp;gt; but was:&amp;lt;true&amp;gt;">
      <![CDATA[java.lang.AssertionError: expected:<false> but was:<true>
at com.ttt.TEST.TestPhieuNhap.getFormChiTietPhieuNhapSuaTest(TestPhieuNhap.java:180)
at java.base/java.util.ArrayList.forEach(ArrayList.java:1511)
... Removed 30 stack frames]]>
    </failure>
  </testcase> <!-- getFormChiTietPhieuNhapSuaTest -->
  <testcase classname="com.ttt.TEST.TestPhieuNhap" name="getFormChiTietPhieuNhapThemTest" time="0.005">
    <failure type="java.lang.AssertionError" message="expected:&amp;lt;false&amp;gt; but was:&amp;lt;true&amp;gt;">
      <![CDATA[java.lang.AssertionError: expected:<false> but was:<true>
at com.ttt.TEST.TestPhieuNhap.getFormChiTietPhieuNhapThemTest(TestPhieuNhap.java:128)
at java.base/java.util.ArrayList.forEach(ArrayList.java:1511)
... Removed 30 stack frames]]>
    </failure>
  </testcase> <!-- getFormChiTietPhieuNhapThemTest -->
  <testcase classname="com.ttt.TEST.TestPhieuNhap" name="getFormPNTest" time="0.004"/>
  <testcase classname="com.ttt.TEST.TestPhieuNhap" name="getFormPNTest" time="0.0"/>
  <testcase classname="com.ttt.TEST.TestPhieuNhap" name="getFormPNTest" time="0.027"/>
  <testcase classname="com.ttt.TEST.TestPhieuNhap" name="getFormPNTest" time="0.001"/>
  <testcase classname="com.ttt.TEST.TestPhieuNhap" name="isExist_PhieuNhapTest" time="0.028"/>
  <testcase classname="com.ttt.TEST.TestPhieuNhap" name="isExist_PhieuNhapTest" time="0.019">
    <failure type="java.lang.AssertionError" message="expected:&amp;lt;false&amp;gt; but was:&amp;lt;true&amp;gt;">
      <![CDATA[java.lang.AssertionError: expected:<false> but was:<true>
at com.ttt.TEST.TestPhieuNhap.isExist_PhieuNhapTest(TestPhieuNhap.java:243)
at java.base/java.util.ArrayList.forEach(ArrayList.java:1511)
... Removed 30 stack frames]]>
    </failure>
  </testcase> <!-- isExist_PhieuNhapTest -->
  <testcase classname="com.ttt.TEST.TestPhieuNhap" name="isExist_PhieuNhapTest" time="0.028"/>
  <testcase classname="com.ttt.TEST.TestPhieuNhap" name="isExist_PhieuNhapTest" time="0.017"/>
  <testcase classname="com.ttt.TEST.TestPhieuNhap" name="suaPhieuNhapTest" time="0.004"/>
  <testcase classname="com.ttt.TEST.TestPhieuNhap" name="suaPhieuNhapTest" time="0.05"/>
  <testcase classname="com.ttt.TEST.TestPhieuNhap" name="themPhieuNhapTest" time="0.319">
    <failure type="java.lang.AssertionError" message="expected:&amp;lt;Đã thêm xe vào phiếu nhập&amp;gt; but was:&amp;lt;Thêm mới thành công&amp;gt;">
      <![CDATA[java.lang.AssertionError: expected:<Đã thêm xe vào phiếu nhập> but was:<Thêm mới thành công>
at com.ttt.TEST.TestPhieuNhap.themPhieuNhapTest(TestPhieuNhap.java:363)
at java.base/java.util.ArrayList.forEach(ArrayList.java:1511)
... Removed 27 stack frames]]>
    </failure>
  </testcase> <!-- themPhieuNhapTest -->
  <testcase classname="com.ttt.TEST.TestPhieuNhap" name="themPhieuNhapTest" time="0.137">
    <failure type="java.lang.AssertionError" message="expected:&amp;lt;Thêm mới thành công&amp;gt; but was:&amp;lt;Đã thêm xe vào phiếu nhập&amp;gt;">
      <![CDATA[java.lang.AssertionError: expected:<Thêm mới thành công> but was:<Đã thêm xe vào phiếu nhập>
at com.ttt.TEST.TestPhieuNhap.themPhieuNhapTest(TestPhieuNhap.java:363)
at java.base/java.util.ArrayList.forEach(ArrayList.java:1511)
... Removed 27 stack frames]]>
    </failure>
  </testcase> <!-- themPhieuNhapTest -->
  <testcase classname="com.ttt.TEST.TestPhieuNhap" name="themXeVaoPhieuNhapTest" time="0.03"/>
  <testcase classname="com.ttt.TEST.TestPhieuNhap" name="themXeVaoPhieuNhapTest" time="0.023">
    <failure type="java.lang.AssertionError" message="expected:&amp;lt;Đã thêm xe vào phiếu nhập&amp;gt; but was:&amp;lt;Đã tồn tại số khung&amp;gt;">
      <![CDATA[java.lang.AssertionError: expected:<Đã thêm xe vào phiếu nhập> but was:<Đã tồn tại số khung>
at com.ttt.TEST.TestPhieuNhap.themXeVaoPhieuNhapTest(TestPhieuNhap.java:265)
at java.base/java.util.ArrayList.forEach(ArrayList.java:1511)
... Removed 27 stack frames]]>
    </failure>
  </testcase> <!-- themXeVaoPhieuNhapTest -->
  <testcase classname="com.ttt.TEST.TestPhieuNhap" name="themXeVaoPhieuNhapTest" time="0.037">
    <failure type="java.lang.AssertionError" message="expected:&amp;lt;Đã thêm xe vào phiếu nhập&amp;gt; but was:&amp;lt;Đã tồn tại số khung&amp;gt;">
      <![CDATA[java.lang.AssertionError: expected:<Đã thêm xe vào phiếu nhập> but was:<Đã tồn tại số khung>
at com.ttt.TEST.TestPhieuNhap.themXeVaoPhieuNhapTest(TestPhieuNhap.java:265)
at java.base/java.util.ArrayList.forEach(ArrayList.java:1511)
... Removed 27 stack frames]]>
    </failure>
  </testcase> <!-- themXeVaoPhieuNhapTest -->
  <testcase classname="com.ttt.TEST.TestPhieuNhap" name="themXeVaoPhieuNhapTest" time="0.034"/>
  <testcase classname="com.ttt.TEST.TestPhieuNhap" name="themXeVaoPhieuNhapTest" time="0.016"/>
  <testcase classname="com.ttt.TEST.TestPhieuNhap" name="themXeVaoPhieuNhapTest" time="0.0"/>
  <testcase classname="com.ttt.TEST.TestPhieuNhap" name="xoaTest" time="0.005"/>
  <testcase classname="com.ttt.TEST.TestPhieuNhap" name="xoaTest" time="0.001"/>
  <testcase classname="com.ttt.TEST.TestPhieuNhap" name="xoaTest" time="0.05">
    <failure type="java.lang.AssertionError" message="expected:&amp;lt;Xóa thành công&amp;gt; but was:&amp;lt;Bạn không có quyền xóa phiếu nhập&amp;gt;">
      <![CDATA[java.lang.AssertionError: expected:<Xóa thành công> but was:<Bạn không có quyền xóa phiếu nhập>
at com.ttt.TEST.TestPhieuNhap.xoaTest(TestPhieuNhap.java:407)
at java.base/java.util.ArrayList.forEach(ArrayList.java:1511)
... Removed 27 stack frames]]>
    </failure>
  </testcase> <!-- xoaTest -->
  <testcase classname="com.ttt.TEST.TestPhieuNhap" name="xoaTest" time="0.0"/>
</testsuite> <!-- TestPN -->
