<html>
<head>
<title>TestNG:  TestPN</title>
<link href="../testng.css" rel="stylesheet" type="text/css" />
<link href="../my-testng.css" rel="stylesheet" type="text/css" />

<style type="text/css">
.log { display: none;} 
.stack-trace { display: none;} 
</style>
<script type="text/javascript">
<!--
function flip(e) {
  current = e.style.display;
  if (current == 'block') {
    e.style.display = 'none';
    return 0;
  }
  else {
    e.style.display = 'block';
    return 1;
  }
}

function toggleBox(szDivId, elem, msg1, msg2)
{
  var res = -1;  if (document.getElementById) {
    res = flip(document.getElementById(szDivId));
  }
  else if (document.all) {
    // this is the way old msie versions work
    res = flip(document.all[szDivId]);
  }
  if(elem) {
    if(res == 0) elem.innerHTML = msg1; else elem.innerHTML = msg2;
  }

}

function toggleAllBoxes() {
  if (document.getElementsByTagName) {
    d = document.getElementsByTagName('div');
    for (i = 0; i < d.length; i++) {
      if (d[i].className == 'log') {
        flip(d[i]);
      }
    }
  }
}

// -->
</script>

</head>
<body>
<h2 align='center'>TestPN</h2><table border='1' align="center">
<tr>
<td>Tests passed/Failed/Skipped:</td><td>26/13/0</td>
</tr><tr>
<td>Started on:</td><td>Wed Dec 06 20:12:21 ICT 2023</td>
</tr>
<tr><td>Total time:</td><td>1 seconds (1473 ms)</td>
</tr><tr>
<td>Included groups:</td><td></td>
</tr><tr>
<td>Excluded groups:</td><td></td>
</tr>
</table><p/>
<small><i>(Hover the method name to see the test class name)</i></small><p/>
<table width='100%' border='1' class='invocation-failed'>
<tr><td colspan='4' align='center'><b>FAILED TESTS</b></td></tr>
<tr><td><b>Test method</b></td>
<td width="30%"><b>Exception</b></td>
<td width="10%"><b>Time (seconds)</b></td>
<td><b>Instance</b></td>
</tr>
<tr>
<td title='com.ttt.TEST.TestPhieuNhap.checkNullTest()'><b>checkNullTest</b><br>Test class: com.ttt.TEST.TestPhieuNhap<br>Parameters: SK 7749, SM1234, 600, Đã tồn tại số khung</td>
<td><div><pre>java.lang.AssertionError: expected:&lt;&gt; but was:&lt;Đã tồn tại số khung&gt;
	at com.ttt.TEST.TestPhieuNhap.checkNullTest(TestPhieuNhap.java:73)
	at java.base/java.util.ArrayList.forEach(ArrayList.java:1511)
... Removed 27 stack frames</pre></div><a href='#' onClick='toggleBox("stack-trace93054696", this, "Click to show all stack frames", "Click to hide stack frames")'>Click to show all stack frames</a>
<div class='stack-trace' id='stack-trace93054696'><pre>java.lang.AssertionError: expected:&lt;&gt; but was:&lt;Đã tồn tại số khung&gt;
	at org.testng.AssertJUnit.assertEquals(AssertJUnit.java:115)
	at org.testng.AssertJUnit.assertEquals(AssertJUnit.java:125)
	at com.ttt.TEST.TestPhieuNhap.checkNullTest(TestPhieuNhap.java:73)
	at java.base/jdk.internal.reflect.DirectMethodHandleAccessor.invoke(DirectMethodHandleAccessor.java:104)
	at java.base/java.lang.reflect.Method.invoke(Method.java:577)
	at org.testng.internal.MethodInvocationHelper.invokeMethod(MethodInvocationHelper.java:133)
	at org.testng.internal.TestInvoker.invokeMethod(TestInvoker.java:598)
	at org.testng.internal.TestInvoker.invokeTestMethod(TestInvoker.java:173)
	at org.testng.internal.MethodRunner.runInSequence(MethodRunner.java:46)
	at org.testng.internal.TestInvoker$MethodInvocationAgent.invoke(TestInvoker.java:824)
	at org.testng.internal.TestInvoker.invokeTestMethods(TestInvoker.java:146)
	at org.testng.internal.TestMethodWorker.invokeTestMethods(TestMethodWorker.java:146)
	at org.testng.internal.TestMethodWorker.run(TestMethodWorker.java:128)
	at java.base/java.util.ArrayList.forEach(ArrayList.java:1511)
	at org.testng.TestRunner.privateRun(TestRunner.java:794)
	at org.testng.TestRunner.run(TestRunner.java:596)
	at org.testng.SuiteRunner.runTest(SuiteRunner.java:377)
	at org.testng.SuiteRunner.runSequentially(SuiteRunner.java:371)
	at org.testng.SuiteRunner.privateRun(SuiteRunner.java:332)
	at org.testng.SuiteRunner.run(SuiteRunner.java:276)
	at org.testng.SuiteRunnerWorker.runSuite(SuiteRunnerWorker.java:53)
	at org.testng.SuiteRunnerWorker.run(SuiteRunnerWorker.java:96)
	at org.testng.TestNG.runSuitesSequentially(TestNG.java:1212)
	at org.testng.TestNG.runSuitesLocally(TestNG.java:1134)
	at org.testng.TestNG.runSuites(TestNG.java:1063)
	at org.testng.TestNG.run(TestNG.java:1031)
	at org.testng.remote.AbstractRemoteTestNG.run(AbstractRemoteTestNG.java:115)
	at org.testng.remote.RemoteTestNG.initAndRun(RemoteTestNG.java:251)
	at org.testng.remote.RemoteTestNG.main(RemoteTestNG.java:77)
</pre></div></td>
<td>0</td>
<td>com.ttt.TEST.TestPhieuNhap@3911c2a7</td></tr>
<tr>
<td title='com.ttt.TEST.TestPhieuNhap.themXeVaoPhieuNhapTest()'><b>themXeVaoPhieuNhapTest</b><br>Test class: com.ttt.TEST.TestPhieuNhap<br>Parameters: true, SK 712, PN2023120500003, Đã tồn tại số khung</td>
<td><div><pre>java.lang.AssertionError: expected:&lt;Đã thêm xe vào phiếu nhập&gt; but was:&lt;Đã tồn tại số khung&gt;
	at com.ttt.TEST.TestPhieuNhap.themXeVaoPhieuNhapTest(TestPhieuNhap.java:265)
	at java.base/java.util.ArrayList.forEach(ArrayList.java:1511)
... Removed 27 stack frames</pre></div><a href='#' onClick='toggleBox("stack-trace1058822905", this, "Click to show all stack frames", "Click to hide stack frames")'>Click to show all stack frames</a>
<div class='stack-trace' id='stack-trace1058822905'><pre>java.lang.AssertionError: expected:&lt;Đã thêm xe vào phiếu nhập&gt; but was:&lt;Đã tồn tại số khung&gt;
	at org.testng.AssertJUnit.assertEquals(AssertJUnit.java:115)
	at org.testng.AssertJUnit.assertEquals(AssertJUnit.java:125)
	at com.ttt.TEST.TestPhieuNhap.themXeVaoPhieuNhapTest(TestPhieuNhap.java:265)
	at java.base/jdk.internal.reflect.DirectMethodHandleAccessor.invoke(DirectMethodHandleAccessor.java:104)
	at java.base/java.lang.reflect.Method.invoke(Method.java:577)
	at org.testng.internal.MethodInvocationHelper.invokeMethod(MethodInvocationHelper.java:133)
	at org.testng.internal.TestInvoker.invokeMethod(TestInvoker.java:598)
	at org.testng.internal.TestInvoker.invokeTestMethod(TestInvoker.java:173)
	at org.testng.internal.MethodRunner.runInSequence(MethodRunner.java:46)
	at org.testng.internal.TestInvoker$MethodInvocationAgent.invoke(TestInvoker.java:824)
	at org.testng.internal.TestInvoker.invokeTestMethods(TestInvoker.java:146)
	at org.testng.internal.TestMethodWorker.invokeTestMethods(TestMethodWorker.java:146)
	at org.testng.internal.TestMethodWorker.run(TestMethodWorker.java:128)
	at java.base/java.util.ArrayList.forEach(ArrayList.java:1511)
	at org.testng.TestRunner.privateRun(TestRunner.java:794)
	at org.testng.TestRunner.run(TestRunner.java:596)
	at org.testng.SuiteRunner.runTest(SuiteRunner.java:377)
	at org.testng.SuiteRunner.runSequentially(SuiteRunner.java:371)
	at org.testng.SuiteRunner.privateRun(SuiteRunner.java:332)
	at org.testng.SuiteRunner.run(SuiteRunner.java:276)
	at org.testng.SuiteRunnerWorker.runSuite(SuiteRunnerWorker.java:53)
	at org.testng.SuiteRunnerWorker.run(SuiteRunnerWorker.java:96)
	at org.testng.TestNG.runSuitesSequentially(TestNG.java:1212)
	at org.testng.TestNG.runSuitesLocally(TestNG.java:1134)
	at org.testng.TestNG.runSuites(TestNG.java:1063)
	at org.testng.TestNG.run(TestNG.java:1031)
	at org.testng.remote.AbstractRemoteTestNG.run(AbstractRemoteTestNG.java:115)
	at org.testng.remote.RemoteTestNG.initAndRun(RemoteTestNG.java:251)
	at org.testng.remote.RemoteTestNG.main(RemoteTestNG.java:77)
</pre></div></td>
<td>0</td>
<td>com.ttt.TEST.TestPhieuNhap@3911c2a7</td></tr>
<tr>
<td title='com.ttt.TEST.TestPhieuNhap.getFormChiTietPhieuNhapSuaTest()'><b>getFormChiTietPhieuNhapSuaTest</b><br>Test class: com.ttt.TEST.TestPhieuNhap<br>Parameters: PN2023081700007, NV2023073000009, Wed Dec 06 20:12:21 ICT 2023, Wed Dec 06 20:12:21 ICT 2023, NV2023072100007, VT04, FCJLTC, SK 12345678, SM987654, 900, 15, true</td>
<td><div><pre>java.lang.AssertionError: expected:&lt;false&gt; but was:&lt;true&gt;
	at com.ttt.TEST.TestPhieuNhap.getFormChiTietPhieuNhapSuaTest(TestPhieuNhap.java:180)
	at java.base/java.util.ArrayList.forEach(ArrayList.java:1511)
... Removed 30 stack frames</pre></div><a href='#' onClick='toggleBox("stack-trace187457031", this, "Click to show all stack frames", "Click to hide stack frames")'>Click to show all stack frames</a>
<div class='stack-trace' id='stack-trace187457031'><pre>java.lang.AssertionError: expected:&lt;false&gt; but was:&lt;true&gt;
	at org.testng.AssertJUnit.fail(AssertJUnit.java:65)
	at org.testng.AssertJUnit.failNotEquals(AssertJUnit.java:468)
	at org.testng.AssertJUnit.assertEquals(AssertJUnit.java:88)
	at org.testng.AssertJUnit.assertEquals(AssertJUnit.java:230)
	at org.testng.AssertJUnit.assertEquals(AssertJUnit.java:240)
	at com.ttt.TEST.TestPhieuNhap.getFormChiTietPhieuNhapSuaTest(TestPhieuNhap.java:180)
	at java.base/jdk.internal.reflect.DirectMethodHandleAccessor.invoke(DirectMethodHandleAccessor.java:104)
	at java.base/java.lang.reflect.Method.invoke(Method.java:577)
	at org.testng.internal.MethodInvocationHelper.invokeMethod(MethodInvocationHelper.java:133)
	at org.testng.internal.TestInvoker.invokeMethod(TestInvoker.java:598)
	at org.testng.internal.TestInvoker.invokeTestMethod(TestInvoker.java:173)
	at org.testng.internal.MethodRunner.runInSequence(MethodRunner.java:46)
	at org.testng.internal.TestInvoker$MethodInvocationAgent.invoke(TestInvoker.java:824)
	at org.testng.internal.TestInvoker.invokeTestMethods(TestInvoker.java:146)
	at org.testng.internal.TestMethodWorker.invokeTestMethods(TestMethodWorker.java:146)
	at org.testng.internal.TestMethodWorker.run(TestMethodWorker.java:128)
	at java.base/java.util.ArrayList.forEach(ArrayList.java:1511)
	at org.testng.TestRunner.privateRun(TestRunner.java:794)
	at org.testng.TestRunner.run(TestRunner.java:596)
	at org.testng.SuiteRunner.runTest(SuiteRunner.java:377)
	at org.testng.SuiteRunner.runSequentially(SuiteRunner.java:371)
	at org.testng.SuiteRunner.privateRun(SuiteRunner.java:332)
	at org.testng.SuiteRunner.run(SuiteRunner.java:276)
	at org.testng.SuiteRunnerWorker.runSuite(SuiteRunnerWorker.java:53)
	at org.testng.SuiteRunnerWorker.run(SuiteRunnerWorker.java:96)
	at org.testng.TestNG.runSuitesSequentially(TestNG.java:1212)
	at org.testng.TestNG.runSuitesLocally(TestNG.java:1134)
	at org.testng.TestNG.runSuites(TestNG.java:1063)
	at org.testng.TestNG.run(TestNG.java:1031)
	at org.testng.remote.AbstractRemoteTestNG.run(AbstractRemoteTestNG.java:115)
	at org.testng.remote.RemoteTestNG.initAndRun(RemoteTestNG.java:251)
	at org.testng.remote.RemoteTestNG.main(RemoteTestNG.java:77)
</pre></div></td>
<td>0</td>
<td>com.ttt.TEST.TestPhieuNhap@3911c2a7</td></tr>
<tr>
<td title='com.ttt.TEST.TestPhieuNhap.themXeVaoPhieuNhapTest()'><b>themXeVaoPhieuNhapTest</b><br>Test class: com.ttt.TEST.TestPhieuNhap<br>Parameters: true, SK 712, PN2023072100004, Đã tồn tại số khung</td>
<td><div><pre>java.lang.AssertionError: expected:&lt;Đã thêm xe vào phiếu nhập&gt; but was:&lt;Đã tồn tại số khung&gt;
	at com.ttt.TEST.TestPhieuNhap.themXeVaoPhieuNhapTest(TestPhieuNhap.java:265)
	at java.base/java.util.ArrayList.forEach(ArrayList.java:1511)
... Removed 27 stack frames</pre></div><a href='#' onClick='toggleBox("stack-trace1800693087", this, "Click to show all stack frames", "Click to hide stack frames")'>Click to show all stack frames</a>
<div class='stack-trace' id='stack-trace1800693087'><pre>java.lang.AssertionError: expected:&lt;Đã thêm xe vào phiếu nhập&gt; but was:&lt;Đã tồn tại số khung&gt;
	at org.testng.AssertJUnit.assertEquals(AssertJUnit.java:115)
	at org.testng.AssertJUnit.assertEquals(AssertJUnit.java:125)
	at com.ttt.TEST.TestPhieuNhap.themXeVaoPhieuNhapTest(TestPhieuNhap.java:265)
	at java.base/jdk.internal.reflect.DirectMethodHandleAccessor.invoke(DirectMethodHandleAccessor.java:104)
	at java.base/java.lang.reflect.Method.invoke(Method.java:577)
	at org.testng.internal.MethodInvocationHelper.invokeMethod(MethodInvocationHelper.java:133)
	at org.testng.internal.TestInvoker.invokeMethod(TestInvoker.java:598)
	at org.testng.internal.TestInvoker.invokeTestMethod(TestInvoker.java:173)
	at org.testng.internal.MethodRunner.runInSequence(MethodRunner.java:46)
	at org.testng.internal.TestInvoker$MethodInvocationAgent.invoke(TestInvoker.java:824)
	at org.testng.internal.TestInvoker.invokeTestMethods(TestInvoker.java:146)
	at org.testng.internal.TestMethodWorker.invokeTestMethods(TestMethodWorker.java:146)
	at org.testng.internal.TestMethodWorker.run(TestMethodWorker.java:128)
	at java.base/java.util.ArrayList.forEach(ArrayList.java:1511)
	at org.testng.TestRunner.privateRun(TestRunner.java:794)
	at org.testng.TestRunner.run(TestRunner.java:596)
	at org.testng.SuiteRunner.runTest(SuiteRunner.java:377)
	at org.testng.SuiteRunner.runSequentially(SuiteRunner.java:371)
	at org.testng.SuiteRunner.privateRun(SuiteRunner.java:332)
	at org.testng.SuiteRunner.run(SuiteRunner.java:276)
	at org.testng.SuiteRunnerWorker.runSuite(SuiteRunnerWorker.java:53)
	at org.testng.SuiteRunnerWorker.run(SuiteRunnerWorker.java:96)
	at org.testng.TestNG.runSuitesSequentially(TestNG.java:1212)
	at org.testng.TestNG.runSuitesLocally(TestNG.java:1134)
	at org.testng.TestNG.runSuites(TestNG.java:1063)
	at org.testng.TestNG.run(TestNG.java:1031)
	at org.testng.remote.AbstractRemoteTestNG.run(AbstractRemoteTestNG.java:115)
	at org.testng.remote.RemoteTestNG.initAndRun(RemoteTestNG.java:251)
	at org.testng.remote.RemoteTestNG.main(RemoteTestNG.java:77)
</pre></div></td>
<td>0</td>
<td>com.ttt.TEST.TestPhieuNhap@3911c2a7</td></tr>
<tr>
<td title='com.ttt.TEST.TestPhieuNhap.themPhieuNhapTest()'><b>themPhieuNhapTest</b><br>Test class: com.ttt.TEST.TestPhieuNhap<br>Parameters: PN2023072100003, NV2023073000009, Wed Dec 06 20:12:22 ICT 2023, null, null, dienGiai, 15, null, null, null, VT03, FCJLTC, SK8054, SM7979, 1, 700, 0, 0, 0, null, null, null, null, true, Đã thêm xe vào phiếu nhập</td>
<td><div><pre>java.lang.AssertionError: expected:&lt;Thêm mới thành công&gt; but was:&lt;Đã thêm xe vào phiếu nhập&gt;
	at com.ttt.TEST.TestPhieuNhap.themPhieuNhapTest(TestPhieuNhap.java:363)
	at java.base/java.util.ArrayList.forEach(ArrayList.java:1511)
... Removed 27 stack frames</pre></div><a href='#' onClick='toggleBox("stack-trace777313177", this, "Click to show all stack frames", "Click to hide stack frames")'>Click to show all stack frames</a>
<div class='stack-trace' id='stack-trace777313177'><pre>java.lang.AssertionError: expected:&lt;Thêm mới thành công&gt; but was:&lt;Đã thêm xe vào phiếu nhập&gt;
	at org.testng.AssertJUnit.assertEquals(AssertJUnit.java:115)
	at org.testng.AssertJUnit.assertEquals(AssertJUnit.java:125)
	at com.ttt.TEST.TestPhieuNhap.themPhieuNhapTest(TestPhieuNhap.java:363)
	at java.base/jdk.internal.reflect.DirectMethodHandleAccessor.invoke(DirectMethodHandleAccessor.java:104)
	at java.base/java.lang.reflect.Method.invoke(Method.java:577)
	at org.testng.internal.MethodInvocationHelper.invokeMethod(MethodInvocationHelper.java:133)
	at org.testng.internal.TestInvoker.invokeMethod(TestInvoker.java:598)
	at org.testng.internal.TestInvoker.invokeTestMethod(TestInvoker.java:173)
	at org.testng.internal.MethodRunner.runInSequence(MethodRunner.java:46)
	at org.testng.internal.TestInvoker$MethodInvocationAgent.invoke(TestInvoker.java:824)
	at org.testng.internal.TestInvoker.invokeTestMethods(TestInvoker.java:146)
	at org.testng.internal.TestMethodWorker.invokeTestMethods(TestMethodWorker.java:146)
	at org.testng.internal.TestMethodWorker.run(TestMethodWorker.java:128)
	at java.base/java.util.ArrayList.forEach(ArrayList.java:1511)
	at org.testng.TestRunner.privateRun(TestRunner.java:794)
	at org.testng.TestRunner.run(TestRunner.java:596)
	at org.testng.SuiteRunner.runTest(SuiteRunner.java:377)
	at org.testng.SuiteRunner.runSequentially(SuiteRunner.java:371)
	at org.testng.SuiteRunner.privateRun(SuiteRunner.java:332)
	at org.testng.SuiteRunner.run(SuiteRunner.java:276)
	at org.testng.SuiteRunnerWorker.runSuite(SuiteRunnerWorker.java:53)
	at org.testng.SuiteRunnerWorker.run(SuiteRunnerWorker.java:96)
	at org.testng.TestNG.runSuitesSequentially(TestNG.java:1212)
	at org.testng.TestNG.runSuitesLocally(TestNG.java:1134)
	at org.testng.TestNG.runSuites(TestNG.java:1063)
	at org.testng.TestNG.run(TestNG.java:1031)
	at org.testng.remote.AbstractRemoteTestNG.run(AbstractRemoteTestNG.java:115)
	at org.testng.remote.RemoteTestNG.initAndRun(RemoteTestNG.java:251)
	at org.testng.remote.RemoteTestNG.main(RemoteTestNG.java:77)
</pre></div></td>
<td>0</td>
<td>com.ttt.TEST.TestPhieuNhap@3911c2a7</td></tr>
<tr>
<td title='com.ttt.TEST.TestPhieuNhap.xoaTest()'><b>xoaTest</b><br>Test class: com.ttt.TEST.TestPhieuNhap<br>Parameters: false, PN2023072100003, SK 7444, SM 7765, 900, true, Bạn không có quyền xóa phiếu nhập</td>
<td><div><pre>java.lang.AssertionError: expected:&lt;Xóa thành công&gt; but was:&lt;Bạn không có quyền xóa phiếu nhập&gt;
	at com.ttt.TEST.TestPhieuNhap.xoaTest(TestPhieuNhap.java:407)
	at java.base/java.util.ArrayList.forEach(ArrayList.java:1511)
... Removed 27 stack frames</pre></div><a href='#' onClick='toggleBox("stack-trace1488946768", this, "Click to show all stack frames", "Click to hide stack frames")'>Click to show all stack frames</a>
<div class='stack-trace' id='stack-trace1488946768'><pre>java.lang.AssertionError: expected:&lt;Xóa thành công&gt; but was:&lt;Bạn không có quyền xóa phiếu nhập&gt;
	at org.testng.AssertJUnit.assertEquals(AssertJUnit.java:115)
	at org.testng.AssertJUnit.assertEquals(AssertJUnit.java:125)
	at com.ttt.TEST.TestPhieuNhap.xoaTest(TestPhieuNhap.java:407)
	at java.base/jdk.internal.reflect.DirectMethodHandleAccessor.invoke(DirectMethodHandleAccessor.java:104)
	at java.base/java.lang.reflect.Method.invoke(Method.java:577)
	at org.testng.internal.MethodInvocationHelper.invokeMethod(MethodInvocationHelper.java:133)
	at org.testng.internal.TestInvoker.invokeMethod(TestInvoker.java:598)
	at org.testng.internal.TestInvoker.invokeTestMethod(TestInvoker.java:173)
	at org.testng.internal.MethodRunner.runInSequence(MethodRunner.java:46)
	at org.testng.internal.TestInvoker$MethodInvocationAgent.invoke(TestInvoker.java:824)
	at org.testng.internal.TestInvoker.invokeTestMethods(TestInvoker.java:146)
	at org.testng.internal.TestMethodWorker.invokeTestMethods(TestMethodWorker.java:146)
	at org.testng.internal.TestMethodWorker.run(TestMethodWorker.java:128)
	at java.base/java.util.ArrayList.forEach(ArrayList.java:1511)
	at org.testng.TestRunner.privateRun(TestRunner.java:794)
	at org.testng.TestRunner.run(TestRunner.java:596)
	at org.testng.SuiteRunner.runTest(SuiteRunner.java:377)
	at org.testng.SuiteRunner.runSequentially(SuiteRunner.java:371)
	at org.testng.SuiteRunner.privateRun(SuiteRunner.java:332)
	at org.testng.SuiteRunner.run(SuiteRunner.java:276)
	at org.testng.SuiteRunnerWorker.runSuite(SuiteRunnerWorker.java:53)
	at org.testng.SuiteRunnerWorker.run(SuiteRunnerWorker.java:96)
	at org.testng.TestNG.runSuitesSequentially(TestNG.java:1212)
	at org.testng.TestNG.runSuitesLocally(TestNG.java:1134)
	at org.testng.TestNG.runSuites(TestNG.java:1063)
	at org.testng.TestNG.run(TestNG.java:1031)
	at org.testng.remote.AbstractRemoteTestNG.run(AbstractRemoteTestNG.java:115)
	at org.testng.remote.RemoteTestNG.initAndRun(RemoteTestNG.java:251)
	at org.testng.remote.RemoteTestNG.main(RemoteTestNG.java:77)
</pre></div></td>
<td>0</td>
<td>com.ttt.TEST.TestPhieuNhap@3911c2a7</td></tr>
<tr>
<td title='com.ttt.TEST.TestPhieuNhap.checkNullTest()'><b>checkNullTest</b><br>Test class: com.ttt.TEST.TestPhieuNhap<br>Parameters: SK123, SM456, 1000, Số khung phải có 17 ký tự</td>
<td><div><pre>java.lang.AssertionError: expected:&lt;&gt; but was:&lt;Số khung phải có 17 ký tự&gt;
	at com.ttt.TEST.TestPhieuNhap.checkNullTest(TestPhieuNhap.java:73)
	at java.base/java.util.ArrayList.forEach(ArrayList.java:1511)
... Removed 27 stack frames</pre></div><a href='#' onClick='toggleBox("stack-trace49222910", this, "Click to show all stack frames", "Click to hide stack frames")'>Click to show all stack frames</a>
<div class='stack-trace' id='stack-trace49222910'><pre>java.lang.AssertionError: expected:&lt;&gt; but was:&lt;Số khung phải có 17 ký tự&gt;
	at org.testng.AssertJUnit.assertEquals(AssertJUnit.java:115)
	at org.testng.AssertJUnit.assertEquals(AssertJUnit.java:125)
	at com.ttt.TEST.TestPhieuNhap.checkNullTest(TestPhieuNhap.java:73)
	at java.base/jdk.internal.reflect.DirectMethodHandleAccessor.invoke(DirectMethodHandleAccessor.java:104)
	at java.base/java.lang.reflect.Method.invoke(Method.java:577)
	at org.testng.internal.MethodInvocationHelper.invokeMethod(MethodInvocationHelper.java:133)
	at org.testng.internal.TestInvoker.invokeMethod(TestInvoker.java:598)
	at org.testng.internal.TestInvoker.invokeTestMethod(TestInvoker.java:173)
	at org.testng.internal.MethodRunner.runInSequence(MethodRunner.java:46)
	at org.testng.internal.TestInvoker$MethodInvocationAgent.invoke(TestInvoker.java:824)
	at org.testng.internal.TestInvoker.invokeTestMethods(TestInvoker.java:146)
	at org.testng.internal.TestMethodWorker.invokeTestMethods(TestMethodWorker.java:146)
	at org.testng.internal.TestMethodWorker.run(TestMethodWorker.java:128)
	at java.base/java.util.ArrayList.forEach(ArrayList.java:1511)
	at org.testng.TestRunner.privateRun(TestRunner.java:794)
	at org.testng.TestRunner.run(TestRunner.java:596)
	at org.testng.SuiteRunner.runTest(SuiteRunner.java:377)
	at org.testng.SuiteRunner.runSequentially(SuiteRunner.java:371)
	at org.testng.SuiteRunner.privateRun(SuiteRunner.java:332)
	at org.testng.SuiteRunner.run(SuiteRunner.java:276)
	at org.testng.SuiteRunnerWorker.runSuite(SuiteRunnerWorker.java:53)
	at org.testng.SuiteRunnerWorker.run(SuiteRunnerWorker.java:96)
	at org.testng.TestNG.runSuitesSequentially(TestNG.java:1212)
	at org.testng.TestNG.runSuitesLocally(TestNG.java:1134)
	at org.testng.TestNG.runSuites(TestNG.java:1063)
	at org.testng.TestNG.run(TestNG.java:1031)
	at org.testng.remote.AbstractRemoteTestNG.run(AbstractRemoteTestNG.java:115)
	at org.testng.remote.RemoteTestNG.initAndRun(RemoteTestNG.java:251)
	at org.testng.remote.RemoteTestNG.main(RemoteTestNG.java:77)
</pre></div></td>
<td>0</td>
<td>com.ttt.TEST.TestPhieuNhap@3911c2a7</td></tr>
<tr>
<td title='com.ttt.TEST.TestPhieuNhap.getFormChiTietPhieuNhapThemTest()'><b>getFormChiTietPhieuNhapThemTest</b><br>Test class: com.ttt.TEST.TestPhieuNhap<br>Parameters: PN2023120500007, NV2023073000009, Wed Dec 06 20:12:21 ICT 2023, VT04, XZU730LMB, SK 12345678, SM987654, 900, true</td>
<td><div><pre>java.lang.AssertionError: expected:&lt;false&gt; but was:&lt;true&gt;
	at com.ttt.TEST.TestPhieuNhap.getFormChiTietPhieuNhapThemTest(TestPhieuNhap.java:128)
	at java.base/java.util.ArrayList.forEach(ArrayList.java:1511)
... Removed 30 stack frames</pre></div><a href='#' onClick='toggleBox("stack-trace1388563249", this, "Click to show all stack frames", "Click to hide stack frames")'>Click to show all stack frames</a>
<div class='stack-trace' id='stack-trace1388563249'><pre>java.lang.AssertionError: expected:&lt;false&gt; but was:&lt;true&gt;
	at org.testng.AssertJUnit.fail(AssertJUnit.java:65)
	at org.testng.AssertJUnit.failNotEquals(AssertJUnit.java:468)
	at org.testng.AssertJUnit.assertEquals(AssertJUnit.java:88)
	at org.testng.AssertJUnit.assertEquals(AssertJUnit.java:230)
	at org.testng.AssertJUnit.assertEquals(AssertJUnit.java:240)
	at com.ttt.TEST.TestPhieuNhap.getFormChiTietPhieuNhapThemTest(TestPhieuNhap.java:128)
	at java.base/jdk.internal.reflect.DirectMethodHandleAccessor.invoke(DirectMethodHandleAccessor.java:104)
	at java.base/java.lang.reflect.Method.invoke(Method.java:577)
	at org.testng.internal.MethodInvocationHelper.invokeMethod(MethodInvocationHelper.java:133)
	at org.testng.internal.TestInvoker.invokeMethod(TestInvoker.java:598)
	at org.testng.internal.TestInvoker.invokeTestMethod(TestInvoker.java:173)
	at org.testng.internal.MethodRunner.runInSequence(MethodRunner.java:46)
	at org.testng.internal.TestInvoker$MethodInvocationAgent.invoke(TestInvoker.java:824)
	at org.testng.internal.TestInvoker.invokeTestMethods(TestInvoker.java:146)
	at org.testng.internal.TestMethodWorker.invokeTestMethods(TestMethodWorker.java:146)
	at org.testng.internal.TestMethodWorker.run(TestMethodWorker.java:128)
	at java.base/java.util.ArrayList.forEach(ArrayList.java:1511)
	at org.testng.TestRunner.privateRun(TestRunner.java:794)
	at org.testng.TestRunner.run(TestRunner.java:596)
	at org.testng.SuiteRunner.runTest(SuiteRunner.java:377)
	at org.testng.SuiteRunner.runSequentially(SuiteRunner.java:371)
	at org.testng.SuiteRunner.privateRun(SuiteRunner.java:332)
	at org.testng.SuiteRunner.run(SuiteRunner.java:276)
	at org.testng.SuiteRunnerWorker.runSuite(SuiteRunnerWorker.java:53)
	at org.testng.SuiteRunnerWorker.run(SuiteRunnerWorker.java:96)
	at org.testng.TestNG.runSuitesSequentially(TestNG.java:1212)
	at org.testng.TestNG.runSuitesLocally(TestNG.java:1134)
	at org.testng.TestNG.runSuites(TestNG.java:1063)
	at org.testng.TestNG.run(TestNG.java:1031)
	at org.testng.remote.AbstractRemoteTestNG.run(AbstractRemoteTestNG.java:115)
	at org.testng.remote.RemoteTestNG.initAndRun(RemoteTestNG.java:251)
	at org.testng.remote.RemoteTestNG.main(RemoteTestNG.java:77)
</pre></div></td>
<td>0</td>
<td>com.ttt.TEST.TestPhieuNhap@3911c2a7</td></tr>
<tr>
<td title='com.ttt.TEST.TestPhieuNhap.checkNullTest()'><b>checkNullTest</b><br>Test class: com.ttt.TEST.TestPhieuNhap<br>Parameters: SK123456789123456SK, SM456, 1000, Số khung phải có 17 ký tự</td>
<td><div><pre>java.lang.AssertionError: expected:&lt;&gt; but was:&lt;Số khung phải có 17 ký tự&gt;
	at com.ttt.TEST.TestPhieuNhap.checkNullTest(TestPhieuNhap.java:73)
	at java.base/java.util.ArrayList.forEach(ArrayList.java:1511)
... Removed 27 stack frames</pre></div><a href='#' onClick='toggleBox("stack-trace1160850402", this, "Click to show all stack frames", "Click to hide stack frames")'>Click to show all stack frames</a>
<div class='stack-trace' id='stack-trace1160850402'><pre>java.lang.AssertionError: expected:&lt;&gt; but was:&lt;Số khung phải có 17 ký tự&gt;
	at org.testng.AssertJUnit.assertEquals(AssertJUnit.java:115)
	at org.testng.AssertJUnit.assertEquals(AssertJUnit.java:125)
	at com.ttt.TEST.TestPhieuNhap.checkNullTest(TestPhieuNhap.java:73)
	at java.base/jdk.internal.reflect.DirectMethodHandleAccessor.invoke(DirectMethodHandleAccessor.java:104)
	at java.base/java.lang.reflect.Method.invoke(Method.java:577)
	at org.testng.internal.MethodInvocationHelper.invokeMethod(MethodInvocationHelper.java:133)
	at org.testng.internal.TestInvoker.invokeMethod(TestInvoker.java:598)
	at org.testng.internal.TestInvoker.invokeTestMethod(TestInvoker.java:173)
	at org.testng.internal.MethodRunner.runInSequence(MethodRunner.java:46)
	at org.testng.internal.TestInvoker$MethodInvocationAgent.invoke(TestInvoker.java:824)
	at org.testng.internal.TestInvoker.invokeTestMethods(TestInvoker.java:146)
	at org.testng.internal.TestMethodWorker.invokeTestMethods(TestMethodWorker.java:146)
	at org.testng.internal.TestMethodWorker.run(TestMethodWorker.java:128)
	at java.base/java.util.ArrayList.forEach(ArrayList.java:1511)
	at org.testng.TestRunner.privateRun(TestRunner.java:794)
	at org.testng.TestRunner.run(TestRunner.java:596)
	at org.testng.SuiteRunner.runTest(SuiteRunner.java:377)
	at org.testng.SuiteRunner.runSequentially(SuiteRunner.java:371)
	at org.testng.SuiteRunner.privateRun(SuiteRunner.java:332)
	at org.testng.SuiteRunner.run(SuiteRunner.java:276)
	at org.testng.SuiteRunnerWorker.runSuite(SuiteRunnerWorker.java:53)
	at org.testng.SuiteRunnerWorker.run(SuiteRunnerWorker.java:96)
	at org.testng.TestNG.runSuitesSequentially(TestNG.java:1212)
	at org.testng.TestNG.runSuitesLocally(TestNG.java:1134)
	at org.testng.TestNG.runSuites(TestNG.java:1063)
	at org.testng.TestNG.run(TestNG.java:1031)
	at org.testng.remote.AbstractRemoteTestNG.run(AbstractRemoteTestNG.java:115)
	at org.testng.remote.RemoteTestNG.initAndRun(RemoteTestNG.java:251)
	at org.testng.remote.RemoteTestNG.main(RemoteTestNG.java:77)
</pre></div></td>
<td>0</td>
<td>com.ttt.TEST.TestPhieuNhap@3911c2a7</td></tr>
<tr>
<td title='com.ttt.TEST.TestPhieuNhap.isExist_PhieuNhapTest()'><b>isExist_PhieuNhapTest</b><br>Test class: com.ttt.TEST.TestPhieuNhap<br>Parameters: PN2023072100003, true</td>
<td><div><pre>java.lang.AssertionError: expected:&lt;false&gt; but was:&lt;true&gt;
	at com.ttt.TEST.TestPhieuNhap.isExist_PhieuNhapTest(TestPhieuNhap.java:243)
	at java.base/java.util.ArrayList.forEach(ArrayList.java:1511)
... Removed 30 stack frames</pre></div><a href='#' onClick='toggleBox("stack-trace977674685", this, "Click to show all stack frames", "Click to hide stack frames")'>Click to show all stack frames</a>
<div class='stack-trace' id='stack-trace977674685'><pre>java.lang.AssertionError: expected:&lt;false&gt; but was:&lt;true&gt;
	at org.testng.AssertJUnit.fail(AssertJUnit.java:65)
	at org.testng.AssertJUnit.failNotEquals(AssertJUnit.java:468)
	at org.testng.AssertJUnit.assertEquals(AssertJUnit.java:88)
	at org.testng.AssertJUnit.assertEquals(AssertJUnit.java:230)
	at org.testng.AssertJUnit.assertEquals(AssertJUnit.java:240)
	at com.ttt.TEST.TestPhieuNhap.isExist_PhieuNhapTest(TestPhieuNhap.java:243)
	at java.base/jdk.internal.reflect.DirectMethodHandleAccessor.invoke(DirectMethodHandleAccessor.java:104)
	at java.base/java.lang.reflect.Method.invoke(Method.java:577)
	at org.testng.internal.MethodInvocationHelper.invokeMethod(MethodInvocationHelper.java:133)
	at org.testng.internal.TestInvoker.invokeMethod(TestInvoker.java:598)
	at org.testng.internal.TestInvoker.invokeTestMethod(TestInvoker.java:173)
	at org.testng.internal.MethodRunner.runInSequence(MethodRunner.java:46)
	at org.testng.internal.TestInvoker$MethodInvocationAgent.invoke(TestInvoker.java:824)
	at org.testng.internal.TestInvoker.invokeTestMethods(TestInvoker.java:146)
	at org.testng.internal.TestMethodWorker.invokeTestMethods(TestMethodWorker.java:146)
	at org.testng.internal.TestMethodWorker.run(TestMethodWorker.java:128)
	at java.base/java.util.ArrayList.forEach(ArrayList.java:1511)
	at org.testng.TestRunner.privateRun(TestRunner.java:794)
	at org.testng.TestRunner.run(TestRunner.java:596)
	at org.testng.SuiteRunner.runTest(SuiteRunner.java:377)
	at org.testng.SuiteRunner.runSequentially(SuiteRunner.java:371)
	at org.testng.SuiteRunner.privateRun(SuiteRunner.java:332)
	at org.testng.SuiteRunner.run(SuiteRunner.java:276)
	at org.testng.SuiteRunnerWorker.runSuite(SuiteRunnerWorker.java:53)
	at org.testng.SuiteRunnerWorker.run(SuiteRunnerWorker.java:96)
	at org.testng.TestNG.runSuitesSequentially(TestNG.java:1212)
	at org.testng.TestNG.runSuitesLocally(TestNG.java:1134)
	at org.testng.TestNG.runSuites(TestNG.java:1063)
	at org.testng.TestNG.run(TestNG.java:1031)
	at org.testng.remote.AbstractRemoteTestNG.run(AbstractRemoteTestNG.java:115)
	at org.testng.remote.RemoteTestNG.initAndRun(RemoteTestNG.java:251)
	at org.testng.remote.RemoteTestNG.main(RemoteTestNG.java:77)
</pre></div></td>
<td>0</td>
<td>com.ttt.TEST.TestPhieuNhap@3911c2a7</td></tr>
<tr>
<td title='com.ttt.TEST.TestPhieuNhap.checkExistSoKhungTest()'><b>checkExistSoKhungTest</b><br>Test class: com.ttt.TEST.TestPhieuNhap<br>Parameters: SK 3377, PX2023072800004, false</td>
<td><div><pre>java.lang.AssertionError: expected:&lt;true&gt; but was:&lt;false&gt;
	at com.ttt.TEST.TestPhieuNhap.checkExistSoKhungTest(TestPhieuNhap.java:31)
	at java.base/java.util.ArrayList.forEach(ArrayList.java:1511)
... Removed 30 stack frames</pre></div><a href='#' onClick='toggleBox("stack-trace1072506992", this, "Click to show all stack frames", "Click to hide stack frames")'>Click to show all stack frames</a>
<div class='stack-trace' id='stack-trace1072506992'><pre>java.lang.AssertionError: expected:&lt;true&gt; but was:&lt;false&gt;
	at org.testng.AssertJUnit.fail(AssertJUnit.java:65)
	at org.testng.AssertJUnit.failNotEquals(AssertJUnit.java:468)
	at org.testng.AssertJUnit.assertEquals(AssertJUnit.java:88)
	at org.testng.AssertJUnit.assertEquals(AssertJUnit.java:230)
	at org.testng.AssertJUnit.assertEquals(AssertJUnit.java:240)
	at com.ttt.TEST.TestPhieuNhap.checkExistSoKhungTest(TestPhieuNhap.java:31)
	at java.base/jdk.internal.reflect.DirectMethodHandleAccessor.invoke(DirectMethodHandleAccessor.java:104)
	at java.base/java.lang.reflect.Method.invoke(Method.java:577)
	at org.testng.internal.MethodInvocationHelper.invokeMethod(MethodInvocationHelper.java:133)
	at org.testng.internal.TestInvoker.invokeMethod(TestInvoker.java:598)
	at org.testng.internal.TestInvoker.invokeTestMethod(TestInvoker.java:173)
	at org.testng.internal.MethodRunner.runInSequence(MethodRunner.java:46)
	at org.testng.internal.TestInvoker$MethodInvocationAgent.invoke(TestInvoker.java:824)
	at org.testng.internal.TestInvoker.invokeTestMethods(TestInvoker.java:146)
	at org.testng.internal.TestMethodWorker.invokeTestMethods(TestMethodWorker.java:146)
	at org.testng.internal.TestMethodWorker.run(TestMethodWorker.java:128)
	at java.base/java.util.ArrayList.forEach(ArrayList.java:1511)
	at org.testng.TestRunner.privateRun(TestRunner.java:794)
	at org.testng.TestRunner.run(TestRunner.java:596)
	at org.testng.SuiteRunner.runTest(SuiteRunner.java:377)
	at org.testng.SuiteRunner.runSequentially(SuiteRunner.java:371)
	at org.testng.SuiteRunner.privateRun(SuiteRunner.java:332)
	at org.testng.SuiteRunner.run(SuiteRunner.java:276)
	at org.testng.SuiteRunnerWorker.runSuite(SuiteRunnerWorker.java:53)
	at org.testng.SuiteRunnerWorker.run(SuiteRunnerWorker.java:96)
	at org.testng.TestNG.runSuitesSequentially(TestNG.java:1212)
	at org.testng.TestNG.runSuitesLocally(TestNG.java:1134)
	at org.testng.TestNG.runSuites(TestNG.java:1063)
	at org.testng.TestNG.run(TestNG.java:1031)
	at org.testng.remote.AbstractRemoteTestNG.run(AbstractRemoteTestNG.java:115)
	at org.testng.remote.RemoteTestNG.initAndRun(RemoteTestNG.java:251)
	at org.testng.remote.RemoteTestNG.main(RemoteTestNG.java:77)
</pre></div></td>
<td>0</td>
<td>com.ttt.TEST.TestPhieuNhap@3911c2a7</td></tr>
<tr>
<td title='com.ttt.TEST.TestPhieuNhap.checkExistSoKhungTest()'><b>checkExistSoKhungTest</b><br>Test class: com.ttt.TEST.TestPhieuNhap<br>Parameters: SK 788, PN2023072100001, false</td>
<td><div><pre>java.lang.AssertionError: expected:&lt;true&gt; but was:&lt;false&gt;
	at com.ttt.TEST.TestPhieuNhap.checkExistSoKhungTest(TestPhieuNhap.java:31)
	at java.base/java.util.ArrayList.forEach(ArrayList.java:1511)
... Removed 30 stack frames</pre></div><a href='#' onClick='toggleBox("stack-trace330128595", this, "Click to show all stack frames", "Click to hide stack frames")'>Click to show all stack frames</a>
<div class='stack-trace' id='stack-trace330128595'><pre>java.lang.AssertionError: expected:&lt;true&gt; but was:&lt;false&gt;
	at org.testng.AssertJUnit.fail(AssertJUnit.java:65)
	at org.testng.AssertJUnit.failNotEquals(AssertJUnit.java:468)
	at org.testng.AssertJUnit.assertEquals(AssertJUnit.java:88)
	at org.testng.AssertJUnit.assertEquals(AssertJUnit.java:230)
	at org.testng.AssertJUnit.assertEquals(AssertJUnit.java:240)
	at com.ttt.TEST.TestPhieuNhap.checkExistSoKhungTest(TestPhieuNhap.java:31)
	at java.base/jdk.internal.reflect.DirectMethodHandleAccessor.invoke(DirectMethodHandleAccessor.java:104)
	at java.base/java.lang.reflect.Method.invoke(Method.java:577)
	at org.testng.internal.MethodInvocationHelper.invokeMethod(MethodInvocationHelper.java:133)
	at org.testng.internal.TestInvoker.invokeMethod(TestInvoker.java:598)
	at org.testng.internal.TestInvoker.invokeTestMethod(TestInvoker.java:173)
	at org.testng.internal.MethodRunner.runInSequence(MethodRunner.java:46)
	at org.testng.internal.TestInvoker$MethodInvocationAgent.invoke(TestInvoker.java:824)
	at org.testng.internal.TestInvoker.invokeTestMethods(TestInvoker.java:146)
	at org.testng.internal.TestMethodWorker.invokeTestMethods(TestMethodWorker.java:146)
	at org.testng.internal.TestMethodWorker.run(TestMethodWorker.java:128)
	at java.base/java.util.ArrayList.forEach(ArrayList.java:1511)
	at org.testng.TestRunner.privateRun(TestRunner.java:794)
	at org.testng.TestRunner.run(TestRunner.java:596)
	at org.testng.SuiteRunner.runTest(SuiteRunner.java:377)
	at org.testng.SuiteRunner.runSequentially(SuiteRunner.java:371)
	at org.testng.SuiteRunner.privateRun(SuiteRunner.java:332)
	at org.testng.SuiteRunner.run(SuiteRunner.java:276)
	at org.testng.SuiteRunnerWorker.runSuite(SuiteRunnerWorker.java:53)
	at org.testng.SuiteRunnerWorker.run(SuiteRunnerWorker.java:96)
	at org.testng.TestNG.runSuitesSequentially(TestNG.java:1212)
	at org.testng.TestNG.runSuitesLocally(TestNG.java:1134)
	at org.testng.TestNG.runSuites(TestNG.java:1063)
	at org.testng.TestNG.run(TestNG.java:1031)
	at org.testng.remote.AbstractRemoteTestNG.run(AbstractRemoteTestNG.java:115)
	at org.testng.remote.RemoteTestNG.initAndRun(RemoteTestNG.java:251)
	at org.testng.remote.RemoteTestNG.main(RemoteTestNG.java:77)
</pre></div></td>
<td>0</td>
<td>com.ttt.TEST.TestPhieuNhap@3911c2a7</td></tr>
<tr>
<td title='com.ttt.TEST.TestPhieuNhap.themPhieuNhapTest()'><b>themPhieuNhapTest</b><br>Test class: com.ttt.TEST.TestPhieuNhap<br>Parameters: PN2023120500007, NV2023073000009, Wed Dec 06 20:12:22 ICT 2023, null, null, dienGiai, 14, null, null, null, VT03, FCJLTC, SK5051, SM7375, 1, 700, 0, 0, 0, null, null, null, null, true, Thêm mới thành công</td>
<td><div><pre>java.lang.AssertionError: expected:&lt;Đã thêm xe vào phiếu nhập&gt; but was:&lt;Thêm mới thành công&gt;
	at com.ttt.TEST.TestPhieuNhap.themPhieuNhapTest(TestPhieuNhap.java:363)
	at java.base/java.util.ArrayList.forEach(ArrayList.java:1511)
... Removed 27 stack frames</pre></div><a href='#' onClick='toggleBox("stack-trace1445424568", this, "Click to show all stack frames", "Click to hide stack frames")'>Click to show all stack frames</a>
<div class='stack-trace' id='stack-trace1445424568'><pre>java.lang.AssertionError: expected:&lt;Đã thêm xe vào phiếu nhập&gt; but was:&lt;Thêm mới thành công&gt;
	at org.testng.AssertJUnit.assertEquals(AssertJUnit.java:115)
	at org.testng.AssertJUnit.assertEquals(AssertJUnit.java:125)
	at com.ttt.TEST.TestPhieuNhap.themPhieuNhapTest(TestPhieuNhap.java:363)
	at java.base/jdk.internal.reflect.DirectMethodHandleAccessor.invoke(DirectMethodHandleAccessor.java:104)
	at java.base/java.lang.reflect.Method.invoke(Method.java:577)
	at org.testng.internal.MethodInvocationHelper.invokeMethod(MethodInvocationHelper.java:133)
	at org.testng.internal.TestInvoker.invokeMethod(TestInvoker.java:598)
	at org.testng.internal.TestInvoker.invokeTestMethod(TestInvoker.java:173)
	at org.testng.internal.MethodRunner.runInSequence(MethodRunner.java:46)
	at org.testng.internal.TestInvoker$MethodInvocationAgent.invoke(TestInvoker.java:824)
	at org.testng.internal.TestInvoker.invokeTestMethods(TestInvoker.java:146)
	at org.testng.internal.TestMethodWorker.invokeTestMethods(TestMethodWorker.java:146)
	at org.testng.internal.TestMethodWorker.run(TestMethodWorker.java:128)
	at java.base/java.util.ArrayList.forEach(ArrayList.java:1511)
	at org.testng.TestRunner.privateRun(TestRunner.java:794)
	at org.testng.TestRunner.run(TestRunner.java:596)
	at org.testng.SuiteRunner.runTest(SuiteRunner.java:377)
	at org.testng.SuiteRunner.runSequentially(SuiteRunner.java:371)
	at org.testng.SuiteRunner.privateRun(SuiteRunner.java:332)
	at org.testng.SuiteRunner.run(SuiteRunner.java:276)
	at org.testng.SuiteRunnerWorker.runSuite(SuiteRunnerWorker.java:53)
	at org.testng.SuiteRunnerWorker.run(SuiteRunnerWorker.java:96)
	at org.testng.TestNG.runSuitesSequentially(TestNG.java:1212)
	at org.testng.TestNG.runSuitesLocally(TestNG.java:1134)
	at org.testng.TestNG.runSuites(TestNG.java:1063)
	at org.testng.TestNG.run(TestNG.java:1031)
	at org.testng.remote.AbstractRemoteTestNG.run(AbstractRemoteTestNG.java:115)
	at org.testng.remote.RemoteTestNG.initAndRun(RemoteTestNG.java:251)
	at org.testng.remote.RemoteTestNG.main(RemoteTestNG.java:77)
</pre></div></td>
<td>0</td>
<td>com.ttt.TEST.TestPhieuNhap@3911c2a7</td></tr>
</table><p>
<table width='100%' border='1' class='invocation-passed'>
<tr><td colspan='4' align='center'><b>PASSED TESTS</b></td></tr>
<tr><td><b>Test method</b></td>
<td width="30%"><b>Exception</b></td>
<td width="10%"><b>Time (seconds)</b></td>
<td><b>Instance</b></td>
</tr>
<tr>
<td title='com.ttt.TEST.TestPhieuNhap.checkNullTest()'><b>checkNullTest</b><br>Test class: com.ttt.TEST.TestPhieuNhap<br>Parameters: SK123456789123456, , 1000, Vui lòng nhập số máy</td>
<td></td>
<td>0</td>
<td>com.ttt.TEST.TestPhieuNhap@3911c2a7</td></tr>
<tr>
<td title='com.ttt.TEST.TestPhieuNhap.suaPhieuNhapTest()'><b>suaPhieuNhapTest</b><br>Test class: com.ttt.TEST.TestPhieuNhap<br>Parameters: PN2023120500007, NV2023073000009, Wed Dec 06 20:12:21 ICT 2023, Wed Dec 06 20:12:21 ICT 2023, NV2023081700016, sua PN, 14, null, null, null, VT03, FCJLTC, SK3949, SM7171, 1, 700, 0, 0, 0, null, null, null, null, true, Sửa thành công</td>
<td></td>
<td>0</td>
<td>com.ttt.TEST.TestPhieuNhap@3911c2a7</td></tr>
<tr>
<td title='com.ttt.TEST.TestPhieuNhap.getFormPNTest()'><b>getFormPNTest</b><br>Test class: com.ttt.TEST.TestPhieuNhap<br>Parameters: false, them, PN2023081700008, NV2023073000009, Test case checkNull false, </td>
<td></td>
<td>0</td>
<td>com.ttt.TEST.TestPhieuNhap@3911c2a7</td></tr>
<tr>
<td title='com.ttt.TEST.TestPhieuNhap.checkNullTest()'><b>checkNullTest</b><br>Test class: com.ttt.TEST.TestPhieuNhap<br>Parameters: SK123456789123456, , 1000, Vui lòng nhập số máy</td>
<td></td>
<td>0</td>
<td>com.ttt.TEST.TestPhieuNhap@3911c2a7</td></tr>
<tr>
<td title='com.ttt.TEST.TestPhieuNhap.xoaTest()'><b>xoaTest</b><br>Test class: com.ttt.TEST.TestPhieuNhap<br>Parameters: true, PN2023120600006, null, null, 0.0, true, Thông báo phiếu nhập chưa có trong cơ sở dữ liệu. Vui lòng chọn phiếu nhập khác</td>
<td></td>
<td>0</td>
<td>com.ttt.TEST.TestPhieuNhap@3911c2a7</td></tr>
<tr>
<td title='com.ttt.TEST.TestPhieuNhap.suaPhieuNhapTest()'><b>suaPhieuNhapTest</b><br>Test class: com.ttt.TEST.TestPhieuNhap<br>Parameters: PN2023120500007, NV2023073000009, Wed Dec 06 20:12:21 ICT 2023, Wed Dec 06 20:12:21 ICT 2023, NV2023081700016, sua PN, 14, null, null, null, VT03, FCJLTC, SK3399, SM6771, 1, 700, 0, 0, 0, null, null, null, null, false, </td>
<td></td>
<td>0</td>
<td>com.ttt.TEST.TestPhieuNhap@3911c2a7</td></tr>
<tr>
<td title='com.ttt.TEST.TestPhieuNhap.isExist_PhieuNhapTest()'><b>isExist_PhieuNhapTest</b><br>Test class: com.ttt.TEST.TestPhieuNhap<br>Parameters: PN2023120500006, false</td>
<td></td>
<td>0</td>
<td>com.ttt.TEST.TestPhieuNhap@3911c2a7</td></tr>
<tr>
<td title='com.ttt.TEST.TestPhieuNhap.getFormPNTest()'><b>getFormPNTest</b><br>Test class: com.ttt.TEST.TestPhieuNhap<br>Parameters: true, sua, PN2023072100005, NV2023073000009, Test case checkNull true, getFormPN Successfully</td>
<td></td>
<td>0</td>
<td>com.ttt.TEST.TestPhieuNhap@3911c2a7</td></tr>
<tr>
<td title='com.ttt.TEST.TestPhieuNhap.getFormPNTest()'><b>getFormPNTest</b><br>Test class: com.ttt.TEST.TestPhieuNhap<br>Parameters: false, sua, PN2023072100005, NV2023073000009, Test case checkNull false, </td>
<td></td>
<td>0</td>
<td>com.ttt.TEST.TestPhieuNhap@3911c2a7</td></tr>
<tr>
<td title='com.ttt.TEST.TestPhieuNhap.themXeVaoPhieuNhapTest()'><b>themXeVaoPhieuNhapTest</b><br>Test class: com.ttt.TEST.TestPhieuNhap<br>Parameters: false, SK 71213, PN2023072100002, </td>
<td></td>
<td>0</td>
<td>com.ttt.TEST.TestPhieuNhap@3911c2a7</td></tr>
<tr>
<td title='com.ttt.TEST.TestPhieuNhap.checkNullTest()'><b>checkNullTest</b><br>Test class: com.ttt.TEST.TestPhieuNhap<br>Parameters: , , , Vui lòng nhập dữ liệu</td>
<td></td>
<td>0</td>
<td>com.ttt.TEST.TestPhieuNhap@3911c2a7</td></tr>
<tr>
<td title='com.ttt.TEST.TestPhieuNhap.xoaTest()'><b>xoaTest</b><br>Test class: com.ttt.TEST.TestPhieuNhap<br>Parameters: true, PN2023072100003, SK 7444, SM 7765, 900, true, Xóa thành công</td>
<td></td>
<td>0</td>
<td>com.ttt.TEST.TestPhieuNhap@3911c2a7</td></tr>
<tr>
<td title='com.ttt.TEST.TestPhieuNhap.checkNullTest()'><b>checkNullTest</b><br>Test class: com.ttt.TEST.TestPhieuNhap<br>Parameters: SK123456789123456, SM456, 1000, </td>
<td></td>
<td>0</td>
<td>com.ttt.TEST.TestPhieuNhap@3911c2a7</td></tr>
<tr>
<td title='com.ttt.TEST.TestPhieuNhap.isExist_PhieuNhapTest()'><b>isExist_PhieuNhapTest</b><br>Test class: com.ttt.TEST.TestPhieuNhap<br>Parameters: PN2023120500003, false</td>
<td></td>
<td>0</td>
<td>com.ttt.TEST.TestPhieuNhap@3911c2a7</td></tr>
<tr>
<td title='com.ttt.TEST.TestPhieuNhap.checkNullTest()'><b>checkNullTest</b><br>Test class: com.ttt.TEST.TestPhieuNhap<br>Parameters: SK123456789123456, SM456, -1000, Không được nhập âm giá</td>
<td></td>
<td>0</td>
<td>com.ttt.TEST.TestPhieuNhap@3911c2a7</td></tr>
<tr>
<td title='com.ttt.TEST.TestPhieuNhap.xoaTest()'><b>xoaTest</b><br>Test class: com.ttt.TEST.TestPhieuNhap<br>Parameters: true, PN2023072100003, SK 7444, SM 7765, 900, false, Bạn không xác nhận xóa</td>
<td></td>
<td>0</td>
<td>com.ttt.TEST.TestPhieuNhap@3911c2a7</td></tr>
<tr>
<td title='com.ttt.TEST.TestPhieuNhap.themXeVaoPhieuNhapTest()'><b>themXeVaoPhieuNhapTest</b><br>Test class: com.ttt.TEST.TestPhieuNhap<br>Parameters: true, SK 71213, PN2023072100002, Đã thêm xe vào phiếu nhập</td>
<td></td>
<td>0</td>
<td>com.ttt.TEST.TestPhieuNhap@3911c2a7</td></tr>
<tr>
<td title='com.ttt.TEST.TestPhieuNhap.checkExistSoKhungTest()'><b>checkExistSoKhungTest</b><br>Test class: com.ttt.TEST.TestPhieuNhap<br>Parameters: SK 12456, PN2023072100001, true</td>
<td></td>
<td>0</td>
<td>com.ttt.TEST.TestPhieuNhap@3911c2a7</td></tr>
<tr>
<td title='com.ttt.TEST.TestPhieuNhap.themXeVaoPhieuNhapTest()'><b>themXeVaoPhieuNhapTest</b><br>Test class: com.ttt.TEST.TestPhieuNhap<br>Parameters: true, SK 71212, PN2023120500004, Đã thêm xe vào phiếu nhập</td>
<td></td>
<td>0</td>
<td>com.ttt.TEST.TestPhieuNhap@3911c2a7</td></tr>
<tr>
<td title='com.ttt.TEST.TestPhieuNhap.isExist_PhieuNhapTest()'><b>isExist_PhieuNhapTest</b><br>Test class: com.ttt.TEST.TestPhieuNhap<br>Parameters: PN2023072700006, true</td>
<td></td>
<td>0</td>
<td>com.ttt.TEST.TestPhieuNhap@3911c2a7</td></tr>
<tr>
<td title='com.ttt.TEST.TestPhieuNhap.checkNullTest()'><b>checkNullTest</b><br>Test class: com.ttt.TEST.TestPhieuNhap<br>Parameters: SK123456789123456, SM456, abc, Giá nhập sai kiểu dữ liệu</td>
<td></td>
<td>0</td>
<td>com.ttt.TEST.TestPhieuNhap@3911c2a7</td></tr>
<tr>
<td title='com.ttt.TEST.TestPhieuNhap.checkNullTest()'><b>checkNullTest</b><br>Test class: com.ttt.TEST.TestPhieuNhap<br>Parameters: SK123456789123456, SM456, , Giá nhập sai kiểu dữ liệu</td>
<td></td>
<td>0</td>
<td>com.ttt.TEST.TestPhieuNhap@3911c2a7</td></tr>
<tr>
<td title='com.ttt.TEST.TestPhieuNhap.getFormPNTest()'><b>getFormPNTest</b><br>Test class: com.ttt.TEST.TestPhieuNhap<br>Parameters: true, them, PN2023081700008, NV2023073000009, Test case checkNull true, getFormPN Successfully</td>
<td></td>
<td>0</td>
<td>com.ttt.TEST.TestPhieuNhap@3911c2a7</td></tr>
<tr>
<td title='com.ttt.TEST.TestPhieuNhap.checkExistSoKhungTest()'><b>checkExistSoKhungTest</b><br>Test class: com.ttt.TEST.TestPhieuNhap<br>Parameters: SK 12423, , true</td>
<td></td>
<td>0</td>
<td>com.ttt.TEST.TestPhieuNhap@3911c2a7</td></tr>
<tr>
<td title='com.ttt.TEST.TestPhieuNhap.themXeVaoPhieuNhapTest()'><b>themXeVaoPhieuNhapTest</b><br>Test class: com.ttt.TEST.TestPhieuNhap<br>Parameters: true, SK 712, PN2023072100002, Đã tồn tại số khung</td>
<td></td>
<td>0</td>
<td>com.ttt.TEST.TestPhieuNhap@3911c2a7</td></tr>
<tr>
<td title='com.ttt.TEST.TestPhieuNhap.checkNullTest()'><b>checkNullTest</b><br>Test class: com.ttt.TEST.TestPhieuNhap<br>Parameters: , SM456, 1000, Vui lòng nhập số khung</td>
<td></td>
<td>0</td>
<td>com.ttt.TEST.TestPhieuNhap@3911c2a7</td></tr>
</table><p>
</body>
</html>