<html>
<head>
<title>TestNG:  TestNhanVienForm</title>
<link href="../testng.css" rel="stylesheet" type="text/css" />
<link href="../my-testng.css" rel="stylesheet" type="text/css" />

<style type="text/css">
.log { display: none;} 
.stack-trace { display: none;} 
</style>
<script type="text/javascript">
<!--
function flip(e) {
  current = e.style.display;
  if (current == 'block') {
    e.style.display = 'none';
    return 0;
  }
  else {
    e.style.display = 'block';
    return 1;
  }
}

function toggleBox(szDivId, elem, msg1, msg2)
{
  var res = -1;  if (document.getElementById) {
    res = flip(document.getElementById(szDivId));
  }
  else if (document.all) {
    // this is the way old msie versions work
    res = flip(document.all[szDivId]);
  }
  if(elem) {
    if(res == 0) elem.innerHTML = msg1; else elem.innerHTML = msg2;
  }

}

function toggleAllBoxes() {
  if (document.getElementsByTagName) {
    d = document.getElementsByTagName('div');
    for (i = 0; i < d.length; i++) {
      if (d[i].className == 'log') {
        flip(d[i]);
      }
    }
  }
}

// -->
</script>

</head>
<body>
<h2 align='center'>TestNhanVienForm</h2><table border='1' align="center">
<tr>
<td>Tests passed/Failed/Skipped:</td><td>20/12/0</td>
</tr><tr>
<td>Started on:</td><td>Tue Dec 05 15:58:41 ICT 2023</td>
</tr>
<tr><td>Total time:</td><td>1 seconds (1515 ms)</td>
</tr><tr>
<td>Included groups:</td><td></td>
</tr><tr>
<td>Excluded groups:</td><td></td>
</tr>
</table><p/>
<small><i>(Hover the method name to see the test class name)</i></small><p/>
<table width='100%' border='1' class='invocation-failed'>
<tr><td colspan='4' align='center'><b>FAILED TESTS</b></td></tr>
<tr><td><b>Test method</b></td>
<td width="30%"><b>Exception</b></td>
<td width="10%"><b>Time (seconds)</b></td>
<td><b>Instance</b></td>
</tr>
<tr>
<td title='com.ttt.form.test.NhapKho_FormTest.themXeVaoPhieuNhapTest()'><b>themXeVaoPhieuNhapTest</b><br>Test class: com.ttt.form.test.NhapKho_FormTest<br>Parameters: true, SK 712, PN2023120500003, Đã tồn tại số khung</td>
<td><div><pre>java.lang.AssertionError: expected [Đã tồn tại số khung] but found [Đã thêm xe vào phiếu nhập]
	at com.ttt.form.test.NhapKho_FormTest.themXeVaoPhieuNhapTest(NhapKho_FormTest.java:236)
	at java.base/java.util.ArrayList.forEach(ArrayList.java:1511)
... Removed 31 stack frames</pre></div><a href='#' onClick='toggleBox("stack-trace1070157899", this, "Click to show all stack frames", "Click to hide stack frames")'>Click to show all stack frames</a>
<div class='stack-trace' id='stack-trace1070157899'><pre>java.lang.AssertionError: expected [Đã tồn tại số khung] but found [Đã thêm xe vào phiếu nhập]
	at org.testng.Assert.fail(Assert.java:99)
	at org.testng.Assert.failNotEquals(Assert.java:1037)
	at org.testng.Assert.assertEqualsImpl(Assert.java:140)
	at org.testng.Assert.assertEquals(Assert.java:122)
	at org.testng.Assert.assertEquals(Assert.java:629)
	at org.testng.Assert.assertEquals(Assert.java:639)
	at com.ttt.form.test.NhapKho_FormTest.themXeVaoPhieuNhapTest(NhapKho_FormTest.java:236)
	at java.base/jdk.internal.reflect.DirectMethodHandleAccessor.invoke(DirectMethodHandleAccessor.java:104)
	at java.base/java.lang.reflect.Method.invoke(Method.java:577)
	at org.testng.internal.MethodInvocationHelper.invokeMethod(MethodInvocationHelper.java:133)
	at org.testng.internal.TestInvoker.invokeMethod(TestInvoker.java:598)
	at org.testng.internal.TestInvoker.invokeTestMethod(TestInvoker.java:173)
	at org.testng.internal.MethodRunner.runInSequence(MethodRunner.java:46)
	at org.testng.internal.TestInvoker$MethodInvocationAgent.invoke(TestInvoker.java:824)
	at org.testng.internal.TestInvoker.invokeTestMethods(TestInvoker.java:146)
	at org.testng.internal.TestMethodWorker.invokeTestMethods(TestMethodWorker.java:146)
	at org.testng.internal.TestMethodWorker.run(TestMethodWorker.java:128)
	at java.base/java.util.ArrayList.forEach(ArrayList.java:1511)
	at org.testng.TestRunner.privateRun(TestRunner.java:794)
	at org.testng.TestRunner.run(TestRunner.java:596)
	at org.testng.SuiteRunner.runTest(SuiteRunner.java:377)
	at org.testng.SuiteRunner.runSequentially(SuiteRunner.java:371)
	at org.testng.SuiteRunner.privateRun(SuiteRunner.java:332)
	at org.testng.SuiteRunner.run(SuiteRunner.java:276)
	at org.testng.SuiteRunnerWorker.runSuite(SuiteRunnerWorker.java:53)
	at org.testng.SuiteRunnerWorker.run(SuiteRunnerWorker.java:96)
	at org.testng.TestNG.runSuitesSequentially(TestNG.java:1212)
	at org.testng.TestNG.runSuitesLocally(TestNG.java:1134)
	at org.testng.TestNG.runSuites(TestNG.java:1063)
	at org.testng.TestNG.run(TestNG.java:1031)
	at org.testng.remote.AbstractRemoteTestNG.run(AbstractRemoteTestNG.java:115)
	at org.testng.remote.RemoteTestNG.initAndRun(RemoteTestNG.java:251)
	at org.testng.remote.RemoteTestNG.main(RemoteTestNG.java:77)
</pre></div></td>
<td>0</td>
<td>com.ttt.form.test.NhapKho_FormTest@50b472aa</td></tr>
<tr>
<td title='com.ttt.form.test.NhapKho_FormTest.checkExistSoKhungTest()'><b>checkExistSoKhungTest</b><br>Test class: com.ttt.form.test.NhapKho_FormTest<br>Parameters: null, PN2023072100001, false</td>
<td><div><pre>java.lang.AssertionError: expected [false] but found [true]
	at com.ttt.form.test.NhapKho_FormTest.checkExistSoKhungTest(NhapKho_FormTest.java:42)
	at java.base/java.util.ArrayList.forEach(ArrayList.java:1511)
... Removed 31 stack frames</pre></div><a href='#' onClick='toggleBox("stack-trace1212191909", this, "Click to show all stack frames", "Click to hide stack frames")'>Click to show all stack frames</a>
<div class='stack-trace' id='stack-trace1212191909'><pre>java.lang.AssertionError: expected [false] but found [true]
	at org.testng.Assert.fail(Assert.java:99)
	at org.testng.Assert.failNotEquals(Assert.java:1037)
	at org.testng.Assert.assertEqualsImpl(Assert.java:140)
	at org.testng.Assert.assertEquals(Assert.java:122)
	at org.testng.Assert.assertEquals(Assert.java:819)
	at org.testng.Assert.assertEquals(Assert.java:829)
	at com.ttt.form.test.NhapKho_FormTest.checkExistSoKhungTest(NhapKho_FormTest.java:42)
	at java.base/jdk.internal.reflect.DirectMethodHandleAccessor.invoke(DirectMethodHandleAccessor.java:104)
	at java.base/java.lang.reflect.Method.invoke(Method.java:577)
	at org.testng.internal.MethodInvocationHelper.invokeMethod(MethodInvocationHelper.java:133)
	at org.testng.internal.TestInvoker.invokeMethod(TestInvoker.java:598)
	at org.testng.internal.TestInvoker.invokeTestMethod(TestInvoker.java:173)
	at org.testng.internal.MethodRunner.runInSequence(MethodRunner.java:46)
	at org.testng.internal.TestInvoker$MethodInvocationAgent.invoke(TestInvoker.java:824)
	at org.testng.internal.TestInvoker.invokeTestMethods(TestInvoker.java:146)
	at org.testng.internal.TestMethodWorker.invokeTestMethods(TestMethodWorker.java:146)
	at org.testng.internal.TestMethodWorker.run(TestMethodWorker.java:128)
	at java.base/java.util.ArrayList.forEach(ArrayList.java:1511)
	at org.testng.TestRunner.privateRun(TestRunner.java:794)
	at org.testng.TestRunner.run(TestRunner.java:596)
	at org.testng.SuiteRunner.runTest(SuiteRunner.java:377)
	at org.testng.SuiteRunner.runSequentially(SuiteRunner.java:371)
	at org.testng.SuiteRunner.privateRun(SuiteRunner.java:332)
	at org.testng.SuiteRunner.run(SuiteRunner.java:276)
	at org.testng.SuiteRunnerWorker.runSuite(SuiteRunnerWorker.java:53)
	at org.testng.SuiteRunnerWorker.run(SuiteRunnerWorker.java:96)
	at org.testng.TestNG.runSuitesSequentially(TestNG.java:1212)
	at org.testng.TestNG.runSuitesLocally(TestNG.java:1134)
	at org.testng.TestNG.runSuites(TestNG.java:1063)
	at org.testng.TestNG.run(TestNG.java:1031)
	at org.testng.remote.AbstractRemoteTestNG.run(AbstractRemoteTestNG.java:115)
	at org.testng.remote.RemoteTestNG.initAndRun(RemoteTestNG.java:251)
	at org.testng.remote.RemoteTestNG.main(RemoteTestNG.java:77)
</pre></div></td>
<td>0</td>
<td>com.ttt.form.test.NhapKho_FormTest@50b472aa</td></tr>
<tr>
<td title='com.ttt.form.test.NhapKho_FormTest.checkNullTest()'><b>checkNullTest</b><br>Test class: com.ttt.form.test.NhapKho_FormTest<br>Parameters: null, null, null, false</td>
<td><div><pre>java.lang.NullPointerException: Cannot invoke &quot;String.trim()&quot; because &quot;in&quot; is null
	at java.base/jdk.internal.math.FloatingDecimal.readJavaFormatString(FloatingDecimal.java:1838)
	at java.base/jdk.internal.math.FloatingDecimal.parseDouble(FloatingDecimal.java:110)
	at java.base/java.lang.Double.parseDouble(Double.java:651)
	at com.ttt.form.test.NhapKho_FormTest.checkNullTest(NhapKho_FormTest.java:63)
	at java.base/java.util.ArrayList.forEach(ArrayList.java:1511)
... Removed 25 stack frames</pre></div><a href='#' onClick='toggleBox("stack-trace735085430", this, "Click to show all stack frames", "Click to hide stack frames")'>Click to show all stack frames</a>
<div class='stack-trace' id='stack-trace735085430'><pre>java.lang.NullPointerException: Cannot invoke &quot;String.trim()&quot; because &quot;in&quot; is null
	at java.base/jdk.internal.math.FloatingDecimal.readJavaFormatString(FloatingDecimal.java:1838)
	at java.base/jdk.internal.math.FloatingDecimal.parseDouble(FloatingDecimal.java:110)
	at java.base/java.lang.Double.parseDouble(Double.java:651)
	at com.ttt.form.test.NhapKho_FormTest.checkNullTest(NhapKho_FormTest.java:63)
	at java.base/jdk.internal.reflect.DirectMethodHandleAccessor.invoke(DirectMethodHandleAccessor.java:104)
	at java.base/java.lang.reflect.Method.invoke(Method.java:577)
	at org.testng.internal.MethodInvocationHelper.invokeMethod(MethodInvocationHelper.java:133)
	at org.testng.internal.TestInvoker.invokeMethod(TestInvoker.java:598)
	at org.testng.internal.TestInvoker.invokeTestMethod(TestInvoker.java:173)
	at org.testng.internal.MethodRunner.runInSequence(MethodRunner.java:46)
	at org.testng.internal.TestInvoker$MethodInvocationAgent.invoke(TestInvoker.java:824)
	at org.testng.internal.TestInvoker.invokeTestMethods(TestInvoker.java:146)
	at org.testng.internal.TestMethodWorker.invokeTestMethods(TestMethodWorker.java:146)
	at org.testng.internal.TestMethodWorker.run(TestMethodWorker.java:128)
	at java.base/java.util.ArrayList.forEach(ArrayList.java:1511)
	at org.testng.TestRunner.privateRun(TestRunner.java:794)
	at org.testng.TestRunner.run(TestRunner.java:596)
	at org.testng.SuiteRunner.runTest(SuiteRunner.java:377)
	at org.testng.SuiteRunner.runSequentially(SuiteRunner.java:371)
	at org.testng.SuiteRunner.privateRun(SuiteRunner.java:332)
	at org.testng.SuiteRunner.run(SuiteRunner.java:276)
	at org.testng.SuiteRunnerWorker.runSuite(SuiteRunnerWorker.java:53)
	at org.testng.SuiteRunnerWorker.run(SuiteRunnerWorker.java:96)
	at org.testng.TestNG.runSuitesSequentially(TestNG.java:1212)
	at org.testng.TestNG.runSuitesLocally(TestNG.java:1134)
	at org.testng.TestNG.runSuites(TestNG.java:1063)
	at org.testng.TestNG.run(TestNG.java:1031)
	at org.testng.remote.AbstractRemoteTestNG.run(AbstractRemoteTestNG.java:115)
	at org.testng.remote.RemoteTestNG.initAndRun(RemoteTestNG.java:251)
	at org.testng.remote.RemoteTestNG.main(RemoteTestNG.java:77)
</pre></div></td>
<td>0</td>
<td>com.ttt.form.test.NhapKho_FormTest@50b472aa</td></tr>
<tr>
<td title='com.ttt.form.test.NhapKho_FormTest.themPhieuNhapTest()'><b>themPhieuNhapTest</b><br>Test class: com.ttt.form.test.NhapKho_FormTest</td>
<td><div><pre>java.lang.RuntimeException: Test not implemented
	at com.ttt.form.test.NhapKho_FormTest.themPhieuNhapTest(NhapKho_FormTest.java:286)
	at java.base/java.util.ArrayList.forEach(ArrayList.java:1511)
... Removed 25 stack frames</pre></div><a href='#' onClick='toggleBox("stack-trace1430861186", this, "Click to show all stack frames", "Click to hide stack frames")'>Click to show all stack frames</a>
<div class='stack-trace' id='stack-trace1430861186'><pre>java.lang.RuntimeException: Test not implemented
	at com.ttt.form.test.NhapKho_FormTest.themPhieuNhapTest(NhapKho_FormTest.java:286)
	at java.base/jdk.internal.reflect.DirectMethodHandleAccessor.invoke(DirectMethodHandleAccessor.java:104)
	at java.base/java.lang.reflect.Method.invoke(Method.java:577)
	at org.testng.internal.MethodInvocationHelper.invokeMethod(MethodInvocationHelper.java:133)
	at org.testng.internal.TestInvoker.invokeMethod(TestInvoker.java:598)
	at org.testng.internal.TestInvoker.invokeTestMethod(TestInvoker.java:173)
	at org.testng.internal.MethodRunner.runInSequence(MethodRunner.java:46)
	at org.testng.internal.TestInvoker$MethodInvocationAgent.invoke(TestInvoker.java:824)
	at org.testng.internal.TestInvoker.invokeTestMethods(TestInvoker.java:146)
	at org.testng.internal.TestMethodWorker.invokeTestMethods(TestMethodWorker.java:146)
	at org.testng.internal.TestMethodWorker.run(TestMethodWorker.java:128)
	at java.base/java.util.ArrayList.forEach(ArrayList.java:1511)
	at org.testng.TestRunner.privateRun(TestRunner.java:794)
	at org.testng.TestRunner.run(TestRunner.java:596)
	at org.testng.SuiteRunner.runTest(SuiteRunner.java:377)
	at org.testng.SuiteRunner.runSequentially(SuiteRunner.java:371)
	at org.testng.SuiteRunner.privateRun(SuiteRunner.java:332)
	at org.testng.SuiteRunner.run(SuiteRunner.java:276)
	at org.testng.SuiteRunnerWorker.runSuite(SuiteRunnerWorker.java:53)
	at org.testng.SuiteRunnerWorker.run(SuiteRunnerWorker.java:96)
	at org.testng.TestNG.runSuitesSequentially(TestNG.java:1212)
	at org.testng.TestNG.runSuitesLocally(TestNG.java:1134)
	at org.testng.TestNG.runSuites(TestNG.java:1063)
	at org.testng.TestNG.run(TestNG.java:1031)
	at org.testng.remote.AbstractRemoteTestNG.run(AbstractRemoteTestNG.java:115)
	at org.testng.remote.RemoteTestNG.initAndRun(RemoteTestNG.java:251)
	at org.testng.remote.RemoteTestNG.main(RemoteTestNG.java:77)
</pre></div></td>
<td>0</td>
<td>com.ttt.form.test.NhapKho_FormTest@50b472aa</td></tr>
<tr>
<td title='com.ttt.form.test.NhapKho_FormTest.checkExistSoKhungTest()'><b>checkExistSoKhungTest</b><br>Test class: com.ttt.form.test.NhapKho_FormTest<br>Parameters: SK 3377, PX2023072800004, false</td>
<td><div><pre>java.lang.AssertionError: expected [false] but found [true]
	at com.ttt.form.test.NhapKho_FormTest.checkExistSoKhungTest(NhapKho_FormTest.java:42)
	at java.base/java.util.ArrayList.forEach(ArrayList.java:1511)
... Removed 31 stack frames</pre></div><a href='#' onClick='toggleBox("stack-trace1703009290", this, "Click to show all stack frames", "Click to hide stack frames")'>Click to show all stack frames</a>
<div class='stack-trace' id='stack-trace1703009290'><pre>java.lang.AssertionError: expected [false] but found [true]
	at org.testng.Assert.fail(Assert.java:99)
	at org.testng.Assert.failNotEquals(Assert.java:1037)
	at org.testng.Assert.assertEqualsImpl(Assert.java:140)
	at org.testng.Assert.assertEquals(Assert.java:122)
	at org.testng.Assert.assertEquals(Assert.java:819)
	at org.testng.Assert.assertEquals(Assert.java:829)
	at com.ttt.form.test.NhapKho_FormTest.checkExistSoKhungTest(NhapKho_FormTest.java:42)
	at java.base/jdk.internal.reflect.DirectMethodHandleAccessor.invoke(DirectMethodHandleAccessor.java:104)
	at java.base/java.lang.reflect.Method.invoke(Method.java:577)
	at org.testng.internal.MethodInvocationHelper.invokeMethod(MethodInvocationHelper.java:133)
	at org.testng.internal.TestInvoker.invokeMethod(TestInvoker.java:598)
	at org.testng.internal.TestInvoker.invokeTestMethod(TestInvoker.java:173)
	at org.testng.internal.MethodRunner.runInSequence(MethodRunner.java:46)
	at org.testng.internal.TestInvoker$MethodInvocationAgent.invoke(TestInvoker.java:824)
	at org.testng.internal.TestInvoker.invokeTestMethods(TestInvoker.java:146)
	at org.testng.internal.TestMethodWorker.invokeTestMethods(TestMethodWorker.java:146)
	at org.testng.internal.TestMethodWorker.run(TestMethodWorker.java:128)
	at java.base/java.util.ArrayList.forEach(ArrayList.java:1511)
	at org.testng.TestRunner.privateRun(TestRunner.java:794)
	at org.testng.TestRunner.run(TestRunner.java:596)
	at org.testng.SuiteRunner.runTest(SuiteRunner.java:377)
	at org.testng.SuiteRunner.runSequentially(SuiteRunner.java:371)
	at org.testng.SuiteRunner.privateRun(SuiteRunner.java:332)
	at org.testng.SuiteRunner.run(SuiteRunner.java:276)
	at org.testng.SuiteRunnerWorker.runSuite(SuiteRunnerWorker.java:53)
	at org.testng.SuiteRunnerWorker.run(SuiteRunnerWorker.java:96)
	at org.testng.TestNG.runSuitesSequentially(TestNG.java:1212)
	at org.testng.TestNG.runSuitesLocally(TestNG.java:1134)
	at org.testng.TestNG.runSuites(TestNG.java:1063)
	at org.testng.TestNG.run(TestNG.java:1031)
	at org.testng.remote.AbstractRemoteTestNG.run(AbstractRemoteTestNG.java:115)
	at org.testng.remote.RemoteTestNG.initAndRun(RemoteTestNG.java:251)
	at org.testng.remote.RemoteTestNG.main(RemoteTestNG.java:77)
</pre></div></td>
<td>0</td>
<td>com.ttt.form.test.NhapKho_FormTest@50b472aa</td></tr>
<tr>
<td title='com.ttt.form.test.NhapKho_FormTest.checkExistSoKhungTest()'><b>checkExistSoKhungTest</b><br>Test class: com.ttt.form.test.NhapKho_FormTest<br>Parameters: , PN2023072100001, false</td>
<td><div><pre>java.lang.AssertionError: expected [false] but found [true]
	at com.ttt.form.test.NhapKho_FormTest.checkExistSoKhungTest(NhapKho_FormTest.java:42)
	at java.base/java.util.ArrayList.forEach(ArrayList.java:1511)
... Removed 31 stack frames</pre></div><a href='#' onClick='toggleBox("stack-trace1502335674", this, "Click to show all stack frames", "Click to hide stack frames")'>Click to show all stack frames</a>
<div class='stack-trace' id='stack-trace1502335674'><pre>java.lang.AssertionError: expected [false] but found [true]
	at org.testng.Assert.fail(Assert.java:99)
	at org.testng.Assert.failNotEquals(Assert.java:1037)
	at org.testng.Assert.assertEqualsImpl(Assert.java:140)
	at org.testng.Assert.assertEquals(Assert.java:122)
	at org.testng.Assert.assertEquals(Assert.java:819)
	at org.testng.Assert.assertEquals(Assert.java:829)
	at com.ttt.form.test.NhapKho_FormTest.checkExistSoKhungTest(NhapKho_FormTest.java:42)
	at java.base/jdk.internal.reflect.DirectMethodHandleAccessor.invoke(DirectMethodHandleAccessor.java:104)
	at java.base/java.lang.reflect.Method.invoke(Method.java:577)
	at org.testng.internal.MethodInvocationHelper.invokeMethod(MethodInvocationHelper.java:133)
	at org.testng.internal.TestInvoker.invokeMethod(TestInvoker.java:598)
	at org.testng.internal.TestInvoker.invokeTestMethod(TestInvoker.java:173)
	at org.testng.internal.MethodRunner.runInSequence(MethodRunner.java:46)
	at org.testng.internal.TestInvoker$MethodInvocationAgent.invoke(TestInvoker.java:824)
	at org.testng.internal.TestInvoker.invokeTestMethods(TestInvoker.java:146)
	at org.testng.internal.TestMethodWorker.invokeTestMethods(TestMethodWorker.java:146)
	at org.testng.internal.TestMethodWorker.run(TestMethodWorker.java:128)
	at java.base/java.util.ArrayList.forEach(ArrayList.java:1511)
	at org.testng.TestRunner.privateRun(TestRunner.java:794)
	at org.testng.TestRunner.run(TestRunner.java:596)
	at org.testng.SuiteRunner.runTest(SuiteRunner.java:377)
	at org.testng.SuiteRunner.runSequentially(SuiteRunner.java:371)
	at org.testng.SuiteRunner.privateRun(SuiteRunner.java:332)
	at org.testng.SuiteRunner.run(SuiteRunner.java:276)
	at org.testng.SuiteRunnerWorker.runSuite(SuiteRunnerWorker.java:53)
	at org.testng.SuiteRunnerWorker.run(SuiteRunnerWorker.java:96)
	at org.testng.TestNG.runSuitesSequentially(TestNG.java:1212)
	at org.testng.TestNG.runSuitesLocally(TestNG.java:1134)
	at org.testng.TestNG.runSuites(TestNG.java:1063)
	at org.testng.TestNG.run(TestNG.java:1031)
	at org.testng.remote.AbstractRemoteTestNG.run(AbstractRemoteTestNG.java:115)
	at org.testng.remote.RemoteTestNG.initAndRun(RemoteTestNG.java:251)
	at org.testng.remote.RemoteTestNG.main(RemoteTestNG.java:77)
</pre></div></td>
<td>0</td>
<td>com.ttt.form.test.NhapKho_FormTest@50b472aa</td></tr>
<tr>
<td title='com.ttt.form.test.NhapKho_FormTest.getFormPNTest()'><b>getFormPNTest</b><br>Test class: com.ttt.form.test.NhapKho_FormTest<br>Parameters: true, sua, NV2023072100003, NV2023073000009, Test case checkNull true, getFormPN Successfully</td>
<td><div><pre>java.lang.NullPointerException: Cannot invoke &quot;com.ttt.Entity.PhieuNhap.getMaNhanVien()&quot; because &quot;pnc&quot; is null
	at com.ttt.form.test.NhapKho_FormTest.getFormPNTest(NhapKho_FormTest.java:179)
	at java.base/java.util.ArrayList.forEach(ArrayList.java:1511)
... Removed 25 stack frames</pre></div><a href='#' onClick='toggleBox("stack-trace795011696", this, "Click to show all stack frames", "Click to hide stack frames")'>Click to show all stack frames</a>
<div class='stack-trace' id='stack-trace795011696'><pre>java.lang.NullPointerException: Cannot invoke &quot;com.ttt.Entity.PhieuNhap.getMaNhanVien()&quot; because &quot;pnc&quot; is null
	at com.ttt.form.test.NhapKho_FormTest.getFormPNTest(NhapKho_FormTest.java:179)
	at java.base/jdk.internal.reflect.DirectMethodHandleAccessor.invoke(DirectMethodHandleAccessor.java:104)
	at java.base/java.lang.reflect.Method.invoke(Method.java:577)
	at org.testng.internal.MethodInvocationHelper.invokeMethod(MethodInvocationHelper.java:133)
	at org.testng.internal.TestInvoker.invokeMethod(TestInvoker.java:598)
	at org.testng.internal.TestInvoker.invokeTestMethod(TestInvoker.java:173)
	at org.testng.internal.MethodRunner.runInSequence(MethodRunner.java:46)
	at org.testng.internal.TestInvoker$MethodInvocationAgent.invoke(TestInvoker.java:824)
	at org.testng.internal.TestInvoker.invokeTestMethods(TestInvoker.java:146)
	at org.testng.internal.TestMethodWorker.invokeTestMethods(TestMethodWorker.java:146)
	at org.testng.internal.TestMethodWorker.run(TestMethodWorker.java:128)
	at java.base/java.util.ArrayList.forEach(ArrayList.java:1511)
	at org.testng.TestRunner.privateRun(TestRunner.java:794)
	at org.testng.TestRunner.run(TestRunner.java:596)
	at org.testng.SuiteRunner.runTest(SuiteRunner.java:377)
	at org.testng.SuiteRunner.runSequentially(SuiteRunner.java:371)
	at org.testng.SuiteRunner.privateRun(SuiteRunner.java:332)
	at org.testng.SuiteRunner.run(SuiteRunner.java:276)
	at org.testng.SuiteRunnerWorker.runSuite(SuiteRunnerWorker.java:53)
	at org.testng.SuiteRunnerWorker.run(SuiteRunnerWorker.java:96)
	at org.testng.TestNG.runSuitesSequentially(TestNG.java:1212)
	at org.testng.TestNG.runSuitesLocally(TestNG.java:1134)
	at org.testng.TestNG.runSuites(TestNG.java:1063)
	at org.testng.TestNG.run(TestNG.java:1031)
	at org.testng.remote.AbstractRemoteTestNG.run(AbstractRemoteTestNG.java:115)
	at org.testng.remote.RemoteTestNG.initAndRun(RemoteTestNG.java:251)
	at org.testng.remote.RemoteTestNG.main(RemoteTestNG.java:77)
</pre></div></td>
<td>0</td>
<td>com.ttt.form.test.NhapKho_FormTest@50b472aa</td></tr>
<tr>
<td title='com.ttt.form.test.NhapKho_FormTest.checkExistSoKhungTest()'><b>checkExistSoKhungTest</b><br>Test class: com.ttt.form.test.NhapKho_FormTest<br>Parameters: SK 12456, null, true</td>
<td><div><pre>java.lang.NullPointerException: Cannot invoke &quot;String.equalsIgnoreCase(String)&quot; because &quot;maPN&quot; is null
	at com.ttt.form.test.NhapKho_FormTest.checkExistSoKhungTest(NhapKho_FormTest.java:32)
	at java.base/java.util.ArrayList.forEach(ArrayList.java:1511)
... Removed 25 stack frames</pre></div><a href='#' onClick='toggleBox("stack-trace851765426", this, "Click to show all stack frames", "Click to hide stack frames")'>Click to show all stack frames</a>
<div class='stack-trace' id='stack-trace851765426'><pre>java.lang.NullPointerException: Cannot invoke &quot;String.equalsIgnoreCase(String)&quot; because &quot;maPN&quot; is null
	at com.ttt.form.test.NhapKho_FormTest.checkExistSoKhungTest(NhapKho_FormTest.java:32)
	at java.base/jdk.internal.reflect.DirectMethodHandleAccessor.invoke(DirectMethodHandleAccessor.java:104)
	at java.base/java.lang.reflect.Method.invoke(Method.java:577)
	at org.testng.internal.MethodInvocationHelper.invokeMethod(MethodInvocationHelper.java:133)
	at org.testng.internal.TestInvoker.invokeMethod(TestInvoker.java:598)
	at org.testng.internal.TestInvoker.invokeTestMethod(TestInvoker.java:173)
	at org.testng.internal.MethodRunner.runInSequence(MethodRunner.java:46)
	at org.testng.internal.TestInvoker$MethodInvocationAgent.invoke(TestInvoker.java:824)
	at org.testng.internal.TestInvoker.invokeTestMethods(TestInvoker.java:146)
	at org.testng.internal.TestMethodWorker.invokeTestMethods(TestMethodWorker.java:146)
	at org.testng.internal.TestMethodWorker.run(TestMethodWorker.java:128)
	at java.base/java.util.ArrayList.forEach(ArrayList.java:1511)
	at org.testng.TestRunner.privateRun(TestRunner.java:794)
	at org.testng.TestRunner.run(TestRunner.java:596)
	at org.testng.SuiteRunner.runTest(SuiteRunner.java:377)
	at org.testng.SuiteRunner.runSequentially(SuiteRunner.java:371)
	at org.testng.SuiteRunner.privateRun(SuiteRunner.java:332)
	at org.testng.SuiteRunner.run(SuiteRunner.java:276)
	at org.testng.SuiteRunnerWorker.runSuite(SuiteRunnerWorker.java:53)
	at org.testng.SuiteRunnerWorker.run(SuiteRunnerWorker.java:96)
	at org.testng.TestNG.runSuitesSequentially(TestNG.java:1212)
	at org.testng.TestNG.runSuitesLocally(TestNG.java:1134)
	at org.testng.TestNG.runSuites(TestNG.java:1063)
	at org.testng.TestNG.run(TestNG.java:1031)
	at org.testng.remote.AbstractRemoteTestNG.run(AbstractRemoteTestNG.java:115)
	at org.testng.remote.RemoteTestNG.initAndRun(RemoteTestNG.java:251)
	at org.testng.remote.RemoteTestNG.main(RemoteTestNG.java:77)
</pre></div></td>
<td>0</td>
<td>com.ttt.form.test.NhapKho_FormTest@50b472aa</td></tr>
<tr>
<td title='com.ttt.form.test.NhapKho_FormTest.checkExistSoKhungTest()'><b>checkExistSoKhungTest</b><br>Test class: com.ttt.form.test.NhapKho_FormTest<br>Parameters: , , false</td>
<td><div><pre>java.lang.AssertionError: expected [false] but found [true]
	at com.ttt.form.test.NhapKho_FormTest.checkExistSoKhungTest(NhapKho_FormTest.java:42)
	at java.base/java.util.ArrayList.forEach(ArrayList.java:1511)
... Removed 31 stack frames</pre></div><a href='#' onClick='toggleBox("stack-trace738677855", this, "Click to show all stack frames", "Click to hide stack frames")'>Click to show all stack frames</a>
<div class='stack-trace' id='stack-trace738677855'><pre>java.lang.AssertionError: expected [false] but found [true]
	at org.testng.Assert.fail(Assert.java:99)
	at org.testng.Assert.failNotEquals(Assert.java:1037)
	at org.testng.Assert.assertEqualsImpl(Assert.java:140)
	at org.testng.Assert.assertEquals(Assert.java:122)
	at org.testng.Assert.assertEquals(Assert.java:819)
	at org.testng.Assert.assertEquals(Assert.java:829)
	at com.ttt.form.test.NhapKho_FormTest.checkExistSoKhungTest(NhapKho_FormTest.java:42)
	at java.base/jdk.internal.reflect.DirectMethodHandleAccessor.invoke(DirectMethodHandleAccessor.java:104)
	at java.base/java.lang.reflect.Method.invoke(Method.java:577)
	at org.testng.internal.MethodInvocationHelper.invokeMethod(MethodInvocationHelper.java:133)
	at org.testng.internal.TestInvoker.invokeMethod(TestInvoker.java:598)
	at org.testng.internal.TestInvoker.invokeTestMethod(TestInvoker.java:173)
	at org.testng.internal.MethodRunner.runInSequence(MethodRunner.java:46)
	at org.testng.internal.TestInvoker$MethodInvocationAgent.invoke(TestInvoker.java:824)
	at org.testng.internal.TestInvoker.invokeTestMethods(TestInvoker.java:146)
	at org.testng.internal.TestMethodWorker.invokeTestMethods(TestMethodWorker.java:146)
	at org.testng.internal.TestMethodWorker.run(TestMethodWorker.java:128)
	at java.base/java.util.ArrayList.forEach(ArrayList.java:1511)
	at org.testng.TestRunner.privateRun(TestRunner.java:794)
	at org.testng.TestRunner.run(TestRunner.java:596)
	at org.testng.SuiteRunner.runTest(SuiteRunner.java:377)
	at org.testng.SuiteRunner.runSequentially(SuiteRunner.java:371)
	at org.testng.SuiteRunner.privateRun(SuiteRunner.java:332)
	at org.testng.SuiteRunner.run(SuiteRunner.java:276)
	at org.testng.SuiteRunnerWorker.runSuite(SuiteRunnerWorker.java:53)
	at org.testng.SuiteRunnerWorker.run(SuiteRunnerWorker.java:96)
	at org.testng.TestNG.runSuitesSequentially(TestNG.java:1212)
	at org.testng.TestNG.runSuitesLocally(TestNG.java:1134)
	at org.testng.TestNG.runSuites(TestNG.java:1063)
	at org.testng.TestNG.run(TestNG.java:1031)
	at org.testng.remote.AbstractRemoteTestNG.run(AbstractRemoteTestNG.java:115)
	at org.testng.remote.RemoteTestNG.initAndRun(RemoteTestNG.java:251)
	at org.testng.remote.RemoteTestNG.main(RemoteTestNG.java:77)
</pre></div></td>
<td>0</td>
<td>com.ttt.form.test.NhapKho_FormTest@50b472aa</td></tr>
<tr>
<td title='com.ttt.form.test.NhapKho_FormTest.checkExistSoKhungTest()'><b>checkExistSoKhungTest</b><br>Test class: com.ttt.form.test.NhapKho_FormTest<br>Parameters: SK 788, PN2023072100001, false</td>
<td><div><pre>java.lang.AssertionError: expected [false] but found [true]
	at com.ttt.form.test.NhapKho_FormTest.checkExistSoKhungTest(NhapKho_FormTest.java:42)
	at java.base/java.util.ArrayList.forEach(ArrayList.java:1511)
... Removed 31 stack frames</pre></div><a href='#' onClick='toggleBox("stack-trace1724457619", this, "Click to show all stack frames", "Click to hide stack frames")'>Click to show all stack frames</a>
<div class='stack-trace' id='stack-trace1724457619'><pre>java.lang.AssertionError: expected [false] but found [true]
	at org.testng.Assert.fail(Assert.java:99)
	at org.testng.Assert.failNotEquals(Assert.java:1037)
	at org.testng.Assert.assertEqualsImpl(Assert.java:140)
	at org.testng.Assert.assertEquals(Assert.java:122)
	at org.testng.Assert.assertEquals(Assert.java:819)
	at org.testng.Assert.assertEquals(Assert.java:829)
	at com.ttt.form.test.NhapKho_FormTest.checkExistSoKhungTest(NhapKho_FormTest.java:42)
	at java.base/jdk.internal.reflect.DirectMethodHandleAccessor.invoke(DirectMethodHandleAccessor.java:104)
	at java.base/java.lang.reflect.Method.invoke(Method.java:577)
	at org.testng.internal.MethodInvocationHelper.invokeMethod(MethodInvocationHelper.java:133)
	at org.testng.internal.TestInvoker.invokeMethod(TestInvoker.java:598)
	at org.testng.internal.TestInvoker.invokeTestMethod(TestInvoker.java:173)
	at org.testng.internal.MethodRunner.runInSequence(MethodRunner.java:46)
	at org.testng.internal.TestInvoker$MethodInvocationAgent.invoke(TestInvoker.java:824)
	at org.testng.internal.TestInvoker.invokeTestMethods(TestInvoker.java:146)
	at org.testng.internal.TestMethodWorker.invokeTestMethods(TestMethodWorker.java:146)
	at org.testng.internal.TestMethodWorker.run(TestMethodWorker.java:128)
	at java.base/java.util.ArrayList.forEach(ArrayList.java:1511)
	at org.testng.TestRunner.privateRun(TestRunner.java:794)
	at org.testng.TestRunner.run(TestRunner.java:596)
	at org.testng.SuiteRunner.runTest(SuiteRunner.java:377)
	at org.testng.SuiteRunner.runSequentially(SuiteRunner.java:371)
	at org.testng.SuiteRunner.privateRun(SuiteRunner.java:332)
	at org.testng.SuiteRunner.run(SuiteRunner.java:276)
	at org.testng.SuiteRunnerWorker.runSuite(SuiteRunnerWorker.java:53)
	at org.testng.SuiteRunnerWorker.run(SuiteRunnerWorker.java:96)
	at org.testng.TestNG.runSuitesSequentially(TestNG.java:1212)
	at org.testng.TestNG.runSuitesLocally(TestNG.java:1134)
	at org.testng.TestNG.runSuites(TestNG.java:1063)
	at org.testng.TestNG.run(TestNG.java:1031)
	at org.testng.remote.AbstractRemoteTestNG.run(AbstractRemoteTestNG.java:115)
	at org.testng.remote.RemoteTestNG.initAndRun(RemoteTestNG.java:251)
	at org.testng.remote.RemoteTestNG.main(RemoteTestNG.java:77)
</pre></div></td>
<td>0</td>
<td>com.ttt.form.test.NhapKho_FormTest@50b472aa</td></tr>
<tr>
<td title='com.ttt.form.test.NhapKho_FormTest.themXeVaoPhieuNhapTest()'><b>themXeVaoPhieuNhapTest</b><br>Test class: com.ttt.form.test.NhapKho_FormTest<br>Parameters: true, SK 712, PN2023072100004, Đã tồn tại số khung</td>
<td><div><pre>java.lang.AssertionError: expected [Đã tồn tại số khung] but found [Đã thêm xe vào phiếu nhập]
	at com.ttt.form.test.NhapKho_FormTest.themXeVaoPhieuNhapTest(NhapKho_FormTest.java:236)
	at java.base/java.util.ArrayList.forEach(ArrayList.java:1511)
... Removed 31 stack frames</pre></div><a href='#' onClick='toggleBox("stack-trace1415630650", this, "Click to show all stack frames", "Click to hide stack frames")'>Click to show all stack frames</a>
<div class='stack-trace' id='stack-trace1415630650'><pre>java.lang.AssertionError: expected [Đã tồn tại số khung] but found [Đã thêm xe vào phiếu nhập]
	at org.testng.Assert.fail(Assert.java:99)
	at org.testng.Assert.failNotEquals(Assert.java:1037)
	at org.testng.Assert.assertEqualsImpl(Assert.java:140)
	at org.testng.Assert.assertEquals(Assert.java:122)
	at org.testng.Assert.assertEquals(Assert.java:629)
	at org.testng.Assert.assertEquals(Assert.java:639)
	at com.ttt.form.test.NhapKho_FormTest.themXeVaoPhieuNhapTest(NhapKho_FormTest.java:236)
	at java.base/jdk.internal.reflect.DirectMethodHandleAccessor.invoke(DirectMethodHandleAccessor.java:104)
	at java.base/java.lang.reflect.Method.invoke(Method.java:577)
	at org.testng.internal.MethodInvocationHelper.invokeMethod(MethodInvocationHelper.java:133)
	at org.testng.internal.TestInvoker.invokeMethod(TestInvoker.java:598)
	at org.testng.internal.TestInvoker.invokeTestMethod(TestInvoker.java:173)
	at org.testng.internal.MethodRunner.runInSequence(MethodRunner.java:46)
	at org.testng.internal.TestInvoker$MethodInvocationAgent.invoke(TestInvoker.java:824)
	at org.testng.internal.TestInvoker.invokeTestMethods(TestInvoker.java:146)
	at org.testng.internal.TestMethodWorker.invokeTestMethods(TestMethodWorker.java:146)
	at org.testng.internal.TestMethodWorker.run(TestMethodWorker.java:128)
	at java.base/java.util.ArrayList.forEach(ArrayList.java:1511)
	at org.testng.TestRunner.privateRun(TestRunner.java:794)
	at org.testng.TestRunner.run(TestRunner.java:596)
	at org.testng.SuiteRunner.runTest(SuiteRunner.java:377)
	at org.testng.SuiteRunner.runSequentially(SuiteRunner.java:371)
	at org.testng.SuiteRunner.privateRun(SuiteRunner.java:332)
	at org.testng.SuiteRunner.run(SuiteRunner.java:276)
	at org.testng.SuiteRunnerWorker.runSuite(SuiteRunnerWorker.java:53)
	at org.testng.SuiteRunnerWorker.run(SuiteRunnerWorker.java:96)
	at org.testng.TestNG.runSuitesSequentially(TestNG.java:1212)
	at org.testng.TestNG.runSuitesLocally(TestNG.java:1134)
	at org.testng.TestNG.runSuites(TestNG.java:1063)
	at org.testng.TestNG.run(TestNG.java:1031)
	at org.testng.remote.AbstractRemoteTestNG.run(AbstractRemoteTestNG.java:115)
	at org.testng.remote.RemoteTestNG.initAndRun(RemoteTestNG.java:251)
	at org.testng.remote.RemoteTestNG.main(RemoteTestNG.java:77)
</pre></div></td>
<td>0</td>
<td>com.ttt.form.test.NhapKho_FormTest@50b472aa</td></tr>
<tr>
<td title='com.ttt.form.test.NhapKho_FormTest.xoaTest()'><b>xoaTest</b><br>Test class: com.ttt.form.test.NhapKho_FormTest</td>
<td><div><pre>org.testng.internal.reflect.MethodMatcherException: 
[public void com.ttt.form.test.NhapKho_FormTest.xoaTest(java.lang.Boolean,java.lang.String,java.lang.String,java.lang.String,double,boolean,java.lang.String)] has no parameters defined but was found to be using a data provider (either explicitly specified or inherited from class level annotation).
Data provider mismatch
Method: xoaTest([Parameter{index=0, type=java.lang.Boolean, declaredAnnotations=[]}, Parameter{index=1, type=java.lang.String, declaredAnnotations=[]}, Parameter{index=2, type=java.lang.String, declaredAnnotations=[]}, Parameter{index=3, type=java.lang.String, declaredAnnotations=[]}, Parameter{index=4, type=double, declaredAnnotations=[]}, Parameter{index=5, type=boolean, declaredAnnotations=[]}, Parameter{index=6, type=java.lang.String, declaredAnnotations=[]}])
Arguments: [(java.lang.Boolean) true,(java.lang.String) ,(java.lang.String) ,(java.lang.String) ,(java.lang.String) ,(java.lang.Boolean) true,(java.lang.String) Thông báo phiếu nhập chưa có trong cơ sở dữ liệu. Vui lòng chọn phiếu nhập khác]
	at java.base/java.util.ArrayList.forEach(ArrayList.java:1511)
... Removed 22 stack frames</pre></div><a href='#' onClick='toggleBox("stack-trace861623840", this, "Click to show all stack frames", "Click to hide stack frames")'>Click to show all stack frames</a>
<div class='stack-trace' id='stack-trace861623840'><pre>org.testng.internal.reflect.MethodMatcherException: 
[public void com.ttt.form.test.NhapKho_FormTest.xoaTest(java.lang.Boolean,java.lang.String,java.lang.String,java.lang.String,double,boolean,java.lang.String)] has no parameters defined but was found to be using a data provider (either explicitly specified or inherited from class level annotation).
Data provider mismatch
Method: xoaTest([Parameter{index=0, type=java.lang.Boolean, declaredAnnotations=[]}, Parameter{index=1, type=java.lang.String, declaredAnnotations=[]}, Parameter{index=2, type=java.lang.String, declaredAnnotations=[]}, Parameter{index=3, type=java.lang.String, declaredAnnotations=[]}, Parameter{index=4, type=double, declaredAnnotations=[]}, Parameter{index=5, type=boolean, declaredAnnotations=[]}, Parameter{index=6, type=java.lang.String, declaredAnnotations=[]}])
Arguments: [(java.lang.Boolean) true,(java.lang.String) ,(java.lang.String) ,(java.lang.String) ,(java.lang.String) ,(java.lang.Boolean) true,(java.lang.String) Thông báo phiếu nhập chưa có trong cơ sở dữ liệu. Vui lòng chọn phiếu nhập khác]
	at org.testng.internal.reflect.DataProviderMethodMatcher.getConformingArguments(DataProviderMethodMatcher.java:43)
	at org.testng.internal.Parameters.injectParameters(Parameters.java:914)
	at org.testng.internal.MethodRunner.runInSequence(MethodRunner.java:34)
	at org.testng.internal.TestInvoker$MethodInvocationAgent.invoke(TestInvoker.java:824)
	at org.testng.internal.TestInvoker.invokeTestMethods(TestInvoker.java:146)
	at org.testng.internal.TestMethodWorker.invokeTestMethods(TestMethodWorker.java:146)
	at org.testng.internal.TestMethodWorker.run(TestMethodWorker.java:128)
	at java.base/java.util.ArrayList.forEach(ArrayList.java:1511)
	at org.testng.TestRunner.privateRun(TestRunner.java:794)
	at org.testng.TestRunner.run(TestRunner.java:596)
	at org.testng.SuiteRunner.runTest(SuiteRunner.java:377)
	at org.testng.SuiteRunner.runSequentially(SuiteRunner.java:371)
	at org.testng.SuiteRunner.privateRun(SuiteRunner.java:332)
	at org.testng.SuiteRunner.run(SuiteRunner.java:276)
	at org.testng.SuiteRunnerWorker.runSuite(SuiteRunnerWorker.java:53)
	at org.testng.SuiteRunnerWorker.run(SuiteRunnerWorker.java:96)
	at org.testng.TestNG.runSuitesSequentially(TestNG.java:1212)
	at org.testng.TestNG.runSuitesLocally(TestNG.java:1134)
	at org.testng.TestNG.runSuites(TestNG.java:1063)
	at org.testng.TestNG.run(TestNG.java:1031)
	at org.testng.remote.AbstractRemoteTestNG.run(AbstractRemoteTestNG.java:115)
	at org.testng.remote.RemoteTestNG.initAndRun(RemoteTestNG.java:251)
	at org.testng.remote.RemoteTestNG.main(RemoteTestNG.java:77)
</pre></div></td>
<td>0</td>
<td>com.ttt.form.test.NhapKho_FormTest@50b472aa</td></tr>
</table><p>
<table width='100%' border='1' class='invocation-passed'>
<tr><td colspan='4' align='center'><b>PASSED TESTS</b></td></tr>
<tr><td><b>Test method</b></td>
<td width="30%"><b>Exception</b></td>
<td width="10%"><b>Time (seconds)</b></td>
<td><b>Instance</b></td>
</tr>
<tr>
<td title='com.ttt.form.test.NhapKho_FormTest.checkNullTest()'><b>checkNullTest</b><br>Test class: com.ttt.form.test.NhapKho_FormTest<br>Parameters: null, SM456, 1000, false</td>
<td></td>
<td>0</td>
<td>com.ttt.form.test.NhapKho_FormTest@50b472aa</td></tr>
<tr>
<td title='com.ttt.form.test.NhapKho_FormTest.getFormPNTest()'><b>getFormPNTest</b><br>Test class: com.ttt.form.test.NhapKho_FormTest<br>Parameters: false, them, PN2023081700008, NV2023073000009, Test case checkNull false, </td>
<td></td>
<td>0</td>
<td>com.ttt.form.test.NhapKho_FormTest@50b472aa</td></tr>
<tr>
<td title='com.ttt.form.test.NhapKho_FormTest.checkNullTest()'><b>checkNullTest</b><br>Test class: com.ttt.form.test.NhapKho_FormTest<br>Parameters: , SM456, 1000, false</td>
<td></td>
<td>0</td>
<td>com.ttt.form.test.NhapKho_FormTest@50b472aa</td></tr>
<tr>
<td title='com.ttt.form.test.NhapKho_FormTest.getFormPNTest()'><b>getFormPNTest</b><br>Test class: com.ttt.form.test.NhapKho_FormTest<br>Parameters: true, them, PN2023081700008, NV2023073000009, Test case checkNull true, getFormPN Successfully</td>
<td></td>
<td>0</td>
<td>com.ttt.form.test.NhapKho_FormTest@50b472aa</td></tr>
<tr>
<td title='com.ttt.form.test.NhapKho_FormTest.themXeVaoPhieuNhapTest()'><b>themXeVaoPhieuNhapTest</b><br>Test class: com.ttt.form.test.NhapKho_FormTest<br>Parameters: true, SK 712, PN2023072100002, Đã tồn tại số khung</td>
<td></td>
<td>0</td>
<td>com.ttt.form.test.NhapKho_FormTest@50b472aa</td></tr>
<tr>
<td title='com.ttt.form.test.NhapKho_FormTest.checkNullTest()'><b>checkNullTest</b><br>Test class: com.ttt.form.test.NhapKho_FormTest<br>Parameters: SK123, SM456, , false</td>
<td></td>
<td>0</td>
<td>com.ttt.form.test.NhapKho_FormTest@50b472aa</td></tr>
<tr>
<td title='com.ttt.form.test.NhapKho_FormTest.checkNullTest()'><b>checkNullTest</b><br>Test class: com.ttt.form.test.NhapKho_FormTest<br>Parameters: SK123, SM456, abc, false</td>
<td></td>
<td>0</td>
<td>com.ttt.form.test.NhapKho_FormTest@50b472aa</td></tr>
<tr>
<td title='com.ttt.form.test.NhapKho_FormTest.getFormPNTest()'><b>getFormPNTest</b><br>Test class: com.ttt.form.test.NhapKho_FormTest<br>Parameters: false, sua, NV2023072100003, NV2023073000009, Test case checkNull false, </td>
<td></td>
<td>0</td>
<td>com.ttt.form.test.NhapKho_FormTest@50b472aa</td></tr>
<tr>
<td title='com.ttt.form.test.NhapKho_FormTest.isExist_PhieuNhapTest()'><b>isExist_PhieuNhapTest</b><br>Test class: com.ttt.form.test.NhapKho_FormTest<br>Parameters: PN2023120500006, false</td>
<td></td>
<td>0</td>
<td>com.ttt.form.test.NhapKho_FormTest@50b472aa</td></tr>
<tr>
<td title='com.ttt.form.test.NhapKho_FormTest.isExist_PhieuNhapTest()'><b>isExist_PhieuNhapTest</b><br>Test class: com.ttt.form.test.NhapKho_FormTest<br>Parameters: PN2023120500003, false</td>
<td></td>
<td>0</td>
<td>com.ttt.form.test.NhapKho_FormTest@50b472aa</td></tr>
<tr>
<td title='com.ttt.form.test.NhapKho_FormTest.checkExistSoKhungTest()'><b>checkExistSoKhungTest</b><br>Test class: com.ttt.form.test.NhapKho_FormTest<br>Parameters: SK 12423, , true</td>
<td></td>
<td>0</td>
<td>com.ttt.form.test.NhapKho_FormTest@50b472aa</td></tr>
<tr>
<td title='com.ttt.form.test.NhapKho_FormTest.checkNullTest()'><b>checkNullTest</b><br>Test class: com.ttt.form.test.NhapKho_FormTest<br>Parameters: SK123, SM456, 1000, true</td>
<td></td>
<td>0</td>
<td>com.ttt.form.test.NhapKho_FormTest@50b472aa</td></tr>
<tr>
<td title='com.ttt.form.test.NhapKho_FormTest.checkNullTest()'><b>checkNullTest</b><br>Test class: com.ttt.form.test.NhapKho_FormTest<br>Parameters: SK123, null, 1000, false</td>
<td></td>
<td>0</td>
<td>com.ttt.form.test.NhapKho_FormTest@50b472aa</td></tr>
<tr>
<td title='com.ttt.form.test.NhapKho_FormTest.themXeVaoPhieuNhapTest()'><b>themXeVaoPhieuNhapTest</b><br>Test class: com.ttt.form.test.NhapKho_FormTest<br>Parameters: true, SK 71212, PN2023120500004, Đã thêm xe vào phiếu nhập</td>
<td></td>
<td>0</td>
<td>com.ttt.form.test.NhapKho_FormTest@50b472aa</td></tr>
<tr>
<td title='com.ttt.form.test.NhapKho_FormTest.themXeVaoPhieuNhapTest()'><b>themXeVaoPhieuNhapTest</b><br>Test class: com.ttt.form.test.NhapKho_FormTest<br>Parameters: true, SK 71213, PN2023072100002, Đã thêm xe vào phiếu nhập</td>
<td></td>
<td>0</td>
<td>com.ttt.form.test.NhapKho_FormTest@50b472aa</td></tr>
<tr>
<td title='com.ttt.form.test.NhapKho_FormTest.themXeVaoPhieuNhapTest()'><b>themXeVaoPhieuNhapTest</b><br>Test class: com.ttt.form.test.NhapKho_FormTest<br>Parameters: false, SK 71213, PN2023072100002, </td>
<td></td>
<td>0</td>
<td>com.ttt.form.test.NhapKho_FormTest@50b472aa</td></tr>
<tr>
<td title='com.ttt.form.test.NhapKho_FormTest.isExist_PhieuNhapTest()'><b>isExist_PhieuNhapTest</b><br>Test class: com.ttt.form.test.NhapKho_FormTest<br>Parameters: PN2023072100003, true</td>
<td></td>
<td>0</td>
<td>com.ttt.form.test.NhapKho_FormTest@50b472aa</td></tr>
<tr>
<td title='com.ttt.form.test.NhapKho_FormTest.checkNullTest()'><b>checkNullTest</b><br>Test class: com.ttt.form.test.NhapKho_FormTest<br>Parameters: SK123, , 1000, false</td>
<td></td>
<td>0</td>
<td>com.ttt.form.test.NhapKho_FormTest@50b472aa</td></tr>
<tr>
<td title='com.ttt.form.test.NhapKho_FormTest.isExist_PhieuNhapTest()'><b>isExist_PhieuNhapTest</b><br>Test class: com.ttt.form.test.NhapKho_FormTest<br>Parameters: PN2023072700006, true</td>
<td></td>
<td>0</td>
<td>com.ttt.form.test.NhapKho_FormTest@50b472aa</td></tr>
<tr>
<td title='com.ttt.form.test.NhapKho_FormTest.checkNullTest()'><b>checkNullTest</b><br>Test class: com.ttt.form.test.NhapKho_FormTest<br>Parameters: SK123, SM456, -1000, false</td>
<td></td>
<td>0</td>
<td>com.ttt.form.test.NhapKho_FormTest@50b472aa</td></tr>
</table><p>
</body>
</html>