<?xml version="1.0" encoding="UTF-8"?>
<!-- Generated by org.testng.reporters.JUnitReportReporter -->
<testsuite hostname="LAPTOP-CS6VK75P" failures="2" tests="13" name="com.ttt.Entity.test.PhieuNhapTest" time="0.090" errors="0" timestamp="2023-12-04T19:59:06 ICT" skipped="0">
  <testcase classname="com.ttt.Entity.test.PhieuNhapTest" name="getNgaySuaTest" time="0.005">
    <failure message="expected [1701694746754] but found [1701694746758]" type="java.lang.AssertionError">
      <![CDATA[java.lang.AssertionError: expected [1701694746754] but found [1701694746758]
at org.testng.Assert.fail(Assert.java:99)
at org.testng.Assert.failNotEquals(Assert.java:1037)
at org.testng.Assert.assertEqualsImpl(Assert.java:140)
at org.testng.Assert.assertEquals(Assert.java:122)
at org.testng.Assert.assertEquals(Assert.java:797)
at org.testng.Assert.assertEquals(Assert.java:807)
at com.ttt.Entity.test.PhieuNhapTest.getNgaySuaTest(PhieuNhapTest.java:87)
at java.base/jdk.internal.reflect.DirectMethodHandleAccessor.invoke(DirectMethodHandleAccessor.java:104)
at java.base/java.lang.reflect.Method.invoke(Method.java:577)
at org.testng.internal.MethodInvocationHelper.invokeMethod(MethodInvocationHelper.java:133)
at org.testng.internal.TestInvoker.invokeMethod(TestInvoker.java:598)
at org.testng.internal.TestInvoker.invokeTestMethod(TestInvoker.java:173)
at org.testng.internal.MethodRunner.runInSequence(MethodRunner.java:46)
at org.testng.internal.TestInvoker$MethodInvocationAgent.invoke(TestInvoker.java:824)
at org.testng.internal.TestInvoker.invokeTestMethods(TestInvoker.java:146)
at org.testng.internal.TestMethodWorker.invokeTestMethods(TestMethodWorker.java:146)
at org.testng.internal.TestMethodWorker.run(TestMethodWorker.java:128)
at java.base/java.util.ArrayList.forEach(ArrayList.java:1511)
at org.testng.TestRunner.privateRun(TestRunner.java:794)
at org.testng.TestRunner.run(TestRunner.java:596)
at org.testng.SuiteRunner.runTest(SuiteRunner.java:377)
at org.testng.SuiteRunner.runSequentially(SuiteRunner.java:371)
at org.testng.SuiteRunner.privateRun(SuiteRunner.java:332)
at org.testng.SuiteRunner.run(SuiteRunner.java:276)
at org.testng.SuiteRunnerWorker.runSuite(SuiteRunnerWorker.java:53)
at org.testng.SuiteRunnerWorker.run(SuiteRunnerWorker.java:96)
at org.testng.TestNG.runSuitesSequentially(TestNG.java:1212)
at org.testng.TestNG.runSuitesLocally(TestNG.java:1134)
at org.testng.TestNG.runSuites(TestNG.java:1063)
at org.testng.TestNG.run(TestNG.java:1031)
at org.testng.remote.AbstractRemoteTestNG.run(AbstractRemoteTestNG.java:115)
at org.testng.remote.RemoteTestNG.initAndRun(RemoteTestNG.java:251)
at org.testng.remote.RemoteTestNG.main(RemoteTestNG.java:77)
]]>
    </failure>
  </testcase> <!-- getNgaySuaTest -->
  <system-out/>
  <testcase classname="com.ttt.Entity.test.PhieuNhapTest" name="setDienGiaiTest" time="0.003"/>
  <system-out/>
  <testcase classname="com.ttt.Entity.test.PhieuNhapTest" name="getMaPhieuNhapTest" time="0.005"/>
  <system-out/>
  <testcase classname="com.ttt.Entity.test.PhieuNhapTest" name="setMaNhanVienTest" time="0.003"/>
  <system-out/>
  <testcase classname="com.ttt.Entity.test.PhieuNhapTest" name="setMaPhieuNhapTest" time="0.001"/>
  <system-out/>
  <testcase classname="com.ttt.Entity.test.PhieuNhapTest" name="setNgaySuaTest" time="0.003"/>
  <system-out/>
  <testcase classname="com.ttt.Entity.test.PhieuNhapTest" name="getDienGiaiTest" time="0.009"/>
  <system-out/>
  <testcase classname="com.ttt.Entity.test.PhieuNhapTest" name="getNgayNhapTest" time="0.003">
    <failure message="expected [1701694746743] but found [1701694746744]" type="java.lang.AssertionError">
      <![CDATA[java.lang.AssertionError: expected [1701694746743] but found [1701694746744]
at org.testng.Assert.fail(Assert.java:99)
at org.testng.Assert.failNotEquals(Assert.java:1037)
at org.testng.Assert.assertEqualsImpl(Assert.java:140)
at org.testng.Assert.assertEquals(Assert.java:122)
at org.testng.Assert.assertEquals(Assert.java:797)
at org.testng.Assert.assertEquals(Assert.java:807)
at com.ttt.Entity.test.PhieuNhapTest.getNgayNhapTest(PhieuNhapTest.java:79)
at java.base/jdk.internal.reflect.DirectMethodHandleAccessor.invoke(DirectMethodHandleAccessor.java:104)
at java.base/java.lang.reflect.Method.invoke(Method.java:577)
at org.testng.internal.MethodInvocationHelper.invokeMethod(MethodInvocationHelper.java:133)
at org.testng.internal.TestInvoker.invokeMethod(TestInvoker.java:598)
at org.testng.internal.TestInvoker.invokeTestMethod(TestInvoker.java:173)
at org.testng.internal.MethodRunner.runInSequence(MethodRunner.java:46)
at org.testng.internal.TestInvoker$MethodInvocationAgent.invoke(TestInvoker.java:824)
at org.testng.internal.TestInvoker.invokeTestMethods(TestInvoker.java:146)
at org.testng.internal.TestMethodWorker.invokeTestMethods(TestMethodWorker.java:146)
at org.testng.internal.TestMethodWorker.run(TestMethodWorker.java:128)
at java.base/java.util.ArrayList.forEach(ArrayList.java:1511)
at org.testng.TestRunner.privateRun(TestRunner.java:794)
at org.testng.TestRunner.run(TestRunner.java:596)
at org.testng.SuiteRunner.runTest(SuiteRunner.java:377)
at org.testng.SuiteRunner.runSequentially(SuiteRunner.java:371)
at org.testng.SuiteRunner.privateRun(SuiteRunner.java:332)
at org.testng.SuiteRunner.run(SuiteRunner.java:276)
at org.testng.SuiteRunnerWorker.runSuite(SuiteRunnerWorker.java:53)
at org.testng.SuiteRunnerWorker.run(SuiteRunnerWorker.java:96)
at org.testng.TestNG.runSuitesSequentially(TestNG.java:1212)
at org.testng.TestNG.runSuitesLocally(TestNG.java:1134)
at org.testng.TestNG.runSuites(TestNG.java:1063)
at org.testng.TestNG.run(TestNG.java:1031)
at org.testng.remote.AbstractRemoteTestNG.run(AbstractRemoteTestNG.java:115)
at org.testng.remote.RemoteTestNG.initAndRun(RemoteTestNG.java:251)
at org.testng.remote.RemoteTestNG.main(RemoteTestNG.java:77)
]]>
    </failure>
  </testcase> <!-- getNgayNhapTest -->
  <system-out/>
  <testcase classname="com.ttt.Entity.test.PhieuNhapTest" name="testPhieuNhapConstructor" time="0.004"/>
  <system-out/>
  <testcase classname="com.ttt.Entity.test.PhieuNhapTest" name="getNguoiSuaTest" time="0.002"/>
  <system-out/>
  <testcase classname="com.ttt.Entity.test.PhieuNhapTest" name="setNgayNhapTest" time="0.050"/>
  <system-out/>
  <testcase classname="com.ttt.Entity.test.PhieuNhapTest" name="getMaNhanVienTest" time="0.001"/>
  <system-out/>
  <testcase classname="com.ttt.Entity.test.PhieuNhapTest" name="setNguoiSuaTest" time="0.001"/>
  <system-out/>
</testsuite> <!-- com.ttt.Entity.test.PhieuNhapTest -->
