<?xml version="1.0" encoding="UTF-8"?>
<!-- Generated by org.testng.reporters.JUnitXMLReporter -->
<testsuite ignored="0" hostname="LAPTOP-CS6VK75P" failures="2" tests="13" name="PhieuNhap" time="0.15" errors="0" timestamp="2023-12-04T19:59:06 ICT">
  <testcase classname="com.ttt.Entity.test.PhieuNhapTest" name="getDienGiaiTest" time="0.008"/>
  <testcase classname="com.ttt.Entity.test.PhieuNhapTest" name="getMaNhanVienTest" time="0.001"/>
  <testcase classname="com.ttt.Entity.test.PhieuNhapTest" name="getMaPhieuNhapTest" time="0.001"/>
  <testcase classname="com.ttt.Entity.test.PhieuNhapTest" name="getNgayNhapTest" time="0.002">
    <failure type="java.lang.AssertionError" message="expected [1701694746743] but found [1701694746744]">
      <![CDATA[java.lang.AssertionError: expected [1701694746743] but found [1701694746744]
at com.ttt.Entity.test.PhieuNhapTest.getNgayNhapTest(PhieuNhapTest.java:79)
at java.base/java.util.ArrayList.forEach(ArrayList.java:1511)
... Removed 31 stack frames]]>
    </failure>
  </testcase> <!-- getNgayNhapTest -->
  <testcase classname="com.ttt.Entity.test.PhieuNhapTest" name="getNgaySuaTest" time="0.004">
    <failure type="java.lang.AssertionError" message="expected [1701694746754] but found [1701694746758]">
      <![CDATA[java.lang.AssertionError: expected [1701694746754] but found [1701694746758]
at com.ttt.Entity.test.PhieuNhapTest.getNgaySuaTest(PhieuNhapTest.java:87)
at java.base/java.util.ArrayList.forEach(ArrayList.java:1511)
... Removed 31 stack frames]]>
    </failure>
  </testcase> <!-- getNgaySuaTest -->
  <testcase classname="com.ttt.Entity.test.PhieuNhapTest" name="getNguoiSuaTest" time="0.001"/>
  <testcase classname="com.ttt.Entity.test.PhieuNhapTest" name="setDienGiaiTest" time="0.002"/>
  <testcase classname="com.ttt.Entity.test.PhieuNhapTest" name="setMaNhanVienTest" time="0.003"/>
  <testcase classname="com.ttt.Entity.test.PhieuNhapTest" name="setMaPhieuNhapTest" time="0.001"/>
  <testcase classname="com.ttt.Entity.test.PhieuNhapTest" name="setNgayNhapTest" time="0.049"/>
  <testcase classname="com.ttt.Entity.test.PhieuNhapTest" name="setNgaySuaTest" time="0.002"/>
  <testcase classname="com.ttt.Entity.test.PhieuNhapTest" name="setNguoiSuaTest" time="0.001"/>
  <testcase classname="com.ttt.Entity.test.PhieuNhapTest" name="testPhieuNhapConstructor" time="0.003"/>
</testsuite> <!-- PhieuNhap -->
