<html>
<head>
<title>TestNG:  TestFormPN</title>
<link href="../testng.css" rel="stylesheet" type="text/css" />
<link href="../my-testng.css" rel="stylesheet" type="text/css" />

<style type="text/css">
.log { display: none;} 
.stack-trace { display: none;} 
</style>
<script type="text/javascript">
<!--
function flip(e) {
  current = e.style.display;
  if (current == 'block') {
    e.style.display = 'none';
    return 0;
  }
  else {
    e.style.display = 'block';
    return 1;
  }
}

function toggleBox(szDivId, elem, msg1, msg2)
{
  var res = -1;  if (document.getElementById) {
    res = flip(document.getElementById(szDivId));
  }
  else if (document.all) {
    // this is the way old msie versions work
    res = flip(document.all[szDivId]);
  }
  if(elem) {
    if(res == 0) elem.innerHTML = msg1; else elem.innerHTML = msg2;
  }

}

function toggleAllBoxes() {
  if (document.getElementsByTagName) {
    d = document.getElementsByTagName('div');
    for (i = 0; i < d.length; i++) {
      if (d[i].className == 'log') {
        flip(d[i]);
      }
    }
  }
}

// -->
</script>

</head>
<body>
<h2 align='center'>TestFormPN</h2><table border='1' align="center">
<tr>
<td>Tests passed/Failed/Skipped:</td><td>26/9/0</td>
</tr><tr>
<td>Started on:</td><td>Wed Dec 06 21:31:04 ICT 2023</td>
</tr>
<tr><td>Total time:</td><td>1 seconds (1304 ms)</td>
</tr><tr>
<td>Included groups:</td><td></td>
</tr><tr>
<td>Excluded groups:</td><td></td>
</tr>
</table><p/>
<small><i>(Hover the method name to see the test class name)</i></small><p/>
<table width='100%' border='1' class='invocation-failed'>
<tr><td colspan='4' align='center'><b>FAILED TESTS</b></td></tr>
<tr><td><b>Test method</b></td>
<td width="30%"><b>Exception</b></td>
<td width="10%"><b>Time (seconds)</b></td>
<td><b>Instance</b></td>
</tr>
<tr>
<td title='com.ttt.TEST.TestPhieuNhap.getFormChiTietPhieuNhapThemTest()'><b>getFormChiTietPhieuNhapThemTest</b><br>Test class: com.ttt.TEST.TestPhieuNhap<br>Parameters: PN2023120500007, NV2023073000009, Wed Dec 06 21:31:04 ICT 2023, VT04, XZU730LMB, SK 12345678, SM987654, 900, true</td>
<td><div><pre>java.lang.AssertionError: expected [true] but found [false]
	at com.ttt.TEST.TestPhieuNhap.getFormChiTietPhieuNhapThemTest(TestPhieuNhap.java:132)
	at java.base/java.util.ArrayList.forEach(ArrayList.java:1511)
... Removed 31 stack frames</pre></div><a href='#' onClick='toggleBox("stack-trace1014794348", this, "Click to show all stack frames", "Click to hide stack frames")'>Click to show all stack frames</a>
<div class='stack-trace' id='stack-trace1014794348'><pre>java.lang.AssertionError: expected [true] but found [false]
	at org.testng.Assert.fail(Assert.java:99)
	at org.testng.Assert.failNotEquals(Assert.java:1037)
	at org.testng.Assert.assertEqualsImpl(Assert.java:140)
	at org.testng.Assert.assertEquals(Assert.java:122)
	at org.testng.Assert.assertEquals(Assert.java:819)
	at org.testng.Assert.assertEquals(Assert.java:829)
	at com.ttt.TEST.TestPhieuNhap.getFormChiTietPhieuNhapThemTest(TestPhieuNhap.java:132)
	at java.base/jdk.internal.reflect.DirectMethodHandleAccessor.invoke(DirectMethodHandleAccessor.java:104)
	at java.base/java.lang.reflect.Method.invoke(Method.java:577)
	at org.testng.internal.MethodInvocationHelper.invokeMethod(MethodInvocationHelper.java:133)
	at org.testng.internal.TestInvoker.invokeMethod(TestInvoker.java:598)
	at org.testng.internal.TestInvoker.invokeTestMethod(TestInvoker.java:173)
	at org.testng.internal.MethodRunner.runInSequence(MethodRunner.java:46)
	at org.testng.internal.TestInvoker$MethodInvocationAgent.invoke(TestInvoker.java:824)
	at org.testng.internal.TestInvoker.invokeTestMethods(TestInvoker.java:146)
	at org.testng.internal.TestMethodWorker.invokeTestMethods(TestMethodWorker.java:146)
	at org.testng.internal.TestMethodWorker.run(TestMethodWorker.java:128)
	at java.base/java.util.ArrayList.forEach(ArrayList.java:1511)
	at org.testng.TestRunner.privateRun(TestRunner.java:794)
	at org.testng.TestRunner.run(TestRunner.java:596)
	at org.testng.SuiteRunner.runTest(SuiteRunner.java:377)
	at org.testng.SuiteRunner.runSequentially(SuiteRunner.java:371)
	at org.testng.SuiteRunner.privateRun(SuiteRunner.java:332)
	at org.testng.SuiteRunner.run(SuiteRunner.java:276)
	at org.testng.SuiteRunnerWorker.runSuite(SuiteRunnerWorker.java:53)
	at org.testng.SuiteRunnerWorker.run(SuiteRunnerWorker.java:96)
	at org.testng.TestNG.runSuitesSequentially(TestNG.java:1212)
	at org.testng.TestNG.runSuitesLocally(TestNG.java:1134)
	at org.testng.TestNG.runSuites(TestNG.java:1063)
	at org.testng.TestNG.run(TestNG.java:1031)
	at org.testng.remote.AbstractRemoteTestNG.run(AbstractRemoteTestNG.java:115)
	at org.testng.remote.RemoteTestNG.initAndRun(RemoteTestNG.java:251)
	at org.testng.remote.RemoteTestNG.main(RemoteTestNG.java:77)
</pre></div></td>
<td>0</td>
<td>com.ttt.TEST.TestPhieuNhap@654f0d9c</td></tr>
<tr>
<td title='com.ttt.TEST.TestPhieuNhap.checkNullTest()'><b>checkNullTest</b><br>Test class: com.ttt.TEST.TestPhieuNhap<br>Parameters: SK123, SM456, 1000, Số khung phải có 17 ký tự</td>
<td><div><pre>java.lang.AssertionError: expected [Số khung phải có 17 ký tự] but found []
	at com.ttt.TEST.TestPhieuNhap.checkNullTest(TestPhieuNhap.java:78)
	at java.base/java.util.ArrayList.forEach(ArrayList.java:1511)
... Removed 31 stack frames</pre></div><a href='#' onClick='toggleBox("stack-trace885002305", this, "Click to show all stack frames", "Click to hide stack frames")'>Click to show all stack frames</a>
<div class='stack-trace' id='stack-trace885002305'><pre>java.lang.AssertionError: expected [Số khung phải có 17 ký tự] but found []
	at org.testng.Assert.fail(Assert.java:99)
	at org.testng.Assert.failNotEquals(Assert.java:1037)
	at org.testng.Assert.assertEqualsImpl(Assert.java:140)
	at org.testng.Assert.assertEquals(Assert.java:122)
	at org.testng.Assert.assertEquals(Assert.java:629)
	at org.testng.Assert.assertEquals(Assert.java:639)
	at com.ttt.TEST.TestPhieuNhap.checkNullTest(TestPhieuNhap.java:78)
	at java.base/jdk.internal.reflect.DirectMethodHandleAccessor.invoke(DirectMethodHandleAccessor.java:104)
	at java.base/java.lang.reflect.Method.invoke(Method.java:577)
	at org.testng.internal.MethodInvocationHelper.invokeMethod(MethodInvocationHelper.java:133)
	at org.testng.internal.TestInvoker.invokeMethod(TestInvoker.java:598)
	at org.testng.internal.TestInvoker.invokeTestMethod(TestInvoker.java:173)
	at org.testng.internal.MethodRunner.runInSequence(MethodRunner.java:46)
	at org.testng.internal.TestInvoker$MethodInvocationAgent.invoke(TestInvoker.java:824)
	at org.testng.internal.TestInvoker.invokeTestMethods(TestInvoker.java:146)
	at org.testng.internal.TestMethodWorker.invokeTestMethods(TestMethodWorker.java:146)
	at org.testng.internal.TestMethodWorker.run(TestMethodWorker.java:128)
	at java.base/java.util.ArrayList.forEach(ArrayList.java:1511)
	at org.testng.TestRunner.privateRun(TestRunner.java:794)
	at org.testng.TestRunner.run(TestRunner.java:596)
	at org.testng.SuiteRunner.runTest(SuiteRunner.java:377)
	at org.testng.SuiteRunner.runSequentially(SuiteRunner.java:371)
	at org.testng.SuiteRunner.privateRun(SuiteRunner.java:332)
	at org.testng.SuiteRunner.run(SuiteRunner.java:276)
	at org.testng.SuiteRunnerWorker.runSuite(SuiteRunnerWorker.java:53)
	at org.testng.SuiteRunnerWorker.run(SuiteRunnerWorker.java:96)
	at org.testng.TestNG.runSuitesSequentially(TestNG.java:1212)
	at org.testng.TestNG.runSuitesLocally(TestNG.java:1134)
	at org.testng.TestNG.runSuites(TestNG.java:1063)
	at org.testng.TestNG.run(TestNG.java:1031)
	at org.testng.remote.AbstractRemoteTestNG.run(AbstractRemoteTestNG.java:115)
	at org.testng.remote.RemoteTestNG.initAndRun(RemoteTestNG.java:251)
	at org.testng.remote.RemoteTestNG.main(RemoteTestNG.java:77)
</pre></div></td>
<td>0</td>
<td>com.ttt.TEST.TestPhieuNhap@654f0d9c</td></tr>
<tr>
<td title='com.ttt.TEST.TestPhieuNhap.themPhieuNhapTest()'><b>themPhieuNhapTest</b><br>Test class: com.ttt.TEST.TestPhieuNhap<br>Parameters: PN2023120500007, NV2023073000009, Wed Dec 06 21:31:04 ICT 2023, null, null, dienGiai, 14, null, null, null, VT03, FCJLTC, SK5051, SM7375, 1, 700, 0, 0, 0, null, null, null, null, true, Thêm mới thành công</td>
<td><div><pre>java.lang.AssertionError: expected [Thêm mới thành công] but found [Đã thêm xe vào phiếu nhập]
	at com.ttt.TEST.TestPhieuNhap.themPhieuNhapTest(TestPhieuNhap.java:370)
	at java.base/java.util.ArrayList.forEach(ArrayList.java:1511)
... Removed 31 stack frames</pre></div><a href='#' onClick='toggleBox("stack-trace1533330615", this, "Click to show all stack frames", "Click to hide stack frames")'>Click to show all stack frames</a>
<div class='stack-trace' id='stack-trace1533330615'><pre>java.lang.AssertionError: expected [Thêm mới thành công] but found [Đã thêm xe vào phiếu nhập]
	at org.testng.Assert.fail(Assert.java:99)
	at org.testng.Assert.failNotEquals(Assert.java:1037)
	at org.testng.Assert.assertEqualsImpl(Assert.java:140)
	at org.testng.Assert.assertEquals(Assert.java:122)
	at org.testng.Assert.assertEquals(Assert.java:629)
	at org.testng.Assert.assertEquals(Assert.java:639)
	at com.ttt.TEST.TestPhieuNhap.themPhieuNhapTest(TestPhieuNhap.java:370)
	at java.base/jdk.internal.reflect.DirectMethodHandleAccessor.invoke(DirectMethodHandleAccessor.java:104)
	at java.base/java.lang.reflect.Method.invoke(Method.java:577)
	at org.testng.internal.MethodInvocationHelper.invokeMethod(MethodInvocationHelper.java:133)
	at org.testng.internal.TestInvoker.invokeMethod(TestInvoker.java:598)
	at org.testng.internal.TestInvoker.invokeTestMethod(TestInvoker.java:173)
	at org.testng.internal.MethodRunner.runInSequence(MethodRunner.java:46)
	at org.testng.internal.TestInvoker$MethodInvocationAgent.invoke(TestInvoker.java:824)
	at org.testng.internal.TestInvoker.invokeTestMethods(TestInvoker.java:146)
	at org.testng.internal.TestMethodWorker.invokeTestMethods(TestMethodWorker.java:146)
	at org.testng.internal.TestMethodWorker.run(TestMethodWorker.java:128)
	at java.base/java.util.ArrayList.forEach(ArrayList.java:1511)
	at org.testng.TestRunner.privateRun(TestRunner.java:794)
	at org.testng.TestRunner.run(TestRunner.java:596)
	at org.testng.SuiteRunner.runTest(SuiteRunner.java:377)
	at org.testng.SuiteRunner.runSequentially(SuiteRunner.java:371)
	at org.testng.SuiteRunner.privateRun(SuiteRunner.java:332)
	at org.testng.SuiteRunner.run(SuiteRunner.java:276)
	at org.testng.SuiteRunnerWorker.runSuite(SuiteRunnerWorker.java:53)
	at org.testng.SuiteRunnerWorker.run(SuiteRunnerWorker.java:96)
	at org.testng.TestNG.runSuitesSequentially(TestNG.java:1212)
	at org.testng.TestNG.runSuitesLocally(TestNG.java:1134)
	at org.testng.TestNG.runSuites(TestNG.java:1063)
	at org.testng.TestNG.run(TestNG.java:1031)
	at org.testng.remote.AbstractRemoteTestNG.run(AbstractRemoteTestNG.java:115)
	at org.testng.remote.RemoteTestNG.initAndRun(RemoteTestNG.java:251)
	at org.testng.remote.RemoteTestNG.main(RemoteTestNG.java:77)
</pre></div></td>
<td>0</td>
<td>com.ttt.TEST.TestPhieuNhap@654f0d9c</td></tr>
<tr>
<td title='com.ttt.TEST.TestPhieuNhap.checkExistSoKhungTest()'><b>checkExistSoKhungTest</b><br>Test class: com.ttt.TEST.TestPhieuNhap</td>
<td><div><pre>org.testng.internal.reflect.MethodMatcherException: 
[public void com.ttt.TEST.TestPhieuNhap.checkExistSoKhungTest(java.lang.String,java.lang.String,java.lang.String)] has no parameters defined but was found to be using a data provider (either explicitly specified or inherited from class level annotation).
Data provider mismatch
Method: checkExistSoKhungTest([Parameter{index=0, type=java.lang.String, declaredAnnotations=[]}, Parameter{index=1, type=java.lang.String, declaredAnnotations=[]}, Parameter{index=2, type=java.lang.String, declaredAnnotations=[]}])
Arguments: [(java.lang.String) SK 3377,(java.lang.String) PX2023072800004,(java.lang.Boolean) false]
	at java.base/java.util.ArrayList.forEach(ArrayList.java:1511)
... Removed 22 stack frames</pre></div><a href='#' onClick='toggleBox("stack-trace1731977615", this, "Click to show all stack frames", "Click to hide stack frames")'>Click to show all stack frames</a>
<div class='stack-trace' id='stack-trace1731977615'><pre>org.testng.internal.reflect.MethodMatcherException: 
[public void com.ttt.TEST.TestPhieuNhap.checkExistSoKhungTest(java.lang.String,java.lang.String,java.lang.String)] has no parameters defined but was found to be using a data provider (either explicitly specified or inherited from class level annotation).
Data provider mismatch
Method: checkExistSoKhungTest([Parameter{index=0, type=java.lang.String, declaredAnnotations=[]}, Parameter{index=1, type=java.lang.String, declaredAnnotations=[]}, Parameter{index=2, type=java.lang.String, declaredAnnotations=[]}])
Arguments: [(java.lang.String) SK 3377,(java.lang.String) PX2023072800004,(java.lang.Boolean) false]
	at org.testng.internal.reflect.DataProviderMethodMatcher.getConformingArguments(DataProviderMethodMatcher.java:43)
	at org.testng.internal.Parameters.injectParameters(Parameters.java:914)
	at org.testng.internal.MethodRunner.runInSequence(MethodRunner.java:34)
	at org.testng.internal.TestInvoker$MethodInvocationAgent.invoke(TestInvoker.java:824)
	at org.testng.internal.TestInvoker.invokeTestMethods(TestInvoker.java:146)
	at org.testng.internal.TestMethodWorker.invokeTestMethods(TestMethodWorker.java:146)
	at org.testng.internal.TestMethodWorker.run(TestMethodWorker.java:128)
	at java.base/java.util.ArrayList.forEach(ArrayList.java:1511)
	at org.testng.TestRunner.privateRun(TestRunner.java:794)
	at org.testng.TestRunner.run(TestRunner.java:596)
	at org.testng.SuiteRunner.runTest(SuiteRunner.java:377)
	at org.testng.SuiteRunner.runSequentially(SuiteRunner.java:371)
	at org.testng.SuiteRunner.privateRun(SuiteRunner.java:332)
	at org.testng.SuiteRunner.run(SuiteRunner.java:276)
	at org.testng.SuiteRunnerWorker.runSuite(SuiteRunnerWorker.java:53)
	at org.testng.SuiteRunnerWorker.run(SuiteRunnerWorker.java:96)
	at org.testng.TestNG.runSuitesSequentially(TestNG.java:1212)
	at org.testng.TestNG.runSuitesLocally(TestNG.java:1134)
	at org.testng.TestNG.runSuites(TestNG.java:1063)
	at org.testng.TestNG.run(TestNG.java:1031)
	at org.testng.remote.AbstractRemoteTestNG.run(AbstractRemoteTestNG.java:115)
	at org.testng.remote.RemoteTestNG.initAndRun(RemoteTestNG.java:251)
	at org.testng.remote.RemoteTestNG.main(RemoteTestNG.java:77)
</pre></div></td>
<td>0</td>
<td>com.ttt.TEST.TestPhieuNhap@654f0d9c</td></tr>
<tr>
<td title='com.ttt.TEST.TestPhieuNhap.checkNullTest()'><b>checkNullTest</b><br>Test class: com.ttt.TEST.TestPhieuNhap<br>Parameters: SK123456789123456SK, SM456, 1000, Số khung phải có 17 ký tự</td>
<td><div><pre>java.lang.AssertionError: expected [Số khung phải có 17 ký tự] but found []
	at com.ttt.TEST.TestPhieuNhap.checkNullTest(TestPhieuNhap.java:78)
	at java.base/java.util.ArrayList.forEach(ArrayList.java:1511)
... Removed 31 stack frames</pre></div><a href='#' onClick='toggleBox("stack-trace211090736", this, "Click to show all stack frames", "Click to hide stack frames")'>Click to show all stack frames</a>
<div class='stack-trace' id='stack-trace211090736'><pre>java.lang.AssertionError: expected [Số khung phải có 17 ký tự] but found []
	at org.testng.Assert.fail(Assert.java:99)
	at org.testng.Assert.failNotEquals(Assert.java:1037)
	at org.testng.Assert.assertEqualsImpl(Assert.java:140)
	at org.testng.Assert.assertEquals(Assert.java:122)
	at org.testng.Assert.assertEquals(Assert.java:629)
	at org.testng.Assert.assertEquals(Assert.java:639)
	at com.ttt.TEST.TestPhieuNhap.checkNullTest(TestPhieuNhap.java:78)
	at java.base/jdk.internal.reflect.DirectMethodHandleAccessor.invoke(DirectMethodHandleAccessor.java:104)
	at java.base/java.lang.reflect.Method.invoke(Method.java:577)
	at org.testng.internal.MethodInvocationHelper.invokeMethod(MethodInvocationHelper.java:133)
	at org.testng.internal.TestInvoker.invokeMethod(TestInvoker.java:598)
	at org.testng.internal.TestInvoker.invokeTestMethod(TestInvoker.java:173)
	at org.testng.internal.MethodRunner.runInSequence(MethodRunner.java:46)
	at org.testng.internal.TestInvoker$MethodInvocationAgent.invoke(TestInvoker.java:824)
	at org.testng.internal.TestInvoker.invokeTestMethods(TestInvoker.java:146)
	at org.testng.internal.TestMethodWorker.invokeTestMethods(TestMethodWorker.java:146)
	at org.testng.internal.TestMethodWorker.run(TestMethodWorker.java:128)
	at java.base/java.util.ArrayList.forEach(ArrayList.java:1511)
	at org.testng.TestRunner.privateRun(TestRunner.java:794)
	at org.testng.TestRunner.run(TestRunner.java:596)
	at org.testng.SuiteRunner.runTest(SuiteRunner.java:377)
	at org.testng.SuiteRunner.runSequentially(SuiteRunner.java:371)
	at org.testng.SuiteRunner.privateRun(SuiteRunner.java:332)
	at org.testng.SuiteRunner.run(SuiteRunner.java:276)
	at org.testng.SuiteRunnerWorker.runSuite(SuiteRunnerWorker.java:53)
	at org.testng.SuiteRunnerWorker.run(SuiteRunnerWorker.java:96)
	at org.testng.TestNG.runSuitesSequentially(TestNG.java:1212)
	at org.testng.TestNG.runSuitesLocally(TestNG.java:1134)
	at org.testng.TestNG.runSuites(TestNG.java:1063)
	at org.testng.TestNG.run(TestNG.java:1031)
	at org.testng.remote.AbstractRemoteTestNG.run(AbstractRemoteTestNG.java:115)
	at org.testng.remote.RemoteTestNG.initAndRun(RemoteTestNG.java:251)
	at org.testng.remote.RemoteTestNG.main(RemoteTestNG.java:77)
</pre></div></td>
<td>0</td>
<td>com.ttt.TEST.TestPhieuNhap@654f0d9c</td></tr>
<tr>
<td title='com.ttt.TEST.TestPhieuNhap.checkExistSoKhungTest()'><b>checkExistSoKhungTest</b><br>Test class: com.ttt.TEST.TestPhieuNhap<br>Parameters: SK 788, PN2023072100001, Đã tồn tại số khung</td>
<td><div><pre>java.lang.AssertionError: expected [Đã tồn tại số khung] but found []
	at com.ttt.TEST.TestPhieuNhap.checkExistSoKhungTest(TestPhieuNhap.java:38)
	at java.base/java.util.ArrayList.forEach(ArrayList.java:1511)
... Removed 31 stack frames</pre></div><a href='#' onClick='toggleBox("stack-trace1325465767", this, "Click to show all stack frames", "Click to hide stack frames")'>Click to show all stack frames</a>
<div class='stack-trace' id='stack-trace1325465767'><pre>java.lang.AssertionError: expected [Đã tồn tại số khung] but found []
	at org.testng.Assert.fail(Assert.java:99)
	at org.testng.Assert.failNotEquals(Assert.java:1037)
	at org.testng.Assert.assertEqualsImpl(Assert.java:140)
	at org.testng.Assert.assertEquals(Assert.java:122)
	at org.testng.Assert.assertEquals(Assert.java:629)
	at org.testng.Assert.assertEquals(Assert.java:639)
	at com.ttt.TEST.TestPhieuNhap.checkExistSoKhungTest(TestPhieuNhap.java:38)
	at java.base/jdk.internal.reflect.DirectMethodHandleAccessor.invoke(DirectMethodHandleAccessor.java:104)
	at java.base/java.lang.reflect.Method.invoke(Method.java:577)
	at org.testng.internal.MethodInvocationHelper.invokeMethod(MethodInvocationHelper.java:133)
	at org.testng.internal.TestInvoker.invokeMethod(TestInvoker.java:598)
	at org.testng.internal.TestInvoker.invokeTestMethod(TestInvoker.java:173)
	at org.testng.internal.MethodRunner.runInSequence(MethodRunner.java:46)
	at org.testng.internal.TestInvoker$MethodInvocationAgent.invoke(TestInvoker.java:824)
	at org.testng.internal.TestInvoker.invokeTestMethods(TestInvoker.java:146)
	at org.testng.internal.TestMethodWorker.invokeTestMethods(TestMethodWorker.java:146)
	at org.testng.internal.TestMethodWorker.run(TestMethodWorker.java:128)
	at java.base/java.util.ArrayList.forEach(ArrayList.java:1511)
	at org.testng.TestRunner.privateRun(TestRunner.java:794)
	at org.testng.TestRunner.run(TestRunner.java:596)
	at org.testng.SuiteRunner.runTest(SuiteRunner.java:377)
	at org.testng.SuiteRunner.runSequentially(SuiteRunner.java:371)
	at org.testng.SuiteRunner.privateRun(SuiteRunner.java:332)
	at org.testng.SuiteRunner.run(SuiteRunner.java:276)
	at org.testng.SuiteRunnerWorker.runSuite(SuiteRunnerWorker.java:53)
	at org.testng.SuiteRunnerWorker.run(SuiteRunnerWorker.java:96)
	at org.testng.TestNG.runSuitesSequentially(TestNG.java:1212)
	at org.testng.TestNG.runSuitesLocally(TestNG.java:1134)
	at org.testng.TestNG.runSuites(TestNG.java:1063)
	at org.testng.TestNG.run(TestNG.java:1031)
	at org.testng.remote.AbstractRemoteTestNG.run(AbstractRemoteTestNG.java:115)
	at org.testng.remote.RemoteTestNG.initAndRun(RemoteTestNG.java:251)
	at org.testng.remote.RemoteTestNG.main(RemoteTestNG.java:77)
</pre></div></td>
<td>0</td>
<td>com.ttt.TEST.TestPhieuNhap@654f0d9c</td></tr>
<tr>
<td title='com.ttt.TEST.TestPhieuNhap.themXeVaoPhieuNhapTest()'><b>themXeVaoPhieuNhapTest</b><br>Test class: com.ttt.TEST.TestPhieuNhap<br>Parameters: true, SK3949, PN2023120500003, Đã tồn tại số khung</td>
<td><div><pre>java.lang.AssertionError: expected [Đã tồn tại số khung] but found [Đã thêm xe vào phiếu nhập]
	at com.ttt.TEST.TestPhieuNhap.themXeVaoPhieuNhapTest(TestPhieuNhap.java:270)
	at java.base/java.util.ArrayList.forEach(ArrayList.java:1511)
... Removed 31 stack frames</pre></div><a href='#' onClick='toggleBox("stack-trace1327895505", this, "Click to show all stack frames", "Click to hide stack frames")'>Click to show all stack frames</a>
<div class='stack-trace' id='stack-trace1327895505'><pre>java.lang.AssertionError: expected [Đã tồn tại số khung] but found [Đã thêm xe vào phiếu nhập]
	at org.testng.Assert.fail(Assert.java:99)
	at org.testng.Assert.failNotEquals(Assert.java:1037)
	at org.testng.Assert.assertEqualsImpl(Assert.java:140)
	at org.testng.Assert.assertEquals(Assert.java:122)
	at org.testng.Assert.assertEquals(Assert.java:629)
	at org.testng.Assert.assertEquals(Assert.java:639)
	at com.ttt.TEST.TestPhieuNhap.themXeVaoPhieuNhapTest(TestPhieuNhap.java:270)
	at java.base/jdk.internal.reflect.DirectMethodHandleAccessor.invoke(DirectMethodHandleAccessor.java:104)
	at java.base/java.lang.reflect.Method.invoke(Method.java:577)
	at org.testng.internal.MethodInvocationHelper.invokeMethod(MethodInvocationHelper.java:133)
	at org.testng.internal.TestInvoker.invokeMethod(TestInvoker.java:598)
	at org.testng.internal.TestInvoker.invokeTestMethod(TestInvoker.java:173)
	at org.testng.internal.MethodRunner.runInSequence(MethodRunner.java:46)
	at org.testng.internal.TestInvoker$MethodInvocationAgent.invoke(TestInvoker.java:824)
	at org.testng.internal.TestInvoker.invokeTestMethods(TestInvoker.java:146)
	at org.testng.internal.TestMethodWorker.invokeTestMethods(TestMethodWorker.java:146)
	at org.testng.internal.TestMethodWorker.run(TestMethodWorker.java:128)
	at java.base/java.util.ArrayList.forEach(ArrayList.java:1511)
	at org.testng.TestRunner.privateRun(TestRunner.java:794)
	at org.testng.TestRunner.run(TestRunner.java:596)
	at org.testng.SuiteRunner.runTest(SuiteRunner.java:377)
	at org.testng.SuiteRunner.runSequentially(SuiteRunner.java:371)
	at org.testng.SuiteRunner.privateRun(SuiteRunner.java:332)
	at org.testng.SuiteRunner.run(SuiteRunner.java:276)
	at org.testng.SuiteRunnerWorker.runSuite(SuiteRunnerWorker.java:53)
	at org.testng.SuiteRunnerWorker.run(SuiteRunnerWorker.java:96)
	at org.testng.TestNG.runSuitesSequentially(TestNG.java:1212)
	at org.testng.TestNG.runSuitesLocally(TestNG.java:1134)
	at org.testng.TestNG.runSuites(TestNG.java:1063)
	at org.testng.TestNG.run(TestNG.java:1031)
	at org.testng.remote.AbstractRemoteTestNG.run(AbstractRemoteTestNG.java:115)
	at org.testng.remote.RemoteTestNG.initAndRun(RemoteTestNG.java:251)
	at org.testng.remote.RemoteTestNG.main(RemoteTestNG.java:77)
</pre></div></td>
<td>0</td>
<td>com.ttt.TEST.TestPhieuNhap@654f0d9c</td></tr>
<tr>
<td title='com.ttt.TEST.TestPhieuNhap.getFormChiTietPhieuNhapSuaTest()'><b>getFormChiTietPhieuNhapSuaTest</b><br>Test class: com.ttt.TEST.TestPhieuNhap<br>Parameters: PN2023081700007, NV2023073000009, Wed Dec 06 21:31:04 ICT 2023, Wed Dec 06 21:31:04 ICT 2023, NV2023072100007, VT04, FCJLTC, SK 12345678, SM987654, 900, 15, true</td>
<td><div><pre>java.lang.AssertionError: expected [true] but found [false]
	at com.ttt.TEST.TestPhieuNhap.getFormChiTietPhieuNhapSuaTest(TestPhieuNhap.java:184)
	at java.base/java.util.ArrayList.forEach(ArrayList.java:1511)
... Removed 31 stack frames</pre></div><a href='#' onClick='toggleBox("stack-trace61681175", this, "Click to show all stack frames", "Click to hide stack frames")'>Click to show all stack frames</a>
<div class='stack-trace' id='stack-trace61681175'><pre>java.lang.AssertionError: expected [true] but found [false]
	at org.testng.Assert.fail(Assert.java:99)
	at org.testng.Assert.failNotEquals(Assert.java:1037)
	at org.testng.Assert.assertEqualsImpl(Assert.java:140)
	at org.testng.Assert.assertEquals(Assert.java:122)
	at org.testng.Assert.assertEquals(Assert.java:819)
	at org.testng.Assert.assertEquals(Assert.java:829)
	at com.ttt.TEST.TestPhieuNhap.getFormChiTietPhieuNhapSuaTest(TestPhieuNhap.java:184)
	at java.base/jdk.internal.reflect.DirectMethodHandleAccessor.invoke(DirectMethodHandleAccessor.java:104)
	at java.base/java.lang.reflect.Method.invoke(Method.java:577)
	at org.testng.internal.MethodInvocationHelper.invokeMethod(MethodInvocationHelper.java:133)
	at org.testng.internal.TestInvoker.invokeMethod(TestInvoker.java:598)
	at org.testng.internal.TestInvoker.invokeTestMethod(TestInvoker.java:173)
	at org.testng.internal.MethodRunner.runInSequence(MethodRunner.java:46)
	at org.testng.internal.TestInvoker$MethodInvocationAgent.invoke(TestInvoker.java:824)
	at org.testng.internal.TestInvoker.invokeTestMethods(TestInvoker.java:146)
	at org.testng.internal.TestMethodWorker.invokeTestMethods(TestMethodWorker.java:146)
	at org.testng.internal.TestMethodWorker.run(TestMethodWorker.java:128)
	at java.base/java.util.ArrayList.forEach(ArrayList.java:1511)
	at org.testng.TestRunner.privateRun(TestRunner.java:794)
	at org.testng.TestRunner.run(TestRunner.java:596)
	at org.testng.SuiteRunner.runTest(SuiteRunner.java:377)
	at org.testng.SuiteRunner.runSequentially(SuiteRunner.java:371)
	at org.testng.SuiteRunner.privateRun(SuiteRunner.java:332)
	at org.testng.SuiteRunner.run(SuiteRunner.java:276)
	at org.testng.SuiteRunnerWorker.runSuite(SuiteRunnerWorker.java:53)
	at org.testng.SuiteRunnerWorker.run(SuiteRunnerWorker.java:96)
	at org.testng.TestNG.runSuitesSequentially(TestNG.java:1212)
	at org.testng.TestNG.runSuitesLocally(TestNG.java:1134)
	at org.testng.TestNG.runSuites(TestNG.java:1063)
	at org.testng.TestNG.run(TestNG.java:1031)
	at org.testng.remote.AbstractRemoteTestNG.run(AbstractRemoteTestNG.java:115)
	at org.testng.remote.RemoteTestNG.initAndRun(RemoteTestNG.java:251)
	at org.testng.remote.RemoteTestNG.main(RemoteTestNG.java:77)
</pre></div></td>
<td>0</td>
<td>com.ttt.TEST.TestPhieuNhap@654f0d9c</td></tr>
<tr>
<td title='com.ttt.TEST.TestPhieuNhap.themXeVaoPhieuNhapTest()'><b>themXeVaoPhieuNhapTest</b><br>Test class: com.ttt.TEST.TestPhieuNhap<br>Parameters: true, SK8054, PN2023072100004, Đã tồn tại số khung</td>
<td><div><pre>java.lang.AssertionError: expected [Đã tồn tại số khung] but found [Đã thêm xe vào phiếu nhập]
	at com.ttt.TEST.TestPhieuNhap.themXeVaoPhieuNhapTest(TestPhieuNhap.java:270)
	at java.base/java.util.ArrayList.forEach(ArrayList.java:1511)
... Removed 31 stack frames</pre></div><a href='#' onClick='toggleBox("stack-trace1959451969", this, "Click to show all stack frames", "Click to hide stack frames")'>Click to show all stack frames</a>
<div class='stack-trace' id='stack-trace1959451969'><pre>java.lang.AssertionError: expected [Đã tồn tại số khung] but found [Đã thêm xe vào phiếu nhập]
	at org.testng.Assert.fail(Assert.java:99)
	at org.testng.Assert.failNotEquals(Assert.java:1037)
	at org.testng.Assert.assertEqualsImpl(Assert.java:140)
	at org.testng.Assert.assertEquals(Assert.java:122)
	at org.testng.Assert.assertEquals(Assert.java:629)
	at org.testng.Assert.assertEquals(Assert.java:639)
	at com.ttt.TEST.TestPhieuNhap.themXeVaoPhieuNhapTest(TestPhieuNhap.java:270)
	at java.base/jdk.internal.reflect.DirectMethodHandleAccessor.invoke(DirectMethodHandleAccessor.java:104)
	at java.base/java.lang.reflect.Method.invoke(Method.java:577)
	at org.testng.internal.MethodInvocationHelper.invokeMethod(MethodInvocationHelper.java:133)
	at org.testng.internal.TestInvoker.invokeMethod(TestInvoker.java:598)
	at org.testng.internal.TestInvoker.invokeTestMethod(TestInvoker.java:173)
	at org.testng.internal.MethodRunner.runInSequence(MethodRunner.java:46)
	at org.testng.internal.TestInvoker$MethodInvocationAgent.invoke(TestInvoker.java:824)
	at org.testng.internal.TestInvoker.invokeTestMethods(TestInvoker.java:146)
	at org.testng.internal.TestMethodWorker.invokeTestMethods(TestMethodWorker.java:146)
	at org.testng.internal.TestMethodWorker.run(TestMethodWorker.java:128)
	at java.base/java.util.ArrayList.forEach(ArrayList.java:1511)
	at org.testng.TestRunner.privateRun(TestRunner.java:794)
	at org.testng.TestRunner.run(TestRunner.java:596)
	at org.testng.SuiteRunner.runTest(SuiteRunner.java:377)
	at org.testng.SuiteRunner.runSequentially(SuiteRunner.java:371)
	at org.testng.SuiteRunner.privateRun(SuiteRunner.java:332)
	at org.testng.SuiteRunner.run(SuiteRunner.java:276)
	at org.testng.SuiteRunnerWorker.runSuite(SuiteRunnerWorker.java:53)
	at org.testng.SuiteRunnerWorker.run(SuiteRunnerWorker.java:96)
	at org.testng.TestNG.runSuitesSequentially(TestNG.java:1212)
	at org.testng.TestNG.runSuitesLocally(TestNG.java:1134)
	at org.testng.TestNG.runSuites(TestNG.java:1063)
	at org.testng.TestNG.run(TestNG.java:1031)
	at org.testng.remote.AbstractRemoteTestNG.run(AbstractRemoteTestNG.java:115)
	at org.testng.remote.RemoteTestNG.initAndRun(RemoteTestNG.java:251)
	at org.testng.remote.RemoteTestNG.main(RemoteTestNG.java:77)
</pre></div></td>
<td>0</td>
<td>com.ttt.TEST.TestPhieuNhap@654f0d9c</td></tr>
</table><p>
<table width='100%' border='1' class='invocation-passed'>
<tr><td colspan='4' align='center'><b>PASSED TESTS</b></td></tr>
<tr><td><b>Test method</b></td>
<td width="30%"><b>Exception</b></td>
<td width="10%"><b>Time (seconds)</b></td>
<td><b>Instance</b></td>
</tr>
<tr>
<td title='com.ttt.TEST.TestPhieuNhap.isExist_PhieuNhapTest()'><b>isExist_PhieuNhapTest</b><br>Test class: com.ttt.TEST.TestPhieuNhap<br>Parameters: PN2023120500006, false</td>
<td></td>
<td>0</td>
<td>com.ttt.TEST.TestPhieuNhap@654f0d9c</td></tr>
<tr>
<td title='com.ttt.TEST.TestPhieuNhap.xoaTest()'><b>xoaTest</b><br>Test class: com.ttt.TEST.TestPhieuNhap<br>Parameters: false, PN2023081700007, SK 1234, SM 112, 900, false, Bạn không xác nhận xóa</td>
<td></td>
<td>0</td>
<td>com.ttt.TEST.TestPhieuNhap@654f0d9c</td></tr>
<tr>
<td title='com.ttt.TEST.TestPhieuNhap.checkNullTest()'><b>checkNullTest</b><br>Test class: com.ttt.TEST.TestPhieuNhap<br>Parameters: SK123456789123456, , 1000, Vui lòng nhập số máy</td>
<td></td>
<td>0</td>
<td>com.ttt.TEST.TestPhieuNhap@654f0d9c</td></tr>
<tr>
<td title='com.ttt.TEST.TestPhieuNhap.xoaTest()'><b>xoaTest</b><br>Test class: com.ttt.TEST.TestPhieuNhap<br>Parameters: true, PN2023072100005, SK 1091, SM 4523, 900, true, Bạn không có quyền xóa phiếu nhập</td>
<td></td>
<td>0</td>
<td>com.ttt.TEST.TestPhieuNhap@654f0d9c</td></tr>
<tr>
<td title='com.ttt.TEST.TestPhieuNhap.themXeVaoPhieuNhapTest()'><b>themXeVaoPhieuNhapTest</b><br>Test class: com.ttt.TEST.TestPhieuNhap<br>Parameters: true, SK7123, PN2023072100002, Đã thêm xe vào phiếu nhập</td>
<td></td>
<td>0</td>
<td>com.ttt.TEST.TestPhieuNhap@654f0d9c</td></tr>
<tr>
<td title='com.ttt.TEST.TestPhieuNhap.checkNullTest()'><b>checkNullTest</b><br>Test class: com.ttt.TEST.TestPhieuNhap<br>Parameters: SK123456789123456, SM456, , Giá nhập sai kiểu dữ liệu</td>
<td></td>
<td>0</td>
<td>com.ttt.TEST.TestPhieuNhap@654f0d9c</td></tr>
<tr>
<td title='com.ttt.TEST.TestPhieuNhap.getFormPNTest()'><b>getFormPNTest</b><br>Test class: com.ttt.TEST.TestPhieuNhap<br>Parameters: true, them, PN2023081700008, NV2023073000009, Test case checkNull true, getFormPN Successfully</td>
<td></td>
<td>0</td>
<td>com.ttt.TEST.TestPhieuNhap@654f0d9c</td></tr>
<tr>
<td title='com.ttt.TEST.TestPhieuNhap.checkNullTest()'><b>checkNullTest</b><br>Test class: com.ttt.TEST.TestPhieuNhap<br>Parameters: , SM456, 1000, Vui lòng nhập số khung</td>
<td></td>
<td>0</td>
<td>com.ttt.TEST.TestPhieuNhap@654f0d9c</td></tr>
<tr>
<td title='com.ttt.TEST.TestPhieuNhap.themXeVaoPhieuNhapTest()'><b>themXeVaoPhieuNhapTest</b><br>Test class: com.ttt.TEST.TestPhieuNhap<br>Parameters: false, SK7143, PN2023072100004, Dữ liệu chưa hợp lệ</td>
<td></td>
<td>0</td>
<td>com.ttt.TEST.TestPhieuNhap@654f0d9c</td></tr>
<tr>
<td title='com.ttt.TEST.TestPhieuNhap.suaPhieuNhapTest()'><b>suaPhieuNhapTest</b><br>Test class: com.ttt.TEST.TestPhieuNhap<br>Parameters: PN2023120500007, NV2023073000009, Wed Dec 06 21:31:04 ICT 2023, Wed Dec 06 21:31:04 ICT 2023, NV2023081700016, sua PN, 14, null, null, null, VT03, FCJLTC, SK3949, SM7171, 1, 700, 0, 0, 0, null, null, null, null, true, Sửa thành công</td>
<td></td>
<td>0</td>
<td>com.ttt.TEST.TestPhieuNhap@654f0d9c</td></tr>
<tr>
<td title='com.ttt.TEST.TestPhieuNhap.checkNullTest()'><b>checkNullTest</b><br>Test class: com.ttt.TEST.TestPhieuNhap<br>Parameters: SK123456789123456, SM456, -1000, Không được nhập âm giá</td>
<td></td>
<td>0</td>
<td>com.ttt.TEST.TestPhieuNhap@654f0d9c</td></tr>
<tr>
<td title='com.ttt.TEST.TestPhieuNhap.xoaTest()'><b>xoaTest</b><br>Test class: com.ttt.TEST.TestPhieuNhap<br>Parameters: false, PN2023120600006, null, null, 0.0, true, Thông báo phiếu nhập chưa có trong cơ sở dữ liệu. Vui lòng chọn phiếu nhập khác</td>
<td></td>
<td>0</td>
<td>com.ttt.TEST.TestPhieuNhap@654f0d9c</td></tr>
<tr>
<td title='com.ttt.TEST.TestPhieuNhap.isExist_PhieuNhapTest()'><b>isExist_PhieuNhapTest</b><br>Test class: com.ttt.TEST.TestPhieuNhap<br>Parameters: PN2023120500003, false</td>
<td></td>
<td>0</td>
<td>com.ttt.TEST.TestPhieuNhap@654f0d9c</td></tr>
<tr>
<td title='com.ttt.TEST.TestPhieuNhap.checkNullTest()'><b>checkNullTest</b><br>Test class: com.ttt.TEST.TestPhieuNhap<br>Parameters: SK123456789123456, SM456, abc, Giá nhập sai kiểu dữ liệu</td>
<td></td>
<td>0</td>
<td>com.ttt.TEST.TestPhieuNhap@654f0d9c</td></tr>
<tr>
<td title='com.ttt.TEST.TestPhieuNhap.themXeVaoPhieuNhapTest()'><b>themXeVaoPhieuNhapTest</b><br>Test class: com.ttt.TEST.TestPhieuNhap<br>Parameters: true, SK 7543, PN2023072100004, Đã tồn tại số khung</td>
<td></td>
<td>0</td>
<td>com.ttt.TEST.TestPhieuNhap@654f0d9c</td></tr>
<tr>
<td title='com.ttt.TEST.TestPhieuNhap.themXeVaoPhieuNhapTest()'><b>themXeVaoPhieuNhapTest</b><br>Test class: com.ttt.TEST.TestPhieuNhap<br>Parameters: true, SK7122, PN2023120500004, Đã thêm xe vào phiếu nhập</td>
<td></td>
<td>0</td>
<td>com.ttt.TEST.TestPhieuNhap@654f0d9c</td></tr>
<tr>
<td title='com.ttt.TEST.TestPhieuNhap.checkNullTest()'><b>checkNullTest</b><br>Test class: com.ttt.TEST.TestPhieuNhap<br>Parameters: SK123456789123456, SM456, 1000, </td>
<td></td>
<td>0</td>
<td>com.ttt.TEST.TestPhieuNhap@654f0d9c</td></tr>
<tr>
<td title='com.ttt.TEST.TestPhieuNhap.suaPhieuNhapTest()'><b>suaPhieuNhapTest</b><br>Test class: com.ttt.TEST.TestPhieuNhap<br>Parameters: PN2023120500007, NV2023073000009, Wed Dec 06 21:31:04 ICT 2023, Wed Dec 06 21:31:04 ICT 2023, NV2023081700016, sua PN, 14, null, null, null, VT03, FCJLTC, SK3399, SM6771, 1, 700, 0, 0, 0, null, null, null, null, false, </td>
<td></td>
<td>0</td>
<td>com.ttt.TEST.TestPhieuNhap@654f0d9c</td></tr>
<tr>
<td title='com.ttt.TEST.TestPhieuNhap.isExist_PhieuNhapTest()'><b>isExist_PhieuNhapTest</b><br>Test class: com.ttt.TEST.TestPhieuNhap<br>Parameters: PN2023072100003, true</td>
<td></td>
<td>0</td>
<td>com.ttt.TEST.TestPhieuNhap@654f0d9c</td></tr>
<tr>
<td title='com.ttt.TEST.TestPhieuNhap.checkNullTest()'><b>checkNullTest</b><br>Test class: com.ttt.TEST.TestPhieuNhap<br>Parameters: , , , Vui lòng nhập dữ liệu</td>
<td></td>
<td>0</td>
<td>com.ttt.TEST.TestPhieuNhap@654f0d9c</td></tr>
<tr>
<td title='com.ttt.TEST.TestPhieuNhap.isExist_PhieuNhapTest()'><b>isExist_PhieuNhapTest</b><br>Test class: com.ttt.TEST.TestPhieuNhap<br>Parameters: PN2023072700006, true</td>
<td></td>
<td>0</td>
<td>com.ttt.TEST.TestPhieuNhap@654f0d9c</td></tr>
<tr>
<td title='com.ttt.TEST.TestPhieuNhap.getFormPNTest()'><b>getFormPNTest</b><br>Test class: com.ttt.TEST.TestPhieuNhap<br>Parameters: false, sua, PN2023072100005, NV2023073000009, Test case checkNull false, </td>
<td></td>
<td>0</td>
<td>com.ttt.TEST.TestPhieuNhap@654f0d9c</td></tr>
<tr>
<td title='com.ttt.TEST.TestPhieuNhap.getFormPNTest()'><b>getFormPNTest</b><br>Test class: com.ttt.TEST.TestPhieuNhap<br>Parameters: true, sua, PN2023072100005, NV2023073000009, Test case checkNull true, getFormPN Successfully</td>
<td></td>
<td>0</td>
<td>com.ttt.TEST.TestPhieuNhap@654f0d9c</td></tr>
<tr>
<td title='com.ttt.TEST.TestPhieuNhap.getFormPNTest()'><b>getFormPNTest</b><br>Test class: com.ttt.TEST.TestPhieuNhap<br>Parameters: false, them, PN2023081700008, NV2023073000009, Test case checkNull false, </td>
<td></td>
<td>0</td>
<td>com.ttt.TEST.TestPhieuNhap@654f0d9c</td></tr>
<tr>
<td title='com.ttt.TEST.TestPhieuNhap.themPhieuNhapTest()'><b>themPhieuNhapTest</b><br>Test class: com.ttt.TEST.TestPhieuNhap<br>Parameters: PN2023072100003, NV2023073000009, Wed Dec 06 21:31:04 ICT 2023, null, null, dienGiai, 15, null, null, null, VT03, FCJLTC, SK8054, SM7979, 1, 700, 0, 0, 0, null, null, null, null, true, Đã thêm xe vào phiếu nhập</td>
<td></td>
<td>0</td>
<td>com.ttt.TEST.TestPhieuNhap@654f0d9c</td></tr>
<tr>
<td title='com.ttt.TEST.TestPhieuNhap.xoaTest()'><b>xoaTest</b><br>Test class: com.ttt.TEST.TestPhieuNhap<br>Parameters: false, PN2023072100003, SK8054, SM7979, 700, true, Xóa thành công</td>
<td></td>
<td>0</td>
<td>com.ttt.TEST.TestPhieuNhap@654f0d9c</td></tr>
</table><p>
</body>
</html>