<?xml version="1.0" encoding="UTF-8"?>
<!-- Generated by org.testng.reporters.JUnitXMLReporter -->
<testsuite ignored="0" hostname="LAPTOP-CS6VK75P" failures="13" tests="39" name="TestPhieuNhap" time="1.502" errors="0" timestamp="2023-12-06T20:10:12 ICT">
  <testcase classname="com.ttt.TEST.NhapKho_Test" name="checkExistSoKhungTest" time="0.344">
    <failure type="java.lang.AssertionError" message="expected:&amp;lt;true&amp;gt; but was:&amp;lt;false&amp;gt;">
      <![CDATA[java.lang.AssertionError: expected:<true> but was:<false>
at com.ttt.TEST.NhapKho_Test.checkExistSoKhungTest(NhapKho_Test.java:35)
at java.base/java.util.ArrayList.forEach(ArrayList.java:1511)
... Removed 30 stack frames]]>
    </failure>
  </testcase> <!-- checkExistSoKhungTest -->
  <testcase classname="com.ttt.TEST.NhapKho_Test" name="checkExistSoKhungTest" time="0.055">
    <failure type="java.lang.AssertionError" message="expected:&amp;lt;true&amp;gt; but was:&amp;lt;false&amp;gt;">
      <![CDATA[java.lang.AssertionError: expected:<true> but was:<false>
at com.ttt.TEST.NhapKho_Test.checkExistSoKhungTest(NhapKho_Test.java:35)
at java.base/java.util.ArrayList.forEach(ArrayList.java:1511)
... Removed 30 stack frames]]>
    </failure>
  </testcase> <!-- checkExistSoKhungTest -->
  <testcase classname="com.ttt.TEST.NhapKho_Test" name="checkExistSoKhungTest" time="0.041"/>
  <testcase classname="com.ttt.TEST.NhapKho_Test" name="checkExistSoKhungTest" time="0.04"/>
  <testcase classname="com.ttt.TEST.NhapKho_Test" name="checkNullTest" time="0.006"/>
  <testcase classname="com.ttt.TEST.NhapKho_Test" name="checkNullTest" time="0.002"/>
  <testcase classname="com.ttt.TEST.NhapKho_Test" name="checkNullTest" time="0.001"/>
  <testcase classname="com.ttt.TEST.NhapKho_Test" name="checkNullTest" time="0.0"/>
  <testcase classname="com.ttt.TEST.NhapKho_Test" name="checkNullTest" time="0.002"/>
  <testcase classname="com.ttt.TEST.NhapKho_Test" name="checkNullTest" time="0.001"/>
  <testcase classname="com.ttt.TEST.NhapKho_Test" name="checkNullTest" time="0.002"/>
  <testcase classname="com.ttt.TEST.NhapKho_Test" name="checkNullTest" time="0.001"/>
  <testcase classname="com.ttt.TEST.NhapKho_Test" name="checkNullTest" time="0.001">
    <failure type="java.lang.AssertionError" message="expected:&amp;lt;&amp;gt; but was:&amp;lt;Số khung phải có 17 ký tự&amp;gt;">
      <![CDATA[java.lang.AssertionError: expected:<> but was:<Số khung phải có 17 ký tự>
at com.ttt.TEST.NhapKho_Test.checkNullTest(NhapKho_Test.java:77)
at java.base/java.util.ArrayList.forEach(ArrayList.java:1511)
... Removed 27 stack frames]]>
    </failure>
  </testcase> <!-- checkNullTest -->
  <testcase classname="com.ttt.TEST.NhapKho_Test" name="checkNullTest" time="0.001">
    <failure type="java.lang.AssertionError" message="expected:&amp;lt;&amp;gt; but was:&amp;lt;Số khung phải có 17 ký tự&amp;gt;">
      <![CDATA[java.lang.AssertionError: expected:<> but was:<Số khung phải có 17 ký tự>
at com.ttt.TEST.NhapKho_Test.checkNullTest(NhapKho_Test.java:77)
at java.base/java.util.ArrayList.forEach(ArrayList.java:1511)
... Removed 27 stack frames]]>
    </failure>
  </testcase> <!-- checkNullTest -->
  <testcase classname="com.ttt.TEST.NhapKho_Test" name="checkNullTest" time="0.001">
    <failure type="java.lang.AssertionError" message="expected:&amp;lt;&amp;gt; but was:&amp;lt;Đã tồn tại số khung&amp;gt;">
      <![CDATA[java.lang.AssertionError: expected:<> but was:<Đã tồn tại số khung>
at com.ttt.TEST.NhapKho_Test.checkNullTest(NhapKho_Test.java:77)
at java.base/java.util.ArrayList.forEach(ArrayList.java:1511)
... Removed 27 stack frames]]>
    </failure>
  </testcase> <!-- checkNullTest -->
  <testcase classname="com.ttt.TEST.NhapKho_Test" name="getFormChiTietPhieuNhapSuaTest" time="0.052">
    <failure type="java.lang.AssertionError" message="expected:&amp;lt;false&amp;gt; but was:&amp;lt;true&amp;gt;">
      <![CDATA[java.lang.AssertionError: expected:<false> but was:<true>
at com.ttt.TEST.NhapKho_Test.getFormChiTietPhieuNhapSuaTest(NhapKho_Test.java:184)
at java.base/java.util.ArrayList.forEach(ArrayList.java:1511)
... Removed 30 stack frames]]>
    </failure>
  </testcase> <!-- getFormChiTietPhieuNhapSuaTest -->
  <testcase classname="com.ttt.TEST.NhapKho_Test" name="getFormChiTietPhieuNhapThemTest" time="0.005">
    <failure type="java.lang.AssertionError" message="expected:&amp;lt;false&amp;gt; but was:&amp;lt;true&amp;gt;">
      <![CDATA[java.lang.AssertionError: expected:<false> but was:<true>
at com.ttt.TEST.NhapKho_Test.getFormChiTietPhieuNhapThemTest(NhapKho_Test.java:132)
at java.base/java.util.ArrayList.forEach(ArrayList.java:1511)
... Removed 30 stack frames]]>
    </failure>
  </testcase> <!-- getFormChiTietPhieuNhapThemTest -->
  <testcase classname="com.ttt.TEST.NhapKho_Test" name="getFormPNTest" time="0.003"/>
  <testcase classname="com.ttt.TEST.NhapKho_Test" name="getFormPNTest" time="0.001"/>
  <testcase classname="com.ttt.TEST.NhapKho_Test" name="getFormPNTest" time="0.044"/>
  <testcase classname="com.ttt.TEST.NhapKho_Test" name="getFormPNTest" time="0.001"/>
  <testcase classname="com.ttt.TEST.NhapKho_Test" name="isExist_PhieuNhapTest" time="0.024"/>
  <testcase classname="com.ttt.TEST.NhapKho_Test" name="isExist_PhieuNhapTest" time="0.022">
    <failure type="java.lang.AssertionError" message="expected:&amp;lt;false&amp;gt; but was:&amp;lt;true&amp;gt;">
      <![CDATA[java.lang.AssertionError: expected:<false> but was:<true>
at com.ttt.TEST.NhapKho_Test.isExist_PhieuNhapTest(NhapKho_Test.java:247)
at java.base/java.util.ArrayList.forEach(ArrayList.java:1511)
... Removed 30 stack frames]]>
    </failure>
  </testcase> <!-- isExist_PhieuNhapTest -->
  <testcase classname="com.ttt.TEST.NhapKho_Test" name="isExist_PhieuNhapTest" time="0.027"/>
  <testcase classname="com.ttt.TEST.NhapKho_Test" name="isExist_PhieuNhapTest" time="0.02"/>
  <testcase classname="com.ttt.TEST.NhapKho_Test" name="suaPhieuNhapTest" time="0.005"/>
  <testcase classname="com.ttt.TEST.NhapKho_Test" name="suaPhieuNhapTest" time="0.05"/>
  <testcase classname="com.ttt.TEST.NhapKho_Test" name="themPhieuNhapTest" time="0.299">
    <failure type="java.lang.AssertionError" message="expected:&amp;lt;Đã thêm xe vào phiếu nhập&amp;gt; but was:&amp;lt;Thêm mới thành công&amp;gt;">
      <![CDATA[java.lang.AssertionError: expected:<Đã thêm xe vào phiếu nhập> but was:<Thêm mới thành công>
at com.ttt.TEST.NhapKho_Test.themPhieuNhapTest(NhapKho_Test.java:368)
at java.base/java.util.ArrayList.forEach(ArrayList.java:1511)
... Removed 27 stack frames]]>
    </failure>
  </testcase> <!-- themPhieuNhapTest -->
  <testcase classname="com.ttt.TEST.NhapKho_Test" name="themPhieuNhapTest" time="0.161">
    <failure type="java.lang.AssertionError" message="expected:&amp;lt;Thêm mới thành công&amp;gt; but was:&amp;lt;Đã thêm xe vào phiếu nhập&amp;gt;">
      <![CDATA[java.lang.AssertionError: expected:<Thêm mới thành công> but was:<Đã thêm xe vào phiếu nhập>
at com.ttt.TEST.NhapKho_Test.themPhieuNhapTest(NhapKho_Test.java:368)
at java.base/java.util.ArrayList.forEach(ArrayList.java:1511)
... Removed 27 stack frames]]>
    </failure>
  </testcase> <!-- themPhieuNhapTest -->
  <testcase classname="com.ttt.TEST.NhapKho_Test" name="themXeVaoPhieuNhapTest" time="0.029"/>
  <testcase classname="com.ttt.TEST.NhapKho_Test" name="themXeVaoPhieuNhapTest" time="0.024">
    <failure type="java.lang.AssertionError" message="expected:&amp;lt;Đã thêm xe vào phiếu nhập&amp;gt; but was:&amp;lt;Đã tồn tại số khung&amp;gt;">
      <![CDATA[java.lang.AssertionError: expected:<Đã thêm xe vào phiếu nhập> but was:<Đã tồn tại số khung>
at com.ttt.TEST.NhapKho_Test.themXeVaoPhieuNhapTest(NhapKho_Test.java:269)
at java.base/java.util.ArrayList.forEach(ArrayList.java:1511)
... Removed 27 stack frames]]>
    </failure>
  </testcase> <!-- themXeVaoPhieuNhapTest -->
  <testcase classname="com.ttt.TEST.NhapKho_Test" name="themXeVaoPhieuNhapTest" time="0.027">
    <failure type="java.lang.AssertionError" message="expected:&amp;lt;Đã thêm xe vào phiếu nhập&amp;gt; but was:&amp;lt;Đã tồn tại số khung&amp;gt;">
      <![CDATA[java.lang.AssertionError: expected:<Đã thêm xe vào phiếu nhập> but was:<Đã tồn tại số khung>
at com.ttt.TEST.NhapKho_Test.themXeVaoPhieuNhapTest(NhapKho_Test.java:269)
at java.base/java.util.ArrayList.forEach(ArrayList.java:1511)
... Removed 27 stack frames]]>
    </failure>
  </testcase> <!-- themXeVaoPhieuNhapTest -->
  <testcase classname="com.ttt.TEST.NhapKho_Test" name="themXeVaoPhieuNhapTest" time="0.024"/>
  <testcase classname="com.ttt.TEST.NhapKho_Test" name="themXeVaoPhieuNhapTest" time="0.018"/>
  <testcase classname="com.ttt.TEST.NhapKho_Test" name="themXeVaoPhieuNhapTest" time="0.001"/>
  <testcase classname="com.ttt.TEST.NhapKho_Test" name="xoaTest" time="0.004"/>
  <testcase classname="com.ttt.TEST.NhapKho_Test" name="xoaTest" time="0.001"/>
  <testcase classname="com.ttt.TEST.NhapKho_Test" name="xoaTest" time="0.061">
    <failure type="java.lang.AssertionError" message="expected:&amp;lt;Xóa thành công&amp;gt; but was:&amp;lt;Bạn không có quyền xóa phiếu nhập&amp;gt;">
      <![CDATA[java.lang.AssertionError: expected:<Xóa thành công> but was:<Bạn không có quyền xóa phiếu nhập>
at com.ttt.TEST.NhapKho_Test.xoaTest(NhapKho_Test.java:414)
at java.base/java.util.ArrayList.forEach(ArrayList.java:1511)
... Removed 27 stack frames]]>
    </failure>
  </testcase> <!-- xoaTest -->
  <testcase classname="com.ttt.TEST.NhapKho_Test" name="xoaTest" time="0.001"/>
</testsuite> <!-- TestPhieuNhap -->
