<html>
<head>
<title>TestNG:  main-suite-test1</title>
<link href="../testng.css" rel="stylesheet" type="text/css" />
<link href="../my-testng.css" rel="stylesheet" type="text/css" />

<style type="text/css">
.log { display: none;} 
.stack-trace { display: none;} 
</style>
<script type="text/javascript">
<!--
function flip(e) {
  current = e.style.display;
  if (current == 'block') {
    e.style.display = 'none';
    return 0;
  }
  else {
    e.style.display = 'block';
    return 1;
  }
}

function toggleBox(szDivId, elem, msg1, msg2)
{
  var res = -1;  if (document.getElementById) {
    res = flip(document.getElementById(szDivId));
  }
  else if (document.all) {
    // this is the way old msie versions work
    res = flip(document.all[szDivId]);
  }
  if(elem) {
    if(res == 0) elem.innerHTML = msg1; else elem.innerHTML = msg2;
  }

}

function toggleAllBoxes() {
  if (document.getElementsByTagName) {
    d = document.getElementsByTagName('div');
    for (i = 0; i < d.length; i++) {
      if (d[i].className == 'log') {
        flip(d[i]);
      }
    }
  }
}

// -->
</script>

</head>
<body>
<h2 align='center'>main-suite-test1</h2><table border='1' align="center">
<tr>
<td>Tests passed/Failed/Skipped:</td><td>83/24/0</td>
</tr><tr>
<td>Started on:</td><td>Thu Dec 07 14:01:28 ICT 2023</td>
</tr>
<tr><td>Total time:</td><td>1 seconds (1109 ms)</td>
</tr><tr>
<td>Included groups:</td><td></td>
</tr><tr>
<td>Excluded groups:</td><td></td>
</tr>
</table><p/>
<small><i>(Hover the method name to see the test class name)</i></small><p/>
<table width='100%' border='1' class='invocation-failed'>
<tr><td colspan='4' align='center'><b>FAILED TESTS</b></td></tr>
<tr><td><b>Test method</b></td>
<td width="30%"><b>Exception</b></td>
<td width="10%"><b>Time (seconds)</b></td>
<td><b>Instance</b></td>
</tr>
<tr>
<td title='com.ttt.TEST.TestDangNhap.loginTest()'><b>loginTest</b><br>Test class: com.ttt.TEST.TestDangNhap<br>Parameters: PC05132, saimk, Đăng nhập sai tài khoản</td>
<td><div><pre>java.lang.AssertionError: expected [Đăng nhập sai tài khoản] but found [Sai tên đăng nhập]
	at com.ttt.TEST.TestDangNhap.loginTest(TestDangNhap.java:26)
	at java.base/java.util.ArrayList.forEach(ArrayList.java:1511)
... Removed 31 stack frames</pre></div><a href='#' onClick='toggleBox("stack-trace2010070923", this, "Click to show all stack frames", "Click to hide stack frames")'>Click to show all stack frames</a>
<div class='stack-trace' id='stack-trace2010070923'><pre>java.lang.AssertionError: expected [Đăng nhập sai tài khoản] but found [Sai tên đăng nhập]
	at org.testng.Assert.fail(Assert.java:99)
	at org.testng.Assert.failNotEquals(Assert.java:1037)
	at org.testng.Assert.assertEqualsImpl(Assert.java:140)
	at org.testng.Assert.assertEquals(Assert.java:122)
	at org.testng.Assert.assertEquals(Assert.java:629)
	at org.testng.Assert.assertEquals(Assert.java:639)
	at com.ttt.TEST.TestDangNhap.loginTest(TestDangNhap.java:26)
	at java.base/jdk.internal.reflect.DirectMethodHandleAccessor.invoke(DirectMethodHandleAccessor.java:104)
	at java.base/java.lang.reflect.Method.invoke(Method.java:577)
	at org.testng.internal.MethodInvocationHelper.invokeMethod(MethodInvocationHelper.java:133)
	at org.testng.internal.TestInvoker.invokeMethod(TestInvoker.java:598)
	at org.testng.internal.TestInvoker.invokeTestMethod(TestInvoker.java:173)
	at org.testng.internal.MethodRunner.runInSequence(MethodRunner.java:46)
	at org.testng.internal.TestInvoker$MethodInvocationAgent.invoke(TestInvoker.java:824)
	at org.testng.internal.TestInvoker.invokeTestMethods(TestInvoker.java:146)
	at org.testng.internal.TestMethodWorker.invokeTestMethods(TestMethodWorker.java:146)
	at org.testng.internal.TestMethodWorker.run(TestMethodWorker.java:128)
	at java.base/java.util.ArrayList.forEach(ArrayList.java:1511)
	at org.testng.TestRunner.privateRun(TestRunner.java:794)
	at org.testng.TestRunner.run(TestRunner.java:596)
	at org.testng.SuiteRunner.runTest(SuiteRunner.java:377)
	at org.testng.SuiteRunner.runSequentially(SuiteRunner.java:371)
	at org.testng.SuiteRunner.privateRun(SuiteRunner.java:332)
	at org.testng.SuiteRunner.run(SuiteRunner.java:276)
	at org.testng.SuiteRunnerWorker.runSuite(SuiteRunnerWorker.java:53)
	at org.testng.SuiteRunnerWorker.run(SuiteRunnerWorker.java:96)
	at org.testng.TestNG.runSuitesSequentially(TestNG.java:1212)
	at org.testng.TestNG.runSuitesLocally(TestNG.java:1134)
	at org.testng.TestNG.runSuites(TestNG.java:1063)
	at org.testng.TestNG.run(TestNG.java:1031)
	at org.testng.remote.AbstractRemoteTestNG.run(AbstractRemoteTestNG.java:115)
	at org.testng.remote.RemoteTestNG.initAndRun(RemoteTestNG.java:251)
	at org.testng.remote.RemoteTestNG.main(RemoteTestNG.java:77)
</pre></div></td>
<td>0</td>
<td>com.ttt.TEST.TestDangNhap@2cd76f31</td></tr>
<tr>
<td title='com.ttt.TEST.TestPhieuNhap.checkExistSoKhungTest()'><b>checkExistSoKhungTest</b><br>Test class: com.ttt.TEST.TestPhieuNhap<br>Parameters: SK 788, PN2023072100001, Đã tồn tại số khung</td>
<td><div><pre>java.lang.AssertionError: expected [Đã tồn tại số khung] but found []
	at com.ttt.TEST.TestPhieuNhap.checkExistSoKhungTest(TestPhieuNhap.java:38)
	at java.base/java.util.ArrayList.forEach(ArrayList.java:1511)
... Removed 31 stack frames</pre></div><a href='#' onClick='toggleBox("stack-trace1690481990", this, "Click to show all stack frames", "Click to hide stack frames")'>Click to show all stack frames</a>
<div class='stack-trace' id='stack-trace1690481990'><pre>java.lang.AssertionError: expected [Đã tồn tại số khung] but found []
	at org.testng.Assert.fail(Assert.java:99)
	at org.testng.Assert.failNotEquals(Assert.java:1037)
	at org.testng.Assert.assertEqualsImpl(Assert.java:140)
	at org.testng.Assert.assertEquals(Assert.java:122)
	at org.testng.Assert.assertEquals(Assert.java:629)
	at org.testng.Assert.assertEquals(Assert.java:639)
	at com.ttt.TEST.TestPhieuNhap.checkExistSoKhungTest(TestPhieuNhap.java:38)
	at java.base/jdk.internal.reflect.DirectMethodHandleAccessor.invoke(DirectMethodHandleAccessor.java:104)
	at java.base/java.lang.reflect.Method.invoke(Method.java:577)
	at org.testng.internal.MethodInvocationHelper.invokeMethod(MethodInvocationHelper.java:133)
	at org.testng.internal.TestInvoker.invokeMethod(TestInvoker.java:598)
	at org.testng.internal.TestInvoker.invokeTestMethod(TestInvoker.java:173)
	at org.testng.internal.MethodRunner.runInSequence(MethodRunner.java:46)
	at org.testng.internal.TestInvoker$MethodInvocationAgent.invoke(TestInvoker.java:824)
	at org.testng.internal.TestInvoker.invokeTestMethods(TestInvoker.java:146)
	at org.testng.internal.TestMethodWorker.invokeTestMethods(TestMethodWorker.java:146)
	at org.testng.internal.TestMethodWorker.run(TestMethodWorker.java:128)
	at java.base/java.util.ArrayList.forEach(ArrayList.java:1511)
	at org.testng.TestRunner.privateRun(TestRunner.java:794)
	at org.testng.TestRunner.run(TestRunner.java:596)
	at org.testng.SuiteRunner.runTest(SuiteRunner.java:377)
	at org.testng.SuiteRunner.runSequentially(SuiteRunner.java:371)
	at org.testng.SuiteRunner.privateRun(SuiteRunner.java:332)
	at org.testng.SuiteRunner.run(SuiteRunner.java:276)
	at org.testng.SuiteRunnerWorker.runSuite(SuiteRunnerWorker.java:53)
	at org.testng.SuiteRunnerWorker.run(SuiteRunnerWorker.java:96)
	at org.testng.TestNG.runSuitesSequentially(TestNG.java:1212)
	at org.testng.TestNG.runSuitesLocally(TestNG.java:1134)
	at org.testng.TestNG.runSuites(TestNG.java:1063)
	at org.testng.TestNG.run(TestNG.java:1031)
	at org.testng.remote.AbstractRemoteTestNG.run(AbstractRemoteTestNG.java:115)
	at org.testng.remote.RemoteTestNG.initAndRun(RemoteTestNG.java:251)
	at org.testng.remote.RemoteTestNG.main(RemoteTestNG.java:77)
</pre></div></td>
<td>0</td>
<td>com.ttt.TEST.TestPhieuNhap@3c9754d8</td></tr>
<tr>
<td title='com.ttt.TEST.TestDangNhap.loginTest()'><b>loginTest</b><br>Test class: com.ttt.TEST.TestDangNhap<br>Parameters: NV2023072100001, , Vui lòng nhập mật khẩu</td>
<td><div><pre>java.lang.AssertionError: expected [Vui lòng nhập mật khẩu] but found [Sai mật khẩu]
	at com.ttt.TEST.TestDangNhap.loginTest(TestDangNhap.java:26)
	at java.base/java.util.ArrayList.forEach(ArrayList.java:1511)
... Removed 31 stack frames</pre></div><a href='#' onClick='toggleBox("stack-trace1700421020", this, "Click to show all stack frames", "Click to hide stack frames")'>Click to show all stack frames</a>
<div class='stack-trace' id='stack-trace1700421020'><pre>java.lang.AssertionError: expected [Vui lòng nhập mật khẩu] but found [Sai mật khẩu]
	at org.testng.Assert.fail(Assert.java:99)
	at org.testng.Assert.failNotEquals(Assert.java:1037)
	at org.testng.Assert.assertEqualsImpl(Assert.java:140)
	at org.testng.Assert.assertEquals(Assert.java:122)
	at org.testng.Assert.assertEquals(Assert.java:629)
	at org.testng.Assert.assertEquals(Assert.java:639)
	at com.ttt.TEST.TestDangNhap.loginTest(TestDangNhap.java:26)
	at java.base/jdk.internal.reflect.DirectMethodHandleAccessor.invoke(DirectMethodHandleAccessor.java:104)
	at java.base/java.lang.reflect.Method.invoke(Method.java:577)
	at org.testng.internal.MethodInvocationHelper.invokeMethod(MethodInvocationHelper.java:133)
	at org.testng.internal.TestInvoker.invokeMethod(TestInvoker.java:598)
	at org.testng.internal.TestInvoker.invokeTestMethod(TestInvoker.java:173)
	at org.testng.internal.MethodRunner.runInSequence(MethodRunner.java:46)
	at org.testng.internal.TestInvoker$MethodInvocationAgent.invoke(TestInvoker.java:824)
	at org.testng.internal.TestInvoker.invokeTestMethods(TestInvoker.java:146)
	at org.testng.internal.TestMethodWorker.invokeTestMethods(TestMethodWorker.java:146)
	at org.testng.internal.TestMethodWorker.run(TestMethodWorker.java:128)
	at java.base/java.util.ArrayList.forEach(ArrayList.java:1511)
	at org.testng.TestRunner.privateRun(TestRunner.java:794)
	at org.testng.TestRunner.run(TestRunner.java:596)
	at org.testng.SuiteRunner.runTest(SuiteRunner.java:377)
	at org.testng.SuiteRunner.runSequentially(SuiteRunner.java:371)
	at org.testng.SuiteRunner.privateRun(SuiteRunner.java:332)
	at org.testng.SuiteRunner.run(SuiteRunner.java:276)
	at org.testng.SuiteRunnerWorker.runSuite(SuiteRunnerWorker.java:53)
	at org.testng.SuiteRunnerWorker.run(SuiteRunnerWorker.java:96)
	at org.testng.TestNG.runSuitesSequentially(TestNG.java:1212)
	at org.testng.TestNG.runSuitesLocally(TestNG.java:1134)
	at org.testng.TestNG.runSuites(TestNG.java:1063)
	at org.testng.TestNG.run(TestNG.java:1031)
	at org.testng.remote.AbstractRemoteTestNG.run(AbstractRemoteTestNG.java:115)
	at org.testng.remote.RemoteTestNG.initAndRun(RemoteTestNG.java:251)
	at org.testng.remote.RemoteTestNG.main(RemoteTestNG.java:77)
</pre></div></td>
<td>0</td>
<td>com.ttt.TEST.TestDangNhap@2cd76f31</td></tr>
<tr>
<td title='com.ttt.TEST.TestNhanVien.XoaNhanVien_ThanhCong()'><b>XoaNhanVien_ThanhCong</b><br>Test class: com.ttt.TEST.TestNhanVien</td>
<td><div><pre>org.testng.internal.reflect.MethodMatcherException: 
[public void com.ttt.TEST.TestNhanVien.XoaNhanVien_ThanhCong(java.lang.String,java.lang.String)] has no parameters defined but was found to be using a data provider (either explicitly specified or inherited from class level annotation).
Data provider mismatch
Method: XoaNhanVien_ThanhCong([Parameter{index=0, type=java.lang.String, declaredAnnotations=[]}, Parameter{index=1, type=java.lang.String, declaredAnnotations=[]}])
Arguments: [(java.lang.String) NV2023072100002,(java.lang.String) Hồ Trọng Tường,(java.lang.String) Hậu Giang,(java.lang.String) tuong@gmail.com@gmail.com,(java.lang.String) 11111111,(java.lang.String) 1999-01-08,(java.lang.String) Thành công]
	at java.base/java.util.ArrayList.forEach(ArrayList.java:1511)
... Removed 22 stack frames</pre></div><a href='#' onClick='toggleBox("stack-trace1516417700", this, "Click to show all stack frames", "Click to hide stack frames")'>Click to show all stack frames</a>
<div class='stack-trace' id='stack-trace1516417700'><pre>org.testng.internal.reflect.MethodMatcherException: 
[public void com.ttt.TEST.TestNhanVien.XoaNhanVien_ThanhCong(java.lang.String,java.lang.String)] has no parameters defined but was found to be using a data provider (either explicitly specified or inherited from class level annotation).
Data provider mismatch
Method: XoaNhanVien_ThanhCong([Parameter{index=0, type=java.lang.String, declaredAnnotations=[]}, Parameter{index=1, type=java.lang.String, declaredAnnotations=[]}])
Arguments: [(java.lang.String) NV2023072100002,(java.lang.String) Hồ Trọng Tường,(java.lang.String) Hậu Giang,(java.lang.String) tuong@gmail.com@gmail.com,(java.lang.String) 11111111,(java.lang.String) 1999-01-08,(java.lang.String) Thành công]
	at org.testng.internal.reflect.DataProviderMethodMatcher.getConformingArguments(DataProviderMethodMatcher.java:43)
	at org.testng.internal.Parameters.injectParameters(Parameters.java:914)
	at org.testng.internal.MethodRunner.runInSequence(MethodRunner.java:34)
	at org.testng.internal.TestInvoker$MethodInvocationAgent.invoke(TestInvoker.java:824)
	at org.testng.internal.TestInvoker.invokeTestMethods(TestInvoker.java:146)
	at org.testng.internal.TestMethodWorker.invokeTestMethods(TestMethodWorker.java:146)
	at org.testng.internal.TestMethodWorker.run(TestMethodWorker.java:128)
	at java.base/java.util.ArrayList.forEach(ArrayList.java:1511)
	at org.testng.TestRunner.privateRun(TestRunner.java:794)
	at org.testng.TestRunner.run(TestRunner.java:596)
	at org.testng.SuiteRunner.runTest(SuiteRunner.java:377)
	at org.testng.SuiteRunner.runSequentially(SuiteRunner.java:371)
	at org.testng.SuiteRunner.privateRun(SuiteRunner.java:332)
	at org.testng.SuiteRunner.run(SuiteRunner.java:276)
	at org.testng.SuiteRunnerWorker.runSuite(SuiteRunnerWorker.java:53)
	at org.testng.SuiteRunnerWorker.run(SuiteRunnerWorker.java:96)
	at org.testng.TestNG.runSuitesSequentially(TestNG.java:1212)
	at org.testng.TestNG.runSuitesLocally(TestNG.java:1134)
	at org.testng.TestNG.runSuites(TestNG.java:1063)
	at org.testng.TestNG.run(TestNG.java:1031)
	at org.testng.remote.AbstractRemoteTestNG.run(AbstractRemoteTestNG.java:115)
	at org.testng.remote.RemoteTestNG.initAndRun(RemoteTestNG.java:251)
	at org.testng.remote.RemoteTestNG.main(RemoteTestNG.java:77)
</pre></div></td>
<td>0</td>
<td>com.ttt.TEST.TestNhanVien@55fe41ea</td></tr>
<tr>
<td title='com.ttt.TEST.TestPhieuNhap.checkNullTest()'><b>checkNullTest</b><br>Test class: com.ttt.TEST.TestPhieuNhap<br>Parameters: SK123, SM456, 1000, Số khung phải có 17 ký tự</td>
<td><div><pre>java.lang.AssertionError: expected [Số khung phải có 17 ký tự] but found []
	at com.ttt.TEST.TestPhieuNhap.checkNullTest(TestPhieuNhap.java:78)
	at java.base/java.util.ArrayList.forEach(ArrayList.java:1511)
... Removed 31 stack frames</pre></div><a href='#' onClick='toggleBox("stack-trace1972326147", this, "Click to show all stack frames", "Click to hide stack frames")'>Click to show all stack frames</a>
<div class='stack-trace' id='stack-trace1972326147'><pre>java.lang.AssertionError: expected [Số khung phải có 17 ký tự] but found []
	at org.testng.Assert.fail(Assert.java:99)
	at org.testng.Assert.failNotEquals(Assert.java:1037)
	at org.testng.Assert.assertEqualsImpl(Assert.java:140)
	at org.testng.Assert.assertEquals(Assert.java:122)
	at org.testng.Assert.assertEquals(Assert.java:629)
	at org.testng.Assert.assertEquals(Assert.java:639)
	at com.ttt.TEST.TestPhieuNhap.checkNullTest(TestPhieuNhap.java:78)
	at java.base/jdk.internal.reflect.DirectMethodHandleAccessor.invoke(DirectMethodHandleAccessor.java:104)
	at java.base/java.lang.reflect.Method.invoke(Method.java:577)
	at org.testng.internal.MethodInvocationHelper.invokeMethod(MethodInvocationHelper.java:133)
	at org.testng.internal.TestInvoker.invokeMethod(TestInvoker.java:598)
	at org.testng.internal.TestInvoker.invokeTestMethod(TestInvoker.java:173)
	at org.testng.internal.MethodRunner.runInSequence(MethodRunner.java:46)
	at org.testng.internal.TestInvoker$MethodInvocationAgent.invoke(TestInvoker.java:824)
	at org.testng.internal.TestInvoker.invokeTestMethods(TestInvoker.java:146)
	at org.testng.internal.TestMethodWorker.invokeTestMethods(TestMethodWorker.java:146)
	at org.testng.internal.TestMethodWorker.run(TestMethodWorker.java:128)
	at java.base/java.util.ArrayList.forEach(ArrayList.java:1511)
	at org.testng.TestRunner.privateRun(TestRunner.java:794)
	at org.testng.TestRunner.run(TestRunner.java:596)
	at org.testng.SuiteRunner.runTest(SuiteRunner.java:377)
	at org.testng.SuiteRunner.runSequentially(SuiteRunner.java:371)
	at org.testng.SuiteRunner.privateRun(SuiteRunner.java:332)
	at org.testng.SuiteRunner.run(SuiteRunner.java:276)
	at org.testng.SuiteRunnerWorker.runSuite(SuiteRunnerWorker.java:53)
	at org.testng.SuiteRunnerWorker.run(SuiteRunnerWorker.java:96)
	at org.testng.TestNG.runSuitesSequentially(TestNG.java:1212)
	at org.testng.TestNG.runSuitesLocally(TestNG.java:1134)
	at org.testng.TestNG.runSuites(TestNG.java:1063)
	at org.testng.TestNG.run(TestNG.java:1031)
	at org.testng.remote.AbstractRemoteTestNG.run(AbstractRemoteTestNG.java:115)
	at org.testng.remote.RemoteTestNG.initAndRun(RemoteTestNG.java:251)
	at org.testng.remote.RemoteTestNG.main(RemoteTestNG.java:77)
</pre></div></td>
<td>0</td>
<td>com.ttt.TEST.TestPhieuNhap@3c9754d8</td></tr>
<tr>
<td title='com.ttt.TEST.TestNhanVien.deleteTest()'><b>deleteTest</b><br>Test class: com.ttt.TEST.TestNhanVien</td>
<td><div><pre>org.testng.internal.reflect.MethodMatcherException: 
[public void com.ttt.TEST.TestNhanVien.deleteTest(java.lang.String)] has no parameters defined but was found to be using a data provider (either explicitly specified or inherited from class level annotation).
Data provider mismatch
Method: deleteTest([Parameter{index=0, type=java.lang.String, declaredAnnotations=[]}])
Arguments: [(java.lang.String) NV2023072100002,(java.lang.String) Hồ Trọng Tường,(java.lang.String) Hậu Giang,(java.lang.String) tuong@gmail.com@gmail.com,(java.lang.String) 11111111,(java.lang.String) 1999-01-08,(java.lang.String) Thành công]
	at java.base/java.util.ArrayList.forEach(ArrayList.java:1511)
... Removed 22 stack frames</pre></div><a href='#' onClick='toggleBox("stack-trace1103017075", this, "Click to show all stack frames", "Click to hide stack frames")'>Click to show all stack frames</a>
<div class='stack-trace' id='stack-trace1103017075'><pre>org.testng.internal.reflect.MethodMatcherException: 
[public void com.ttt.TEST.TestNhanVien.deleteTest(java.lang.String)] has no parameters defined but was found to be using a data provider (either explicitly specified or inherited from class level annotation).
Data provider mismatch
Method: deleteTest([Parameter{index=0, type=java.lang.String, declaredAnnotations=[]}])
Arguments: [(java.lang.String) NV2023072100002,(java.lang.String) Hồ Trọng Tường,(java.lang.String) Hậu Giang,(java.lang.String) tuong@gmail.com@gmail.com,(java.lang.String) 11111111,(java.lang.String) 1999-01-08,(java.lang.String) Thành công]
	at org.testng.internal.reflect.DataProviderMethodMatcher.getConformingArguments(DataProviderMethodMatcher.java:43)
	at org.testng.internal.Parameters.injectParameters(Parameters.java:914)
	at org.testng.internal.MethodRunner.runInSequence(MethodRunner.java:34)
	at org.testng.internal.TestInvoker$MethodInvocationAgent.invoke(TestInvoker.java:824)
	at org.testng.internal.TestInvoker.invokeTestMethods(TestInvoker.java:146)
	at org.testng.internal.TestMethodWorker.invokeTestMethods(TestMethodWorker.java:146)
	at org.testng.internal.TestMethodWorker.run(TestMethodWorker.java:128)
	at java.base/java.util.ArrayList.forEach(ArrayList.java:1511)
	at org.testng.TestRunner.privateRun(TestRunner.java:794)
	at org.testng.TestRunner.run(TestRunner.java:596)
	at org.testng.SuiteRunner.runTest(SuiteRunner.java:377)
	at org.testng.SuiteRunner.runSequentially(SuiteRunner.java:371)
	at org.testng.SuiteRunner.privateRun(SuiteRunner.java:332)
	at org.testng.SuiteRunner.run(SuiteRunner.java:276)
	at org.testng.SuiteRunnerWorker.runSuite(SuiteRunnerWorker.java:53)
	at org.testng.SuiteRunnerWorker.run(SuiteRunnerWorker.java:96)
	at org.testng.TestNG.runSuitesSequentially(TestNG.java:1212)
	at org.testng.TestNG.runSuitesLocally(TestNG.java:1134)
	at org.testng.TestNG.runSuites(TestNG.java:1063)
	at org.testng.TestNG.run(TestNG.java:1031)
	at org.testng.remote.AbstractRemoteTestNG.run(AbstractRemoteTestNG.java:115)
	at org.testng.remote.RemoteTestNG.initAndRun(RemoteTestNG.java:251)
	at org.testng.remote.RemoteTestNG.main(RemoteTestNG.java:77)
</pre></div></td>
<td>0</td>
<td>com.ttt.TEST.TestNhanVien@55fe41ea</td></tr>
<tr>
<td title='com.ttt.TEST.TestDoiMatKhau.checkNullTest()'><b>checkNullTest</b><br>Test class: com.ttt.TEST.TestDoiMatKhau<br>Parameters: , nv1234, mk7891230, mk7891230, Vui lòng nhập mã nhân viên</td>
<td><div><pre>java.lang.AssertionError: expected [Vui lòng nhập mã nhân viên] but found [Thông tin đăng nhập không đúng]
	at com.ttt.TEST.TestDoiMatKhau.checkNullTest(TestDoiMatKhau.java:93)
	at java.base/java.util.ArrayList.forEach(ArrayList.java:1511)
... Removed 31 stack frames</pre></div><a href='#' onClick='toggleBox("stack-trace1520491508", this, "Click to show all stack frames", "Click to hide stack frames")'>Click to show all stack frames</a>
<div class='stack-trace' id='stack-trace1520491508'><pre>java.lang.AssertionError: expected [Vui lòng nhập mã nhân viên] but found [Thông tin đăng nhập không đúng]
	at org.testng.Assert.fail(Assert.java:99)
	at org.testng.Assert.failNotEquals(Assert.java:1037)
	at org.testng.Assert.assertEqualsImpl(Assert.java:140)
	at org.testng.Assert.assertEquals(Assert.java:122)
	at org.testng.Assert.assertEquals(Assert.java:629)
	at org.testng.Assert.assertEquals(Assert.java:639)
	at com.ttt.TEST.TestDoiMatKhau.checkNullTest(TestDoiMatKhau.java:93)
	at java.base/jdk.internal.reflect.DirectMethodHandleAccessor.invoke(DirectMethodHandleAccessor.java:104)
	at java.base/java.lang.reflect.Method.invoke(Method.java:577)
	at org.testng.internal.MethodInvocationHelper.invokeMethod(MethodInvocationHelper.java:133)
	at org.testng.internal.TestInvoker.invokeMethod(TestInvoker.java:598)
	at org.testng.internal.TestInvoker.invokeTestMethod(TestInvoker.java:173)
	at org.testng.internal.MethodRunner.runInSequence(MethodRunner.java:46)
	at org.testng.internal.TestInvoker$MethodInvocationAgent.invoke(TestInvoker.java:824)
	at org.testng.internal.TestInvoker.invokeTestMethods(TestInvoker.java:146)
	at org.testng.internal.TestMethodWorker.invokeTestMethods(TestMethodWorker.java:146)
	at org.testng.internal.TestMethodWorker.run(TestMethodWorker.java:128)
	at java.base/java.util.ArrayList.forEach(ArrayList.java:1511)
	at org.testng.TestRunner.privateRun(TestRunner.java:794)
	at org.testng.TestRunner.run(TestRunner.java:596)
	at org.testng.SuiteRunner.runTest(SuiteRunner.java:377)
	at org.testng.SuiteRunner.runSequentially(SuiteRunner.java:371)
	at org.testng.SuiteRunner.privateRun(SuiteRunner.java:332)
	at org.testng.SuiteRunner.run(SuiteRunner.java:276)
	at org.testng.SuiteRunnerWorker.runSuite(SuiteRunnerWorker.java:53)
	at org.testng.SuiteRunnerWorker.run(SuiteRunnerWorker.java:96)
	at org.testng.TestNG.runSuitesSequentially(TestNG.java:1212)
	at org.testng.TestNG.runSuitesLocally(TestNG.java:1134)
	at org.testng.TestNG.runSuites(TestNG.java:1063)
	at org.testng.TestNG.run(TestNG.java:1031)
	at org.testng.remote.AbstractRemoteTestNG.run(AbstractRemoteTestNG.java:115)
	at org.testng.remote.RemoteTestNG.initAndRun(RemoteTestNG.java:251)
	at org.testng.remote.RemoteTestNG.main(RemoteTestNG.java:77)
</pre></div></td>
<td>0</td>
<td>com.ttt.TEST.TestDoiMatKhau@367ffa75</td></tr>
<tr>
<td title='com.ttt.TEST.TestPhieuNhap.checkExistSoKhungTest()'><b>checkExistSoKhungTest</b><br>Test class: com.ttt.TEST.TestPhieuNhap</td>
<td><div><pre>org.testng.internal.reflect.MethodMatcherException: 
[public void com.ttt.TEST.TestPhieuNhap.checkExistSoKhungTest(java.lang.String,java.lang.String,java.lang.String)] has no parameters defined but was found to be using a data provider (either explicitly specified or inherited from class level annotation).
Data provider mismatch
Method: checkExistSoKhungTest([Parameter{index=0, type=java.lang.String, declaredAnnotations=[]}, Parameter{index=1, type=java.lang.String, declaredAnnotations=[]}, Parameter{index=2, type=java.lang.String, declaredAnnotations=[]}])
Arguments: [(java.lang.String) SK 3377,(java.lang.String) PX2023072800004,(java.lang.Boolean) false]
	at java.base/java.util.ArrayList.forEach(ArrayList.java:1511)
... Removed 22 stack frames</pre></div><a href='#' onClick='toggleBox("stack-trace2047984839", this, "Click to show all stack frames", "Click to hide stack frames")'>Click to show all stack frames</a>
<div class='stack-trace' id='stack-trace2047984839'><pre>org.testng.internal.reflect.MethodMatcherException: 
[public void com.ttt.TEST.TestPhieuNhap.checkExistSoKhungTest(java.lang.String,java.lang.String,java.lang.String)] has no parameters defined but was found to be using a data provider (either explicitly specified or inherited from class level annotation).
Data provider mismatch
Method: checkExistSoKhungTest([Parameter{index=0, type=java.lang.String, declaredAnnotations=[]}, Parameter{index=1, type=java.lang.String, declaredAnnotations=[]}, Parameter{index=2, type=java.lang.String, declaredAnnotations=[]}])
Arguments: [(java.lang.String) SK 3377,(java.lang.String) PX2023072800004,(java.lang.Boolean) false]
	at org.testng.internal.reflect.DataProviderMethodMatcher.getConformingArguments(DataProviderMethodMatcher.java:43)
	at org.testng.internal.Parameters.injectParameters(Parameters.java:914)
	at org.testng.internal.MethodRunner.runInSequence(MethodRunner.java:34)
	at org.testng.internal.TestInvoker$MethodInvocationAgent.invoke(TestInvoker.java:824)
	at org.testng.internal.TestInvoker.invokeTestMethods(TestInvoker.java:146)
	at org.testng.internal.TestMethodWorker.invokeTestMethods(TestMethodWorker.java:146)
	at org.testng.internal.TestMethodWorker.run(TestMethodWorker.java:128)
	at java.base/java.util.ArrayList.forEach(ArrayList.java:1511)
	at org.testng.TestRunner.privateRun(TestRunner.java:794)
	at org.testng.TestRunner.run(TestRunner.java:596)
	at org.testng.SuiteRunner.runTest(SuiteRunner.java:377)
	at org.testng.SuiteRunner.runSequentially(SuiteRunner.java:371)
	at org.testng.SuiteRunner.privateRun(SuiteRunner.java:332)
	at org.testng.SuiteRunner.run(SuiteRunner.java:276)
	at org.testng.SuiteRunnerWorker.runSuite(SuiteRunnerWorker.java:53)
	at org.testng.SuiteRunnerWorker.run(SuiteRunnerWorker.java:96)
	at org.testng.TestNG.runSuitesSequentially(TestNG.java:1212)
	at org.testng.TestNG.runSuitesLocally(TestNG.java:1134)
	at org.testng.TestNG.runSuites(TestNG.java:1063)
	at org.testng.TestNG.run(TestNG.java:1031)
	at org.testng.remote.AbstractRemoteTestNG.run(AbstractRemoteTestNG.java:115)
	at org.testng.remote.RemoteTestNG.initAndRun(RemoteTestNG.java:251)
	at org.testng.remote.RemoteTestNG.main(RemoteTestNG.java:77)
</pre></div></td>
<td>0</td>
<td>com.ttt.TEST.TestPhieuNhap@3c9754d8</td></tr>
<tr>
<td title='com.ttt.TEST.TestPhieuNhap.checkNullTest()'><b>checkNullTest</b><br>Test class: com.ttt.TEST.TestPhieuNhap<br>Parameters: SK123456789123456SK, SM456, 1000, Số khung phải có 17 ký tự</td>
<td><div><pre>java.lang.AssertionError: expected [Số khung phải có 17 ký tự] but found []
	at com.ttt.TEST.TestPhieuNhap.checkNullTest(TestPhieuNhap.java:78)
	at java.base/java.util.ArrayList.forEach(ArrayList.java:1511)
... Removed 31 stack frames</pre></div><a href='#' onClick='toggleBox("stack-trace1764291958", this, "Click to show all stack frames", "Click to hide stack frames")'>Click to show all stack frames</a>
<div class='stack-trace' id='stack-trace1764291958'><pre>java.lang.AssertionError: expected [Số khung phải có 17 ký tự] but found []
	at org.testng.Assert.fail(Assert.java:99)
	at org.testng.Assert.failNotEquals(Assert.java:1037)
	at org.testng.Assert.assertEqualsImpl(Assert.java:140)
	at org.testng.Assert.assertEquals(Assert.java:122)
	at org.testng.Assert.assertEquals(Assert.java:629)
	at org.testng.Assert.assertEquals(Assert.java:639)
	at com.ttt.TEST.TestPhieuNhap.checkNullTest(TestPhieuNhap.java:78)
	at java.base/jdk.internal.reflect.DirectMethodHandleAccessor.invoke(DirectMethodHandleAccessor.java:104)
	at java.base/java.lang.reflect.Method.invoke(Method.java:577)
	at org.testng.internal.MethodInvocationHelper.invokeMethod(MethodInvocationHelper.java:133)
	at org.testng.internal.TestInvoker.invokeMethod(TestInvoker.java:598)
	at org.testng.internal.TestInvoker.invokeTestMethod(TestInvoker.java:173)
	at org.testng.internal.MethodRunner.runInSequence(MethodRunner.java:46)
	at org.testng.internal.TestInvoker$MethodInvocationAgent.invoke(TestInvoker.java:824)
	at org.testng.internal.TestInvoker.invokeTestMethods(TestInvoker.java:146)
	at org.testng.internal.TestMethodWorker.invokeTestMethods(TestMethodWorker.java:146)
	at org.testng.internal.TestMethodWorker.run(TestMethodWorker.java:128)
	at java.base/java.util.ArrayList.forEach(ArrayList.java:1511)
	at org.testng.TestRunner.privateRun(TestRunner.java:794)
	at org.testng.TestRunner.run(TestRunner.java:596)
	at org.testng.SuiteRunner.runTest(SuiteRunner.java:377)
	at org.testng.SuiteRunner.runSequentially(SuiteRunner.java:371)
	at org.testng.SuiteRunner.privateRun(SuiteRunner.java:332)
	at org.testng.SuiteRunner.run(SuiteRunner.java:276)
	at org.testng.SuiteRunnerWorker.runSuite(SuiteRunnerWorker.java:53)
	at org.testng.SuiteRunnerWorker.run(SuiteRunnerWorker.java:96)
	at org.testng.TestNG.runSuitesSequentially(TestNG.java:1212)
	at org.testng.TestNG.runSuitesLocally(TestNG.java:1134)
	at org.testng.TestNG.runSuites(TestNG.java:1063)
	at org.testng.TestNG.run(TestNG.java:1031)
	at org.testng.remote.AbstractRemoteTestNG.run(AbstractRemoteTestNG.java:115)
	at org.testng.remote.RemoteTestNG.initAndRun(RemoteTestNG.java:251)
	at org.testng.remote.RemoteTestNG.main(RemoteTestNG.java:77)
</pre></div></td>
<td>0</td>
<td>com.ttt.TEST.TestPhieuNhap@3c9754d8</td></tr>
<tr>
<td title='com.ttt.TEST.TestPhieuNhap.themPhieuNhapTest()'><b>themPhieuNhapTest</b><br>Test class: com.ttt.TEST.TestPhieuNhap<br>Parameters: PN2023120500007, NV2023073000009, Thu Dec 07 14:01:29 ICT 2023, null, null, dienGiai, 14, null, null, null, VT03, FCJLTC, SK5051, SM7375, 1, 700, 0, 0, 0, null, null, null, null, true, Thêm mới thành công</td>
<td><div><pre>java.lang.AssertionError: expected [Thêm mới thành công] but found [Đã thêm xe vào phiếu nhập]
	at com.ttt.TEST.TestPhieuNhap.themPhieuNhapTest(TestPhieuNhap.java:370)
	at java.base/java.util.ArrayList.forEach(ArrayList.java:1511)
... Removed 31 stack frames</pre></div><a href='#' onClick='toggleBox("stack-trace1693997031", this, "Click to show all stack frames", "Click to hide stack frames")'>Click to show all stack frames</a>
<div class='stack-trace' id='stack-trace1693997031'><pre>java.lang.AssertionError: expected [Thêm mới thành công] but found [Đã thêm xe vào phiếu nhập]
	at org.testng.Assert.fail(Assert.java:99)
	at org.testng.Assert.failNotEquals(Assert.java:1037)
	at org.testng.Assert.assertEqualsImpl(Assert.java:140)
	at org.testng.Assert.assertEquals(Assert.java:122)
	at org.testng.Assert.assertEquals(Assert.java:629)
	at org.testng.Assert.assertEquals(Assert.java:639)
	at com.ttt.TEST.TestPhieuNhap.themPhieuNhapTest(TestPhieuNhap.java:370)
	at java.base/jdk.internal.reflect.DirectMethodHandleAccessor.invoke(DirectMethodHandleAccessor.java:104)
	at java.base/java.lang.reflect.Method.invoke(Method.java:577)
	at org.testng.internal.MethodInvocationHelper.invokeMethod(MethodInvocationHelper.java:133)
	at org.testng.internal.TestInvoker.invokeMethod(TestInvoker.java:598)
	at org.testng.internal.TestInvoker.invokeTestMethod(TestInvoker.java:173)
	at org.testng.internal.MethodRunner.runInSequence(MethodRunner.java:46)
	at org.testng.internal.TestInvoker$MethodInvocationAgent.invoke(TestInvoker.java:824)
	at org.testng.internal.TestInvoker.invokeTestMethods(TestInvoker.java:146)
	at org.testng.internal.TestMethodWorker.invokeTestMethods(TestMethodWorker.java:146)
	at org.testng.internal.TestMethodWorker.run(TestMethodWorker.java:128)
	at java.base/java.util.ArrayList.forEach(ArrayList.java:1511)
	at org.testng.TestRunner.privateRun(TestRunner.java:794)
	at org.testng.TestRunner.run(TestRunner.java:596)
	at org.testng.SuiteRunner.runTest(SuiteRunner.java:377)
	at org.testng.SuiteRunner.runSequentially(SuiteRunner.java:371)
	at org.testng.SuiteRunner.privateRun(SuiteRunner.java:332)
	at org.testng.SuiteRunner.run(SuiteRunner.java:276)
	at org.testng.SuiteRunnerWorker.runSuite(SuiteRunnerWorker.java:53)
	at org.testng.SuiteRunnerWorker.run(SuiteRunnerWorker.java:96)
	at org.testng.TestNG.runSuitesSequentially(TestNG.java:1212)
	at org.testng.TestNG.runSuitesLocally(TestNG.java:1134)
	at org.testng.TestNG.runSuites(TestNG.java:1063)
	at org.testng.TestNG.run(TestNG.java:1031)
	at org.testng.remote.AbstractRemoteTestNG.run(AbstractRemoteTestNG.java:115)
	at org.testng.remote.RemoteTestNG.initAndRun(RemoteTestNG.java:251)
	at org.testng.remote.RemoteTestNG.main(RemoteTestNG.java:77)
</pre></div></td>
<td>0</td>
<td>com.ttt.TEST.TestPhieuNhap@3c9754d8</td></tr>
<tr>
<td title='com.ttt.TEST.TestDoiMatKhau.checkNullTest()'><b>checkNullTest</b><br>Test class: com.ttt.TEST.TestDoiMatKhau<br>Parameters: , , mk134567, mk43128, Vui lòng nhập đầy đủ thông tin</td>
<td><div><pre>java.lang.AssertionError: expected [Vui lòng nhập đầy đủ thông tin] but found [Thông tin nhập chưa đúng]
	at com.ttt.TEST.TestDoiMatKhau.checkNullTest(TestDoiMatKhau.java:93)
	at java.base/java.util.ArrayList.forEach(ArrayList.java:1511)
... Removed 31 stack frames</pre></div><a href='#' onClick='toggleBox("stack-trace1746578747", this, "Click to show all stack frames", "Click to hide stack frames")'>Click to show all stack frames</a>
<div class='stack-trace' id='stack-trace1746578747'><pre>java.lang.AssertionError: expected [Vui lòng nhập đầy đủ thông tin] but found [Thông tin nhập chưa đúng]
	at org.testng.Assert.fail(Assert.java:99)
	at org.testng.Assert.failNotEquals(Assert.java:1037)
	at org.testng.Assert.assertEqualsImpl(Assert.java:140)
	at org.testng.Assert.assertEquals(Assert.java:122)
	at org.testng.Assert.assertEquals(Assert.java:629)
	at org.testng.Assert.assertEquals(Assert.java:639)
	at com.ttt.TEST.TestDoiMatKhau.checkNullTest(TestDoiMatKhau.java:93)
	at java.base/jdk.internal.reflect.DirectMethodHandleAccessor.invoke(DirectMethodHandleAccessor.java:104)
	at java.base/java.lang.reflect.Method.invoke(Method.java:577)
	at org.testng.internal.MethodInvocationHelper.invokeMethod(MethodInvocationHelper.java:133)
	at org.testng.internal.TestInvoker.invokeMethod(TestInvoker.java:598)
	at org.testng.internal.TestInvoker.invokeTestMethod(TestInvoker.java:173)
	at org.testng.internal.MethodRunner.runInSequence(MethodRunner.java:46)
	at org.testng.internal.TestInvoker$MethodInvocationAgent.invoke(TestInvoker.java:824)
	at org.testng.internal.TestInvoker.invokeTestMethods(TestInvoker.java:146)
	at org.testng.internal.TestMethodWorker.invokeTestMethods(TestMethodWorker.java:146)
	at org.testng.internal.TestMethodWorker.run(TestMethodWorker.java:128)
	at java.base/java.util.ArrayList.forEach(ArrayList.java:1511)
	at org.testng.TestRunner.privateRun(TestRunner.java:794)
	at org.testng.TestRunner.run(TestRunner.java:596)
	at org.testng.SuiteRunner.runTest(SuiteRunner.java:377)
	at org.testng.SuiteRunner.runSequentially(SuiteRunner.java:371)
	at org.testng.SuiteRunner.privateRun(SuiteRunner.java:332)
	at org.testng.SuiteRunner.run(SuiteRunner.java:276)
	at org.testng.SuiteRunnerWorker.runSuite(SuiteRunnerWorker.java:53)
	at org.testng.SuiteRunnerWorker.run(SuiteRunnerWorker.java:96)
	at org.testng.TestNG.runSuitesSequentially(TestNG.java:1212)
	at org.testng.TestNG.runSuitesLocally(TestNG.java:1134)
	at org.testng.TestNG.runSuites(TestNG.java:1063)
	at org.testng.TestNG.run(TestNG.java:1031)
	at org.testng.remote.AbstractRemoteTestNG.run(AbstractRemoteTestNG.java:115)
	at org.testng.remote.RemoteTestNG.initAndRun(RemoteTestNG.java:251)
	at org.testng.remote.RemoteTestNG.main(RemoteTestNG.java:77)
</pre></div></td>
<td>0</td>
<td>com.ttt.TEST.TestDoiMatKhau@367ffa75</td></tr>
<tr>
<td title='com.ttt.TEST.TestDangNhap.loginTest()'><b>loginTest</b><br>Test class: com.ttt.TEST.TestDangNhap<br>Parameters: , 1234, Vui lòng nhập mã nhân viên</td>
<td><div><pre>java.lang.AssertionError: expected [Vui lòng nhập mã nhân viên] but found [Sai tên đăng nhập]
	at com.ttt.TEST.TestDangNhap.loginTest(TestDangNhap.java:26)
	at java.base/java.util.ArrayList.forEach(ArrayList.java:1511)
... Removed 31 stack frames</pre></div><a href='#' onClick='toggleBox("stack-trace557197074", this, "Click to show all stack frames", "Click to hide stack frames")'>Click to show all stack frames</a>
<div class='stack-trace' id='stack-trace557197074'><pre>java.lang.AssertionError: expected [Vui lòng nhập mã nhân viên] but found [Sai tên đăng nhập]
	at org.testng.Assert.fail(Assert.java:99)
	at org.testng.Assert.failNotEquals(Assert.java:1037)
	at org.testng.Assert.assertEqualsImpl(Assert.java:140)
	at org.testng.Assert.assertEquals(Assert.java:122)
	at org.testng.Assert.assertEquals(Assert.java:629)
	at org.testng.Assert.assertEquals(Assert.java:639)
	at com.ttt.TEST.TestDangNhap.loginTest(TestDangNhap.java:26)
	at java.base/jdk.internal.reflect.DirectMethodHandleAccessor.invoke(DirectMethodHandleAccessor.java:104)
	at java.base/java.lang.reflect.Method.invoke(Method.java:577)
	at org.testng.internal.MethodInvocationHelper.invokeMethod(MethodInvocationHelper.java:133)
	at org.testng.internal.TestInvoker.invokeMethod(TestInvoker.java:598)
	at org.testng.internal.TestInvoker.invokeTestMethod(TestInvoker.java:173)
	at org.testng.internal.MethodRunner.runInSequence(MethodRunner.java:46)
	at org.testng.internal.TestInvoker$MethodInvocationAgent.invoke(TestInvoker.java:824)
	at org.testng.internal.TestInvoker.invokeTestMethods(TestInvoker.java:146)
	at org.testng.internal.TestMethodWorker.invokeTestMethods(TestMethodWorker.java:146)
	at org.testng.internal.TestMethodWorker.run(TestMethodWorker.java:128)
	at java.base/java.util.ArrayList.forEach(ArrayList.java:1511)
	at org.testng.TestRunner.privateRun(TestRunner.java:794)
	at org.testng.TestRunner.run(TestRunner.java:596)
	at org.testng.SuiteRunner.runTest(SuiteRunner.java:377)
	at org.testng.SuiteRunner.runSequentially(SuiteRunner.java:371)
	at org.testng.SuiteRunner.privateRun(SuiteRunner.java:332)
	at org.testng.SuiteRunner.run(SuiteRunner.java:276)
	at org.testng.SuiteRunnerWorker.runSuite(SuiteRunnerWorker.java:53)
	at org.testng.SuiteRunnerWorker.run(SuiteRunnerWorker.java:96)
	at org.testng.TestNG.runSuitesSequentially(TestNG.java:1212)
	at org.testng.TestNG.runSuitesLocally(TestNG.java:1134)
	at org.testng.TestNG.runSuites(TestNG.java:1063)
	at org.testng.TestNG.run(TestNG.java:1031)
	at org.testng.remote.AbstractRemoteTestNG.run(AbstractRemoteTestNG.java:115)
	at org.testng.remote.RemoteTestNG.initAndRun(RemoteTestNG.java:251)
	at org.testng.remote.RemoteTestNG.main(RemoteTestNG.java:77)
</pre></div></td>
<td>0</td>
<td>com.ttt.TEST.TestDangNhap@2cd76f31</td></tr>
<tr>
<td title='com.ttt.TEST.TestDoiMatKhau.checkNullTest()'><b>checkNullTest</b><br>Test class: com.ttt.TEST.TestDoiMatKhau<br>Parameters: NV20230710, nv1234, mk7891230, , Chưa nhập đủ thông tin</td>
<td><div><pre>java.lang.AssertionError: expected [Chưa nhập đủ thông tin] but found [Thông tin nhập chưa đúng]
	at com.ttt.TEST.TestDoiMatKhau.checkNullTest(TestDoiMatKhau.java:93)
	at java.base/java.util.ArrayList.forEach(ArrayList.java:1511)
... Removed 31 stack frames</pre></div><a href='#' onClick='toggleBox("stack-trace795273218", this, "Click to show all stack frames", "Click to hide stack frames")'>Click to show all stack frames</a>
<div class='stack-trace' id='stack-trace795273218'><pre>java.lang.AssertionError: expected [Chưa nhập đủ thông tin] but found [Thông tin nhập chưa đúng]
	at org.testng.Assert.fail(Assert.java:99)
	at org.testng.Assert.failNotEquals(Assert.java:1037)
	at org.testng.Assert.assertEqualsImpl(Assert.java:140)
	at org.testng.Assert.assertEquals(Assert.java:122)
	at org.testng.Assert.assertEquals(Assert.java:629)
	at org.testng.Assert.assertEquals(Assert.java:639)
	at com.ttt.TEST.TestDoiMatKhau.checkNullTest(TestDoiMatKhau.java:93)
	at java.base/jdk.internal.reflect.DirectMethodHandleAccessor.invoke(DirectMethodHandleAccessor.java:104)
	at java.base/java.lang.reflect.Method.invoke(Method.java:577)
	at org.testng.internal.MethodInvocationHelper.invokeMethod(MethodInvocationHelper.java:133)
	at org.testng.internal.TestInvoker.invokeMethod(TestInvoker.java:598)
	at org.testng.internal.TestInvoker.invokeTestMethod(TestInvoker.java:173)
	at org.testng.internal.MethodRunner.runInSequence(MethodRunner.java:46)
	at org.testng.internal.TestInvoker$MethodInvocationAgent.invoke(TestInvoker.java:824)
	at org.testng.internal.TestInvoker.invokeTestMethods(TestInvoker.java:146)
	at org.testng.internal.TestMethodWorker.invokeTestMethods(TestMethodWorker.java:146)
	at org.testng.internal.TestMethodWorker.run(TestMethodWorker.java:128)
	at java.base/java.util.ArrayList.forEach(ArrayList.java:1511)
	at org.testng.TestRunner.privateRun(TestRunner.java:794)
	at org.testng.TestRunner.run(TestRunner.java:596)
	at org.testng.SuiteRunner.runTest(SuiteRunner.java:377)
	at org.testng.SuiteRunner.runSequentially(SuiteRunner.java:371)
	at org.testng.SuiteRunner.privateRun(SuiteRunner.java:332)
	at org.testng.SuiteRunner.run(SuiteRunner.java:276)
	at org.testng.SuiteRunnerWorker.runSuite(SuiteRunnerWorker.java:53)
	at org.testng.SuiteRunnerWorker.run(SuiteRunnerWorker.java:96)
	at org.testng.TestNG.runSuitesSequentially(TestNG.java:1212)
	at org.testng.TestNG.runSuitesLocally(TestNG.java:1134)
	at org.testng.TestNG.runSuites(TestNG.java:1063)
	at org.testng.TestNG.run(TestNG.java:1031)
	at org.testng.remote.AbstractRemoteTestNG.run(AbstractRemoteTestNG.java:115)
	at org.testng.remote.RemoteTestNG.initAndRun(RemoteTestNG.java:251)
	at org.testng.remote.RemoteTestNG.main(RemoteTestNG.java:77)
</pre></div></td>
<td>0</td>
<td>com.ttt.TEST.TestDoiMatKhau@367ffa75</td></tr>
<tr>
<td title='com.ttt.TEST.TestPhieuNhap.getFormChiTietPhieuNhapThemTest()'><b>getFormChiTietPhieuNhapThemTest</b><br>Test class: com.ttt.TEST.TestPhieuNhap<br>Parameters: PN2023120500007, NV2023073000009, Thu Dec 07 14:01:28 ICT 2023, VT04, XZU730LMB, SK 12345678, SM987654, 900, true</td>
<td><div><pre>java.lang.AssertionError: expected [true] but found [false]
	at com.ttt.TEST.TestPhieuNhap.getFormChiTietPhieuNhapThemTest(TestPhieuNhap.java:132)
	at java.base/java.util.ArrayList.forEach(ArrayList.java:1511)
... Removed 31 stack frames</pre></div><a href='#' onClick='toggleBox("stack-trace896852376", this, "Click to show all stack frames", "Click to hide stack frames")'>Click to show all stack frames</a>
<div class='stack-trace' id='stack-trace896852376'><pre>java.lang.AssertionError: expected [true] but found [false]
	at org.testng.Assert.fail(Assert.java:99)
	at org.testng.Assert.failNotEquals(Assert.java:1037)
	at org.testng.Assert.assertEqualsImpl(Assert.java:140)
	at org.testng.Assert.assertEquals(Assert.java:122)
	at org.testng.Assert.assertEquals(Assert.java:819)
	at org.testng.Assert.assertEquals(Assert.java:829)
	at com.ttt.TEST.TestPhieuNhap.getFormChiTietPhieuNhapThemTest(TestPhieuNhap.java:132)
	at java.base/jdk.internal.reflect.DirectMethodHandleAccessor.invoke(DirectMethodHandleAccessor.java:104)
	at java.base/java.lang.reflect.Method.invoke(Method.java:577)
	at org.testng.internal.MethodInvocationHelper.invokeMethod(MethodInvocationHelper.java:133)
	at org.testng.internal.TestInvoker.invokeMethod(TestInvoker.java:598)
	at org.testng.internal.TestInvoker.invokeTestMethod(TestInvoker.java:173)
	at org.testng.internal.MethodRunner.runInSequence(MethodRunner.java:46)
	at org.testng.internal.TestInvoker$MethodInvocationAgent.invoke(TestInvoker.java:824)
	at org.testng.internal.TestInvoker.invokeTestMethods(TestInvoker.java:146)
	at org.testng.internal.TestMethodWorker.invokeTestMethods(TestMethodWorker.java:146)
	at org.testng.internal.TestMethodWorker.run(TestMethodWorker.java:128)
	at java.base/java.util.ArrayList.forEach(ArrayList.java:1511)
	at org.testng.TestRunner.privateRun(TestRunner.java:794)
	at org.testng.TestRunner.run(TestRunner.java:596)
	at org.testng.SuiteRunner.runTest(SuiteRunner.java:377)
	at org.testng.SuiteRunner.runSequentially(SuiteRunner.java:371)
	at org.testng.SuiteRunner.privateRun(SuiteRunner.java:332)
	at org.testng.SuiteRunner.run(SuiteRunner.java:276)
	at org.testng.SuiteRunnerWorker.runSuite(SuiteRunnerWorker.java:53)
	at org.testng.SuiteRunnerWorker.run(SuiteRunnerWorker.java:96)
	at org.testng.TestNG.runSuitesSequentially(TestNG.java:1212)
	at org.testng.TestNG.runSuitesLocally(TestNG.java:1134)
	at org.testng.TestNG.runSuites(TestNG.java:1063)
	at org.testng.TestNG.run(TestNG.java:1031)
	at org.testng.remote.AbstractRemoteTestNG.run(AbstractRemoteTestNG.java:115)
	at org.testng.remote.RemoteTestNG.initAndRun(RemoteTestNG.java:251)
	at org.testng.remote.RemoteTestNG.main(RemoteTestNG.java:77)
</pre></div></td>
<td>0</td>
<td>com.ttt.TEST.TestPhieuNhap@3c9754d8</td></tr>
<tr>
<td title='com.ttt.TEST.TestDoiMatKhau.checkNullTest()'><b>checkNullTest</b><br>Test class: com.ttt.TEST.TestDoiMatKhau<br>Parameters: NV20230712, matkhau, mk7891230, mk7891230, Vui lòng nhập mật khẩu hiện tại</td>
<td><div><pre>java.lang.AssertionError: expected [Vui lòng nhập mật khẩu hiện tại] but found [Thông tin đăng nhập không đúng]
	at com.ttt.TEST.TestDoiMatKhau.checkNullTest(TestDoiMatKhau.java:93)
	at java.base/java.util.ArrayList.forEach(ArrayList.java:1511)
... Removed 31 stack frames</pre></div><a href='#' onClick='toggleBox("stack-trace762509150", this, "Click to show all stack frames", "Click to hide stack frames")'>Click to show all stack frames</a>
<div class='stack-trace' id='stack-trace762509150'><pre>java.lang.AssertionError: expected [Vui lòng nhập mật khẩu hiện tại] but found [Thông tin đăng nhập không đúng]
	at org.testng.Assert.fail(Assert.java:99)
	at org.testng.Assert.failNotEquals(Assert.java:1037)
	at org.testng.Assert.assertEqualsImpl(Assert.java:140)
	at org.testng.Assert.assertEquals(Assert.java:122)
	at org.testng.Assert.assertEquals(Assert.java:629)
	at org.testng.Assert.assertEquals(Assert.java:639)
	at com.ttt.TEST.TestDoiMatKhau.checkNullTest(TestDoiMatKhau.java:93)
	at java.base/jdk.internal.reflect.DirectMethodHandleAccessor.invoke(DirectMethodHandleAccessor.java:104)
	at java.base/java.lang.reflect.Method.invoke(Method.java:577)
	at org.testng.internal.MethodInvocationHelper.invokeMethod(MethodInvocationHelper.java:133)
	at org.testng.internal.TestInvoker.invokeMethod(TestInvoker.java:598)
	at org.testng.internal.TestInvoker.invokeTestMethod(TestInvoker.java:173)
	at org.testng.internal.MethodRunner.runInSequence(MethodRunner.java:46)
	at org.testng.internal.TestInvoker$MethodInvocationAgent.invoke(TestInvoker.java:824)
	at org.testng.internal.TestInvoker.invokeTestMethods(TestInvoker.java:146)
	at org.testng.internal.TestMethodWorker.invokeTestMethods(TestMethodWorker.java:146)
	at org.testng.internal.TestMethodWorker.run(TestMethodWorker.java:128)
	at java.base/java.util.ArrayList.forEach(ArrayList.java:1511)
	at org.testng.TestRunner.privateRun(TestRunner.java:794)
	at org.testng.TestRunner.run(TestRunner.java:596)
	at org.testng.SuiteRunner.runTest(SuiteRunner.java:377)
	at org.testng.SuiteRunner.runSequentially(SuiteRunner.java:371)
	at org.testng.SuiteRunner.privateRun(SuiteRunner.java:332)
	at org.testng.SuiteRunner.run(SuiteRunner.java:276)
	at org.testng.SuiteRunnerWorker.runSuite(SuiteRunnerWorker.java:53)
	at org.testng.SuiteRunnerWorker.run(SuiteRunnerWorker.java:96)
	at org.testng.TestNG.runSuitesSequentially(TestNG.java:1212)
	at org.testng.TestNG.runSuitesLocally(TestNG.java:1134)
	at org.testng.TestNG.runSuites(TestNG.java:1063)
	at org.testng.TestNG.run(TestNG.java:1031)
	at org.testng.remote.AbstractRemoteTestNG.run(AbstractRemoteTestNG.java:115)
	at org.testng.remote.RemoteTestNG.initAndRun(RemoteTestNG.java:251)
	at org.testng.remote.RemoteTestNG.main(RemoteTestNG.java:77)
</pre></div></td>
<td>0</td>
<td>com.ttt.TEST.TestDoiMatKhau@367ffa75</td></tr>
<tr>
<td title='com.ttt.TEST.TestNhanVien.checkNullTest()'><b>checkNullTest</b><br>Test class: com.ttt.TEST.TestNhanVien</td>
<td><div><pre>org.testng.internal.reflect.MethodMatcherException: 
[public void com.ttt.TEST.TestNhanVien.checkNullTest(java.lang.String,java.lang.String,int,java.lang.String,java.lang.String,java.lang.String)] has no parameters defined but was found to be using a data provider (either explicitly specified or inherited from class level annotation).
Data provider mismatch
Method: checkNullTest([Parameter{index=0, type=java.lang.String, declaredAnnotations=[]}, Parameter{index=1, type=java.lang.String, declaredAnnotations=[]}, Parameter{index=2, type=int, declaredAnnotations=[]}, Parameter{index=3, type=java.lang.String, declaredAnnotations=[]}, Parameter{index=4, type=java.lang.String, declaredAnnotations=[]}, Parameter{index=5, type=java.lang.String, declaredAnnotations=[]}])
Arguments: [(java.lang.String) Nguyễn Thành Trung,(java.lang.String) trung@gmail.com,(java.lang.String) 1999-01-08,(java.lang.String) 11111111,(java.lang.String) 11111111,(java.lang.String) Thành công]
	at java.base/java.util.ArrayList.forEach(ArrayList.java:1511)
... Removed 22 stack frames</pre></div><a href='#' onClick='toggleBox("stack-trace891894789", this, "Click to show all stack frames", "Click to hide stack frames")'>Click to show all stack frames</a>
<div class='stack-trace' id='stack-trace891894789'><pre>org.testng.internal.reflect.MethodMatcherException: 
[public void com.ttt.TEST.TestNhanVien.checkNullTest(java.lang.String,java.lang.String,int,java.lang.String,java.lang.String,java.lang.String)] has no parameters defined but was found to be using a data provider (either explicitly specified or inherited from class level annotation).
Data provider mismatch
Method: checkNullTest([Parameter{index=0, type=java.lang.String, declaredAnnotations=[]}, Parameter{index=1, type=java.lang.String, declaredAnnotations=[]}, Parameter{index=2, type=int, declaredAnnotations=[]}, Parameter{index=3, type=java.lang.String, declaredAnnotations=[]}, Parameter{index=4, type=java.lang.String, declaredAnnotations=[]}, Parameter{index=5, type=java.lang.String, declaredAnnotations=[]}])
Arguments: [(java.lang.String) Nguyễn Thành Trung,(java.lang.String) trung@gmail.com,(java.lang.String) 1999-01-08,(java.lang.String) 11111111,(java.lang.String) 11111111,(java.lang.String) Thành công]
	at org.testng.internal.reflect.DataProviderMethodMatcher.getConformingArguments(DataProviderMethodMatcher.java:43)
	at org.testng.internal.Parameters.injectParameters(Parameters.java:914)
	at org.testng.internal.MethodRunner.runInSequence(MethodRunner.java:34)
	at org.testng.internal.TestInvoker$MethodInvocationAgent.invoke(TestInvoker.java:824)
	at org.testng.internal.TestInvoker.invokeTestMethods(TestInvoker.java:146)
	at org.testng.internal.TestMethodWorker.invokeTestMethods(TestMethodWorker.java:146)
	at org.testng.internal.TestMethodWorker.run(TestMethodWorker.java:128)
	at java.base/java.util.ArrayList.forEach(ArrayList.java:1511)
	at org.testng.TestRunner.privateRun(TestRunner.java:794)
	at org.testng.TestRunner.run(TestRunner.java:596)
	at org.testng.SuiteRunner.runTest(SuiteRunner.java:377)
	at org.testng.SuiteRunner.runSequentially(SuiteRunner.java:371)
	at org.testng.SuiteRunner.privateRun(SuiteRunner.java:332)
	at org.testng.SuiteRunner.run(SuiteRunner.java:276)
	at org.testng.SuiteRunnerWorker.runSuite(SuiteRunnerWorker.java:53)
	at org.testng.SuiteRunnerWorker.run(SuiteRunnerWorker.java:96)
	at org.testng.TestNG.runSuitesSequentially(TestNG.java:1212)
	at org.testng.TestNG.runSuitesLocally(TestNG.java:1134)
	at org.testng.TestNG.runSuites(TestNG.java:1063)
	at org.testng.TestNG.run(TestNG.java:1031)
	at org.testng.remote.AbstractRemoteTestNG.run(AbstractRemoteTestNG.java:115)
	at org.testng.remote.RemoteTestNG.initAndRun(RemoteTestNG.java:251)
	at org.testng.remote.RemoteTestNG.main(RemoteTestNG.java:77)
</pre></div></td>
<td>0</td>
<td>com.ttt.TEST.TestNhanVien@55fe41ea</td></tr>
<tr>
<td title='com.ttt.TEST.TestDoiMatKhau.checkNullTest()'><b>checkNullTest</b><br>Test class: com.ttt.TEST.TestDoiMatKhau<br>Parameters: , , , , Vui lòng nhập đầy đủ thông tin</td>
<td><div><pre>java.lang.AssertionError: expected [Vui lòng nhập đầy đủ thông tin] but found [Thông tin đăng nhập không đúng]
	at com.ttt.TEST.TestDoiMatKhau.checkNullTest(TestDoiMatKhau.java:93)
	at java.base/java.util.ArrayList.forEach(ArrayList.java:1511)
... Removed 31 stack frames</pre></div><a href='#' onClick='toggleBox("stack-trace2103569615", this, "Click to show all stack frames", "Click to hide stack frames")'>Click to show all stack frames</a>
<div class='stack-trace' id='stack-trace2103569615'><pre>java.lang.AssertionError: expected [Vui lòng nhập đầy đủ thông tin] but found [Thông tin đăng nhập không đúng]
	at org.testng.Assert.fail(Assert.java:99)
	at org.testng.Assert.failNotEquals(Assert.java:1037)
	at org.testng.Assert.assertEqualsImpl(Assert.java:140)
	at org.testng.Assert.assertEquals(Assert.java:122)
	at org.testng.Assert.assertEquals(Assert.java:629)
	at org.testng.Assert.assertEquals(Assert.java:639)
	at com.ttt.TEST.TestDoiMatKhau.checkNullTest(TestDoiMatKhau.java:93)
	at java.base/jdk.internal.reflect.DirectMethodHandleAccessor.invoke(DirectMethodHandleAccessor.java:104)
	at java.base/java.lang.reflect.Method.invoke(Method.java:577)
	at org.testng.internal.MethodInvocationHelper.invokeMethod(MethodInvocationHelper.java:133)
	at org.testng.internal.TestInvoker.invokeMethod(TestInvoker.java:598)
	at org.testng.internal.TestInvoker.invokeTestMethod(TestInvoker.java:173)
	at org.testng.internal.MethodRunner.runInSequence(MethodRunner.java:46)
	at org.testng.internal.TestInvoker$MethodInvocationAgent.invoke(TestInvoker.java:824)
	at org.testng.internal.TestInvoker.invokeTestMethods(TestInvoker.java:146)
	at org.testng.internal.TestMethodWorker.invokeTestMethods(TestMethodWorker.java:146)
	at org.testng.internal.TestMethodWorker.run(TestMethodWorker.java:128)
	at java.base/java.util.ArrayList.forEach(ArrayList.java:1511)
	at org.testng.TestRunner.privateRun(TestRunner.java:794)
	at org.testng.TestRunner.run(TestRunner.java:596)
	at org.testng.SuiteRunner.runTest(SuiteRunner.java:377)
	at org.testng.SuiteRunner.runSequentially(SuiteRunner.java:371)
	at org.testng.SuiteRunner.privateRun(SuiteRunner.java:332)
	at org.testng.SuiteRunner.run(SuiteRunner.java:276)
	at org.testng.SuiteRunnerWorker.runSuite(SuiteRunnerWorker.java:53)
	at org.testng.SuiteRunnerWorker.run(SuiteRunnerWorker.java:96)
	at org.testng.TestNG.runSuitesSequentially(TestNG.java:1212)
	at org.testng.TestNG.runSuitesLocally(TestNG.java:1134)
	at org.testng.TestNG.runSuites(TestNG.java:1063)
	at org.testng.TestNG.run(TestNG.java:1031)
	at org.testng.remote.AbstractRemoteTestNG.run(AbstractRemoteTestNG.java:115)
	at org.testng.remote.RemoteTestNG.initAndRun(RemoteTestNG.java:251)
	at org.testng.remote.RemoteTestNG.main(RemoteTestNG.java:77)
</pre></div></td>
<td>0</td>
<td>com.ttt.TEST.TestDoiMatKhau@367ffa75</td></tr>
<tr>
<td title='com.ttt.TEST.TestDoiMatKhau.checkNullTest()'><b>checkNullTest</b><br>Test class: com.ttt.TEST.TestDoiMatKhau<br>Parameters: NV20230712, nv1234, , mk7891230, Vui lòng nhập mật khẩu mới</td>
<td><div><pre>java.lang.AssertionError: expected [Vui lòng nhập mật khẩu mới] but found [Xác nhận mật khẩu không đúng]
	at com.ttt.TEST.TestDoiMatKhau.checkNullTest(TestDoiMatKhau.java:93)
	at java.base/java.util.ArrayList.forEach(ArrayList.java:1511)
... Removed 31 stack frames</pre></div><a href='#' onClick='toggleBox("stack-trace1091781053", this, "Click to show all stack frames", "Click to hide stack frames")'>Click to show all stack frames</a>
<div class='stack-trace' id='stack-trace1091781053'><pre>java.lang.AssertionError: expected [Vui lòng nhập mật khẩu mới] but found [Xác nhận mật khẩu không đúng]
	at org.testng.Assert.fail(Assert.java:99)
	at org.testng.Assert.failNotEquals(Assert.java:1037)
	at org.testng.Assert.assertEqualsImpl(Assert.java:140)
	at org.testng.Assert.assertEquals(Assert.java:122)
	at org.testng.Assert.assertEquals(Assert.java:629)
	at org.testng.Assert.assertEquals(Assert.java:639)
	at com.ttt.TEST.TestDoiMatKhau.checkNullTest(TestDoiMatKhau.java:93)
	at java.base/jdk.internal.reflect.DirectMethodHandleAccessor.invoke(DirectMethodHandleAccessor.java:104)
	at java.base/java.lang.reflect.Method.invoke(Method.java:577)
	at org.testng.internal.MethodInvocationHelper.invokeMethod(MethodInvocationHelper.java:133)
	at org.testng.internal.TestInvoker.invokeMethod(TestInvoker.java:598)
	at org.testng.internal.TestInvoker.invokeTestMethod(TestInvoker.java:173)
	at org.testng.internal.MethodRunner.runInSequence(MethodRunner.java:46)
	at org.testng.internal.TestInvoker$MethodInvocationAgent.invoke(TestInvoker.java:824)
	at org.testng.internal.TestInvoker.invokeTestMethods(TestInvoker.java:146)
	at org.testng.internal.TestMethodWorker.invokeTestMethods(TestMethodWorker.java:146)
	at org.testng.internal.TestMethodWorker.run(TestMethodWorker.java:128)
	at java.base/java.util.ArrayList.forEach(ArrayList.java:1511)
	at org.testng.TestRunner.privateRun(TestRunner.java:794)
	at org.testng.TestRunner.run(TestRunner.java:596)
	at org.testng.SuiteRunner.runTest(SuiteRunner.java:377)
	at org.testng.SuiteRunner.runSequentially(SuiteRunner.java:371)
	at org.testng.SuiteRunner.privateRun(SuiteRunner.java:332)
	at org.testng.SuiteRunner.run(SuiteRunner.java:276)
	at org.testng.SuiteRunnerWorker.runSuite(SuiteRunnerWorker.java:53)
	at org.testng.SuiteRunnerWorker.run(SuiteRunnerWorker.java:96)
	at org.testng.TestNG.runSuitesSequentially(TestNG.java:1212)
	at org.testng.TestNG.runSuitesLocally(TestNG.java:1134)
	at org.testng.TestNG.runSuites(TestNG.java:1063)
	at org.testng.TestNG.run(TestNG.java:1031)
	at org.testng.remote.AbstractRemoteTestNG.run(AbstractRemoteTestNG.java:115)
	at org.testng.remote.RemoteTestNG.initAndRun(RemoteTestNG.java:251)
	at org.testng.remote.RemoteTestNG.main(RemoteTestNG.java:77)
</pre></div></td>
<td>0</td>
<td>com.ttt.TEST.TestDoiMatKhau@367ffa75</td></tr>
<tr>
<td title='com.ttt.TEST.TestPhieuNhap.getFormChiTietPhieuNhapSuaTest()'><b>getFormChiTietPhieuNhapSuaTest</b><br>Test class: com.ttt.TEST.TestPhieuNhap<br>Parameters: PN2023081700007, NV2023073000009, Thu Dec 07 14:01:28 ICT 2023, Thu Dec 07 14:01:28 ICT 2023, NV2023072100007, VT04, FCJLTC, SK 12345678, SM987654, 900, 15, true</td>
<td><div><pre>java.lang.AssertionError: expected [true] but found [false]
	at com.ttt.TEST.TestPhieuNhap.getFormChiTietPhieuNhapSuaTest(TestPhieuNhap.java:184)
	at java.base/java.util.ArrayList.forEach(ArrayList.java:1511)
... Removed 31 stack frames</pre></div><a href='#' onClick='toggleBox("stack-trace164439551", this, "Click to show all stack frames", "Click to hide stack frames")'>Click to show all stack frames</a>
<div class='stack-trace' id='stack-trace164439551'><pre>java.lang.AssertionError: expected [true] but found [false]
	at org.testng.Assert.fail(Assert.java:99)
	at org.testng.Assert.failNotEquals(Assert.java:1037)
	at org.testng.Assert.assertEqualsImpl(Assert.java:140)
	at org.testng.Assert.assertEquals(Assert.java:122)
	at org.testng.Assert.assertEquals(Assert.java:819)
	at org.testng.Assert.assertEquals(Assert.java:829)
	at com.ttt.TEST.TestPhieuNhap.getFormChiTietPhieuNhapSuaTest(TestPhieuNhap.java:184)
	at java.base/jdk.internal.reflect.DirectMethodHandleAccessor.invoke(DirectMethodHandleAccessor.java:104)
	at java.base/java.lang.reflect.Method.invoke(Method.java:577)
	at org.testng.internal.MethodInvocationHelper.invokeMethod(MethodInvocationHelper.java:133)
	at org.testng.internal.TestInvoker.invokeMethod(TestInvoker.java:598)
	at org.testng.internal.TestInvoker.invokeTestMethod(TestInvoker.java:173)
	at org.testng.internal.MethodRunner.runInSequence(MethodRunner.java:46)
	at org.testng.internal.TestInvoker$MethodInvocationAgent.invoke(TestInvoker.java:824)
	at org.testng.internal.TestInvoker.invokeTestMethods(TestInvoker.java:146)
	at org.testng.internal.TestMethodWorker.invokeTestMethods(TestMethodWorker.java:146)
	at org.testng.internal.TestMethodWorker.run(TestMethodWorker.java:128)
	at java.base/java.util.ArrayList.forEach(ArrayList.java:1511)
	at org.testng.TestRunner.privateRun(TestRunner.java:794)
	at org.testng.TestRunner.run(TestRunner.java:596)
	at org.testng.SuiteRunner.runTest(SuiteRunner.java:377)
	at org.testng.SuiteRunner.runSequentially(SuiteRunner.java:371)
	at org.testng.SuiteRunner.privateRun(SuiteRunner.java:332)
	at org.testng.SuiteRunner.run(SuiteRunner.java:276)
	at org.testng.SuiteRunnerWorker.runSuite(SuiteRunnerWorker.java:53)
	at org.testng.SuiteRunnerWorker.run(SuiteRunnerWorker.java:96)
	at org.testng.TestNG.runSuitesSequentially(TestNG.java:1212)
	at org.testng.TestNG.runSuitesLocally(TestNG.java:1134)
	at org.testng.TestNG.runSuites(TestNG.java:1063)
	at org.testng.TestNG.run(TestNG.java:1031)
	at org.testng.remote.AbstractRemoteTestNG.run(AbstractRemoteTestNG.java:115)
	at org.testng.remote.RemoteTestNG.initAndRun(RemoteTestNG.java:251)
	at org.testng.remote.RemoteTestNG.main(RemoteTestNG.java:77)
</pre></div></td>
<td>0</td>
<td>com.ttt.TEST.TestPhieuNhap@3c9754d8</td></tr>
<tr>
<td title='com.ttt.TEST.TestDoiMatKhau.checkNullTest()'><b>checkNullTest</b><br>Test class: com.ttt.TEST.TestDoiMatKhau<br>Parameters: NV20230718, nv1234, mk56, mk65, Thông tin nhập chưa đúng</td>
<td><div><pre>java.lang.AssertionError: expected [Thông tin nhập chưa đúng] but found [Chưa nhập đủ thông tin]
	at com.ttt.TEST.TestDoiMatKhau.checkNullTest(TestDoiMatKhau.java:93)
	at java.base/java.util.ArrayList.forEach(ArrayList.java:1511)
... Removed 31 stack frames</pre></div><a href='#' onClick='toggleBox("stack-trace6559830", this, "Click to show all stack frames", "Click to hide stack frames")'>Click to show all stack frames</a>
<div class='stack-trace' id='stack-trace6559830'><pre>java.lang.AssertionError: expected [Thông tin nhập chưa đúng] but found [Chưa nhập đủ thông tin]
	at org.testng.Assert.fail(Assert.java:99)
	at org.testng.Assert.failNotEquals(Assert.java:1037)
	at org.testng.Assert.assertEqualsImpl(Assert.java:140)
	at org.testng.Assert.assertEquals(Assert.java:122)
	at org.testng.Assert.assertEquals(Assert.java:629)
	at org.testng.Assert.assertEquals(Assert.java:639)
	at com.ttt.TEST.TestDoiMatKhau.checkNullTest(TestDoiMatKhau.java:93)
	at java.base/jdk.internal.reflect.DirectMethodHandleAccessor.invoke(DirectMethodHandleAccessor.java:104)
	at java.base/java.lang.reflect.Method.invoke(Method.java:577)
	at org.testng.internal.MethodInvocationHelper.invokeMethod(MethodInvocationHelper.java:133)
	at org.testng.internal.TestInvoker.invokeMethod(TestInvoker.java:598)
	at org.testng.internal.TestInvoker.invokeTestMethod(TestInvoker.java:173)
	at org.testng.internal.MethodRunner.runInSequence(MethodRunner.java:46)
	at org.testng.internal.TestInvoker$MethodInvocationAgent.invoke(TestInvoker.java:824)
	at org.testng.internal.TestInvoker.invokeTestMethods(TestInvoker.java:146)
	at org.testng.internal.TestMethodWorker.invokeTestMethods(TestMethodWorker.java:146)
	at org.testng.internal.TestMethodWorker.run(TestMethodWorker.java:128)
	at java.base/java.util.ArrayList.forEach(ArrayList.java:1511)
	at org.testng.TestRunner.privateRun(TestRunner.java:794)
	at org.testng.TestRunner.run(TestRunner.java:596)
	at org.testng.SuiteRunner.runTest(SuiteRunner.java:377)
	at org.testng.SuiteRunner.runSequentially(SuiteRunner.java:371)
	at org.testng.SuiteRunner.privateRun(SuiteRunner.java:332)
	at org.testng.SuiteRunner.run(SuiteRunner.java:276)
	at org.testng.SuiteRunnerWorker.runSuite(SuiteRunnerWorker.java:53)
	at org.testng.SuiteRunnerWorker.run(SuiteRunnerWorker.java:96)
	at org.testng.TestNG.runSuitesSequentially(TestNG.java:1212)
	at org.testng.TestNG.runSuitesLocally(TestNG.java:1134)
	at org.testng.TestNG.runSuites(TestNG.java:1063)
	at org.testng.TestNG.run(TestNG.java:1031)
	at org.testng.remote.AbstractRemoteTestNG.run(AbstractRemoteTestNG.java:115)
	at org.testng.remote.RemoteTestNG.initAndRun(RemoteTestNG.java:251)
	at org.testng.remote.RemoteTestNG.main(RemoteTestNG.java:77)
</pre></div></td>
<td>0</td>
<td>com.ttt.TEST.TestDoiMatKhau@367ffa75</td></tr>
<tr>
<td title='com.ttt.TEST.TestDoiMatKhau.checkNullTest()'><b>checkNullTest</b><br>Test class: com.ttt.TEST.TestDoiMatKhau<br>Parameters: NV20230712, , mk7891230, mk7891230, Vui lòng nhập mật khẩu hiện tại</td>
<td><div><pre>java.lang.AssertionError: expected [Vui lòng nhập mật khẩu hiện tại] but found [Thông tin đăng nhập không đúng]
	at com.ttt.TEST.TestDoiMatKhau.checkNullTest(TestDoiMatKhau.java:93)
	at java.base/java.util.ArrayList.forEach(ArrayList.java:1511)
... Removed 31 stack frames</pre></div><a href='#' onClick='toggleBox("stack-trace1409342262", this, "Click to show all stack frames", "Click to hide stack frames")'>Click to show all stack frames</a>
<div class='stack-trace' id='stack-trace1409342262'><pre>java.lang.AssertionError: expected [Vui lòng nhập mật khẩu hiện tại] but found [Thông tin đăng nhập không đúng]
	at org.testng.Assert.fail(Assert.java:99)
	at org.testng.Assert.failNotEquals(Assert.java:1037)
	at org.testng.Assert.assertEqualsImpl(Assert.java:140)
	at org.testng.Assert.assertEquals(Assert.java:122)
	at org.testng.Assert.assertEquals(Assert.java:629)
	at org.testng.Assert.assertEquals(Assert.java:639)
	at com.ttt.TEST.TestDoiMatKhau.checkNullTest(TestDoiMatKhau.java:93)
	at java.base/jdk.internal.reflect.DirectMethodHandleAccessor.invoke(DirectMethodHandleAccessor.java:104)
	at java.base/java.lang.reflect.Method.invoke(Method.java:577)
	at org.testng.internal.MethodInvocationHelper.invokeMethod(MethodInvocationHelper.java:133)
	at org.testng.internal.TestInvoker.invokeMethod(TestInvoker.java:598)
	at org.testng.internal.TestInvoker.invokeTestMethod(TestInvoker.java:173)
	at org.testng.internal.MethodRunner.runInSequence(MethodRunner.java:46)
	at org.testng.internal.TestInvoker$MethodInvocationAgent.invoke(TestInvoker.java:824)
	at org.testng.internal.TestInvoker.invokeTestMethods(TestInvoker.java:146)
	at org.testng.internal.TestMethodWorker.invokeTestMethods(TestMethodWorker.java:146)
	at org.testng.internal.TestMethodWorker.run(TestMethodWorker.java:128)
	at java.base/java.util.ArrayList.forEach(ArrayList.java:1511)
	at org.testng.TestRunner.privateRun(TestRunner.java:794)
	at org.testng.TestRunner.run(TestRunner.java:596)
	at org.testng.SuiteRunner.runTest(SuiteRunner.java:377)
	at org.testng.SuiteRunner.runSequentially(SuiteRunner.java:371)
	at org.testng.SuiteRunner.privateRun(SuiteRunner.java:332)
	at org.testng.SuiteRunner.run(SuiteRunner.java:276)
	at org.testng.SuiteRunnerWorker.runSuite(SuiteRunnerWorker.java:53)
	at org.testng.SuiteRunnerWorker.run(SuiteRunnerWorker.java:96)
	at org.testng.TestNG.runSuitesSequentially(TestNG.java:1212)
	at org.testng.TestNG.runSuitesLocally(TestNG.java:1134)
	at org.testng.TestNG.runSuites(TestNG.java:1063)
	at org.testng.TestNG.run(TestNG.java:1031)
	at org.testng.remote.AbstractRemoteTestNG.run(AbstractRemoteTestNG.java:115)
	at org.testng.remote.RemoteTestNG.initAndRun(RemoteTestNG.java:251)
	at org.testng.remote.RemoteTestNG.main(RemoteTestNG.java:77)
</pre></div></td>
<td>0</td>
<td>com.ttt.TEST.TestDoiMatKhau@367ffa75</td></tr>
<tr>
<td title='com.ttt.TEST.TestPhieuNhap.themXeVaoPhieuNhapTest()'><b>themXeVaoPhieuNhapTest</b><br>Test class: com.ttt.TEST.TestPhieuNhap<br>Parameters: true, SK8054, PN2023072100004, Đã tồn tại số khung</td>
<td><div><pre>java.lang.AssertionError: expected [Đã tồn tại số khung] but found [Đã thêm xe vào phiếu nhập]
	at com.ttt.TEST.TestPhieuNhap.themXeVaoPhieuNhapTest(TestPhieuNhap.java:270)
	at java.base/java.util.ArrayList.forEach(ArrayList.java:1511)
... Removed 31 stack frames</pre></div><a href='#' onClick='toggleBox("stack-trace1768952842", this, "Click to show all stack frames", "Click to hide stack frames")'>Click to show all stack frames</a>
<div class='stack-trace' id='stack-trace1768952842'><pre>java.lang.AssertionError: expected [Đã tồn tại số khung] but found [Đã thêm xe vào phiếu nhập]
	at org.testng.Assert.fail(Assert.java:99)
	at org.testng.Assert.failNotEquals(Assert.java:1037)
	at org.testng.Assert.assertEqualsImpl(Assert.java:140)
	at org.testng.Assert.assertEquals(Assert.java:122)
	at org.testng.Assert.assertEquals(Assert.java:629)
	at org.testng.Assert.assertEquals(Assert.java:639)
	at com.ttt.TEST.TestPhieuNhap.themXeVaoPhieuNhapTest(TestPhieuNhap.java:270)
	at java.base/jdk.internal.reflect.DirectMethodHandleAccessor.invoke(DirectMethodHandleAccessor.java:104)
	at java.base/java.lang.reflect.Method.invoke(Method.java:577)
	at org.testng.internal.MethodInvocationHelper.invokeMethod(MethodInvocationHelper.java:133)
	at org.testng.internal.TestInvoker.invokeMethod(TestInvoker.java:598)
	at org.testng.internal.TestInvoker.invokeTestMethod(TestInvoker.java:173)
	at org.testng.internal.MethodRunner.runInSequence(MethodRunner.java:46)
	at org.testng.internal.TestInvoker$MethodInvocationAgent.invoke(TestInvoker.java:824)
	at org.testng.internal.TestInvoker.invokeTestMethods(TestInvoker.java:146)
	at org.testng.internal.TestMethodWorker.invokeTestMethods(TestMethodWorker.java:146)
	at org.testng.internal.TestMethodWorker.run(TestMethodWorker.java:128)
	at java.base/java.util.ArrayList.forEach(ArrayList.java:1511)
	at org.testng.TestRunner.privateRun(TestRunner.java:794)
	at org.testng.TestRunner.run(TestRunner.java:596)
	at org.testng.SuiteRunner.runTest(SuiteRunner.java:377)
	at org.testng.SuiteRunner.runSequentially(SuiteRunner.java:371)
	at org.testng.SuiteRunner.privateRun(SuiteRunner.java:332)
	at org.testng.SuiteRunner.run(SuiteRunner.java:276)
	at org.testng.SuiteRunnerWorker.runSuite(SuiteRunnerWorker.java:53)
	at org.testng.SuiteRunnerWorker.run(SuiteRunnerWorker.java:96)
	at org.testng.TestNG.runSuitesSequentially(TestNG.java:1212)
	at org.testng.TestNG.runSuitesLocally(TestNG.java:1134)
	at org.testng.TestNG.runSuites(TestNG.java:1063)
	at org.testng.TestNG.run(TestNG.java:1031)
	at org.testng.remote.AbstractRemoteTestNG.run(AbstractRemoteTestNG.java:115)
	at org.testng.remote.RemoteTestNG.initAndRun(RemoteTestNG.java:251)
	at org.testng.remote.RemoteTestNG.main(RemoteTestNG.java:77)
</pre></div></td>
<td>0</td>
<td>com.ttt.TEST.TestPhieuNhap@3c9754d8</td></tr>
<tr>
<td title='com.ttt.TEST.TestPhieuNhap.themXeVaoPhieuNhapTest()'><b>themXeVaoPhieuNhapTest</b><br>Test class: com.ttt.TEST.TestPhieuNhap<br>Parameters: true, SK3949, PN2023120500003, Đã tồn tại số khung</td>
<td><div><pre>java.lang.AssertionError: expected [Đã tồn tại số khung] but found [Đã thêm xe vào phiếu nhập]
	at com.ttt.TEST.TestPhieuNhap.themXeVaoPhieuNhapTest(TestPhieuNhap.java:270)
	at java.base/java.util.ArrayList.forEach(ArrayList.java:1511)
... Removed 31 stack frames</pre></div><a href='#' onClick='toggleBox("stack-trace609887969", this, "Click to show all stack frames", "Click to hide stack frames")'>Click to show all stack frames</a>
<div class='stack-trace' id='stack-trace609887969'><pre>java.lang.AssertionError: expected [Đã tồn tại số khung] but found [Đã thêm xe vào phiếu nhập]
	at org.testng.Assert.fail(Assert.java:99)
	at org.testng.Assert.failNotEquals(Assert.java:1037)
	at org.testng.Assert.assertEqualsImpl(Assert.java:140)
	at org.testng.Assert.assertEquals(Assert.java:122)
	at org.testng.Assert.assertEquals(Assert.java:629)
	at org.testng.Assert.assertEquals(Assert.java:639)
	at com.ttt.TEST.TestPhieuNhap.themXeVaoPhieuNhapTest(TestPhieuNhap.java:270)
	at java.base/jdk.internal.reflect.DirectMethodHandleAccessor.invoke(DirectMethodHandleAccessor.java:104)
	at java.base/java.lang.reflect.Method.invoke(Method.java:577)
	at org.testng.internal.MethodInvocationHelper.invokeMethod(MethodInvocationHelper.java:133)
	at org.testng.internal.TestInvoker.invokeMethod(TestInvoker.java:598)
	at org.testng.internal.TestInvoker.invokeTestMethod(TestInvoker.java:173)
	at org.testng.internal.MethodRunner.runInSequence(MethodRunner.java:46)
	at org.testng.internal.TestInvoker$MethodInvocationAgent.invoke(TestInvoker.java:824)
	at org.testng.internal.TestInvoker.invokeTestMethods(TestInvoker.java:146)
	at org.testng.internal.TestMethodWorker.invokeTestMethods(TestMethodWorker.java:146)
	at org.testng.internal.TestMethodWorker.run(TestMethodWorker.java:128)
	at java.base/java.util.ArrayList.forEach(ArrayList.java:1511)
	at org.testng.TestRunner.privateRun(TestRunner.java:794)
	at org.testng.TestRunner.run(TestRunner.java:596)
	at org.testng.SuiteRunner.runTest(SuiteRunner.java:377)
	at org.testng.SuiteRunner.runSequentially(SuiteRunner.java:371)
	at org.testng.SuiteRunner.privateRun(SuiteRunner.java:332)
	at org.testng.SuiteRunner.run(SuiteRunner.java:276)
	at org.testng.SuiteRunnerWorker.runSuite(SuiteRunnerWorker.java:53)
	at org.testng.SuiteRunnerWorker.run(SuiteRunnerWorker.java:96)
	at org.testng.TestNG.runSuitesSequentially(TestNG.java:1212)
	at org.testng.TestNG.runSuitesLocally(TestNG.java:1134)
	at org.testng.TestNG.runSuites(TestNG.java:1063)
	at org.testng.TestNG.run(TestNG.java:1031)
	at org.testng.remote.AbstractRemoteTestNG.run(AbstractRemoteTestNG.java:115)
	at org.testng.remote.RemoteTestNG.initAndRun(RemoteTestNG.java:251)
	at org.testng.remote.RemoteTestNG.main(RemoteTestNG.java:77)
</pre></div></td>
<td>0</td>
<td>com.ttt.TEST.TestPhieuNhap@3c9754d8</td></tr>
<tr>
<td title='com.ttt.TEST.TestPhieuXuat.xoaPhieuXuat()'><b>xoaPhieuXuat</b><br>Test class: com.ttt.TEST.TestPhieuXuat<br>Parameters: false, , PX20230722000011, , true, Có lỗi. Vui lòng kiểm tra lại thông tin!</td>
<td><div><pre>java.lang.AssertionError: expected [Có lỗi. Vui lòng kiểm tra lại thông tin!] but found [Thông báo phiếu xuất chưa có trong cơ sở dữ liệu. Vui lòng chọn phiếu xuất khác]
	at com.ttt.TEST.TestPhieuXuat.xoaPhieuXuat(TestPhieuXuat.java:237)
	at java.base/java.util.ArrayList.forEach(ArrayList.java:1511)
... Removed 31 stack frames</pre></div><a href='#' onClick='toggleBox("stack-trace310276293", this, "Click to show all stack frames", "Click to hide stack frames")'>Click to show all stack frames</a>
<div class='stack-trace' id='stack-trace310276293'><pre>java.lang.AssertionError: expected [Có lỗi. Vui lòng kiểm tra lại thông tin!] but found [Thông báo phiếu xuất chưa có trong cơ sở dữ liệu. Vui lòng chọn phiếu xuất khác]
	at org.testng.Assert.fail(Assert.java:99)
	at org.testng.Assert.failNotEquals(Assert.java:1037)
	at org.testng.Assert.assertEqualsImpl(Assert.java:140)
	at org.testng.Assert.assertEquals(Assert.java:122)
	at org.testng.Assert.assertEquals(Assert.java:629)
	at org.testng.Assert.assertEquals(Assert.java:639)
	at com.ttt.TEST.TestPhieuXuat.xoaPhieuXuat(TestPhieuXuat.java:237)
	at java.base/jdk.internal.reflect.DirectMethodHandleAccessor.invoke(DirectMethodHandleAccessor.java:104)
	at java.base/java.lang.reflect.Method.invoke(Method.java:577)
	at org.testng.internal.MethodInvocationHelper.invokeMethod(MethodInvocationHelper.java:133)
	at org.testng.internal.TestInvoker.invokeMethod(TestInvoker.java:598)
	at org.testng.internal.TestInvoker.invokeTestMethod(TestInvoker.java:173)
	at org.testng.internal.MethodRunner.runInSequence(MethodRunner.java:46)
	at org.testng.internal.TestInvoker$MethodInvocationAgent.invoke(TestInvoker.java:824)
	at org.testng.internal.TestInvoker.invokeTestMethods(TestInvoker.java:146)
	at org.testng.internal.TestMethodWorker.invokeTestMethods(TestMethodWorker.java:146)
	at org.testng.internal.TestMethodWorker.run(TestMethodWorker.java:128)
	at java.base/java.util.ArrayList.forEach(ArrayList.java:1511)
	at org.testng.TestRunner.privateRun(TestRunner.java:794)
	at org.testng.TestRunner.run(TestRunner.java:596)
	at org.testng.SuiteRunner.runTest(SuiteRunner.java:377)
	at org.testng.SuiteRunner.runSequentially(SuiteRunner.java:371)
	at org.testng.SuiteRunner.privateRun(SuiteRunner.java:332)
	at org.testng.SuiteRunner.run(SuiteRunner.java:276)
	at org.testng.SuiteRunnerWorker.runSuite(SuiteRunnerWorker.java:53)
	at org.testng.SuiteRunnerWorker.run(SuiteRunnerWorker.java:96)
	at org.testng.TestNG.runSuitesSequentially(TestNG.java:1212)
	at org.testng.TestNG.runSuitesLocally(TestNG.java:1134)
	at org.testng.TestNG.runSuites(TestNG.java:1063)
	at org.testng.TestNG.run(TestNG.java:1031)
	at org.testng.remote.AbstractRemoteTestNG.run(AbstractRemoteTestNG.java:115)
	at org.testng.remote.RemoteTestNG.initAndRun(RemoteTestNG.java:251)
	at org.testng.remote.RemoteTestNG.main(RemoteTestNG.java:77)
</pre></div></td>
<td>0</td>
<td>com.ttt.TEST.TestPhieuXuat@40005471</td></tr>
</table><p>
<table width='100%' border='1' class='invocation-passed'>
<tr><td colspan='4' align='center'><b>PASSED TESTS</b></td></tr>
<tr><td><b>Test method</b></td>
<td width="30%"><b>Exception</b></td>
<td width="10%"><b>Time (seconds)</b></td>
<td><b>Instance</b></td>
</tr>
<tr>
<td title='com.ttt.TEST.TestPhieuNhap.getFormPNTest()'><b>getFormPNTest</b><br>Test class: com.ttt.TEST.TestPhieuNhap<br>Parameters: false, them, PN2023081700008, NV2023073000009, Test case checkNull false, </td>
<td></td>
<td>0</td>
<td>com.ttt.TEST.TestPhieuNhap@3c9754d8</td></tr>
<tr>
<td title='com.ttt.TEST.TestPhieuXuat.checkNullTest()'><b>checkNullTest</b><br>Test class: com.ttt.TEST.TestPhieuXuat<br>Parameters: PX001, PXK001, null, Vui lòng nhập giá xuất</td>
<td></td>
<td>0</td>
<td>com.ttt.TEST.TestPhieuXuat@40005471</td></tr>
<tr>
<td title='com.ttt.TEST.TestNhanVien.UpdateNhanVien()'><b>UpdateNhanVien</b><br>Test class: com.ttt.TEST.TestNhanVien<br>Parameters: NV2023101500017, Hồ Trọng Tường, Hậu Giang, tuong@gmail.com, 123, 01-01-2003, Mật khẩu không đúng định dạng</td>
<td></td>
<td>0</td>
<td>com.ttt.TEST.TestNhanVien@55fe41ea</td></tr>
<tr>
<td title='com.ttt.TEST.TestPhieuNhap.isExist_PhieuNhapTest()'><b>isExist_PhieuNhapTest</b><br>Test class: com.ttt.TEST.TestPhieuNhap<br>Parameters: PN2023120500003, false</td>
<td></td>
<td>0</td>
<td>com.ttt.TEST.TestPhieuNhap@3c9754d8</td></tr>
<tr>
<td title='com.ttt.TEST.TestPhieuXuat.suaPhieuXuat()'><b>suaPhieuXuat</b><br>Test class: com.ttt.TEST.TestPhieuXuat<br>Parameters: XK123, PX2023081000006, 12333, Đã xuất xe rồi</td>
<td></td>
<td>0</td>
<td>com.ttt.TEST.TestPhieuXuat@40005471</td></tr>
<tr>
<td title='com.ttt.TEST.TestPhieuNhap.suaPhieuNhapTest()'><b>suaPhieuNhapTest</b><br>Test class: com.ttt.TEST.TestPhieuNhap<br>Parameters: PN2023120500007, NV2023073000009, Thu Dec 07 14:01:29 ICT 2023, Thu Dec 07 14:01:29 ICT 2023, NV2023081700016, sua PN, 14, null, null, null, VT03, FCJLTC, SK3399, SM6771, 1, 700, 0, 0, 0, null, null, null, null, false, </td>
<td></td>
<td>0</td>
<td>com.ttt.TEST.TestPhieuNhap@3c9754d8</td></tr>
<tr>
<td title='com.ttt.TEST.TestDoiMatKhau.checkNullTest()'><b>checkNullTest</b><br>Test class: com.ttt.TEST.TestDoiMatKhau<br>Parameters: NV20230713, , , mkxn112233, Chưa nhập đủ thông tin</td>
<td></td>
<td>0</td>
<td>com.ttt.TEST.TestDoiMatKhau@367ffa75</td></tr>
<tr>
<td title='com.ttt.TEST.TestPhieuNhap.checkNullTest()'><b>checkNullTest</b><br>Test class: com.ttt.TEST.TestPhieuNhap<br>Parameters: SK123456789123456, , 1000, Vui lòng nhập số máy</td>
<td></td>
<td>0</td>
<td>com.ttt.TEST.TestPhieuNhap@3c9754d8</td></tr>
<tr>
<td title='com.ttt.TEST.TestPhieuXuat.themVaoPhieuXuatTest()'><b>themVaoPhieuXuatTest</b><br>Test class: com.ttt.TEST.TestPhieuXuat<br>Parameters: PX001, PXK001, null, Vui lòng nhập giá xuất</td>
<td></td>
<td>0</td>
<td>com.ttt.TEST.TestPhieuXuat@40005471</td></tr>
<tr>
<td title='com.ttt.TEST.TestPhieuNhap.getFormPNTest()'><b>getFormPNTest</b><br>Test class: com.ttt.TEST.TestPhieuNhap<br>Parameters: true, them, PN2023081700008, NV2023073000009, Test case checkNull true, getFormPN Successfully</td>
<td></td>
<td>0</td>
<td>com.ttt.TEST.TestPhieuNhap@3c9754d8</td></tr>
<tr>
<td title='com.ttt.TEST.TestPhieuNhap.themXeVaoPhieuNhapTest()'><b>themXeVaoPhieuNhapTest</b><br>Test class: com.ttt.TEST.TestPhieuNhap<br>Parameters: true, SK 7543, PN2023072100004, Đã tồn tại số khung</td>
<td></td>
<td>0</td>
<td>com.ttt.TEST.TestPhieuNhap@3c9754d8</td></tr>
<tr>
<td title='com.ttt.TEST.TestPhieuNhap.xoaTest()'><b>xoaTest</b><br>Test class: com.ttt.TEST.TestPhieuNhap<br>Parameters: false, PN2023072100003, SK8054, SM7979, 700, true, Xóa thành công</td>
<td></td>
<td>0</td>
<td>com.ttt.TEST.TestPhieuNhap@3c9754d8</td></tr>
<tr>
<td title='com.ttt.TEST.TestPhieuNhap.getFormPNTest()'><b>getFormPNTest</b><br>Test class: com.ttt.TEST.TestPhieuNhap<br>Parameters: false, sua, PN2023072100005, NV2023073000009, Test case checkNull false, </td>
<td></td>
<td>0</td>
<td>com.ttt.TEST.TestPhieuNhap@3c9754d8</td></tr>
<tr>
<td title='com.ttt.TEST.TestPhieuXuat.xoaPhieuXuat()'><b>xoaPhieuXuat</b><br>Test class: com.ttt.TEST.TestPhieuXuat<br>Parameters: false, SK001, PX2023072200001, 1234, false, Bạn không xác nhận xóa</td>
<td></td>
<td>0</td>
<td>com.ttt.TEST.TestPhieuXuat@40005471</td></tr>
<tr>
<td title='com.ttt.TEST.TestNhanVien.themnvPass()'><b>themnvPass</b><br>Test class: com.ttt.TEST.TestNhanVien<br>Parameters: NV2023072100003, Đỗ Tấn Tài, Hậu Giang, tai@gmail.com, 11111111, 01-01-2003, Thành công</td>
<td></td>
<td>0</td>
<td>com.ttt.TEST.TestNhanVien@55fe41ea</td></tr>
<tr>
<td title='com.ttt.TEST.TestPhieuNhap.xoaTest()'><b>xoaTest</b><br>Test class: com.ttt.TEST.TestPhieuNhap<br>Parameters: true, PN2023072100005, SK 1091, SM 4523, 900, true, Bạn không có quyền xóa phiếu nhập</td>
<td></td>
<td>0</td>
<td>com.ttt.TEST.TestPhieuNhap@3c9754d8</td></tr>
<tr>
<td title='com.ttt.TEST.TestPhieuXuat.suaPhieuXuat()'><b>suaPhieuXuat</b><br>Test class: com.ttt.TEST.TestPhieuXuat<br>Parameters: PX001, PXK001, -124, Không được nhập âm giá xuất</td>
<td></td>
<td>0</td>
<td>com.ttt.TEST.TestPhieuXuat@40005471</td></tr>
<tr>
<td title='com.ttt.TEST.TestPhieuXuat.themVaoPhieuXuatTest()'><b>themVaoPhieuXuatTest</b><br>Test class: com.ttt.TEST.TestPhieuXuat<br>Parameters: , PXK001, 1261.12, Vui lòng chọn số khung</td>
<td></td>
<td>0</td>
<td>com.ttt.TEST.TestPhieuXuat@40005471</td></tr>
<tr>
<td title='com.ttt.TEST.TestPhieuNhap.suaPhieuNhapTest()'><b>suaPhieuNhapTest</b><br>Test class: com.ttt.TEST.TestPhieuNhap<br>Parameters: PN2023120500007, NV2023073000009, Thu Dec 07 14:01:29 ICT 2023, Thu Dec 07 14:01:29 ICT 2023, NV2023081700016, sua PN, 14, null, null, null, VT03, FCJLTC, SK3949, SM7171, 1, 700, 0, 0, 0, null, null, null, null, true, Sửa thành công</td>
<td></td>
<td>0</td>
<td>com.ttt.TEST.TestPhieuNhap@3c9754d8</td></tr>
<tr>
<td title='com.ttt.TEST.TestPhieuNhap.checkNullTest()'><b>checkNullTest</b><br>Test class: com.ttt.TEST.TestPhieuNhap<br>Parameters: SK123456789123456, SM456, abc, Giá nhập sai kiểu dữ liệu</td>
<td></td>
<td>0</td>
<td>com.ttt.TEST.TestPhieuNhap@3c9754d8</td></tr>
<tr>
<td title='com.ttt.TEST.TestDoiMatKhau.checkNullTest()'><b>checkNullTest</b><br>Test class: com.ttt.TEST.TestDoiMatKhau<br>Parameters: NV20230715, , mk32, mk332211, Chưa nhập đủ thông tin</td>
<td></td>
<td>0</td>
<td>com.ttt.TEST.TestDoiMatKhau@367ffa75</td></tr>
<tr>
<td title='com.ttt.TEST.TestNhanVien.themnvPass()'><b>themnvPass</b><br>Test class: com.ttt.TEST.TestNhanVien<br>Parameters: NV2023101500017, Hồ Trọng Tường, Hậu Giang, , 12345678, 01-01-2003, Vui lòng nhập email</td>
<td></td>
<td>0</td>
<td>com.ttt.TEST.TestNhanVien@55fe41ea</td></tr>
<tr>
<td title='com.ttt.TEST.TestPhieuXuat.checkNullTest()'><b>checkNullTest</b><br>Test class: com.ttt.TEST.TestPhieuXuat<br>Parameters: , PXK001, 126, Vui lòng chọn số khung</td>
<td></td>
<td>0</td>
<td>com.ttt.TEST.TestPhieuXuat@40005471</td></tr>
<tr>
<td title='com.ttt.TEST.TestPhieuXuat.themVaoPhieuXuatTest()'><b>themVaoPhieuXuatTest</b><br>Test class: com.ttt.TEST.TestPhieuXuat<br>Parameters: XK123, PKX004, 900, Giá xuất nhỏ hơn giá nhập, xuất xe lỗ</td>
<td></td>
<td>0</td>
<td>com.ttt.TEST.TestPhieuXuat@40005471</td></tr>
<tr>
<td title='com.ttt.TEST.TestPhieuXuat.xoaPhieuXuat()'><b>xoaPhieuXuat</b><br>Test class: com.ttt.TEST.TestPhieuXuat<br>Parameters: false, SK001, PX20230722000011, 1234, true, Thông báo phiếu xuất chưa có trong cơ sở dữ liệu. Vui lòng chọn phiếu xuất khác</td>
<td></td>
<td>0</td>
<td>com.ttt.TEST.TestPhieuXuat@40005471</td></tr>
<tr>
<td title='com.ttt.TEST.TestNhanVien.UpdateNhanVien()'><b>UpdateNhanVien</b><br>Test class: com.ttt.TEST.TestNhanVien<br>Parameters: NV2023101500017, Hồ Trọng Tường, Hậu Giang, , 12345678, 01-01-2003, Vui lòng nhập email</td>
<td></td>
<td>0</td>
<td>com.ttt.TEST.TestNhanVien@55fe41ea</td></tr>
<tr>
<td title='com.ttt.TEST.TestPhieuNhap.themPhieuNhapTest()'><b>themPhieuNhapTest</b><br>Test class: com.ttt.TEST.TestPhieuNhap<br>Parameters: PN2023072100003, NV2023073000009, Thu Dec 07 14:01:29 ICT 2023, null, null, dienGiai, 15, null, null, null, VT03, FCJLTC, SK8054, SM7979, 1, 700, 0, 0, 0, null, null, null, null, true, Đã thêm xe vào phiếu nhập</td>
<td></td>
<td>0</td>
<td>com.ttt.TEST.TestPhieuNhap@3c9754d8</td></tr>
<tr>
<td title='com.ttt.TEST.TestPhieuNhap.isExist_PhieuNhapTest()'><b>isExist_PhieuNhapTest</b><br>Test class: com.ttt.TEST.TestPhieuNhap<br>Parameters: PN2023072700006, true</td>
<td></td>
<td>0</td>
<td>com.ttt.TEST.TestPhieuNhap@3c9754d8</td></tr>
<tr>
<td title='com.ttt.TEST.TestNhanVien.checkTrungMaNV()'><b>checkTrungMaNV</b><br>Test class: com.ttt.TEST.TestNhanVien<br>Parameters: NV2023072100002, Hồ Trọng Tường, Hậu Giang, tuong@gmail.com@gmail.com, 11111111, 1999-01-08, Trùng mã</td>
<td></td>
<td>0</td>
<td>com.ttt.TEST.TestNhanVien@55fe41ea</td></tr>
<tr>
<td title='com.ttt.TEST.TestNhanVien.themnvPass()'><b>themnvPass</b><br>Test class: com.ttt.TEST.TestNhanVien<br>Parameters: NV2023101500017, Hồ Trọng Tường, , tuong@gmail.com, 12345678, 01-01-2003, Vui lòng nhập địa chỉ</td>
<td></td>
<td>0</td>
<td>com.ttt.TEST.TestNhanVien@55fe41ea</td></tr>
<tr>
<td title='com.ttt.TEST.TestPhieuNhap.checkNullTest()'><b>checkNullTest</b><br>Test class: com.ttt.TEST.TestPhieuNhap<br>Parameters: SK123456789123456, SM456, 1000, </td>
<td></td>
<td>0</td>
<td>com.ttt.TEST.TestPhieuNhap@3c9754d8</td></tr>
<tr>
<td title='com.ttt.TEST.TestDangNhap.loginTest()'><b>loginTest</b><br>Test class: com.ttt.TEST.TestDangNhap<br>Parameters: PC05132, 1234, Sai tên đăng nhập</td>
<td></td>
<td>0</td>
<td>com.ttt.TEST.TestDangNhap@2cd76f31</td></tr>
<tr>
<td title='com.ttt.TEST.TestPhieuNhap.getFormPNTest()'><b>getFormPNTest</b><br>Test class: com.ttt.TEST.TestPhieuNhap<br>Parameters: true, sua, PN2023072100005, NV2023073000009, Test case checkNull true, getFormPN Successfully</td>
<td></td>
<td>0</td>
<td>com.ttt.TEST.TestPhieuNhap@3c9754d8</td></tr>
<tr>
<td title='com.ttt.TEST.TestPhieuNhap.xoaTest()'><b>xoaTest</b><br>Test class: com.ttt.TEST.TestPhieuNhap<br>Parameters: false, PN2023081700007, SK 1234, SM 112, 900, false, Bạn không xác nhận xóa</td>
<td></td>
<td>0</td>
<td>com.ttt.TEST.TestPhieuNhap@3c9754d8</td></tr>
<tr>
<td title='com.ttt.TEST.TestPhieuXuat.suaPhieuXuat()'><b>suaPhieuXuat</b><br>Test class: com.ttt.TEST.TestPhieuXuat<br>Parameters: PX001, PXK123, 1234, Sửa thành công</td>
<td></td>
<td>0</td>
<td>com.ttt.TEST.TestPhieuXuat@40005471</td></tr>
<tr>
<td title='com.ttt.TEST.TestPhieuNhap.themXeVaoPhieuNhapTest()'><b>themXeVaoPhieuNhapTest</b><br>Test class: com.ttt.TEST.TestPhieuNhap<br>Parameters: false, SK7143, PN2023072100004, Dữ liệu chưa hợp lệ</td>
<td></td>
<td>0</td>
<td>com.ttt.TEST.TestPhieuNhap@3c9754d8</td></tr>
<tr>
<td title='com.ttt.TEST.TestDoiMatKhau.checkNullTest()'><b>checkNullTest</b><br>Test class: com.ttt.TEST.TestDoiMatKhau<br>Parameters: NV20230712, nv1234, mk7891230, mk7891230, Đổi mật khẩu thành công</td>
<td></td>
<td>0</td>
<td>com.ttt.TEST.TestDoiMatKhau@367ffa75</td></tr>
<tr>
<td title='com.ttt.TEST.TestPhieuXuat.suaPhieuXuat()'><b>suaPhieuXuat</b><br>Test class: com.ttt.TEST.TestPhieuXuat<br>Parameters: PX001, PXK001, phieuXuat, Giá nhập sai kiểu dữ liệu</td>
<td></td>
<td>0</td>
<td>com.ttt.TEST.TestPhieuXuat@40005471</td></tr>
<tr>
<td title='com.ttt.TEST.TestPhieuNhap.isExist_PhieuNhapTest()'><b>isExist_PhieuNhapTest</b><br>Test class: com.ttt.TEST.TestPhieuNhap<br>Parameters: PN2023120500006, false</td>
<td></td>
<td>0</td>
<td>com.ttt.TEST.TestPhieuNhap@3c9754d8</td></tr>
<tr>
<td title='com.ttt.TEST.TestPhieuNhap.xoaTest()'><b>xoaTest</b><br>Test class: com.ttt.TEST.TestPhieuNhap<br>Parameters: false, PN2023120600006, null, null, 0.0, true, Thông báo phiếu nhập chưa có trong cơ sở dữ liệu. Vui lòng chọn phiếu nhập khác</td>
<td></td>
<td>0</td>
<td>com.ttt.TEST.TestPhieuNhap@3c9754d8</td></tr>
<tr>
<td title='com.ttt.TEST.TestPhieuNhap.checkNullTest()'><b>checkNullTest</b><br>Test class: com.ttt.TEST.TestPhieuNhap<br>Parameters: SK123456789123456, SM456, , Giá nhập sai kiểu dữ liệu</td>
<td></td>
<td>0</td>
<td>com.ttt.TEST.TestPhieuNhap@3c9754d8</td></tr>
<tr>
<td title='com.ttt.TEST.TestPhieuXuat.checkNullTest()'><b>checkNullTest</b><br>Test class: com.ttt.TEST.TestPhieuXuat<br>Parameters: PX001, PXK001, -124, Không được nhập âm giá xuất</td>
<td></td>
<td>0</td>
<td>com.ttt.TEST.TestPhieuXuat@40005471</td></tr>
<tr>
<td title='com.ttt.TEST.TestDoiMatKhau.checkNullTest()'><b>checkNullTest</b><br>Test class: com.ttt.TEST.TestDoiMatKhau<br>Parameters: , matkhau, matkhaumoi, , Vui lòng nhập đầy đủ thông tin</td>
<td></td>
<td>0</td>
<td>com.ttt.TEST.TestDoiMatKhau@367ffa75</td></tr>
<tr>
<td title='com.ttt.TEST.TestNhanVien.themnvPass()'><b>themnvPass</b><br>Test class: com.ttt.TEST.TestNhanVien<br>Parameters: NV2023101500017, Hồ Trọng Tường, Hậu Giang, tuong@gmail.com, 12345678, 01-01-2003, Thành công</td>
<td></td>
<td>0</td>
<td>com.ttt.TEST.TestNhanVien@55fe41ea</td></tr>
<tr>
<td title='com.ttt.TEST.TestNhanVien.themnvPass()'><b>themnvPass</b><br>Test class: com.ttt.TEST.TestNhanVien<br>Parameters: NV2023101500017, Hồ Trọng Tường, Hậu Giang, tuong@gmail.com, 12345678, , Vui lòng nhập ngày sinh</td>
<td></td>
<td>0</td>
<td>com.ttt.TEST.TestNhanVien@55fe41ea</td></tr>
<tr>
<td title='com.ttt.TEST.TestDoiMatKhau.checkNullTest()'><b>checkNullTest</b><br>Test class: com.ttt.TEST.TestDoiMatKhau<br>Parameters: NV20230712, nv12, mk7891230, mk123450, Thông tin nhập chưa đúng</td>
<td></td>
<td>0</td>
<td>com.ttt.TEST.TestDoiMatKhau@367ffa75</td></tr>
<tr>
<td title='com.ttt.TEST.TestPhieuXuat.themVaoPhieuXuatTest()'><b>themVaoPhieuXuatTest</b><br>Test class: com.ttt.TEST.TestPhieuXuat<br>Parameters: PX001, PXK001, phieuXuat, Giá xuất sai kiểu dữ liệu</td>
<td></td>
<td>0</td>
<td>com.ttt.TEST.TestPhieuXuat@40005471</td></tr>
<tr>
<td title='com.ttt.TEST.TestPhieuNhap.themXeVaoPhieuNhapTest()'><b>themXeVaoPhieuNhapTest</b><br>Test class: com.ttt.TEST.TestPhieuNhap<br>Parameters: true, SK7123, PN2023072100002, Đã thêm xe vào phiếu nhập</td>
<td></td>
<td>0</td>
<td>com.ttt.TEST.TestPhieuNhap@3c9754d8</td></tr>
<tr>
<td title='com.ttt.TEST.TestDangNhap.loginTest()'><b>loginTest</b><br>Test class: com.ttt.TEST.TestDangNhap<br>Parameters: NV2023072100001, saimk, Sai mật khẩu</td>
<td></td>
<td>0</td>
<td>com.ttt.TEST.TestDangNhap@2cd76f31</td></tr>
<tr>
<td title='com.ttt.TEST.TestNhanVien.UpdateNhanVien()'><b>UpdateNhanVien</b><br>Test class: com.ttt.TEST.TestNhanVien<br>Parameters: NV2023101500017, Hồ Trọng Tường, Hậu Giang, tuong@gmail.com, , 01-01-2003, Vui lòng nhập mật khẩu</td>
<td></td>
<td>0</td>
<td>com.ttt.TEST.TestNhanVien@55fe41ea</td></tr>
<tr>
<td title='com.ttt.TEST.TestNhanVien.themnvPass()'><b>themnvPass</b><br>Test class: com.ttt.TEST.TestNhanVien<br>Parameters: NV2023072100003, Đỗ Tấn Tài, Hậu Giang, tai@gmail.com, 11, 01-01-2003, Mật khẩu không đúng định dạng</td>
<td></td>
<td>0</td>
<td>com.ttt.TEST.TestNhanVien@55fe41ea</td></tr>
<tr>
<td title='com.ttt.TEST.TestDoiMatKhau.checkNullTest()'><b>checkNullTest</b><br>Test class: com.ttt.TEST.TestDoiMatKhau<br>Parameters: NV20230719, nv1234, , mkxn, Chưa nhập đủ thông tin</td>
<td></td>
<td>0</td>
<td>com.ttt.TEST.TestDoiMatKhau@367ffa75</td></tr>
<tr>
<td title='com.ttt.TEST.TestPhieuXuat.themVaoPhieuXuatTest()'><b>themVaoPhieuXuatTest</b><br>Test class: com.ttt.TEST.TestPhieuXuat<br>Parameters: PX001, PXK001, -124, Không được nhập âm giá xuất</td>
<td></td>
<td>0</td>
<td>com.ttt.TEST.TestPhieuXuat@40005471</td></tr>
<tr>
<td title='com.ttt.TEST.TestPhieuXuat.suaPhieuXuat()'><b>suaPhieuXuat</b><br>Test class: com.ttt.TEST.TestPhieuXuat<br>Parameters: , PXK001, 1212, Vui lòng chọn số khung</td>
<td></td>
<td>0</td>
<td>com.ttt.TEST.TestPhieuXuat@40005471</td></tr>
<tr>
<td title='com.ttt.TEST.TestDangNhap.loginTest()'><b>loginTest</b><br>Test class: com.ttt.TEST.TestDangNhap<br>Parameters: NV2023072100001, 1234, Hiển thị giao diện làm việc</td>
<td></td>
<td>0</td>
<td>com.ttt.TEST.TestDangNhap@2cd76f31</td></tr>
<tr>
<td title='com.ttt.TEST.TestPhieuXuat.suaPhieuXuat()'><b>suaPhieuXuat</b><br>Test class: com.ttt.TEST.TestPhieuXuat<br>Parameters: XK123, PKX004, 900, Giá xuất nhỏ hơn giá nhập, xuất xe lỗ</td>
<td></td>
<td>0</td>
<td>com.ttt.TEST.TestPhieuXuat@40005471</td></tr>
<tr>
<td title='com.ttt.TEST.TestNhanVien.themnvPass()'><b>themnvPass</b><br>Test class: com.ttt.TEST.TestNhanVien<br>Parameters: NV2023072100005, Đỗ tấn tài, Hậu Giang, tai@gmail.com, 11231222, 01-01-2003, Thành công</td>
<td></td>
<td>0</td>
<td>com.ttt.TEST.TestNhanVien@55fe41ea</td></tr>
<tr>
<td title='com.ttt.TEST.TestNhanVien.UpdateNhanVien()'><b>UpdateNhanVien</b><br>Test class: com.ttt.TEST.TestNhanVien<br>Parameters: NV2023101500017, Hồ Trọng Tường, Hậu Giang, tuong@gmail.com, 12345678, , Vui lòng nhập ngày sinh</td>
<td></td>
<td>0</td>
<td>com.ttt.TEST.TestNhanVien@55fe41ea</td></tr>
<tr>
<td title='com.ttt.TEST.TestPhieuNhap.checkNullTest()'><b>checkNullTest</b><br>Test class: com.ttt.TEST.TestPhieuNhap<br>Parameters: , SM456, 1000, Vui lòng nhập số khung</td>
<td></td>
<td>0</td>
<td>com.ttt.TEST.TestPhieuNhap@3c9754d8</td></tr>
<tr>
<td title='com.ttt.TEST.TestPhieuNhap.isExist_PhieuNhapTest()'><b>isExist_PhieuNhapTest</b><br>Test class: com.ttt.TEST.TestPhieuNhap<br>Parameters: PN2023072100003, true</td>
<td></td>
<td>0</td>
<td>com.ttt.TEST.TestPhieuNhap@3c9754d8</td></tr>
<tr>
<td title='com.ttt.TEST.TestDoiMatKhau.checkNullTest()'><b>checkNullTest</b><br>Test class: com.ttt.TEST.TestDoiMatKhau<br>Parameters: NV20230710, nv1234, mk7891230, mk123450, Thông tin nhập chưa đúng</td>
<td></td>
<td>0</td>
<td>com.ttt.TEST.TestDoiMatKhau@367ffa75</td></tr>
<tr>
<td title='com.ttt.TEST.TestPhieuXuat.themVaoPhieuXuatTest()'><b>themVaoPhieuXuatTest</b><br>Test class: com.ttt.TEST.TestPhieuXuat<br>Parameters: XK123, PXK001, 1231, Phiếu xuất đã tồn tại</td>
<td></td>
<td>0</td>
<td>com.ttt.TEST.TestPhieuXuat@40005471</td></tr>
<tr>
<td title='com.ttt.TEST.TestDoiMatKhau.checkNullTest()'><b>checkNullTest</b><br>Test class: com.ttt.TEST.TestDoiMatKhau<br>Parameters: NV20230717, nv123, mk7891230, mk7891230, Thông tin đăng nhập không đúng</td>
<td></td>
<td>0</td>
<td>com.ttt.TEST.TestDoiMatKhau@367ffa75</td></tr>
<tr>
<td title='com.ttt.TEST.TestPhieuXuat.xoaPhieuXuat()'><b>xoaPhieuXuat</b><br>Test class: com.ttt.TEST.TestPhieuXuat<br>Parameters: false, SK001, PX2023072200001, 1234, true, Xóa thành công</td>
<td></td>
<td>0</td>
<td>com.ttt.TEST.TestPhieuXuat@40005471</td></tr>
<tr>
<td title='com.ttt.TEST.TestPhieuNhap.checkNullTest()'><b>checkNullTest</b><br>Test class: com.ttt.TEST.TestPhieuNhap<br>Parameters: , , , Vui lòng nhập dữ liệu</td>
<td></td>
<td>0</td>
<td>com.ttt.TEST.TestPhieuNhap@3c9754d8</td></tr>
<tr>
<td title='com.ttt.TEST.TestPhieuXuat.lamMoiTest()'><b>lamMoiTest</b><br>Test class: com.ttt.TEST.TestPhieuXuat<br>Parameters: , , , soKhung, Làm mới không thành công</td>
<td></td>
<td>0</td>
<td>com.ttt.TEST.TestPhieuXuat@40005471</td></tr>
<tr>
<td title='com.ttt.TEST.TestPhieuXuat.xoaPhieuXuat()'><b>xoaPhieuXuat</b><br>Test class: com.ttt.TEST.TestPhieuXuat<br>Parameters: true, SK001, PX2023072200001, 1234, true, Bạn không có quyền xóa phiếu nhập</td>
<td></td>
<td>0</td>
<td>com.ttt.TEST.TestPhieuXuat@40005471</td></tr>
<tr>
<td title='com.ttt.TEST.TestPhieuXuat.checkNullTest()'><b>checkNullTest</b><br>Test class: com.ttt.TEST.TestPhieuXuat<br>Parameters: PX001, PXK001, phieuXuat, Giá nhập sai kiểu dữ liệu</td>
<td></td>
<td>0</td>
<td>com.ttt.TEST.TestPhieuXuat@40005471</td></tr>
<tr>
<td title='com.ttt.TEST.TestPhieuNhap.themXeVaoPhieuNhapTest()'><b>themXeVaoPhieuNhapTest</b><br>Test class: com.ttt.TEST.TestPhieuNhap<br>Parameters: true, SK7122, PN2023120500004, Đã thêm xe vào phiếu nhập</td>
<td></td>
<td>0</td>
<td>com.ttt.TEST.TestPhieuNhap@3c9754d8</td></tr>
<tr>
<td title='com.ttt.TEST.TestDoiMatKhau.checkNullTest()'><b>checkNullTest</b><br>Test class: com.ttt.TEST.TestDoiMatKhau<br>Parameters: NV20230712, nv1234, mk7891230, mk789123000, Xác nhận mật khẩu không đúng</td>
<td></td>
<td>0</td>
<td>com.ttt.TEST.TestDoiMatKhau@367ffa75</td></tr>
<tr>
<td title='com.ttt.TEST.TestNhanVien.UpdateNhanVien()'><b>UpdateNhanVien</b><br>Test class: com.ttt.TEST.TestNhanVien<br>Parameters: NV2023101500017, , Hậu Giang, tuong@gmail.com, 12345678, 01-01-2003, Vui lòng nhập họ tên</td>
<td></td>
<td>0</td>
<td>com.ttt.TEST.TestNhanVien@55fe41ea</td></tr>
<tr>
<td title='com.ttt.TEST.TestPhieuXuat.lamMoiTest()'><b>lamMoiTest</b><br>Test class: com.ttt.TEST.TestPhieuXuat<br>Parameters: PXK123, , , , Làm mới không thành công</td>
<td></td>
<td>0</td>
<td>com.ttt.TEST.TestPhieuXuat@40005471</td></tr>
<tr>
<td title='com.ttt.TEST.TestPhieuXuat.suaPhieuXuat()'><b>suaPhieuXuat</b><br>Test class: com.ttt.TEST.TestPhieuXuat<br>Parameters: XK123, , 1111, Vui lòng chọn phiếu xuất kho</td>
<td></td>
<td>0</td>
<td>com.ttt.TEST.TestPhieuXuat@40005471</td></tr>
<tr>
<td title='com.ttt.TEST.TestPhieuXuat.lamMoiTest()'><b>lamMoiTest</b><br>Test class: com.ttt.TEST.TestPhieuXuat<br>Parameters: , abcxyz, , , Làm mới không thành công</td>
<td></td>
<td>0</td>
<td>com.ttt.TEST.TestPhieuXuat@40005471</td></tr>
<tr>
<td title='com.ttt.TEST.TestPhieuNhap.checkNullTest()'><b>checkNullTest</b><br>Test class: com.ttt.TEST.TestPhieuNhap<br>Parameters: SK123456789123456, SM456, -1000, Không được nhập âm giá</td>
<td></td>
<td>0</td>
<td>com.ttt.TEST.TestPhieuNhap@3c9754d8</td></tr>
<tr>
<td title='com.ttt.TEST.TestNhanVien.UpdateNhanVien()'><b>UpdateNhanVien</b><br>Test class: com.ttt.TEST.TestNhanVien<br>Parameters: NV2023101500017, Hồ Trọng Tường, , tuong@gmail.com, 12345678, 01-01-2003, Vui lòng nhập địa chỉ</td>
<td></td>
<td>0</td>
<td>com.ttt.TEST.TestNhanVien@55fe41ea</td></tr>
<tr>
<td title='com.ttt.TEST.TestNhanVien.checkTrungMaNV()'><b>checkTrungMaNV</b><br>Test class: com.ttt.TEST.TestNhanVien<br>Parameters: NV20230ss100003, Đỗ Tấn Tài, Hậu Giang, tai@gmail.com, 11111111, 1999-01-08, Không trùng</td>
<td></td>
<td>0</td>
<td>com.ttt.TEST.TestNhanVien@55fe41ea</td></tr>
<tr>
<td title='com.ttt.TEST.TestPhieuXuat.lamMoiTest()'><b>lamMoiTest</b><br>Test class: com.ttt.TEST.TestPhieuXuat<br>Parameters: , , 1235, , Làm mới không thành công</td>
<td></td>
<td>0</td>
<td>com.ttt.TEST.TestPhieuXuat@40005471</td></tr>
<tr>
<td title='com.ttt.TEST.TestPhieuXuat.themVaoPhieuXuatTest()'><b>themVaoPhieuXuatTest</b><br>Test class: com.ttt.TEST.TestPhieuXuat<br>Parameters: PX001, PXK123, 1234, Thêm mới thành công</td>
<td></td>
<td>0</td>
<td>com.ttt.TEST.TestPhieuXuat@40005471</td></tr>
<tr>
<td title='com.ttt.TEST.TestNhanVien.themnvPass()'><b>themnvPass</b><br>Test class: com.ttt.TEST.TestNhanVien<br>Parameters: NV2023101500017, , Hậu Giang, tuong@gmail.com, 12345678, 01-01-2003, Vui lòng nhập họ tên</td>
<td></td>
<td>0</td>
<td>com.ttt.TEST.TestNhanVien@55fe41ea</td></tr>
<tr>
<td title='com.ttt.TEST.TestDoiMatKhau.checkNullTest()'><b>checkNullTest</b><br>Test class: com.ttt.TEST.TestDoiMatKhau<br>Parameters: NV20230712, nv1234, mk789, mk789, Mật khẩu phải có ít nhất 8 ký tự</td>
<td></td>
<td>0</td>
<td>com.ttt.TEST.TestDoiMatKhau@367ffa75</td></tr>
<tr>
<td title='com.ttt.TEST.TestPhieuXuat.suaPhieuXuat()'><b>suaPhieuXuat</b><br>Test class: com.ttt.TEST.TestPhieuXuat<br>Parameters: PX001, PXK001, , Vui lòng nhập giá xuất</td>
<td></td>
<td>0</td>
<td>com.ttt.TEST.TestPhieuXuat@40005471</td></tr>
<tr>
<td title='com.ttt.TEST.TestPhieuXuat.lamMoiTest()'><b>lamMoiTest</b><br>Test class: com.ttt.TEST.TestPhieuXuat<br>Parameters: , , , , Làm mới thành công</td>
<td></td>
<td>0</td>
<td>com.ttt.TEST.TestPhieuXuat@40005471</td></tr>
</table><p>
</body>
</html>