<?xml version="1.0" encoding="UTF-8"?>
<!-- Generated by org.testng.reporters.JUnitXMLReporter -->
<testsuite ignored="0" hostname="LAPTOP-CS6VK75P" failures="24" tests="107" name="main-suite-test1" time="1.109" errors="0" timestamp="2023-12-07T14:01:30 ICT">
  <testcase classname="com.ttt.TEST.TestPhieuNhap" name="checkExistSoKhungTest" time="0.041">
    <failure type="java.lang.AssertionError" message="expected [Đã tồn tại số khung] but found []">
      <![CDATA[java.lang.AssertionError: expected [Đã tồn tại số khung] but found []
at com.ttt.TEST.TestPhieuNhap.checkExistSoKhungTest(TestPhieuNhap.java:38)
at java.base/java.util.ArrayList.forEach(ArrayList.java:1511)
... Removed 31 stack frames]]>
    </failure>
  </testcase> <!-- checkExistSoKhungTest -->
  <testcase classname="com.ttt.TEST.TestPhieuNhap" name="checkExistSoKhungTest" time="0.042">
    <failure type="org.testng.internal.reflect.MethodMatcherException" message="
[public void com.ttt.TEST.TestPhieuNhap.checkExistSoKhungTest(java.lang.String,java.lang.String,java.lang.String)] has no parameters defined but was found to be using a data provider (either explicitly specified or inherited from class level annotation).
Data provider mismatch
Method: checkExistSoKhungTest([Parameter{index=0, type=java.lang.String, declaredAnnotations=[]}, Parameter{index=1, type=java.lang.String, declaredAnnotations=[]}, Parameter{index=2, type=java.lang.String, declaredAnnotations=[]}])
Arguments: [(java.lang.String) SK 3377,(java.lang.String) PX2023072800004,(java.lang.Boolean) false]">
      <![CDATA[org.testng.internal.reflect.MethodMatcherException: 
[public void com.ttt.TEST.TestPhieuNhap.checkExistSoKhungTest(java.lang.String,java.lang.String,java.lang.String)] has no parameters defined but was found to be using a data provider (either explicitly specified or inherited from class level annotation).
Data provider mismatch
Method: checkExistSoKhungTest([Parameter{index=0, type=java.lang.String, declaredAnnotations=[]}, Parameter{index=1, type=java.lang.String, declaredAnnotations=[]}, Parameter{index=2, type=java.lang.String, declaredAnnotations=[]}])
Arguments: [(java.lang.String) SK 3377,(java.lang.String) PX2023072800004,(java.lang.Boolean) false]
at java.base/java.util.ArrayList.forEach(ArrayList.java:1511)
... Removed 22 stack frames]]>
    </failure>
  </testcase> <!-- checkExistSoKhungTest -->
  <testcase classname="com.ttt.TEST.TestPhieuNhap" name="checkNullTest" time="0.0"/>
  <testcase classname="com.ttt.TEST.TestPhieuNhap" name="checkNullTest" time="0.001"/>
  <testcase classname="com.ttt.TEST.TestPhieuNhap" name="checkNullTest" time="0.001"/>
  <testcase classname="com.ttt.TEST.TestPhieuNhap" name="checkNullTest" time="0.0"/>
  <testcase classname="com.ttt.TEST.TestPhieuNhap" name="checkNullTest" time="0.0"/>
  <testcase classname="com.ttt.TEST.TestPhieuNhap" name="checkNullTest" time="0.0"/>
  <testcase classname="com.ttt.TEST.TestPhieuNhap" name="checkNullTest" time="0.001"/>
  <testcase classname="com.ttt.TEST.TestPhieuNhap" name="checkNullTest" time="0.001">
    <failure type="java.lang.AssertionError" message="expected [Số khung phải có 17 ký tự] but found []">
      <![CDATA[java.lang.AssertionError: expected [Số khung phải có 17 ký tự] but found []
at com.ttt.TEST.TestPhieuNhap.checkNullTest(TestPhieuNhap.java:78)
at java.base/java.util.ArrayList.forEach(ArrayList.java:1511)
... Removed 31 stack frames]]>
    </failure>
  </testcase> <!-- checkNullTest -->
  <testcase classname="com.ttt.TEST.TestPhieuNhap" name="checkNullTest" time="0.001">
    <failure type="java.lang.AssertionError" message="expected [Số khung phải có 17 ký tự] but found []">
      <![CDATA[java.lang.AssertionError: expected [Số khung phải có 17 ký tự] but found []
at com.ttt.TEST.TestPhieuNhap.checkNullTest(TestPhieuNhap.java:78)
at java.base/java.util.ArrayList.forEach(ArrayList.java:1511)
... Removed 31 stack frames]]>
    </failure>
  </testcase> <!-- checkNullTest -->
  <testcase classname="com.ttt.TEST.TestPhieuNhap" name="getFormChiTietPhieuNhapSuaTest" time="0.017">
    <failure type="java.lang.AssertionError" message="expected [true] but found [false]">
      <![CDATA[java.lang.AssertionError: expected [true] but found [false]
at com.ttt.TEST.TestPhieuNhap.getFormChiTietPhieuNhapSuaTest(TestPhieuNhap.java:184)
at java.base/java.util.ArrayList.forEach(ArrayList.java:1511)
... Removed 31 stack frames]]>
    </failure>
  </testcase> <!-- getFormChiTietPhieuNhapSuaTest -->
  <testcase classname="com.ttt.TEST.TestPhieuNhap" name="getFormChiTietPhieuNhapThemTest" time="0.0">
    <failure type="java.lang.AssertionError" message="expected [true] but found [false]">
      <![CDATA[java.lang.AssertionError: expected [true] but found [false]
at com.ttt.TEST.TestPhieuNhap.getFormChiTietPhieuNhapThemTest(TestPhieuNhap.java:132)
at java.base/java.util.ArrayList.forEach(ArrayList.java:1511)
... Removed 31 stack frames]]>
    </failure>
  </testcase> <!-- getFormChiTietPhieuNhapThemTest -->
  <testcase classname="com.ttt.TEST.TestPhieuNhap" name="getFormPNTest" time="0.0"/>
  <testcase classname="com.ttt.TEST.TestPhieuNhap" name="getFormPNTest" time="0.0"/>
  <testcase classname="com.ttt.TEST.TestPhieuNhap" name="getFormPNTest" time="0.019"/>
  <testcase classname="com.ttt.TEST.TestPhieuNhap" name="getFormPNTest" time="0.0"/>
  <testcase classname="com.ttt.TEST.TestPhieuNhap" name="isExist_PhieuNhapTest" time="0.025"/>
  <testcase classname="com.ttt.TEST.TestPhieuNhap" name="isExist_PhieuNhapTest" time="0.038"/>
  <testcase classname="com.ttt.TEST.TestPhieuNhap" name="isExist_PhieuNhapTest" time="0.03"/>
  <testcase classname="com.ttt.TEST.TestPhieuNhap" name="isExist_PhieuNhapTest" time="0.025"/>
  <testcase classname="com.ttt.TEST.TestPhieuNhap" name="suaPhieuNhapTest" time="0.001"/>
  <testcase classname="com.ttt.TEST.TestPhieuNhap" name="suaPhieuNhapTest" time="0.065"/>
  <testcase classname="com.ttt.TEST.TestPhieuNhap" name="themPhieuNhapTest" time="0.149">
    <failure type="java.lang.AssertionError" message="expected [Thêm mới thành công] but found [Đã thêm xe vào phiếu nhập]">
      <![CDATA[java.lang.AssertionError: expected [Thêm mới thành công] but found [Đã thêm xe vào phiếu nhập]
at com.ttt.TEST.TestPhieuNhap.themPhieuNhapTest(TestPhieuNhap.java:370)
at java.base/java.util.ArrayList.forEach(ArrayList.java:1511)
... Removed 31 stack frames]]>
    </failure>
  </testcase> <!-- themPhieuNhapTest -->
  <testcase classname="com.ttt.TEST.TestPhieuNhap" name="themPhieuNhapTest" time="0.165"/>
  <testcase classname="com.ttt.TEST.TestPhieuNhap" name="themXeVaoPhieuNhapTest" time="0.043"/>
  <testcase classname="com.ttt.TEST.TestPhieuNhap" name="themXeVaoPhieuNhapTest" time="0.038">
    <failure type="java.lang.AssertionError" message="expected [Đã tồn tại số khung] but found [Đã thêm xe vào phiếu nhập]">
      <![CDATA[java.lang.AssertionError: expected [Đã tồn tại số khung] but found [Đã thêm xe vào phiếu nhập]
at com.ttt.TEST.TestPhieuNhap.themXeVaoPhieuNhapTest(TestPhieuNhap.java:270)
at java.base/java.util.ArrayList.forEach(ArrayList.java:1511)
... Removed 31 stack frames]]>
    </failure>
  </testcase> <!-- themXeVaoPhieuNhapTest -->
  <testcase classname="com.ttt.TEST.TestPhieuNhap" name="themXeVaoPhieuNhapTest" time="0.032">
    <failure type="java.lang.AssertionError" message="expected [Đã tồn tại số khung] but found [Đã thêm xe vào phiếu nhập]">
      <![CDATA[java.lang.AssertionError: expected [Đã tồn tại số khung] but found [Đã thêm xe vào phiếu nhập]
at com.ttt.TEST.TestPhieuNhap.themXeVaoPhieuNhapTest(TestPhieuNhap.java:270)
at java.base/java.util.ArrayList.forEach(ArrayList.java:1511)
... Removed 31 stack frames]]>
    </failure>
  </testcase> <!-- themXeVaoPhieuNhapTest -->
  <testcase classname="com.ttt.TEST.TestPhieuNhap" name="themXeVaoPhieuNhapTest" time="0.031"/>
  <testcase classname="com.ttt.TEST.TestPhieuNhap" name="themXeVaoPhieuNhapTest" time="0.027"/>
  <testcase classname="com.ttt.TEST.TestPhieuNhap" name="themXeVaoPhieuNhapTest" time="0.0"/>
  <testcase classname="com.ttt.TEST.TestPhieuNhap" name="xoaTest" time="0.024"/>
  <testcase classname="com.ttt.TEST.TestPhieuNhap" name="xoaTest" time="0.018"/>
  <testcase classname="com.ttt.TEST.TestPhieuNhap" name="xoaTest" time="0.0"/>
  <testcase classname="com.ttt.TEST.TestPhieuNhap" name="xoaTest" time="0.021"/>
  <testcase classname="com.ttt.TEST.TestPhieuXuat" name="checkNullTest" time="0.001"/>
  <testcase classname="com.ttt.TEST.TestPhieuXuat" name="checkNullTest" time="0.001"/>
  <testcase classname="com.ttt.TEST.TestPhieuXuat" name="checkNullTest" time="0.0"/>
  <testcase classname="com.ttt.TEST.TestPhieuXuat" name="checkNullTest" time="0.0"/>
  <testcase classname="com.ttt.TEST.TestPhieuXuat" name="lamMoiTest" time="0.001"/>
  <testcase classname="com.ttt.TEST.TestPhieuXuat" name="lamMoiTest" time="0.0"/>
  <testcase classname="com.ttt.TEST.TestPhieuXuat" name="lamMoiTest" time="0.001"/>
  <testcase classname="com.ttt.TEST.TestPhieuXuat" name="lamMoiTest" time="0.0"/>
  <testcase classname="com.ttt.TEST.TestPhieuXuat" name="lamMoiTest" time="0.001"/>
  <testcase classname="com.ttt.TEST.TestPhieuXuat" name="suaPhieuXuat" time="0.0"/>
  <testcase classname="com.ttt.TEST.TestPhieuXuat" name="suaPhieuXuat" time="0.0"/>
  <testcase classname="com.ttt.TEST.TestPhieuXuat" name="suaPhieuXuat" time="0.001"/>
  <testcase classname="com.ttt.TEST.TestPhieuXuat" name="suaPhieuXuat" time="0.0"/>
  <testcase classname="com.ttt.TEST.TestPhieuXuat" name="suaPhieuXuat" time="0.0"/>
  <testcase classname="com.ttt.TEST.TestPhieuXuat" name="suaPhieuXuat" time="0.0"/>
  <testcase classname="com.ttt.TEST.TestPhieuXuat" name="suaPhieuXuat" time="0.0"/>
  <testcase classname="com.ttt.TEST.TestPhieuXuat" name="suaPhieuXuat" time="0.001"/>
  <testcase classname="com.ttt.TEST.TestPhieuXuat" name="themVaoPhieuXuatTest" time="0.001"/>
  <testcase classname="com.ttt.TEST.TestPhieuXuat" name="themVaoPhieuXuatTest" time="0.0"/>
  <testcase classname="com.ttt.TEST.TestPhieuXuat" name="themVaoPhieuXuatTest" time="0.001"/>
  <testcase classname="com.ttt.TEST.TestPhieuXuat" name="themVaoPhieuXuatTest" time="0.001"/>
  <testcase classname="com.ttt.TEST.TestPhieuXuat" name="themVaoPhieuXuatTest" time="0.0"/>
  <testcase classname="com.ttt.TEST.TestPhieuXuat" name="themVaoPhieuXuatTest" time="0.001"/>
  <testcase classname="com.ttt.TEST.TestPhieuXuat" name="themVaoPhieuXuatTest" time="0.0"/>
  <testcase classname="com.ttt.TEST.TestPhieuXuat" name="xoaPhieuXuat" time="0.0"/>
  <testcase classname="com.ttt.TEST.TestPhieuXuat" name="xoaPhieuXuat" time="0.001"/>
  <testcase classname="com.ttt.TEST.TestPhieuXuat" name="xoaPhieuXuat" time="0.0"/>
  <testcase classname="com.ttt.TEST.TestPhieuXuat" name="xoaPhieuXuat" time="0.0">
    <failure type="java.lang.AssertionError" message="expected [Có lỗi. Vui lòng kiểm tra lại thông tin!] but found [Thông báo phiếu xuất chưa có trong cơ sở dữ liệu. Vui lòng chọn phiếu xuất khác]">
      <![CDATA[java.lang.AssertionError: expected [Có lỗi. Vui lòng kiểm tra lại thông tin!] but found [Thông báo phiếu xuất chưa có trong cơ sở dữ liệu. Vui lòng chọn phiếu xuất khác]
at com.ttt.TEST.TestPhieuXuat.xoaPhieuXuat(TestPhieuXuat.java:237)
at java.base/java.util.ArrayList.forEach(ArrayList.java:1511)
... Removed 31 stack frames]]>
    </failure>
  </testcase> <!-- xoaPhieuXuat -->
  <testcase classname="com.ttt.TEST.TestPhieuXuat" name="xoaPhieuXuat" time="0.001"/>
  <testcase classname="com.ttt.TEST.TestDangNhap" name="loginTest" time="0.03">
    <failure type="java.lang.AssertionError" message="expected [Vui lòng nhập mã nhân viên] but found [Sai tên đăng nhập]">
      <![CDATA[java.lang.AssertionError: expected [Vui lòng nhập mã nhân viên] but found [Sai tên đăng nhập]
at com.ttt.TEST.TestDangNhap.loginTest(TestDangNhap.java:26)
at java.base/java.util.ArrayList.forEach(ArrayList.java:1511)
... Removed 31 stack frames]]>
    </failure>
  </testcase> <!-- loginTest -->
  <testcase classname="com.ttt.TEST.TestDangNhap" name="loginTest" time="0.024"/>
  <testcase classname="com.ttt.TEST.TestDangNhap" name="loginTest" time="0.027">
    <failure type="java.lang.AssertionError" message="expected [Vui lòng nhập mật khẩu] but found [Sai mật khẩu]">
      <![CDATA[java.lang.AssertionError: expected [Vui lòng nhập mật khẩu] but found [Sai mật khẩu]
at com.ttt.TEST.TestDangNhap.loginTest(TestDangNhap.java:26)
at java.base/java.util.ArrayList.forEach(ArrayList.java:1511)
... Removed 31 stack frames]]>
    </failure>
  </testcase> <!-- loginTest -->
  <testcase classname="com.ttt.TEST.TestDangNhap" name="loginTest" time="0.022"/>
  <testcase classname="com.ttt.TEST.TestDangNhap" name="loginTest" time="0.02">
    <failure type="java.lang.AssertionError" message="expected [Đăng nhập sai tài khoản] but found [Sai tên đăng nhập]">
      <![CDATA[java.lang.AssertionError: expected [Đăng nhập sai tài khoản] but found [Sai tên đăng nhập]
at com.ttt.TEST.TestDangNhap.loginTest(TestDangNhap.java:26)
at java.base/java.util.ArrayList.forEach(ArrayList.java:1511)
... Removed 31 stack frames]]>
    </failure>
  </testcase> <!-- loginTest -->
  <testcase classname="com.ttt.TEST.TestDangNhap" name="loginTest" time="0.02"/>
  <testcase classname="com.ttt.TEST.TestDoiMatKhau" name="checkNullTest" time="0.0">
    <failure type="java.lang.AssertionError" message="expected [Vui lòng nhập đầy đủ thông tin] but found [Thông tin đăng nhập không đúng]">
      <![CDATA[java.lang.AssertionError: expected [Vui lòng nhập đầy đủ thông tin] but found [Thông tin đăng nhập không đúng]
at com.ttt.TEST.TestDoiMatKhau.checkNullTest(TestDoiMatKhau.java:93)
at java.base/java.util.ArrayList.forEach(ArrayList.java:1511)
... Removed 31 stack frames]]>
    </failure>
  </testcase> <!-- checkNullTest -->
  <testcase classname="com.ttt.TEST.TestDoiMatKhau" name="checkNullTest" time="0.0"/>
  <testcase classname="com.ttt.TEST.TestDoiMatKhau" name="checkNullTest" time="0.001">
    <failure type="java.lang.AssertionError" message="expected [Vui lòng nhập đầy đủ thông tin] but found [Thông tin nhập chưa đúng]">
      <![CDATA[java.lang.AssertionError: expected [Vui lòng nhập đầy đủ thông tin] but found [Thông tin nhập chưa đúng]
at com.ttt.TEST.TestDoiMatKhau.checkNullTest(TestDoiMatKhau.java:93)
at java.base/java.util.ArrayList.forEach(ArrayList.java:1511)
... Removed 31 stack frames]]>
    </failure>
  </testcase> <!-- checkNullTest -->
  <testcase classname="com.ttt.TEST.TestDoiMatKhau" name="checkNullTest" time="0.0"/>
  <testcase classname="com.ttt.TEST.TestDoiMatKhau" name="checkNullTest" time="0.0"/>
  <testcase classname="com.ttt.TEST.TestDoiMatKhau" name="checkNullTest" time="0.0"/>
  <testcase classname="com.ttt.TEST.TestDoiMatKhau" name="checkNullTest" time="0.001">
    <failure type="java.lang.AssertionError" message="expected [Thông tin nhập chưa đúng] but found [Chưa nhập đủ thông tin]">
      <![CDATA[java.lang.AssertionError: expected [Thông tin nhập chưa đúng] but found [Chưa nhập đủ thông tin]
at com.ttt.TEST.TestDoiMatKhau.checkNullTest(TestDoiMatKhau.java:93)
at java.base/java.util.ArrayList.forEach(ArrayList.java:1511)
... Removed 31 stack frames]]>
    </failure>
  </testcase> <!-- checkNullTest -->
  <testcase classname="com.ttt.TEST.TestDoiMatKhau" name="checkNullTest" time="0.001">
    <failure type="java.lang.AssertionError" message="expected [Chưa nhập đủ thông tin] but found [Thông tin nhập chưa đúng]">
      <![CDATA[java.lang.AssertionError: expected [Chưa nhập đủ thông tin] but found [Thông tin nhập chưa đúng]
at com.ttt.TEST.TestDoiMatKhau.checkNullTest(TestDoiMatKhau.java:93)
at java.base/java.util.ArrayList.forEach(ArrayList.java:1511)
... Removed 31 stack frames]]>
    </failure>
  </testcase> <!-- checkNullTest -->
  <testcase classname="com.ttt.TEST.TestDoiMatKhau" name="checkNullTest" time="0.001"/>
  <testcase classname="com.ttt.TEST.TestDoiMatKhau" name="checkNullTest" time="0.0"/>
  <testcase classname="com.ttt.TEST.TestDoiMatKhau" name="checkNullTest" time="0.0"/>
  <testcase classname="com.ttt.TEST.TestDoiMatKhau" name="checkNullTest" time="0.0"/>
  <testcase classname="com.ttt.TEST.TestDoiMatKhau" name="checkNullTest" time="0.0"/>
  <testcase classname="com.ttt.TEST.TestDoiMatKhau" name="checkNullTest" time="0.0">
    <failure type="java.lang.AssertionError" message="expected [Vui lòng nhập mật khẩu mới] but found [Xác nhận mật khẩu không đúng]">
      <![CDATA[java.lang.AssertionError: expected [Vui lòng nhập mật khẩu mới] but found [Xác nhận mật khẩu không đúng]
at com.ttt.TEST.TestDoiMatKhau.checkNullTest(TestDoiMatKhau.java:93)
at java.base/java.util.ArrayList.forEach(ArrayList.java:1511)
... Removed 31 stack frames]]>
    </failure>
  </testcase> <!-- checkNullTest -->
  <testcase classname="com.ttt.TEST.TestDoiMatKhau" name="checkNullTest" time="0.001">
    <failure type="java.lang.AssertionError" message="expected [Vui lòng nhập mật khẩu hiện tại] but found [Thông tin đăng nhập không đúng]">
      <![CDATA[java.lang.AssertionError: expected [Vui lòng nhập mật khẩu hiện tại] but found [Thông tin đăng nhập không đúng]
at com.ttt.TEST.TestDoiMatKhau.checkNullTest(TestDoiMatKhau.java:93)
at java.base/java.util.ArrayList.forEach(ArrayList.java:1511)
... Removed 31 stack frames]]>
    </failure>
  </testcase> <!-- checkNullTest -->
  <testcase classname="com.ttt.TEST.TestDoiMatKhau" name="checkNullTest" time="0.0">
    <failure type="java.lang.AssertionError" message="expected [Vui lòng nhập mật khẩu hiện tại] but found [Thông tin đăng nhập không đúng]">
      <![CDATA[java.lang.AssertionError: expected [Vui lòng nhập mật khẩu hiện tại] but found [Thông tin đăng nhập không đúng]
at com.ttt.TEST.TestDoiMatKhau.checkNullTest(TestDoiMatKhau.java:93)
at java.base/java.util.ArrayList.forEach(ArrayList.java:1511)
... Removed 31 stack frames]]>
    </failure>
  </testcase> <!-- checkNullTest -->
  <testcase classname="com.ttt.TEST.TestDoiMatKhau" name="checkNullTest" time="0.0">
    <failure type="java.lang.AssertionError" message="expected [Vui lòng nhập mã nhân viên] but found [Thông tin đăng nhập không đúng]">
      <![CDATA[java.lang.AssertionError: expected [Vui lòng nhập mã nhân viên] but found [Thông tin đăng nhập không đúng]
at com.ttt.TEST.TestDoiMatKhau.checkNullTest(TestDoiMatKhau.java:93)
at java.base/java.util.ArrayList.forEach(ArrayList.java:1511)
... Removed 31 stack frames]]>
    </failure>
  </testcase> <!-- checkNullTest -->
  <testcase classname="com.ttt.TEST.TestDoiMatKhau" name="checkNullTest" time="0.0"/>
  <testcase classname="com.ttt.TEST.TestNhanVien" name="UpdateNhanVien" time="0.0"/>
  <testcase classname="com.ttt.TEST.TestNhanVien" name="UpdateNhanVien" time="0.0"/>
  <testcase classname="com.ttt.TEST.TestNhanVien" name="UpdateNhanVien" time="0.001"/>
  <testcase classname="com.ttt.TEST.TestNhanVien" name="UpdateNhanVien" time="0.0"/>
  <testcase classname="com.ttt.TEST.TestNhanVien" name="UpdateNhanVien" time="0.0"/>
  <testcase classname="com.ttt.TEST.TestNhanVien" name="UpdateNhanVien" time="0.0"/>
  <testcase classname="com.ttt.TEST.TestNhanVien" name="XoaNhanVien_ThanhCong" time="0.001">
    <failure type="org.testng.internal.reflect.MethodMatcherException" message="
[public void com.ttt.TEST.TestNhanVien.XoaNhanVien_ThanhCong(java.lang.String,java.lang.String)] has no parameters defined but was found to be using a data provider (either explicitly specified or inherited from class level annotation).
Data provider mismatch
Method: XoaNhanVien_ThanhCong([Parameter{index=0, type=java.lang.String, declaredAnnotations=[]}, Parameter{index=1, type=java.lang.String, declaredAnnotations=[]}])
Arguments: [(java.lang.String) NV2023072100002,(java.lang.String) Hồ Trọng Tường,(java.lang.String) Hậu Giang,(java.lang.String) tuong@gmail.com@gmail.com,(java.lang.String) 11111111,(java.lang.String) 1999-01-08,(java.lang.String) Thành công]">
      <![CDATA[org.testng.internal.reflect.MethodMatcherException: 
[public void com.ttt.TEST.TestNhanVien.XoaNhanVien_ThanhCong(java.lang.String,java.lang.String)] has no parameters defined but was found to be using a data provider (either explicitly specified or inherited from class level annotation).
Data provider mismatch
Method: XoaNhanVien_ThanhCong([Parameter{index=0, type=java.lang.String, declaredAnnotations=[]}, Parameter{index=1, type=java.lang.String, declaredAnnotations=[]}])
Arguments: [(java.lang.String) NV2023072100002,(java.lang.String) Hồ Trọng Tường,(java.lang.String) Hậu Giang,(java.lang.String) tuong@gmail.com@gmail.com,(java.lang.String) 11111111,(java.lang.String) 1999-01-08,(java.lang.String) Thành công]
at java.base/java.util.ArrayList.forEach(ArrayList.java:1511)
... Removed 22 stack frames]]>
    </failure>
  </testcase> <!-- XoaNhanVien_ThanhCong -->
  <testcase classname="com.ttt.TEST.TestNhanVien" name="checkNullTest" time="0.001">
    <failure type="org.testng.internal.reflect.MethodMatcherException" message="
[public void com.ttt.TEST.TestNhanVien.checkNullTest(java.lang.String,java.lang.String,int,java.lang.String,java.lang.String,java.lang.String)] has no parameters defined but was found to be using a data provider (either explicitly specified or inherited from class level annotation).
Data provider mismatch
Method: checkNullTest([Parameter{index=0, type=java.lang.String, declaredAnnotations=[]}, Parameter{index=1, type=java.lang.String, declaredAnnotations=[]}, Parameter{index=2, type=int, declaredAnnotations=[]}, Parameter{index=3, type=java.lang.String, declaredAnnotations=[]}, Parameter{index=4, type=java.lang.String, declaredAnnotations=[]}, Parameter{index=5, type=java.lang.String, declaredAnnotations=[]}])
Arguments: [(java.lang.String) Nguyễn Thành Trung,(java.lang.String) trung@gmail.com,(java.lang.String) 1999-01-08,(java.lang.String) 11111111,(java.lang.String) 11111111,(java.lang.String) Thành công]">
      <![CDATA[org.testng.internal.reflect.MethodMatcherException: 
[public void com.ttt.TEST.TestNhanVien.checkNullTest(java.lang.String,java.lang.String,int,java.lang.String,java.lang.String,java.lang.String)] has no parameters defined but was found to be using a data provider (either explicitly specified or inherited from class level annotation).
Data provider mismatch
Method: checkNullTest([Parameter{index=0, type=java.lang.String, declaredAnnotations=[]}, Parameter{index=1, type=java.lang.String, declaredAnnotations=[]}, Parameter{index=2, type=int, declaredAnnotations=[]}, Parameter{index=3, type=java.lang.String, declaredAnnotations=[]}, Parameter{index=4, type=java.lang.String, declaredAnnotations=[]}, Parameter{index=5, type=java.lang.String, declaredAnnotations=[]}])
Arguments: [(java.lang.String) Nguyễn Thành Trung,(java.lang.String) trung@gmail.com,(java.lang.String) 1999-01-08,(java.lang.String) 11111111,(java.lang.String) 11111111,(java.lang.String) Thành công]
at java.base/java.util.ArrayList.forEach(ArrayList.java:1511)
... Removed 22 stack frames]]>
    </failure>
  </testcase> <!-- checkNullTest -->
  <testcase classname="com.ttt.TEST.TestNhanVien" name="checkTrungMaNV" time="0.025"/>
  <testcase classname="com.ttt.TEST.TestNhanVien" name="checkTrungMaNV" time="0.023"/>
  <testcase classname="com.ttt.TEST.TestNhanVien" name="deleteTest" time="0.0">
    <failure type="org.testng.internal.reflect.MethodMatcherException" message="
[public void com.ttt.TEST.TestNhanVien.deleteTest(java.lang.String)] has no parameters defined but was found to be using a data provider (either explicitly specified or inherited from class level annotation).
Data provider mismatch
Method: deleteTest([Parameter{index=0, type=java.lang.String, declaredAnnotations=[]}])
Arguments: [(java.lang.String) NV2023072100002,(java.lang.String) Hồ Trọng Tường,(java.lang.String) Hậu Giang,(java.lang.String) tuong@gmail.com@gmail.com,(java.lang.String) 11111111,(java.lang.String) 1999-01-08,(java.lang.String) Thành công]">
      <![CDATA[org.testng.internal.reflect.MethodMatcherException: 
[public void com.ttt.TEST.TestNhanVien.deleteTest(java.lang.String)] has no parameters defined but was found to be using a data provider (either explicitly specified or inherited from class level annotation).
Data provider mismatch
Method: deleteTest([Parameter{index=0, type=java.lang.String, declaredAnnotations=[]}])
Arguments: [(java.lang.String) NV2023072100002,(java.lang.String) Hồ Trọng Tường,(java.lang.String) Hậu Giang,(java.lang.String) tuong@gmail.com@gmail.com,(java.lang.String) 11111111,(java.lang.String) 1999-01-08,(java.lang.String) Thành công]
at java.base/java.util.ArrayList.forEach(ArrayList.java:1511)
... Removed 22 stack frames]]>
    </failure>
  </testcase> <!-- deleteTest -->
  <testcase classname="com.ttt.TEST.TestNhanVien" name="themnvPass" time="0.001"/>
  <testcase classname="com.ttt.TEST.TestNhanVien" name="themnvPass" time="0.0"/>
  <testcase classname="com.ttt.TEST.TestNhanVien" name="themnvPass" time="0.001"/>
  <testcase classname="com.ttt.TEST.TestNhanVien" name="themnvPass" time="0.001"/>
  <testcase classname="com.ttt.TEST.TestNhanVien" name="themnvPass" time="0.0"/>
  <testcase classname="com.ttt.TEST.TestNhanVien" name="themnvPass" time="0.0"/>
  <testcase classname="com.ttt.TEST.TestNhanVien" name="themnvPass" time="0.0"/>
  <testcase classname="com.ttt.TEST.TestNhanVien" name="themnvPass" time="0.001"/>
</testsuite> <!-- main-suite-test1 -->
